[2020-07-02T00:36:43.399] [TRACE] trace - Session {
  cookie: {
    path: '/',
    _expires: 2071-12-29T07:49:01.364Z,
    originalMaxAge: 1624957937968,
    httpOnly: true
  },
  views: { '/': 89, '/cv': 35, '/adm1n': 14, '/giftedADHD': 19 },
  sessionID: 'R5fFgf2MY5GywsnD_EjXqJmF',
  horodate: 2020-07-01T00:36:42.830Z,
  geoloc: {
    range: [ 1459091456, 1459093503 ],
    country: 'FR',
    region: 'IDF',
    eu: '1',
    timezone: 'Europe/Paris',
    city: 'Paris',
    ll: [ 48.8543, 2.3527 ],
    metro: 0,
    area: 1
  },
  __lastAccess: 1593643003397,
  ip: '86.247.253.198'
}
