[2020-06-25T11:36:12.616] [TRACE] trace - {
  genid: [Function: genid],
  secret: 'qwerty',
  resave: false,
  saveUninitialized: true,
  cookie: {
    path: '/',
    _expires: 2020-06-25T09:37:12.614Z,
    originalMaxAge: 60000,
    httpOnly: true
  },
  sessionID: 0,
  horodate: 2020-06-25T09:36:12.615Z,
  ip: '90.92.102.225',
  geoloc: {
    range: [ 1516003328, 1516005375 ],
    country: 'FR',
    region: 'IDF',
    eu: '1',
    timezone: 'Europe/Paris',
    city: 'Paris',
    ll: [ 48.8543, 2.3527 ],
    metro: 0,
    area: 5
  },
  nbViews: 1,
  id: 'wT4sesfEcAoLHWK8wHBF6dDm'
}
