[2020-06-26T12:36:52.857] [TRACE] trace - index:1
[2020-06-26T12:37:23.331] [TRACE] trace - index:2
[2020-06-26T12:37:32.831] [TRACE] trace - index:1
[2020-06-26T12:37:51.282] [TRACE] trace - index:3
[2020-06-26T12:38:08.641] [TRACE] trace - index:2
[2020-06-26T12:38:17.129] [TRACE] trace - index:4
[2020-06-26T12:38:53.290] [TRACE] trace - index:5
[2020-06-26T12:38:59.077] [TRACE] trace - index:3
[2020-06-26T12:39:13.472] [TRACE] trace - cv:1
[2020-06-26T12:39:14.755] [TRACE] trace - giftedADHD:1
[2020-06-26T12:41:07.407] [TRACE] trace - index:1
[2020-06-26T12:41:17.446] [TRACE] trace - {
  genid: [Function: genid],
  secret: 'qwerty',
  resave: false,
  saveUninitialized: true,
  cookie: {
    path: '/',
    _expires: 2020-06-26T10:42:07.417Z,
    originalMaxAge: 60000,
    httpOnly: true,
    sameSite: 'lax'
  },
  sessionID: 'Re9ON5ScBjlGEtF0F3jtsOr5',
  horodate: 2020-06-26T10:41:17.445Z,
  ip: '86.247.253.198',
  geoloc: {
    range: [ 1459091456, 1459093503 ],
    country: 'FR',
    region: 'IDF',
    eu: '1',
    timezone: 'Europe/Paris',
    city: 'Paris',
    ll: [ 48.8543, 2.3527 ],
    metro: 0,
    area: 1
  },
  pathname: '/',
  nbViews: [ index: 1, cv: 1, giftedADHD: 1, '/': 1 ]
}
[2020-06-26T12:41:36.176] [TRACE] trace - {
  genid: [Function: genid],
  secret: 'qwerty',
  resave: false,
  saveUninitialized: true,
  cookie: {
    path: '/',
    _expires: 2020-06-26T10:42:17.450Z,
    originalMaxAge: 60000,
    httpOnly: true,
    sameSite: 'lax'
  },
  sessionID: 'Re9ON5ScBjlGEtF0F3jtsOr5',
  horodate: 2020-06-26T10:41:36.176Z,
  ip: '86.247.253.198',
  geoloc: {
    range: [ 1459091456, 1459093503 ],
    country: 'FR',
    region: 'IDF',
    eu: '1',
    timezone: 'Europe/Paris',
    city: 'Paris',
    ll: [ 48.8543, 2.3527 ],
    metro: 0,
    area: 1
  },
  pathname: '/',
  nbViews: [ index: 1, cv: 1, giftedADHD: 1, '/': 2 ]
}
[2020-06-26T12:41:41.700] [TRACE] trace - cv:1
[2020-06-26T12:41:43.555] [TRACE] trace - giftedADHD:1
[2020-06-26T12:42:08.645] [TRACE] trace - giftedADHD:2
[2020-06-26T12:42:27.866] [TRACE] trace - giftedADHD:3
[2020-06-26T12:43:41.782] [TRACE] trace - giftedADHD:1
[2020-06-26T12:43:44.401] [TRACE] trace - cv:1
[2020-06-26T12:43:44.594] [TRACE] trace - {
  genid: [Function: genid],
  secret: 'qwerty',
  resave: false,
  saveUninitialized: true,
  cookie: {
    path: '/',
    _expires: 2020-06-26T10:44:44.594Z,
    originalMaxAge: 60000,
    httpOnly: true,
    sameSite: 'lax'
  },
  sessionID: 'FN24jfNexKZmms_69j2VwZmU',
  horodate: 2020-06-26T10:43:44.594Z,
  ip: '122.51.95.85',
  geoloc: {
    range: [ 2050162688, 2050228223 ],
    country: 'CN',
    region: 'BJ',
    eu: '0',
    timezone: 'Asia/Shanghai',
    city: 'Beijing',
    ll: [ 39.9288, 116.3889 ],
    metro: 0,
    area: 50
  },
  pathname: '/',
  nbViews: [ index: 1, cv: 1, giftedADHD: 1, '/': 1 ]
}
[2020-06-26T12:43:45.513] [TRACE] trace - index:1
[2020-06-26T12:44:07.775] [TRACE] trace - index:2
[2020-06-26T12:44:09.233] [TRACE] trace - index:3
[2020-06-26T12:45:45.628] [TRACE] trace - {
  genid: [Function: genid],
  secret: 'qwerty',
  resave: false,
  saveUninitialized: true,
  cookie: {
    path: '/',
    _expires: 2020-06-26T10:46:45.628Z,
    originalMaxAge: 60000,
    httpOnly: true,
    sameSite: 'lax'
  },
  sessionID: 'mnCMHISvgQhxpL8FLe0_fWhH',
  horodate: 2020-06-26T10:45:45.628Z,
  ip: '86.247.253.198',
  geoloc: {
    range: [ 1459091456, 1459093503 ],
    country: 'FR',
    region: 'IDF',
    eu: '1',
    timezone: 'Europe/Paris',
    city: 'Paris',
    ll: [ 48.8543, 2.3527 ],
    metro: 0,
    area: 1
  },
  pathname: '/',
  nbViews: [ index: 3, cv: 1, giftedADHD: 1, '/': 1 ]
}
[2020-06-26T12:45:47.215] [TRACE] trace - giftedADHD:1
[2020-06-26T12:45:53.330] [TRACE] trace - cv:1
[2020-06-26T12:45:54.470] [TRACE] trace - index:1
[2020-06-26T12:46:44.780] [TRACE] trace - index:2
[2020-06-26T12:46:57.950] [TRACE] trace - index:3
[2020-06-26T12:47:16.706] [TRACE] trace - cv:2
[2020-06-26T12:47:18.301] [TRACE] trace - giftedADHD:2
[2020-06-26T12:48:34.806] [TRACE] trace - giftedADHD:1
[2020-06-26T12:48:37.219] [TRACE] trace - cv:1
[2020-06-26T12:48:38.115] [TRACE] trace - index:1
[2020-06-26T12:48:42.044] [TRACE] trace - index:1
[2020-06-26T12:49:07.850] [TRACE] trace - index:2
[2020-06-26T12:49:28.639] [TRACE] trace - index:3
[2020-06-26T12:49:47.316] [TRACE] trace - index:1
[2020-06-26T12:49:53.678] [TRACE] trace - cv:1
[2020-06-26T12:49:57.223] [TRACE] trace - giftedADHD:1
[2020-06-26T13:02:16.801] [TRACE] trace - {
  genid: [Function: genid],
  secret: 'qwerty',
  resave: false,
  saveUninitialized: true,
  cookie: {
    path: '/',
    _expires: 2020-06-26T11:03:16.800Z,
    originalMaxAge: 60000,
    httpOnly: true,
    sameSite: 'lax'
  },
  sessionID: 'LimooxROOh193GmZyWARiyvv',
  horodate: 2020-06-26T11:02:16.800Z,
  ip: '186.226.216.92',
  geoloc: {
    range: [ 3135428608, 3135428863 ],
    country: 'BR',
    region: 'SC',
    eu: '0',
    timezone: 'America/Sao_Paulo',
    city: 'Balneário Camboriú',
    ll: [ -27.0756, -48.7153 ],
    metro: 0,
    area: 10
  },
  pathname: '/',
  nbViews: [ index: 1, cv: 1, giftedADHD: 1, '/': 1 ]
}
[2020-06-26T13:05:53.523] [TRACE] trace - {
  genid: [Function: genid],
  secret: 'qwerty',
  resave: false,
  saveUninitialized: true,
  cookie: {
    path: '/',
    _expires: 2020-06-26T11:06:53.523Z,
    originalMaxAge: 60000,
    httpOnly: true,
    sameSite: 'lax'
  },
  sessionID: 's9vY-jqvYF2hL0LO0y9nOo85',
  horodate: 2020-06-26T11:05:53.523Z,
  ip: '193.118.53.194',
  geoloc: {
    range: [ 3245748224, 3245752319 ],
    country: 'DE',
    region: '',
    eu: '1',
    timezone: 'Europe/Berlin',
    city: '',
    ll: [ 51.2993, 9.491 ],
    metro: 0,
    area: 200
  },
  pathname: '/',
  nbViews: [ index: 1, cv: 1, giftedADHD: 1, '/': 1 ]
}
[2020-06-26T13:11:21.634] [TRACE] trace - {
  genid: [Function: genid],
  secret: 'qwerty',
  resave: false,
  saveUninitialized: true,
  cookie: {
    path: '/',
    _expires: 2020-06-26T11:12:21.634Z,
    originalMaxAge: 60000,
    httpOnly: true,
    sameSite: 'lax'
  },
  sessionID: '2DDBbr-EDF8TLlcB5ovDtSFM',
  horodate: 2020-06-26T11:11:21.634Z,
  ip: '103.233.216.73',
  geoloc: {
    range: [ 1743378432, 1743379455 ],
    country: 'IN',
    region: 'MH',
    eu: '0',
    timezone: 'Asia/Kolkata',
    city: 'Mumbai',
    ll: [ 18.9912, 72.8342 ],
    metro: 0,
    area: 1
  },
  pathname: '/',
  nbViews: [ index: 1, cv: 1, giftedADHD: 1, '/': 1 ]
}
[2020-06-26T13:26:35.623] [TRACE] trace - {
  genid: [Function: genid],
  secret: 'qwerty',
  resave: false,
  saveUninitialized: true,
  cookie: {
    path: '/',
    _expires: 2020-06-26T11:27:35.623Z,
    originalMaxAge: 60000,
    httpOnly: true,
    sameSite: 'lax'
  },
  sessionID: '905lpMXx2W4S04otzRSzRllm',
  horodate: 2020-06-26T11:26:35.623Z,
  ip: '168.227.169.7',
  geoloc: {
    range: [ 2833491968, 2833492479 ],
    country: 'BR',
    region: 'RS',
    eu: '0',
    timezone: 'America/Sao_Paulo',
    city: 'Santiago',
    ll: [ -29.1137, -54.7336 ],
    metro: 0,
    area: 1
  },
  pathname: '/',
  nbViews: [ index: 1, cv: 1, giftedADHD: 1, '/': 1 ]
}
[2020-06-26T13:28:26.217] [TRACE] trace - {
  genid: [Function: genid],
  secret: 'qwerty',
  resave: false,
  saveUninitialized: true,
  cookie: {
    path: '/',
    _expires: 2020-06-26T11:29:26.216Z,
    originalMaxAge: 60000,
    httpOnly: true,
    sameSite: 'lax'
  },
  sessionID: '9myKkjd1wsnA8oLabXAewhw0',
  horodate: 2020-06-26T11:28:26.216Z,
  ip: '34.218.48.131',
  geoloc: {
    range: [ 584581120, 585105407 ],
    country: 'US',
    region: 'OR',
    eu: '0',
    timezone: 'America/Los_Angeles',
    city: 'Boardman',
    ll: [ 45.8491, -119.7143 ],
    metro: 810,
    area: 1000
  },
  pathname: '/',
  nbViews: [ index: 1, cv: 1, giftedADHD: 1, '/': 1 ]
}
[2020-06-26T14:11:03.559] [TRACE] trace - {
  genid: [Function: genid],
  secret: 'qwerty',
  resave: false,
  saveUninitialized: true,
  cookie: {
    path: '/',
    _expires: 2020-06-26T12:12:03.559Z,
    originalMaxAge: 60000,
    httpOnly: true,
    sameSite: 'lax'
  },
  sessionID: '71fZ9mMcZ2NJCxRzIx05sEcn',
  horodate: 2020-06-26T12:11:03.559Z,
  ip: '189.243.251.54',
  geoloc: {
    range: [ 3186883072, 3186883583 ],
    country: 'MX',
    region: 'MIC',
    eu: '0',
    timezone: 'America/Mexico_City',
    city: 'Morelia',
    ll: [ 19.6953, -101.1979 ],
    metro: 0,
    area: 5
  },
  pathname: '/',
  nbViews: [ index: 1, cv: 1, giftedADHD: 1, '/': 1 ]
}
[2020-06-26T14:20:46.302] [TRACE] trace - {
  genid: [Function: genid],
  secret: 'qwerty',
  resave: false,
  saveUninitialized: true,
  cookie: {
    path: '/',
    _expires: 2020-06-26T12:21:46.302Z,
    originalMaxAge: 60000,
    httpOnly: true,
    sameSite: 'lax'
  },
  sessionID: 'bVtAP8R_wkwYpYShrDMh19Fs',
  horodate: 2020-06-26T12:20:46.302Z,
  ip: '195.54.160.135',
  geoloc: null,
  pathname: '/',
  nbViews: [ index: 1, cv: 1, giftedADHD: 1, '/': 1 ]
}
[2020-06-26T14:20:48.931] [TRACE] trace - {
  genid: [Function: genid],
  secret: 'qwerty',
  resave: false,
  saveUninitialized: true,
  cookie: {
    path: '/',
    _expires: 2020-06-26T12:21:48.931Z,
    originalMaxAge: 60000,
    httpOnly: true,
    sameSite: 'lax'
  },
  sessionID: 'fMqAsFauP9DXxC-4kxK4vpN8',
  horodate: 2020-06-26T12:20:48.931Z,
  ip: '195.54.160.135',
  geoloc: null,
  pathname: '/',
  nbViews: [ index: 1, cv: 1, giftedADHD: 1, '/': 1 ]
}
[2020-06-26T14:37:07.887] [TRACE] trace - {
  genid: [Function: genid],
  secret: 'qwerty',
  resave: false,
  saveUninitialized: true,
  cookie: {
    path: '/',
    _expires: 2020-06-26T12:38:07.887Z,
    originalMaxAge: 60000,
    httpOnly: true,
    sameSite: 'lax'
  },
  sessionID: '49Tvz8XpgZYHlmUQDbbmVmjY',
  horodate: 2020-06-26T12:37:07.887Z,
  ip: '86.247.253.198',
  geoloc: {
    range: [ 1459091456, 1459093503 ],
    country: 'FR',
    region: 'IDF',
    eu: '1',
    timezone: 'Europe/Paris',
    city: 'Paris',
    ll: [ 48.8543, 2.3527 ],
    metro: 0,
    area: 1
  },
  pathname: '/',
  nbViews: [ index: 1, cv: 1, giftedADHD: 1, '/': 1 ]
}
[2020-06-26T14:37:10.899] [TRACE] trace - cv:1
[2020-06-26T14:55:25.027] [TRACE] trace - giftedADHD:1
[2020-06-26T15:14:51.366] [TRACE] trace - {
  genid: [Function: genid],
  secret: 'qwerty',
  resave: false,
  saveUninitialized: true,
  cookie: {
    path: '/',
    _expires: 2020-06-26T13:15:51.366Z,
    originalMaxAge: 60000,
    httpOnly: true,
    sameSite: 'lax'
  },
  sessionID: 'YQTQt_z2JYyEHu_1DHgk-CfK',
  horodate: 2020-06-26T13:14:51.366Z,
  ip: '47.95.239.170',
  geoloc: {
    range: [ 794689536, 794820607 ],
    country: 'CN',
    region: 'ZJ',
    eu: '0',
    timezone: 'Asia/Shanghai',
    city: 'Hangzhou',
    ll: [ 30.294, 120.1619 ],
    metro: 0,
    area: 50
  },
  pathname: '/',
  nbViews: [ index: 1, cv: 1, giftedADHD: 1, '/': 1 ]
}
[2020-06-26T16:39:47.354] [TRACE] trace - {
  genid: [Function: genid],
  secret: 'qwerty',
  resave: false,
  saveUninitialized: true,
  cookie: {
    path: '/',
    _expires: 2020-06-26T14:40:47.354Z,
    originalMaxAge: 60000,
    httpOnly: true,
    sameSite: 'lax'
  },
  sessionID: 'cxpwZJagPcdOV6IYqPdHuOTt',
  horodate: 2020-06-26T14:39:47.354Z,
  ip: '86.247.253.198',
  geoloc: {
    range: [ 1459091456, 1459093503 ],
    country: 'FR',
    region: 'IDF',
    eu: '1',
    timezone: 'Europe/Paris',
    city: 'Paris',
    ll: [ 48.8543, 2.3527 ],
    metro: 0,
    area: 1
  },
  pathname: '/',
  nbViews: [ index: 1, cv: 1, giftedADHD: 1, '/': 1 ]
}
[2020-06-26T16:40:35.277] [TRACE] trace - cv:1
[2020-06-26T16:44:48.499] [TRACE] trace - index:1
[2020-06-26T16:44:54.608] [TRACE] trace - cv:1
[2020-06-26T16:45:40.243] [TRACE] trace - giftedADHD:1
[2020-06-26T16:45:42.110] [TRACE] trace - index:2
[2020-06-26T16:46:52.170] [TRACE] trace - {
  genid: [Function: genid],
  secret: 'qwerty',
  resave: false,
  saveUninitialized: true,
  cookie: {
    path: '/',
    _expires: 2020-06-26T14:47:52.170Z,
    originalMaxAge: 60000,
    httpOnly: true,
    sameSite: 'lax'
  },
  sessionID: '74ZfM-5e9CYG5tqbeYzxJ7gj',
  horodate: 2020-06-26T14:46:52.170Z,
  ip: '45.92.126.74',
  geoloc: {
    range: [ 761035776, 761036799 ],
    country: 'US',
    region: '',
    eu: '0',
    timezone: 'America/Chicago',
    city: '',
    ll: [ 37.751, -97.822 ],
    metro: 0,
    area: 200
  },
  pathname: '/',
  nbViews: [ index: 2, cv: 1, giftedADHD: 1, '/': 1 ]
}
[2020-06-26T16:46:52.222] [TRACE] trace - {
  genid: [Function: genid],
  secret: 'qwerty',
  resave: false,
  saveUninitialized: true,
  cookie: {
    path: '/',
    _expires: 2020-06-26T14:47:52.222Z,
    originalMaxAge: 60000,
    httpOnly: true,
    sameSite: 'lax'
  },
  sessionID: '__V6p65sbR8uBuutvNsL_zOJ',
  horodate: 2020-06-26T14:46:52.222Z,
  ip: '45.92.126.74',
  geoloc: {
    range: [ 761035776, 761036799 ],
    country: 'US',
    region: '',
    eu: '0',
    timezone: 'America/Chicago',
    city: '',
    ll: [ 37.751, -97.822 ],
    metro: 0,
    area: 200
  },
  pathname: '/',
  nbViews: [ index: 2, cv: 1, giftedADHD: 1, '/': 1 ]
}
[2020-06-26T16:54:52.614] [TRACE] trace - {
  genid: [Function: genid],
  secret: 'qwerty',
  resave: false,
  saveUninitialized: true,
  cookie: {
    path: '/',
    _expires: 2020-06-26T14:55:52.614Z,
    originalMaxAge: 60000,
    httpOnly: true,
    sameSite: 'lax'
  },
  sessionID: 'mkFfSSWcYbvinAlg9oJ0mUzE',
  horodate: 2020-06-26T14:54:52.614Z,
  ip: '162.243.131.61',
  geoloc: {
    range: [ 2733867008, 2733875199 ],
    country: 'US',
    region: 'CA',
    eu: '0',
    timezone: 'America/Los_Angeles',
    city: 'San Francisco',
    ll: [ 37.7353, -122.3732 ],
    metro: 807,
    area: 1000
  },
  pathname: '/',
  nbViews: [ index: 2, cv: 1, giftedADHD: 1, '/': 1 ]
}
[2020-06-26T17:01:56.287] [TRACE] trace - {
  genid: [Function: genid],
  secret: 'qwerty',
  resave: false,
  saveUninitialized: true,
  cookie: {
    path: '/',
    _expires: 2020-06-26T15:02:56.287Z,
    originalMaxAge: 60000,
    httpOnly: true,
    sameSite: 'lax'
  },
  sessionID: 'zkSRUElGeqmEThkmXR8x9wHP',
  horodate: 2020-06-26T15:01:56.287Z,
  ip: '86.247.253.198',
  geoloc: {
    range: [ 1459091456, 1459093503 ],
    country: 'FR',
    region: 'IDF',
    eu: '1',
    timezone: 'Europe/Paris',
    city: 'Paris',
    ll: [ 48.8543, 2.3527 ],
    metro: 0,
    area: 1
  },
  pathname: '/',
  nbViews: [ index: 2, cv: 1, giftedADHD: 1, '/': 1 ]
}
[2020-06-26T17:01:59.380] [TRACE] trace - cv:1
[2020-06-26T17:04:13.401] [TRACE] trace - cv:1
[2020-06-26T17:06:10.413] [TRACE] trace - cv:1
[2020-06-26T17:06:46.675] [TRACE] trace - cv:2
[2020-06-26T17:08:17.959] [TRACE] trace - cv:1
[2020-06-26T17:09:07.462] [TRACE] trace - cv:2
[2020-06-26T17:09:18.271] [TRACE] trace - cv:3
[2020-06-26T17:09:33.031] [TRACE] trace - cv:4
[2020-06-26T17:10:12.435] [TRACE] trace - cv:5
[2020-06-26T17:11:40.965] [TRACE] trace - cv:1
[2020-06-26T17:12:15.987] [TRACE] trace - cv:2
[2020-06-26T17:12:23.595] [TRACE] trace - giftedADHD:1
[2020-06-26T17:12:31.693] [TRACE] trace - index:1
[2020-06-26T17:12:38.510] [TRACE] trace - cv:3
[2020-06-26T17:12:54.961] [TRACE] trace - giftedADHD:2
[2020-06-26T17:14:06.486] [TRACE] trace - giftedADHD:1
[2020-06-26T17:15:35.753] [TRACE] trace - giftedADHD:1
[2020-06-26T17:15:53.995] [TRACE] trace - giftedADHD:2
[2020-06-26T17:16:53.387] [TRACE] trace - giftedADHD:3
[2020-06-26T17:17:16.967] [TRACE] trace - giftedADHD:4
[2020-06-26T17:17:28.302] [TRACE] trace - giftedADHD:5
[2020-06-26T17:17:44.536] [TRACE] trace - giftedADHD:6
[2020-06-26T17:19:11.376] [TRACE] trace - giftedADHD:1
[2020-06-26T17:19:22.245] [TRACE] trace - cv:1
[2020-06-26T17:19:23.746] [TRACE] trace - index:1
[2020-06-26T17:19:27.021] [TRACE] trace - cv:2
[2020-06-26T17:19:33.197] [TRACE] trace - giftedADHD:2
[2020-06-26T17:19:36.746] [TRACE] trace - cv:3
[2020-06-26T17:19:38.462] [TRACE] trace - index:2
[2020-06-26T17:20:47.202] [TRACE] trace - giftedADHD:1
[2020-06-26T17:34:05.767] [TRACE] trace - {
  genid: [Function: genid],
  secret: 'qwerty',
  resave: false,
  saveUninitialized: true,
  cookie: {
    path: '/',
    _expires: 2020-06-26T15:35:05.766Z,
    originalMaxAge: 60000,
    httpOnly: true,
    sameSite: 'lax'
  },
  sessionID: 'atEyIeBljs-_rayaEWvdfn-X',
  horodate: 2020-06-26T15:34:05.767Z,
  ip: '161.97.74.222',
  geoloc: {
    range: [ 2707505152, 2707521535 ],
    country: 'US',
    region: 'CO',
    eu: '0',
    timezone: 'America/Denver',
    city: 'Boulder',
    ll: [ 39.9947, -105.2366 ],
    metro: 751,
    area: 1000
  },
  pathname: '/',
  nbViews: [ index: 2, cv: 3, giftedADHD: 1, '/': 1 ]
}
[2020-06-26T19:16:01.343] [TRACE] trace - {
  genid: [Function: genid],
  secret: 'qwerty',
  resave: false,
  saveUninitialized: true,
  cookie: {
    path: '/',
    _expires: 2020-06-26T17:17:01.343Z,
    originalMaxAge: 60000,
    httpOnly: true,
    sameSite: 'lax'
  },
  sessionID: 'Tc2UMRVbC2xskizzT_yqtPiR',
  horodate: 2020-06-26T17:16:01.343Z,
  ip: '194.180.224.130',
  geoloc: null,
  pathname: '/',
  nbViews: [ index: 2, cv: 3, giftedADHD: 1, '/': 1 ]
}
[2020-06-26T19:27:02.952] [TRACE] trace - {
  genid: [Function: genid],
  secret: 'qwerty',
  resave: false,
  saveUninitialized: true,
  cookie: {
    path: '/',
    _expires: 2020-06-26T17:28:02.952Z,
    originalMaxAge: 60000,
    httpOnly: true,
    sameSite: 'lax'
  },
  sessionID: '-MDSuTIwgetF243hJerGsaul',
  horodate: 2020-06-26T17:27:02.952Z,
  ip: '213.32.122.81',
  geoloc: {
    range: [ 3575675456, 3575675519 ],
    country: 'FR',
    region: '',
    eu: '1',
    timezone: 'Europe/Paris',
    city: '',
    ll: [ 48.8582, 2.3387 ],
    metro: 0,
    area: 500
  },
  pathname: '/',
  nbViews: [ index: 2, cv: 3, giftedADHD: 1, '/': 1 ]
}
[2020-06-26T19:54:50.322] [TRACE] trace - {
  genid: [Function: genid],
  secret: 'qwerty',
  resave: false,
  saveUninitialized: true,
  cookie: {
    path: '/',
    _expires: 2020-06-26T17:55:50.322Z,
    originalMaxAge: 60000,
    httpOnly: true,
    sameSite: 'lax'
  },
  sessionID: 'xj9oYXgTik4WKqCAK554EVV4',
  horodate: 2020-06-26T17:54:50.322Z,
  ip: '77.75.176.238',
  geoloc: {
    range: [ 1296805888, 1296806143 ],
    country: 'ES',
    region: 'CT',
    eu: '1',
    timezone: 'Europe/Madrid',
    city: 'Barcelona',
    ll: [ 41.3891, 2.1611 ],
    metro: 0,
    area: 100
  },
  pathname: '/',
  nbViews: [ index: 2, cv: 3, giftedADHD: 1, '/': 1 ]
}
[2020-06-26T20:22:16.452] [TRACE] trace - {
  genid: [Function: genid],
  secret: 'qwerty',
  resave: false,
  saveUninitialized: true,
  cookie: {
    path: '/',
    _expires: 2020-06-26T18:23:16.452Z,
    originalMaxAge: 60000,
    httpOnly: true,
    sameSite: 'lax'
  },
  sessionID: 'ah_muLy8L0VZogTbyCZWyfVa',
  horodate: 2020-06-26T18:22:16.452Z,
  ip: '86.247.253.198',
  geoloc: {
    range: [ 1459091456, 1459093503 ],
    country: 'FR',
    region: 'IDF',
    eu: '1',
    timezone: 'Europe/Paris',
    city: 'Paris',
    ll: [ 48.8543, 2.3527 ],
    metro: 0,
    area: 1
  },
  pathname: '/',
  nbViews: [ index: 2, cv: 3, giftedADHD: 1, '/': 1 ]
}
[2020-06-26T20:22:25.988] [TRACE] trace - {
  genid: [Function: genid],
  secret: 'qwerty',
  resave: false,
  saveUninitialized: true,
  cookie: {
    path: '/',
    _expires: 2020-06-26T18:23:16.501Z,
    originalMaxAge: 60000,
    httpOnly: true,
    sameSite: 'lax'
  },
  sessionID: 'ah_muLy8L0VZogTbyCZWyfVa',
  horodate: 2020-06-26T18:22:25.988Z,
  ip: '86.247.253.198',
  geoloc: {
    range: [ 1459091456, 1459093503 ],
    country: 'FR',
    region: 'IDF',
    eu: '1',
    timezone: 'Europe/Paris',
    city: 'Paris',
    ll: [ 48.8543, 2.3527 ],
    metro: 0,
    area: 1
  },
  pathname: '/',
  nbViews: [ index: 2, cv: 3, giftedADHD: 1, '/': 2 ]
}
[2020-06-26T20:22:27.703] [TRACE] trace - giftedADHD:1
[2020-06-26T20:22:56.981] [TRACE] trace - cv:1
[2020-06-26T20:23:05.296] [TRACE] trace - index:1
[2020-06-26T20:52:55.335] [TRACE] trace - {
  genid: [Function: genid],
  secret: 'qwerty',
  resave: false,
  saveUninitialized: true,
  cookie: {
    path: '/',
    _expires: 2020-06-26T18:53:55.335Z,
    originalMaxAge: 60000,
    httpOnly: true,
    sameSite: 'lax'
  },
  sessionID: 'P3srvqslzCsF5RRwWaTbHyOf',
  horodate: 2020-06-26T18:52:55.335Z,
  ip: '171.67.70.88',
  geoloc: {
    range: [ 2873098240, 2873360383 ],
    country: 'US',
    region: 'CA',
    eu: '0',
    timezone: 'America/Los_Angeles',
    city: 'Stanford',
    ll: [ 37.423, -122.1639 ],
    metro: 807,
    area: 5
  },
  pathname: '/',
  nbViews: [ index: 1, cv: 1, giftedADHD: 1, '/': 1 ]
}
[2020-06-26T23:21:19.102] [TRACE] trace - {
  genid: [Function: genid],
  secret: 'qwerty',
  resave: false,
  saveUninitialized: true,
  cookie: {
    path: '/',
    _expires: 2020-06-26T21:22:19.102Z,
    originalMaxAge: 60000,
    httpOnly: true,
    sameSite: 'lax'
  },
  sessionID: 'WcghdrmXgTGXnaJreVDsDsD2',
  horodate: 2020-06-26T21:21:19.102Z,
  ip: '41.204.161.183',
  geoloc: {
    range: [ 701276160, 701284351 ],
    country: 'KE',
    region: '',
    eu: '0',
    timezone: 'Africa/Nairobi',
    city: '',
    ll: [ 1, 38 ],
    metro: 0,
    area: 50
  },
  pathname: '/',
  nbViews: [ index: 1, cv: 1, giftedADHD: 1, '/': 1 ]
}
[2020-06-26T23:36:40.810] [TRACE] trace - {
  genid: [Function: genid],
  secret: 'qwerty',
  resave: false,
  saveUninitialized: true,
  cookie: {
    path: '/',
    _expires: 2020-06-26T21:37:40.810Z,
    originalMaxAge: 60000,
    httpOnly: true,
    sameSite: 'lax'
  },
  sessionID: 'xN4peX4xJ0-LYG-pP9hmRMV7',
  horodate: 2020-06-26T21:36:40.810Z,
  ip: '171.67.70.81',
  geoloc: {
    range: [ 2873098240, 2873360383 ],
    country: 'US',
    region: 'CA',
    eu: '0',
    timezone: 'America/Los_Angeles',
    city: 'Stanford',
    ll: [ 37.423, -122.1639 ],
    metro: 807,
    area: 5
  },
  pathname: '/',
  nbViews: [ index: 1, cv: 1, giftedADHD: 1, '/': 1 ]
}
[2020-06-27T00:17:53.941] [TRACE] trace - {
  genid: [Function: genid],
  secret: 'qwerty',
  resave: false,
  saveUninitialized: true,
  cookie: {
    path: '/',
    _expires: 2020-06-26T22:18:53.941Z,
    originalMaxAge: 60000,
    httpOnly: true,
    sameSite: 'lax'
  },
  sessionID: 'a9Soy_Kcx8kUoX_w_0VAMQE8',
  horodate: 2020-06-26T22:17:53.941Z,
  ip: '192.35.168.216',
  geoloc: {
    range: [ 3223562240, 3223563263 ],
    country: 'US',
    region: '',
    eu: '0',
    timezone: 'America/Chicago',
    city: '',
    ll: [ 37.751, -97.822 ],
    metro: 0,
    area: 1000
  },
  pathname: '/',
  nbViews: [ index: 1, cv: 1, giftedADHD: 1, '/': 1 ]
}
[2020-06-27T00:17:54.298] [TRACE] trace - {
  genid: [Function: genid],
  secret: 'qwerty',
  resave: false,
  saveUninitialized: true,
  cookie: {
    path: '/',
    _expires: 2020-06-26T22:18:54.298Z,
    originalMaxAge: 60000,
    httpOnly: true,
    sameSite: 'lax'
  },
  sessionID: 'GyjvcjiwXf_46Sclbu5ijLJM',
  horodate: 2020-06-26T22:17:54.298Z,
  ip: '192.35.168.216',
  geoloc: {
    range: [ 3223562240, 3223563263 ],
    country: 'US',
    region: '',
    eu: '0',
    timezone: 'America/Chicago',
    city: '',
    ll: [ 37.751, -97.822 ],
    metro: 0,
    area: 1000
  },
  pathname: '/',
  nbViews: [ index: 1, cv: 1, giftedADHD: 1, '/': 1 ]
}
[2020-06-27T01:21:13.632] [TRACE] trace - {
  genid: [Function: genid],
  secret: 'qwerty',
  resave: false,
  saveUninitialized: true,
  cookie: {
    path: '/',
    _expires: 2020-06-26T23:22:13.632Z,
    originalMaxAge: 60000,
    httpOnly: true,
    sameSite: 'lax'
  },
  sessionID: 'u_VYQHTCD5E6Pf7YoDZn6yXm',
  horodate: 2020-06-26T23:21:13.632Z,
  ip: '171.67.70.81',
  geoloc: {
    range: [ 2873098240, 2873360383 ],
    country: 'US',
    region: 'CA',
    eu: '0',
    timezone: 'America/Los_Angeles',
    city: 'Stanford',
    ll: [ 37.423, -122.1639 ],
    metro: 807,
    area: 5
  },
  pathname: '/',
  nbViews: [ index: 1, cv: 1, giftedADHD: 1, '/': 1 ]
}
[2020-06-27T01:37:01.739] [TRACE] trace - {
  genid: [Function: genid],
  secret: 'qwerty',
  resave: false,
  saveUninitialized: true,
  cookie: {
    path: '/',
    _expires: 2020-06-26T23:38:01.739Z,
    originalMaxAge: 60000,
    httpOnly: true,
    sameSite: 'lax'
  },
  sessionID: '9Gkv_xiKp8G2lZ0Egxg0hBZj',
  horodate: 2020-06-26T23:37:01.739Z,
  ip: '191.8.58.33',
  geoloc: {
    range: [ 3204987392, 3204987647 ],
    country: 'BR',
    region: 'SP',
    eu: '0',
    timezone: 'America/Sao_Paulo',
    city: 'Sao Sebastiao',
    ll: [ -23.7611, -45.5968 ],
    metro: 0,
    area: 100
  },
  pathname: '/',
  nbViews: [ index: 1, cv: 1, giftedADHD: 1, '/': 1 ]
}
