[2020-06-27T01:43:03.053] [TRACE] trace - {
  genid: [Function: genid],
  secret: 'qwerty',
  resave: false,
  saveUninitialized: true,
  cookie: { path: '/', _expires: null, originalMaxAge: null, httpOnly: true },
  sessionID: 'iklPHE3wEgN2ISIw4nu3Jiam',
  horodate: 2020-06-26T23:43:03.053Z,
  ip: '86.247.253.198',
  geoloc: {
    range: [ 1459091456, 1459093503 ],
    country: 'FR',
    region: 'IDF',
    eu: '1',
    timezone: 'Europe/Paris',
    city: 'Paris',
    ll: [ 48.8543, 2.3527 ],
    metro: 0,
    area: 1
  },
  pathname: '/',
  nbViews: [ '/': 1 ]
}
[2020-06-27T01:43:23.007] [TRACE] trace - {
  genid: [Function: genid],
  secret: 'qwerty',
  resave: false,
  saveUninitialized: true,
  cookie: { path: '/', _expires: null, originalMaxAge: null, httpOnly: true },
  sessionID: 'iklPHE3wEgN2ISIw4nu3Jiam',
  horodate: 2020-06-26T23:43:23.007Z,
  ip: '86.247.253.198',
  geoloc: {
    range: [ 1459091456, 1459093503 ],
    country: 'FR',
    region: 'IDF',
    eu: '1',
    timezone: 'Europe/Paris',
    city: 'Paris',
    ll: [ 48.8543, 2.3527 ],
    metro: 0,
    area: 1
  },
  pathname: '/',
  nbViews: [ '/': 2 ]
}
[2020-06-27T01:43:25.601] [TRACE] trace - cv:1
[2020-06-27T01:43:26.805] [TRACE] trace - giftedADHD:1
[2020-06-27T01:43:29.159] [TRACE] trace - index:1
[2020-06-27T01:43:47.640] [TRACE] trace - {
  genid: [Function: genid],
  secret: 'qwerty',
  resave: false,
  saveUninitialized: true,
  cookie: { path: '/', _expires: null, originalMaxAge: null, httpOnly: true },
  sessionID: 'C1IpKql-vp-L3RubAaT00p1g',
  horodate: 2020-06-26T23:43:47.640Z,
  ip: '86.247.253.198',
  geoloc: {
    range: [ 1459091456, 1459093503 ],
    country: 'FR',
    region: 'IDF',
    eu: '1',
    timezone: 'Europe/Paris',
    city: 'Paris',
    ll: [ 48.8543, 2.3527 ],
    metro: 0,
    area: 1
  },
  pathname: '/',
  nbViews: [ '/': 1, cv: 1, giftedADHD: 1, index: 1 ]
}
[2020-06-27T01:44:16.093] [TRACE] trace - giftedADHD:1
[2020-06-27T01:44:17.966] [TRACE] trace - index:1
[2020-06-27T01:44:20.133] [TRACE] trace - giftedADHD:2
[2020-06-27T01:44:25.880] [TRACE] trace - cv:1
[2020-06-27T01:44:27.123] [TRACE] trace - index:2
[2020-06-27T01:44:35.756] [TRACE] trace - {
  genid: [Function: genid],
  secret: 'qwerty',
  resave: false,
  saveUninitialized: true,
  cookie: { path: '/', _expires: null, originalMaxAge: null, httpOnly: true },
  sessionID: 'C1IpKql-vp-L3RubAaT00p1g',
  horodate: 2020-06-26T23:44:35.755Z,
  ip: '86.247.253.198',
  geoloc: {
    range: [ 1459091456, 1459093503 ],
    country: 'FR',
    region: 'IDF',
    eu: '1',
    timezone: 'Europe/Paris',
    city: 'Paris',
    ll: [ 48.8543, 2.3527 ],
    metro: 0,
    area: 1
  },
  pathname: '/',
  nbViews: [ '/': 2, cv: 1, giftedADHD: 2, index: 2 ]
}
[2020-06-27T01:44:42.941] [TRACE] trace - {
  genid: [Function: genid],
  secret: 'qwerty',
  resave: false,
  saveUninitialized: true,
  cookie: { path: '/', _expires: null, originalMaxAge: null, httpOnly: true },
  sessionID: 'iklPHE3wEgN2ISIw4nu3Jiam',
  horodate: 2020-06-26T23:44:42.941Z,
  ip: '86.247.253.198',
  geoloc: {
    range: [ 1459091456, 1459093503 ],
    country: 'FR',
    region: 'IDF',
    eu: '1',
    timezone: 'Europe/Paris',
    city: 'Paris',
    ll: [ 48.8543, 2.3527 ],
    metro: 0,
    area: 1
  },
  pathname: '/',
  nbViews: [ '/': 3, cv: 1, giftedADHD: 2, index: 2 ]
}
[2020-06-27T01:49:04.821] [TRACE] trace - {
  genid: [Function: genid],
  secret: 'qwerty',
  resave: false,
  saveUninitialized: true,
  cookie: { path: '/', _expires: null, originalMaxAge: null, httpOnly: true },
  sessionID: 'iklPHE3wEgN2ISIw4nu3Jiam',
  horodate: 2020-06-26T23:49:04.821Z,
  ip: '86.247.253.198',
  geoloc: {
    range: [ 1459091456, 1459093503 ],
    country: 'FR',
    region: 'IDF',
    eu: '1',
    timezone: 'Europe/Paris',
    city: 'Paris',
    ll: [ 48.8543, 2.3527 ],
    metro: 0,
    area: 1
  },
  pathname: '/',
  nbViews: [ '/': 4, cv: 1, giftedADHD: 2, index: 2 ]
}
[2020-06-27T01:55:32.980] [TRACE] trace - {
  genid: [Function: genid],
  secret: 'qwerty',
  resave: false,
  saveUninitialized: true,
  cookie: { path: '/', _expires: null, originalMaxAge: null, httpOnly: true },
  sessionID: '5mfi44EWx9CRn4DFTBpthS36',
  horodate: 2020-06-26T23:55:32.980Z,
  ip: '92.184.97.75',
  geoloc: {
    range: [ 1555587072, 1555588095 ],
    country: 'FR',
    region: 'IDF',
    eu: '1',
    timezone: 'Europe/Paris',
    city: 'Paris',
    ll: [ 48.8649, 2.2752 ],
    metro: 0,
    area: 200
  },
  pathname: '/',
  nbViews: [ '/': 1, cv: 1, giftedADHD: 2, index: 2 ]
}
[2020-06-27T01:55:45.011] [TRACE] trace - {
  genid: [Function: genid],
  secret: 'qwerty',
  resave: false,
  saveUninitialized: true,
  cookie: { path: '/', _expires: null, originalMaxAge: null, httpOnly: true },
  sessionID: '5mfi44EWx9CRn4DFTBpthS36',
  horodate: 2020-06-26T23:55:45.011Z,
  ip: '92.184.97.75',
  geoloc: {
    range: [ 1555587072, 1555588095 ],
    country: 'FR',
    region: 'IDF',
    eu: '1',
    timezone: 'Europe/Paris',
    city: 'Paris',
    ll: [ 48.8649, 2.2752 ],
    metro: 0,
    area: 200
  },
  pathname: '/',
  nbViews: [ '/': 2, cv: 1, giftedADHD: 2, index: 2 ]
}
[2020-06-27T01:55:48.592] [TRACE] trace - {
  genid: [Function: genid],
  secret: 'qwerty',
  resave: false,
  saveUninitialized: true,
  cookie: { path: '/', _expires: null, originalMaxAge: null, httpOnly: true },
  sessionID: '5mfi44EWx9CRn4DFTBpthS36',
  horodate: 2020-06-26T23:55:48.592Z,
  ip: '92.184.97.75',
  geoloc: {
    range: [ 1555587072, 1555588095 ],
    country: 'FR',
    region: 'IDF',
    eu: '1',
    timezone: 'Europe/Paris',
    city: 'Paris',
    ll: [ 48.8649, 2.2752 ],
    metro: 0,
    area: 200
  },
  pathname: '/',
  nbViews: [ '/': 3, cv: 1, giftedADHD: 2, index: 2 ]
}
[2020-06-27T01:55:50.153] [TRACE] trace - {
  genid: [Function: genid],
  secret: 'qwerty',
  resave: false,
  saveUninitialized: true,
  cookie: { path: '/', _expires: null, originalMaxAge: null, httpOnly: true },
  sessionID: '5mfi44EWx9CRn4DFTBpthS36',
  horodate: 2020-06-26T23:55:50.153Z,
  ip: '92.184.97.75',
  geoloc: {
    range: [ 1555587072, 1555588095 ],
    country: 'FR',
    region: 'IDF',
    eu: '1',
    timezone: 'Europe/Paris',
    city: 'Paris',
    ll: [ 48.8649, 2.2752 ],
    metro: 0,
    area: 200
  },
  pathname: '/',
  nbViews: [ '/': 4, cv: 1, giftedADHD: 2, index: 2 ]
}
[2020-06-27T01:55:57.401] [TRACE] trace - cv:1
[2020-06-27T01:56:03.762] [TRACE] trace - giftedADHD:1
[2020-06-27T01:56:28.063] [TRACE] trace - index:1
[2020-06-27T02:02:07.080] [TRACE] trace - {
  genid: [Function: genid],
  secret: 'qwerty',
  resave: false,
  saveUninitialized: true,
  cookie: { path: '/', _expires: null, originalMaxAge: null, httpOnly: true },
  sessionID: '_zyUNsf57e8User63Ga44R2O',
  horodate: 2020-06-27T00:02:07.080Z,
  ip: '92.184.97.75',
  geoloc: {
    range: [ 1555587072, 1555588095 ],
    country: 'FR',
    region: 'IDF',
    eu: '1',
    timezone: 'Europe/Paris',
    city: 'Paris',
    ll: [ 48.8649, 2.2752 ],
    metro: 0,
    area: 200
  },
  pathname: '/',
  nbViews: [ '/': 1, cv: 1, giftedADHD: 1, index: 1 ]
}
[2020-06-27T03:57:59.102] [TRACE] trace - {
  genid: [Function: genid],
  secret: 'qwerty',
  resave: false,
  saveUninitialized: true,
  cookie: { path: '/', _expires: null, originalMaxAge: null, httpOnly: true },
  sessionID: '4st3NbsvZvMUohLHW1gaJ92b',
  horodate: 2020-06-27T01:57:59.102Z,
  ip: '2.183.84.243',
  geoloc: {
    range: [ 45481984, 45613055 ],
    country: 'IR',
    region: '',
    eu: '0',
    timezone: 'Asia/Tehran',
    city: '',
    ll: [ 35.6961, 51.4231 ],
    metro: 0,
    area: 50
  },
  pathname: '/',
  nbViews: [ '/': 1, cv: 1, giftedADHD: 1, index: 1 ]
}
[2020-06-27T04:21:58.521] [TRACE] trace - {
  genid: [Function: genid],
  secret: 'qwerty',
  resave: false,
  saveUninitialized: true,
  cookie: { path: '/', _expires: null, originalMaxAge: null, httpOnly: true },
  sessionID: 'jSDbKa8JuKt3fxJ1bPfPhkhL',
  horodate: 2020-06-27T02:21:58.521Z,
  ip: '186.201.197.222',
  geoloc: {
    range: [ 3133785088, 3133786111 ],
    country: 'BR',
    region: 'SP',
    eu: '0',
    timezone: 'America/Sao_Paulo',
    city: 'Capao Bonito',
    ll: [ -24.0618, -48.2952 ],
    metro: 0,
    area: 100
  },
  pathname: '/',
  nbViews: [ '/': 1, cv: 1, giftedADHD: 1, index: 1 ]
}
[2020-06-27T04:24:01.545] [TRACE] trace - {
  genid: [Function: genid],
  secret: 'qwerty',
  resave: false,
  saveUninitialized: true,
  cookie: { path: '/', _expires: null, originalMaxAge: null, httpOnly: true },
  sessionID: 'ce7gOrI4h7rIUO2pijFJxrH1',
  horodate: 2020-06-27T02:24:01.545Z,
  ip: '80.116.145.113',
  geoloc: {
    range: [ 1349816576, 1349816831 ],
    country: 'IT',
    region: '34',
    eu: '1',
    timezone: 'Europe/Rome',
    city: 'Vicenza',
    ll: [ 45.5431, 11.5415 ],
    metro: 0,
    area: 50
  },
  pathname: '/',
  nbViews: [ '/': 1, cv: 1, giftedADHD: 1, index: 1 ]
}
[2020-06-27T05:12:55.145] [TRACE] trace - {
  genid: [Function: genid],
  secret: 'qwerty',
  resave: false,
  saveUninitialized: true,
  cookie: { path: '/', _expires: null, originalMaxAge: null, httpOnly: true },
  sessionID: 'dHzJihaYdlNfqqkfhiDQRrMd',
  horodate: 2020-06-27T03:12:55.145Z,
  ip: '52.232.188.182',
  geoloc: {
    range: [ 887660544, 887668735 ],
    country: 'US',
    region: 'VA',
    eu: '0',
    timezone: 'America/New_York',
    city: 'Boydton',
    ll: [ 36.6534, -78.375 ],
    metro: 560,
    area: 1000
  },
  pathname: '/',
  nbViews: [ '/': 1, cv: 1, giftedADHD: 1, index: 1 ]
}
[2020-06-27T05:24:19.005] [TRACE] trace - {
  genid: [Function: genid],
  secret: 'qwerty',
  resave: false,
  saveUninitialized: true,
  cookie: { path: '/', _expires: null, originalMaxAge: null, httpOnly: true },
  sessionID: '0Nl5cJCvHRpIc9DanMqjwf9m',
  horodate: 2020-06-27T03:24:19.004Z,
  ip: '103.253.42.41',
  geoloc: {
    range: [ 1744644096, 1744645119 ],
    country: 'HK',
    region: '',
    eu: '0',
    timezone: 'Asia/Hong_Kong',
    city: '',
    ll: [ 22.25, 114.1667 ],
    metro: 0,
    area: 50
  },
  pathname: '/',
  nbViews: [ '/': 1, cv: 1, giftedADHD: 1, index: 1 ]
}
[2020-06-27T05:54:47.802] [TRACE] trace - {
  genid: [Function: genid],
  secret: 'qwerty',
  resave: false,
  saveUninitialized: true,
  cookie: { path: '/', _expires: null, originalMaxAge: null, httpOnly: true },
  sessionID: '2wLwGkrz89IqNrhmHEsUg2fU',
  horodate: 2020-06-27T03:54:47.802Z,
  ip: '171.67.71.96',
  geoloc: {
    range: [ 2873098240, 2873360383 ],
    country: 'US',
    region: 'CA',
    eu: '0',
    timezone: 'America/Los_Angeles',
    city: 'Stanford',
    ll: [ 37.423, -122.1639 ],
    metro: 807,
    area: 5
  },
  pathname: '/',
  nbViews: [ '/': 1, cv: 1, giftedADHD: 1, index: 1 ]
}
[2020-06-27T06:20:58.534] [TRACE] trace - {
  genid: [Function: genid],
  secret: 'qwerty',
  resave: false,
  saveUninitialized: true,
  cookie: { path: '/', _expires: null, originalMaxAge: null, httpOnly: true },
  sessionID: 'V1GTk1appP4BWzylG0qsfnoO',
  horodate: 2020-06-27T04:20:58.534Z,
  ip: '185.173.35.57',
  geoloc: {
    range: [ 3115131392, 3115131903 ],
    country: 'DE',
    region: '',
    eu: '1',
    timezone: 'Europe/Berlin',
    city: '',
    ll: [ 51.2993, 9.491 ],
    metro: 0,
    area: 200
  },
  pathname: '/',
  nbViews: [ '/': 1, cv: 1, giftedADHD: 1, index: 1 ]
}
[2020-06-27T10:02:41.217] [TRACE] trace - {
  genid: [Function: genid],
  secret: 'qwerty',
  resave: false,
  saveUninitialized: true,
  cookie: { path: '/', _expires: null, originalMaxAge: null, httpOnly: true },
  sessionID: 'wOXLV77I-4m1hAFYVYUhqkUV',
  horodate: 2020-06-27T08:02:41.217Z,
  ip: '104.152.52.23',
  geoloc: {
    range: [ 1754804224, 1754806271 ],
    country: 'US',
    region: '',
    eu: '0',
    timezone: 'America/Chicago',
    city: '',
    ll: [ 37.751, -97.822 ],
    metro: 0,
    area: 1000
  },
  pathname: '/',
  nbViews: [ '/': 1, cv: 1, giftedADHD: 1, index: 1 ]
}
[2020-06-27T10:17:06.467] [TRACE] trace - {
  genid: [Function: genid],
  secret: 'qwerty',
  resave: false,
  saveUninitialized: true,
  cookie: { path: '/', _expires: null, originalMaxAge: null, httpOnly: true },
  sessionID: 'yKgHV4Ax1hR6pQeZ-wNiQ-N3',
  horodate: 2020-06-27T08:17:06.467Z,
  ip: '185.202.102.206',
  geoloc: {
    range: [ 3117049344, 3117049855 ],
    country: 'UA',
    region: '30',
    eu: '0',
    timezone: 'Europe/Kiev',
    city: 'Kyiv',
    ll: [ 50.4333, 30.5167 ],
    metro: 0,
    area: 200
  },
  pathname: '/',
  nbViews: [ '/': 1, cv: 1, giftedADHD: 1, index: 1 ]
}
[2020-06-27T10:24:29.411] [TRACE] trace - {
  genid: [Function: genid],
  secret: 'qwerty',
  resave: false,
  saveUninitialized: true,
  cookie: { path: '/', _expires: null, originalMaxAge: null, httpOnly: true },
  sessionID: 'lGuTXZ0YMfZSPyS0yBkzkneN',
  horodate: 2020-06-27T08:24:29.411Z,
  ip: '49.213.193.246',
  geoloc: {
    range: [ 836091904, 836093951 ],
    country: 'TW',
    region: 'KHH',
    eu: '0',
    timezone: 'Asia/Taipei',
    city: 'Kaohsiung City',
    ll: [ 22.6148, 120.3139 ],
    metro: 0,
    area: 200
  },
  pathname: '/',
  nbViews: [ '/': 1, cv: 1, giftedADHD: 1, index: 1 ]
}
[2020-06-27T10:26:24.084] [TRACE] trace - {
  genid: [Function: genid],
  secret: 'qwerty',
  resave: false,
  saveUninitialized: true,
  cookie: { path: '/', _expires: null, originalMaxAge: null, httpOnly: true },
  sessionID: '1y63sOqbJxjwAx9p69DLx9zl',
  horodate: 2020-06-27T08:26:24.084Z,
  ip: '92.118.161.13',
  geoloc: {
    range: [ 1551278080, 1551279103 ],
    country: 'LT',
    region: '',
    eu: '1',
    timezone: 'Europe/Vilnius',
    city: '',
    ll: [ 56, 24 ],
    metro: 0,
    area: 200
  },
  pathname: '/',
  nbViews: [ '/': 1, cv: 1, giftedADHD: 1, index: 1 ]
}
[2020-06-27T10:46:45.188] [TRACE] trace - {
  genid: [Function: genid],
  secret: 'qwerty',
  resave: false,
  saveUninitialized: true,
  cookie: { path: '/', _expires: null, originalMaxAge: null, httpOnly: true },
  sessionID: '1KV8IPAgXZ68_pvoxlkt863e',
  horodate: 2020-06-27T08:46:45.188Z,
  ip: '36.103.245.23',
  geoloc: {
    range: [ 610729984, 610795519 ],
    country: 'CN',
    region: 'NX',
    eu: '0',
    timezone: 'Asia/Shanghai',
    city: '',
    ll: [ 38.4681, 106.2731 ],
    metro: 0,
    area: 50
  },
  pathname: '/',
  nbViews: [ '/': 1, cv: 1, giftedADHD: 1, index: 1 ]
}
[2020-06-27T10:46:46.114] [TRACE] trace - {
  genid: [Function: genid],
  secret: 'qwerty',
  resave: false,
  saveUninitialized: true,
  cookie: { path: '/', _expires: null, originalMaxAge: null, httpOnly: true },
  sessionID: 'GBNJirJpYw_kEJJ3Po44y0Xn',
  horodate: 2020-06-27T08:46:46.114Z,
  ip: '36.103.245.23',
  geoloc: {
    range: [ 610729984, 610795519 ],
    country: 'CN',
    region: 'NX',
    eu: '0',
    timezone: 'Asia/Shanghai',
    city: '',
    ll: [ 38.4681, 106.2731 ],
    metro: 0,
    area: 50
  },
  pathname: '/',
  nbViews: [ '/': 1, cv: 1, giftedADHD: 1, index: 1 ]
}
[2020-06-27T10:46:49.157] [TRACE] trace - {
  genid: [Function: genid],
  secret: 'qwerty',
  resave: false,
  saveUninitialized: true,
  cookie: { path: '/', _expires: null, originalMaxAge: null, httpOnly: true },
  sessionID: 'vKyPrUsTL-r5RmJIKaPYMT6_',
  horodate: 2020-06-27T08:46:49.157Z,
  ip: '36.103.245.23',
  geoloc: {
    range: [ 610729984, 610795519 ],
    country: 'CN',
    region: 'NX',
    eu: '0',
    timezone: 'Asia/Shanghai',
    city: '',
    ll: [ 38.4681, 106.2731 ],
    metro: 0,
    area: 50
  },
  pathname: '/',
  nbViews: [ '/': 1, cv: 1, giftedADHD: 1, index: 1 ]
}
[2020-06-27T11:00:19.765] [TRACE] trace - {
  genid: [Function: genid],
  secret: 'qwerty',
  resave: false,
  saveUninitialized: true,
  cookie: { path: '/', _expires: null, originalMaxAge: null, httpOnly: true },
  sessionID: 'P-aAYcgSLQMEciGdGxf6iRiE',
  horodate: 2020-06-27T09:00:19.765Z,
  ip: '45.201.152.237',
  geoloc: {
    range: [ 768081920, 768212991 ],
    country: 'ZA',
    region: 'GT',
    eu: '0',
    timezone: 'Africa/Johannesburg',
    city: 'Johannesburg',
    ll: [ -26.2309, 28.0583 ],
    metro: 0,
    area: 50
  },
  pathname: '/',
  nbViews: [ '/': 1, cv: 1, giftedADHD: 1, index: 1 ]
}
[2020-06-27T11:07:03.201] [TRACE] trace - {
  genid: [Function: genid],
  secret: 'qwerty',
  resave: false,
  saveUninitialized: true,
  cookie: { path: '/', _expires: null, originalMaxAge: null, httpOnly: true },
  sessionID: 'PHzVsNZcXy4z2k7ub3dnoDlf',
  horodate: 2020-06-27T09:07:03.201Z,
  ip: '128.14.133.58',
  geoloc: {
    range: [ 2148433920, 2148435967 ],
    country: 'US',
    region: 'CA',
    eu: '0',
    timezone: 'America/Los_Angeles',
    city: 'Arcadia',
    ll: [ 34.1397, -118.0353 ],
    metro: 803,
    area: 500
  },
  pathname: '/',
  nbViews: [ '/': 1, cv: 1, giftedADHD: 1, index: 1 ]
}
[2020-06-27T12:28:24.047] [TRACE] trace - {
  genid: [Function: genid],
  secret: 'qwerty',
  resave: false,
  saveUninitialized: true,
  cookie: { path: '/', _expires: null, originalMaxAge: null, httpOnly: true },
  sessionID: 'dv_2jNe7F7JrDCJCHw99nJ_3',
  horodate: 2020-06-27T10:28:24.047Z,
  ip: '45.201.130.34',
  geoloc: {
    range: [ 768081920, 768212991 ],
    country: 'ZA',
    region: 'GT',
    eu: '0',
    timezone: 'Africa/Johannesburg',
    city: 'Johannesburg',
    ll: [ -26.2309, 28.0583 ],
    metro: 0,
    area: 50
  },
  pathname: '/',
  nbViews: [ '/': 1, cv: 1, giftedADHD: 1, index: 1 ]
}
[2020-06-27T13:17:22.508] [TRACE] trace - {
  genid: [Function: genid],
  secret: 'qwerty',
  resave: false,
  saveUninitialized: true,
  cookie: { path: '/', _expires: null, originalMaxAge: null, httpOnly: true },
  sessionID: 'C6NYnQo9zM9GxBdzs3BjhAky',
  horodate: 2020-06-27T11:17:22.508Z,
  ip: '2.182.29.157',
  geoloc: {
    range: [ 45481984, 45613055 ],
    country: 'IR',
    region: '',
    eu: '0',
    timezone: 'Asia/Tehran',
    city: '',
    ll: [ 35.6961, 51.4231 ],
    metro: 0,
    area: 50
  },
  pathname: '/',
  nbViews: [ '/': 1, cv: 1, giftedADHD: 1, index: 1 ]
}
[2020-06-27T13:32:47.689] [TRACE] trace - {
  genid: [Function: genid],
  secret: 'qwerty',
  resave: false,
  saveUninitialized: true,
  cookie: { path: '/', _expires: null, originalMaxAge: null, httpOnly: true },
  sessionID: '6r1RhizuSoKLsI8HYDWOaX8s',
  horodate: 2020-06-27T11:32:47.689Z,
  ip: '194.180.224.130',
  geoloc: null,
  pathname: '/',
  nbViews: [ '/': 1, cv: 1, giftedADHD: 1, index: 1 ]
}
[2020-06-27T13:35:19.200] [TRACE] trace - {
  genid: [Function: genid],
  secret: 'qwerty',
  resave: false,
  saveUninitialized: true,
  cookie: { path: '/', _expires: null, originalMaxAge: null, httpOnly: true },
  sessionID: 'H-ZsWKUMLELz0qeqg1fTi8Jx',
  horodate: 2020-06-27T11:35:19.200Z,
  ip: '54.185.222.191',
  geoloc: {
    range: [ 918028288, 918552575 ],
    country: 'US',
    region: 'OR',
    eu: '0',
    timezone: 'America/Los_Angeles',
    city: 'Boardman',
    ll: [ 45.8491, -119.7143 ],
    metro: 810,
    area: 1000
  },
  pathname: '/',
  nbViews: [ '/': 1, cv: 1, giftedADHD: 1, index: 1 ]
}
[2020-06-27T14:08:59.746] [TRACE] trace - {
  genid: [Function: genid],
  secret: 'qwerty',
  resave: false,
  saveUninitialized: true,
  cookie: { path: '/', _expires: null, originalMaxAge: null, httpOnly: true },
  sessionID: 'eZrSY5pMrXA5J9RIe4m1i6AL',
  horodate: 2020-06-27T12:08:59.746Z,
  ip: '86.247.253.198',
  geoloc: {
    range: [ 1459091456, 1459093503 ],
    country: 'FR',
    region: 'IDF',
    eu: '1',
    timezone: 'Europe/Paris',
    city: 'Paris',
    ll: [ 48.8543, 2.3527 ],
    metro: 0,
    area: 1
  },
  pathname: '/',
  nbViews: [ '/': 1, cv: 1, giftedADHD: 1, index: 1 ]
}
[2020-06-27T14:09:07.176] [TRACE] trace - cv:1
[2020-06-27T14:09:13.547] [TRACE] trace - giftedADHD:1
[2020-06-27T14:12:24.527] [TRACE] trace - giftedADHD:2
[2020-06-27T14:12:37.972] [TRACE] trace - giftedADHD:3
[2020-06-27T14:13:57.850] [TRACE] trace - giftedADHD:4
[2020-06-27T14:14:13.944] [TRACE] trace - giftedADHD:5
[2020-06-27T14:18:44.177] [TRACE] trace - giftedADHD:6
[2020-06-27T14:19:23.449] [TRACE] trace - giftedADHD:7
[2020-06-27T14:19:31.129] [TRACE] trace - cv:2
[2020-06-27T14:19:34.360] [TRACE] trace - giftedADHD:8
[2020-06-27T14:20:13.559] [TRACE] trace - giftedADHD:9
[2020-06-27T14:20:32.917] [TRACE] trace - giftedADHD:10
[2020-06-27T14:21:00.553] [TRACE] trace - cv:3
