Fri Jul 30 2021 08:39:33 GMT+0200 (GMT+02:00)[2020-07-30T08:39:36.997] [TRACE] file - 4h0IgXdhhNz49DqDT823AXgU
[2020-07-30T08:39:36.998] [TRACE] file - Session {
  cookie: {
    path: '/',
    _expires: 2020-10-28T06:39:36.992Z,
    originalMaxAge: 7775999999,
    httpOnly: true
  },
  __lastAccess: 1596091176993,
  views: { '/cv': 10, '/giftedADHD': 10, '/': 10 },
  horodate: 2020-07-30T08:39:36.458Z,
  ip: '83.202.34.239',
  geoloc: {
    range: [ 1405755904, 1405756415 ],
    country: 'FR',
    region: 'IDF',
    eu: '1',
    timezone: 'Europe/Paris',
    city: 'Paris',
    ll: [ 48.8543, 2.3527 ],
    metro: 0,
    area: 10
  }
}
[2020-07-30T08:39:57.893] [TRACE] file - Session {
  cookie: {
    path: '/',
    _expires: 2020-10-28T06:39:57.892Z,
    originalMaxAge: 7775999999,
    httpOnly: true
  },
  __lastAccess: 1596091197893,
  views: { '/cv': 11, '/giftedADHD': 10, '/': 10 },
  horodate: 2020-07-30T08:39:57.754Z,
  ip: '83.202.34.239',
  geoloc: {
    range: [ 1405755904, 1405756415 ],
    country: 'FR',
    region: 'IDF',
    eu: '1',
    timezone: 'Europe/Paris',
    city: 'Paris',
    ll: [ 48.8543, 2.3527 ],
    metro: 0,
    area: 10
  }
}
[2020-07-30T08:40:03.675] [TRACE] file - Session {
  cookie: {
    path: '/',
    _expires: 2020-10-28T06:40:03.673Z,
    originalMaxAge: 7775999999,
    httpOnly: true
  },
  __lastAccess: 1596091203674,
  views: { '/cv': 11, '/giftedADHD': 11, '/': 10 },
  horodate: 2020-07-30T08:40:03.606Z,
  ip: '83.202.34.239',
  geoloc: {
    range: [ 1405755904, 1405756415 ],
    country: 'FR',
    region: 'IDF',
    eu: '1',
    timezone: 'Europe/Paris',
    city: 'Paris',
    ll: [ 48.8543, 2.3527 ],
    metro: 0,
    area: 10
  }
}
[2020-07-30T08:40:06.403] [TRACE] file - 4h0IgXdhhNz49DqDT823AXgU
[2020-07-30T08:40:06.403] [TRACE] file - Session {
  cookie: {
    path: '/',
    _expires: 2020-10-28T06:40:06.402Z,
    originalMaxAge: 7775999999,
    httpOnly: true
  },
  __lastAccess: 1596091206403,
  views: { '/cv': 11, '/giftedADHD': 11, '/': 11 },
  horodate: 2020-07-30T08:40:06.315Z,
  ip: '83.202.34.239',
  geoloc: {
    range: [ 1405755904, 1405756415 ],
    country: 'FR',
    region: 'IDF',
    eu: '1',
    timezone: 'Europe/Paris',
    city: 'Paris',
    ll: [ 48.8543, 2.3527 ],
    metro: 0,
    area: 10
  }
}
[2020-07-30T08:40:24.915] [TRACE] file - Session {
  cookie: {
    path: '/',
    _expires: 2020-10-28T06:40:24.914Z,
    originalMaxAge: 7775999999,
    httpOnly: true
  },
  __lastAccess: 1596091224915,
  views: { '/cv': 12, '/giftedADHD': 11, '/': 11 },
  horodate: 2020-07-30T08:40:24.821Z,
  ip: '83.202.34.239',
  geoloc: {
    range: [ 1405755904, 1405756415 ],
    country: 'FR',
    region: 'IDF',
    eu: '1',
    timezone: 'Europe/Paris',
    city: 'Paris',
    ll: [ 48.8543, 2.3527 ],
    metro: 0,
    area: 10
  }
}
[2020-07-30T08:40:29.137] [TRACE] file - Session {
  cookie: {
    path: '/',
    _expires: 2020-10-28T06:40:29.136Z,
    originalMaxAge: 7775999999,
    httpOnly: true
  },
  __lastAccess: 1596091229137,
  views: { '/cv': 12, '/giftedADHD': 12, '/': 11 },
  horodate: 2020-07-30T08:40:29.094Z,
  ip: '83.202.34.239',
  geoloc: {
    range: [ 1405755904, 1405756415 ],
    country: 'FR',
    region: 'IDF',
    eu: '1',
    timezone: 'Europe/Paris',
    city: 'Paris',
    ll: [ 48.8543, 2.3527 ],
    metro: 0,
    area: 10
  }
}
[2020-07-30T08:40:30.545] [TRACE] file - 4h0IgXdhhNz49DqDT823AXgU
[2020-07-30T08:40:30.545] [TRACE] file - Session {
  cookie: {
    path: '/',
    _expires: 2020-10-28T06:40:30.544Z,
    originalMaxAge: 7775999999,
    httpOnly: true
  },
  __lastAccess: 1596091230545,
  views: { '/cv': 12, '/giftedADHD': 12, '/': 12 },
  horodate: 2020-07-30T08:40:30.486Z,
  ip: '83.202.34.239',
  geoloc: {
    range: [ 1405755904, 1405756415 ],
    country: 'FR',
    region: 'IDF',
    eu: '1',
    timezone: 'Europe/Paris',
    city: 'Paris',
    ll: [ 48.8543, 2.3527 ],
    metro: 0,
    area: 10
  }
}
[2020-07-30T08:41:17.519] [TRACE] file - MFat7Su3knZbxWQ0BPcN_aRo
[2020-07-30T08:41:17.520] [TRACE] file - Session {
  cookie: {
    path: '/',
    _expires: 2020-10-28T06:41:17.519Z,
    originalMaxAge: 7776000000,
    httpOnly: true,
    SameSite: 'Lax'
  },
  views: { '/': 1 },
  horodate: 2020-07-30T08:41:17.450Z,
  ip: '83.202.34.239',
  geoloc: {
    range: [ 1405755904, 1405756415 ],
    country: 'FR',
    region: 'IDF',
    eu: '1',
    timezone: 'Europe/Paris',
    city: 'Paris',
    ll: [ 48.8543, 2.3527 ],
    metro: 0,
    area: 10
  },
  __lastAccess: 1596091277519
}
[2020-07-30T08:41:21.235] [TRACE] file - MFat7Su3knZbxWQ0BPcN_aRo
[2020-07-30T08:41:21.236] [TRACE] file - Session {
  cookie: {
    path: '/',
    _expires: 2020-10-28T06:41:21.235Z,
    originalMaxAge: 7776000000,
    httpOnly: true
  },
  views: { '/': 2 },
  horodate: 2020-07-30T08:41:21.173Z,
  ip: '83.202.34.239',
  geoloc: {
    range: [ 1405755904, 1405756415 ],
    country: 'FR',
    region: 'IDF',
    eu: '1',
    timezone: 'Europe/Paris',
    city: 'Paris',
    ll: [ 48.8543, 2.3527 ],
    metro: 0,
    area: 10
  },
  __lastAccess: 1596091281235
}
[2020-07-30T08:42:18.363] [TRACE] file - Session {
  cookie: {
    path: '/',
    _expires: 2020-10-28T06:42:18.363Z,
    originalMaxAge: 7776000000,
    httpOnly: true
  },
  views: { '/': 2, '/cv': 1 },
  horodate: 2020-07-30T08:42:18.302Z,
  ip: '83.202.34.239',
  geoloc: {
    range: [ 1405755904, 1405756415 ],
    country: 'FR',
    region: 'IDF',
    eu: '1',
    timezone: 'Europe/Paris',
    city: 'Paris',
    ll: [ 48.8543, 2.3527 ],
    metro: 0,
    area: 10
  },
  __lastAccess: 1596091338363
}
[2020-07-30T08:42:28.809] [TRACE] file - 4h0IgXdhhNz49DqDT823AXgU
[2020-07-30T08:42:28.809] [TRACE] file - Session {
  cookie: {
    path: '/',
    _expires: 2020-10-28T06:42:28.808Z,
    originalMaxAge: 7775999999,
    httpOnly: true
  },
  __lastAccess: 1596091348809,
  views: { '/cv': 12, '/giftedADHD': 12, '/': 13 },
  horodate: 2020-07-30T08:42:28.742Z,
  ip: '83.202.34.239',
  geoloc: {
    range: [ 1405755904, 1405756415 ],
    country: 'FR',
    region: 'IDF',
    eu: '1',
    timezone: 'Europe/Paris',
    city: 'Paris',
    ll: [ 48.8543, 2.3527 ],
    metro: 0,
    area: 10
  }
}
[2020-07-30T08:43:19.120] [TRACE] file - 4h0IgXdhhNz49DqDT823AXgU
[2020-07-30T08:43:19.120] [TRACE] file - Session {
  cookie: {
    path: '/',
    _expires: 2020-10-28T06:43:19.117Z,
    originalMaxAge: 7775999999,
    httpOnly: true
  },
  __lastAccess: 1596091399118,
  views: { '/cv': 12, '/giftedADHD': 12, '/': 14 },
  horodate: 2020-07-30T08:43:19.048Z,
  ip: '83.202.34.239',
  geoloc: {
    range: [ 1405755904, 1405756415 ],
    country: 'FR',
    region: 'IDF',
    eu: '1',
    timezone: 'Europe/Paris',
    city: 'Paris',
    ll: [ 48.8543, 2.3527 ],
    metro: 0,
    area: 10
  }
}
[2020-07-30T08:43:41.879] [TRACE] file - 4h0IgXdhhNz49DqDT823AXgU
[2020-07-30T08:43:41.879] [TRACE] file - Session {
  cookie: {
    path: '/',
    _expires: 2020-10-28T06:43:41.877Z,
    originalMaxAge: 7775999999,
    httpOnly: true
  },
  __lastAccess: 1596091421878,
  views: { '/cv': 12, '/giftedADHD': 12, '/': 15 },
  horodate: 2020-07-30T08:43:41.822Z,
  ip: '83.202.34.239',
  geoloc: {
    range: [ 1405755904, 1405756415 ],
    country: 'FR',
    region: 'IDF',
    eu: '1',
    timezone: 'Europe/Paris',
    city: 'Paris',
    ll: [ 48.8543, 2.3527 ],
    metro: 0,
    area: 10
  }
}
[2020-07-30T08:44:01.010] [TRACE] file - 4h0IgXdhhNz49DqDT823AXgU
[2020-07-30T08:44:01.010] [TRACE] file - Session {
  cookie: {
    path: '/',
    _expires: 2020-10-28T06:44:01.009Z,
    originalMaxAge: 7775999999,
    httpOnly: true
  },
  __lastAccess: 1596091441010,
  views: { '/cv': 12, '/giftedADHD': 12, '/': 16 },
  horodate: 2020-07-30T08:44:00.950Z,
  ip: '83.202.34.239',
  geoloc: {
    range: [ 1405755904, 1405756415 ],
    country: 'FR',
    region: 'IDF',
    eu: '1',
    timezone: 'Europe/Paris',
    city: 'Paris',
    ll: [ 48.8543, 2.3527 ],
    metro: 0,
    area: 10
  }
}
[2020-07-30T08:44:14.822] [TRACE] file - 4h0IgXdhhNz49DqDT823AXgU
[2020-07-30T08:44:14.822] [TRACE] file - Session {
  cookie: {
    path: '/',
    _expires: 2020-10-28T06:44:14.821Z,
    originalMaxAge: 7775999999,
    httpOnly: true
  },
  __lastAccess: 1596091454822,
  views: { '/cv': 12, '/giftedADHD': 12, '/': 17 },
  horodate: 2020-07-30T08:44:14.763Z,
  ip: '83.202.34.239',
  geoloc: {
    range: [ 1405755904, 1405756415 ],
    country: 'FR',
    region: 'IDF',
    eu: '1',
    timezone: 'Europe/Paris',
    city: 'Paris',
    ll: [ 48.8543, 2.3527 ],
    metro: 0,
    area: 10
  }
}
[2020-07-30T08:44:48.620] [TRACE] file - 4h0IgXdhhNz49DqDT823AXgU
[2020-07-30T08:44:48.620] [TRACE] file - Session {
  cookie: {
    path: '/',
    _expires: 2020-10-28T06:44:48.618Z,
    originalMaxAge: 7775999999,
    httpOnly: true
  },
  __lastAccess: 1596091488619,
  views: { '/cv': 12, '/giftedADHD': 12, '/': 18 },
  horodate: 2020-07-30T08:44:48.553Z,
  ip: '83.202.34.239',
  geoloc: {
    range: [ 1405755904, 1405756415 ],
    country: 'FR',
    region: 'IDF',
    eu: '1',
    timezone: 'Europe/Paris',
    city: 'Paris',
    ll: [ 48.8543, 2.3527 ],
    metro: 0,
    area: 10
  }
}
[2020-07-30T08:45:19.457] [TRACE] file - Session {
  cookie: {
    path: '/',
    _expires: 2020-10-28T06:45:19.456Z,
    originalMaxAge: 7775999999,
    httpOnly: true
  },
  __lastAccess: 1596091519457,
  views: { '/cv': 12, '/giftedADHD': 13, '/': 18 },
  horodate: 2020-07-30T08:45:19.412Z,
  ip: '83.202.34.239',
  geoloc: {
    range: [ 1405755904, 1405756415 ],
    country: 'FR',
    region: 'IDF',
    eu: '1',
    timezone: 'Europe/Paris',
    city: 'Paris',
    ll: [ 48.8543, 2.3527 ],
    metro: 0,
    area: 10
  }
}
[2020-07-30T08:45:20.359] [TRACE] file - Session {
  cookie: {
    path: '/',
    _expires: 2020-10-28T06:45:20.358Z,
    originalMaxAge: 7775999999,
    httpOnly: true
  },
  __lastAccess: 1596091520359,
  views: { '/cv': 13, '/giftedADHD': 13, '/': 18 },
  horodate: 2020-07-30T08:45:20.309Z,
  ip: '83.202.34.239',
  geoloc: {
    range: [ 1405755904, 1405756415 ],
    country: 'FR',
    region: 'IDF',
    eu: '1',
    timezone: 'Europe/Paris',
    city: 'Paris',
    ll: [ 48.8543, 2.3527 ],
    metro: 0,
    area: 10
  }
}
[2020-07-30T08:46:02.902] [TRACE] file - Session {
  cookie: {
    path: '/',
    _expires: 2020-10-28T06:46:02.901Z,
    originalMaxAge: 7775999999,
    httpOnly: true
  },
  __lastAccess: 1596091562902,
  views: { '/cv': 14, '/giftedADHD': 13, '/': 18 },
  horodate: 2020-07-30T08:46:02.848Z,
  ip: '83.202.34.239',
  geoloc: {
    range: [ 1405755904, 1405756415 ],
    country: 'FR',
    region: 'IDF',
    eu: '1',
    timezone: 'Europe/Paris',
    city: 'Paris',
    ll: [ 48.8543, 2.3527 ],
    metro: 0,
    area: 10
  }
}
[2020-07-30T08:46:14.754] [TRACE] file - BIANKSCV9j4BzhqsWXcCCxW1
[2020-07-30T08:46:14.754] [TRACE] file - Session {
  cookie: {
    path: '/',
    _expires: 2020-10-28T06:46:14.754Z,
    originalMaxAge: 7776000000,
    httpOnly: true,
    SameSite: 'Lax'
  },
  views: { '/': 1 },
  horodate: 2020-07-30T08:46:14.691Z,
  ip: '83.202.34.239',
  geoloc: {
    range: [ 1405755904, 1405756415 ],
    country: 'FR',
    region: 'IDF',
    eu: '1',
    timezone: 'Europe/Paris',
    city: 'Paris',
    ll: [ 48.8543, 2.3527 ],
    metro: 0,
    area: 10
  },
  __lastAccess: 1596091574754
}
[2020-07-30T08:47:01.057] [TRACE] file - Session {
  cookie: {
    path: '/',
    _expires: 2020-10-28T06:47:01.057Z,
    originalMaxAge: 7776000000,
    httpOnly: true
  },
  views: { '/': 1, '/cv': 1 },
  horodate: 2020-07-30T08:47:00.993Z,
  ip: '83.202.34.239',
  geoloc: {
    range: [ 1405755904, 1405756415 ],
    country: 'FR',
    region: 'IDF',
    eu: '1',
    timezone: 'Europe/Paris',
    city: 'Paris',
    ll: [ 48.8543, 2.3527 ],
    metro: 0,
    area: 10
  },
  __lastAccess: 1596091621057
}
[2020-07-30T08:47:05.897] [TRACE] file - 4h0IgXdhhNz49DqDT823AXgU
[2020-07-30T08:47:05.897] [TRACE] file - Session {
  cookie: {
    path: '/',
    _expires: 2020-10-28T06:47:05.896Z,
    originalMaxAge: 7775999999,
    httpOnly: true
  },
  __lastAccess: 1596091625897,
  views: { '/cv': 14, '/giftedADHD': 13, '/': 19 },
  horodate: 2020-07-30T08:47:05.841Z,
  ip: '83.202.34.239',
  geoloc: {
    range: [ 1405755904, 1405756415 ],
    country: 'FR',
    region: 'IDF',
    eu: '1',
    timezone: 'Europe/Paris',
    city: 'Paris',
    ll: [ 48.8543, 2.3527 ],
    metro: 0,
    area: 10
  }
}
[2020-07-30T08:49:00.272] [TRACE] file - BIANKSCV9j4BzhqsWXcCCxW1
[2020-07-30T08:49:00.273] [TRACE] file - Session {
  cookie: {
    path: '/',
    _expires: 2020-10-28T06:49:00.272Z,
    originalMaxAge: 7776000000,
    httpOnly: true
  },
  views: { '/': 2, '/cv': 1 },
  horodate: 2020-07-30T08:49:00.204Z,
  ip: '83.202.34.239',
  geoloc: {
    range: [ 1405755904, 1405756415 ],
    country: 'FR',
    region: 'IDF',
    eu: '1',
    timezone: 'Europe/Paris',
    city: 'Paris',
    ll: [ 48.8543, 2.3527 ],
    metro: 0,
    area: 10
  },
  __lastAccess: 1596091740272
}
