[2020-06-26T09:36:50.061] [TRACE] trace - {
  genid: [Function: genid],
  secret: 'qwerty',
  resave: false,
  saveUninitialized: true,
  cookie: {
    path: '/',
    _expires: 2020-06-26T07:37:50.060Z,
    originalMaxAge: 60000,
    httpOnly: true,
    sameSite: 'lax'
  },
  sessionID: '3M3bj4ybiRxJwFFgRJf9mHUs',
  horodate: 2020-06-26T07:36:50.060Z,
  ip: '86.247.253.198',
  geoloc: {
    range: [ 1459091456, 1459093503 ],
    country: 'FR',
    region: 'IDF',
    eu: '1',
    timezone: 'Europe/Paris',
    city: 'Paris',
    ll: [ 48.8543, 2.3527 ],
    metro: 0,
    area: 1
  },
  pathname: '/',
  nbViews: [ '/': 1 ]
}
[2020-06-26T09:39:06.813] [TRACE] trace - {
  genid: [Function: genid],
  secret: 'qwerty',
  resave: false,
  saveUninitialized: true,
  cookie: {
    path: '/',
    _expires: 2020-06-26T07:40:06.813Z,
    originalMaxAge: 60000,
    httpOnly: true,
    sameSite: 'lax'
  },
  sessionID: 'O7H694BDqao4S68Tayk1iX3X',
  horodate: 2020-06-26T07:39:06.813Z,
  ip: '86.247.253.198',
  geoloc: {
    range: [ 1459091456, 1459093503 ],
    country: 'FR',
    region: 'IDF',
    eu: '1',
    timezone: 'Europe/Paris',
    city: 'Paris',
    ll: [ 48.8543, 2.3527 ],
    metro: 0,
    area: 1
  },
  pathname: '/',
  nbViews: [ '/': 1 ]
}
[2020-06-26T09:39:19.091] [TRACE] trace - {
  genid: [Function: genid],
  secret: 'qwerty',
  resave: false,
  saveUninitialized: true,
  cookie: {
    path: '/',
    _expires: 2020-06-26T07:40:06.983Z,
    originalMaxAge: 60000,
    httpOnly: true,
    sameSite: 'lax'
  },
  sessionID: 'O7H694BDqao4S68Tayk1iX3X',
  horodate: 2020-06-26T07:39:19.091Z,
  ip: '86.247.253.198',
  geoloc: {
    range: [ 1459091456, 1459093503 ],
    country: 'FR',
    region: 'IDF',
    eu: '1',
    timezone: 'Europe/Paris',
    city: 'Paris',
    ll: [ 48.8543, 2.3527 ],
    metro: 0,
    area: 1
  },
  pathname: '/',
  nbViews: [ '/': 2 ]
}
[2020-06-26T09:41:27.004] [TRACE] trace - {
  genid: [Function: genid],
  secret: 'qwerty',
  resave: false,
  saveUninitialized: true,
  cookie: {
    path: '/',
    _expires: 2020-06-26T07:42:27.003Z,
    originalMaxAge: 60000,
    httpOnly: true,
    sameSite: 'lax'
  },
  sessionID: '4F0AmoodqJ4gRAxGmFVPfGeY',
  horodate: 2020-06-26T07:41:27.003Z,
  ip: '86.247.253.198',
  geoloc: {
    range: [ 1459091456, 1459093503 ],
    country: 'FR',
    region: 'IDF',
    eu: '1',
    timezone: 'Europe/Paris',
    city: 'Paris',
    ll: [ 48.8543, 2.3527 ],
    metro: 0,
    area: 1
  },
  pathname: '/',
  nbViews: [ '/': 1 ]
}
[2020-06-26T09:54:15.130] [TRACE] trace - {
  genid: [Function: genid],
  secret: 'qwerty',
  resave: false,
  saveUninitialized: true,
  cookie: {
    path: '/',
    _expires: 2020-06-26T07:55:15.129Z,
    originalMaxAge: 60000,
    httpOnly: true,
    sameSite: 'lax'
  },
  sessionID: 'IOfaTg7Q6ERAmsz3U52KXEZX',
  horodate: 2020-06-26T07:54:15.129Z,
  ip: '86.247.253.198',
  geoloc: {
    range: [ 1459091456, 1459093503 ],
    country: 'FR',
    region: 'IDF',
    eu: '1',
    timezone: 'Europe/Paris',
    city: 'Paris',
    ll: [ 48.8543, 2.3527 ],
    metro: 0,
    area: 1
  },
  pathname: '/',
  nbViews: [ '/': 1 ]
}
[2020-06-26T09:55:16.703] [TRACE] trace - {
  genid: [Function: genid],
  secret: 'qwerty',
  resave: false,
  saveUninitialized: true,
  cookie: {
    path: '/',
    _expires: 2020-06-26T07:56:16.703Z,
    originalMaxAge: 60000,
    httpOnly: true,
    sameSite: 'lax'
  },
  sessionID: 'xY2_l-lER2sHNV6ZGwi1YSq9',
  horodate: 2020-06-26T07:55:16.703Z,
  ip: '86.247.253.198',
  geoloc: {
    range: [ 1459091456, 1459093503 ],
    country: 'FR',
    region: 'IDF',
    eu: '1',
    timezone: 'Europe/Paris',
    city: 'Paris',
    ll: [ 48.8543, 2.3527 ],
    metro: 0,
    area: 1
  },
  pathname: '/',
  nbViews: [ '/': 1 ]
}
[2020-06-26T09:56:39.416] [TRACE] trace - {
  genid: [Function: genid],
  secret: 'qwerty',
  resave: false,
  saveUninitialized: true,
  cookie: {
    path: '/',
    _expires: 2020-06-26T07:57:39.416Z,
    originalMaxAge: 60000,
    httpOnly: true,
    sameSite: 'lax'
  },
  sessionID: 'QZA8_3jc2Gnt5ZG_PUJGaSJC',
  horodate: 2020-06-26T07:56:39.416Z,
  ip: '86.247.253.198',
  geoloc: {
    range: [ 1459091456, 1459093503 ],
    country: 'FR',
    region: 'IDF',
    eu: '1',
    timezone: 'Europe/Paris',
    city: 'Paris',
    ll: [ 48.8543, 2.3527 ],
    metro: 0,
    area: 1
  },
  pathname: '/',
  nbViews: [ '/': 1 ]
}
