[2020-06-29T22:22:51.329] [TRACE] trace - Session {
  cookie: {
    path: '/',
    _expires: 2071-12-27T05:35:09.293Z,
    originalMaxAge: 1624957937968,
    httpOnly: true
  },
  views: { '/': 39, '/cv': 6, '/adm1n': 6, '/giftedADHD': 5 },
  sessionID: 'R5fFgf2MY5GywsnD_EjXqJmF',
  horodate: 2020-06-29T22:22:50.810Z,
  ip: '86.247.253.198',
  geoloc: {
    range: [ 1459091456, 1459093503 ],
    country: 'FR',
    region: 'IDF',
    eu: '1',
    timezone: 'Europe/Paris',
    city: 'Paris',
    ll: [ 48.8543, 2.3527 ],
    metro: 0,
    area: 1
  },
  __lastAccess: 1593462171325
}
[2020-06-29T22:23:47.437] [TRACE] trace - Session {
  cookie: {
    path: '/',
    _expires: 2071-12-27T05:36:05.405Z,
    originalMaxAge: 1624957937968,
    httpOnly: true
  },
  views: { '/': 40, '/cv': 6, '/adm1n': 6, '/giftedADHD': 5 },
  sessionID: 'R5fFgf2MY5GywsnD_EjXqJmF',
  horodate: 2020-06-29T22:23:47.296Z,
  ip: '86.247.253.198',
  geoloc: {
    range: [ 1459091456, 1459093503 ],
    country: 'FR',
    region: 'IDF',
    eu: '1',
    timezone: 'Europe/Paris',
    city: 'Paris',
    ll: [ 48.8543, 2.3527 ],
    metro: 0,
    area: 1
  },
  __lastAccess: 1593462227437
}
[2020-06-29T22:23:53.550] [TRACE] trace - /cv: 7
[2020-06-29T22:23:54.438] [TRACE] trace - /adm1n: 7
[2020-06-29T22:23:55.747] [TRACE] trace - /giftedADHD: 6
[2020-06-29T22:23:57.646] [TRACE] trace - /cv: 8
[2020-06-29T22:23:58.286] [TRACE] trace - /cv: 9
[2020-06-29T22:23:58.684] [TRACE] trace - /cv: 10
[2020-06-29T22:24:00.063] [TRACE] trace - Session {
  cookie: {
    path: '/',
    _expires: 2071-12-27T05:36:18.031Z,
    originalMaxAge: 1624957937968,
    httpOnly: true
  },
  views: { '/': 41, '/cv': 10, '/adm1n': 7, '/giftedADHD': 6 },
  sessionID: 'R5fFgf2MY5GywsnD_EjXqJmF',
  horodate: 2020-06-29T22:24:00.012Z,
  ip: '86.247.253.198',
  geoloc: {
    range: [ 1459091456, 1459093503 ],
    country: 'FR',
    region: 'IDF',
    eu: '1',
    timezone: 'Europe/Paris',
    city: 'Paris',
    ll: [ 48.8543, 2.3527 ],
    metro: 0,
    area: 1
  },
  __lastAccess: 1593462240063
}
[2020-06-29T22:24:06.680] [TRACE] trace - Session {
  cookie: {
    path: '/',
    _expires: 2071-12-27T05:36:24.648Z,
    originalMaxAge: 1624957937968,
    httpOnly: true
  },
  views: { '/': 42, '/cv': 10, '/adm1n': 7, '/giftedADHD': 6 },
  sessionID: 'R5fFgf2MY5GywsnD_EjXqJmF',
  horodate: 2020-06-29T22:24:06.616Z,
  ip: '86.247.253.198',
  geoloc: {
    range: [ 1459091456, 1459093503 ],
    country: 'FR',
    region: 'IDF',
    eu: '1',
    timezone: 'Europe/Paris',
    city: 'Paris',
    ll: [ 48.8543, 2.3527 ],
    metro: 0,
    area: 1
  },
  __lastAccess: 1593462246680
}
[2020-06-29T22:25:56.531] [TRACE] trace - Session {
  cookie: {
    path: '/',
    _expires: 2071-12-27T05:46:35.797Z,
    originalMaxAge: 1624958439266,
    httpOnly: true
  },
  views: { '/': 5, '/giftedADHD': 1, '/adm1n': 2 },
  sessionID: 'wV5NYI4c-Dmt0RWr5HbH8hWJ',
  horodate: 2020-06-29T22:25:56.474Z,
  ip: '82.227.67.139',
  geoloc: {
    range: [ 1390624768, 1390625791 ],
    country: 'FR',
    region: 'IDF',
    eu: '1',
    timezone: 'Europe/Paris',
    city: 'Paris',
    ll: [ 48.8543, 2.3527 ],
    metro: 0,
    area: 5
  },
  __lastAccess: 1593462356531
}
[2020-06-29T22:35:05.064] [TRACE] trace - Session {
  cookie: {
    path: '/',
    _expires: 2071-12-27T16:57:50.574Z,
    originalMaxAge: 1624998165510,
    httpOnly: true,
    maxage: 1656534165510
  },
  views: { '/': 1 },
  sessionID: '0yeIxC7224qIvOuKoti3pvVl',
  horodate: 2020-06-29T22:35:04.996Z,
  ip: '82.227.67.139',
  geoloc: {
    range: [ 1390624768, 1390625791 ],
    country: 'FR',
    region: 'IDF',
    eu: '1',
    timezone: 'Europe/Paris',
    city: 'Paris',
    ll: [ 48.8543, 2.3527 ],
    metro: 0,
    area: 5
  },
  __lastAccess: 1593462905064
}
[2020-06-29T22:36:43.563] [TRACE] trace - Session {
  cookie: {
    path: '/',
    _expires: 2071-12-27T16:59:29.072Z,
    originalMaxAge: 1624998165510,
    httpOnly: true,
    maxage: 1656534165510
  },
  views: { '/': 1 },
  sessionID: 'ovbN-c6RiL119c9N0unSOY2u',
  horodate: 2020-06-29T22:36:43.501Z,
  ip: '176.126.175.8',
  geoloc: {
    range: [ 2961092096, 2961092607 ],
    country: 'RO',
    region: '',
    eu: '1',
    timezone: 'Europe/Bucharest',
    city: '',
    ll: [ 46, 25 ],
    metro: 0,
    area: 200
  },
  __lastAccess: 1593463003562
}
[2020-06-29T22:42:12.373] [TRACE] trace - Session {
  cookie: {
    path: '/',
    _expires: 2071-12-27T05:54:30.341Z,
    originalMaxAge: 1624957937968,
    httpOnly: true
  },
  views: { '/': 43, '/cv': 10, '/adm1n': 7, '/giftedADHD': 6 },
  sessionID: 'R5fFgf2MY5GywsnD_EjXqJmF',
  horodate: 2020-06-29T22:42:12.313Z,
  ip: '86.247.253.198',
  geoloc: {
    range: [ 1459091456, 1459093503 ],
    country: 'FR',
    region: 'IDF',
    eu: '1',
    timezone: 'Europe/Paris',
    city: 'Paris',
    ll: [ 48.8543, 2.3527 ],
    metro: 0,
    area: 1
  },
  __lastAccess: 1593463332373
}
[2020-06-29T22:59:00.397] [TRACE] trace - Session {
  cookie: {
    path: '/',
    _expires: 2071-12-27T17:21:45.907Z,
    originalMaxAge: 1624998165510,
    httpOnly: true,
    maxage: 1656534165510
  },
  views: { '/': 1 },
  sessionID: 'uAZ0nvA4u4p8mDoeX06dCfLm',
  horodate: 2020-06-29T22:59:00.327Z,
  ip: '59.127.237.61',
  geoloc: {
    range: [ 998239232, 998240255 ],
    country: 'TW',
    region: 'CYI',
    eu: '0',
    timezone: 'Asia/Taipei',
    city: 'Chiayi City',
    ll: [ 23.4792, 120.4489 ],
    metro: 0,
    area: 1
  },
  __lastAccess: 1593464340397
}
[2020-06-29T23:14:09.418] [TRACE] trace - Session {
  cookie: {
    path: '/',
    _expires: 2071-12-27T06:34:48.684Z,
    originalMaxAge: 1624958439266,
    httpOnly: true
  },
  views: { '/': 6, '/giftedADHD': 1, '/adm1n': 2 },
  sessionID: 'wV5NYI4c-Dmt0RWr5HbH8hWJ',
  horodate: 2020-06-29T23:14:09.365Z,
  ip: '86.247.253.198',
  geoloc: {
    range: [ 1459091456, 1459093503 ],
    country: 'FR',
    region: 'IDF',
    eu: '1',
    timezone: 'Europe/Paris',
    city: 'Paris',
    ll: [ 48.8543, 2.3527 ],
    metro: 0,
    area: 1
  },
  __lastAccess: 1593465249418
}
[2020-06-29T23:23:32.600] [TRACE] trace - Session {
  cookie: {
    path: '/',
    _expires: 2071-12-27T06:44:11.866Z,
    originalMaxAge: 1624958439266,
    httpOnly: true
  },
  views: { '/': 7, '/giftedADHD': 1, '/adm1n': 2 },
  sessionID: 'wV5NYI4c-Dmt0RWr5HbH8hWJ',
  horodate: 2020-06-29T23:23:32.550Z,
  ip: '86.247.253.198',
  geoloc: {
    range: [ 1459091456, 1459093503 ],
    country: 'FR',
    region: 'IDF',
    eu: '1',
    timezone: 'Europe/Paris',
    city: 'Paris',
    ll: [ 48.8543, 2.3527 ],
    metro: 0,
    area: 1
  },
  __lastAccess: 1593465812600
}
[2020-06-29T23:54:43.518] [TRACE] trace - Session {
  cookie: {
    path: '/',
    _expires: 2071-12-27T07:15:22.784Z,
    originalMaxAge: 1624958439266,
    httpOnly: true
  },
  views: { '/': 8, '/giftedADHD': 1, '/adm1n': 2 },
  sessionID: 'wV5NYI4c-Dmt0RWr5HbH8hWJ',
  horodate: 2020-06-29T23:54:43.403Z,
  ip: '92.184.104.89',
  geoloc: {
    range: [ 1555589120, 1555590143 ],
    country: 'FR',
    region: 'IDF',
    eu: '1',
    timezone: 'Europe/Paris',
    city: 'Paris',
    ll: [ 48.8543, 2.3527 ],
    metro: 0,
    area: 200
  },
  __lastAccess: 1593467683518
}
[2020-06-29T23:55:02.689] [TRACE] trace - Session {
  cookie: {
    path: '/',
    _expires: 2071-12-27T07:15:41.955Z,
    originalMaxAge: 1624958439266,
    httpOnly: true
  },
  views: { '/': 9, '/giftedADHD': 1, '/adm1n': 2 },
  sessionID: 'wV5NYI4c-Dmt0RWr5HbH8hWJ',
  horodate: 2020-06-29T23:55:02.639Z,
  ip: '92.184.104.89',
  geoloc: {
    range: [ 1555589120, 1555590143 ],
    country: 'FR',
    region: 'IDF',
    eu: '1',
    timezone: 'Europe/Paris',
    city: 'Paris',
    ll: [ 48.8543, 2.3527 ],
    metro: 0,
    area: 200
  },
  __lastAccess: 1593467702689
}
[2020-06-30T00:30:37.604] [TRACE] trace - Session {
  cookie: {
    path: '/',
    _expires: 2071-12-27T18:53:23.114Z,
    originalMaxAge: 1624998165510,
    httpOnly: true,
    maxage: 1656534165510
  },
  views: { '/': 1 },
  sessionID: 'u7k5aqYEj_JVO3nXsU0_5DKW',
  horodate: 2020-06-29T00:30:37.545Z,
  ip: '187.108.67.4',
  geoloc: {
    range: [ 3144434176, 3144434687 ],
    country: 'BR',
    region: 'MG',
    eu: '0',
    timezone: 'America/Sao_Paulo',
    city: 'Areado',
    ll: [ -21.334, -46.168 ],
    metro: 0,
    area: 1
  },
  __lastAccess: 1593469837604
}
[2020-06-30T00:33:15.373] [TRACE] trace - Session {
  cookie: {
    path: '/',
    _expires: 2071-12-27T18:56:00.883Z,
    originalMaxAge: 1624998165510,
    httpOnly: true
  },
  views: { '/': 2 },
  sessionID: '0yeIxC7224qIvOuKoti3pvVl',
  horodate: 2020-06-29T00:33:15.321Z,
  ip: '86.247.253.198',
  geoloc: {
    range: [ 1459091456, 1459093503 ],
    country: 'FR',
    region: 'IDF',
    eu: '1',
    timezone: 'Europe/Paris',
    city: 'Paris',
    ll: [ 48.8543, 2.3527 ],
    metro: 0,
    area: 1
  },
  __lastAccess: 1593469995373
}
[2020-06-30T00:36:55.567] [TRACE] trace - Session {
  cookie: {
    path: '/',
    _expires: 2071-12-27T18:59:41.077Z,
    originalMaxAge: 1624998165510,
    httpOnly: true,
    maxage: 1656534165510
  },
  views: { '/': 1 },
  sessionID: 'B-byLCpVUrYY77NNTclZpplt',
  horodate: 2020-06-29T00:36:55.513Z,
  ip: '187.207.27.85',
  geoloc: {
    range: [ 3150911488, 3150913535 ],
    country: 'MX',
    region: 'CMX',
    eu: '0',
    timezone: 'America/Mexico_City',
    city: 'Mexico City',
    ll: [ 19.3831, -99.1743 ],
    metro: 0,
    area: 5
  },
  __lastAccess: 1593470215567
}
[2020-06-30T00:40:47.091] [TRACE] trace - Session {
  cookie: {
    path: '/',
    _expires: 2071-12-27T07:53:05.059Z,
    originalMaxAge: 1624957937968,
    httpOnly: true
  },
  views: { '/': 44, '/cv': 10, '/adm1n': 7, '/giftedADHD': 6 },
  sessionID: 'R5fFgf2MY5GywsnD_EjXqJmF',
  horodate: 2020-06-29T00:40:47.035Z,
  ip: '86.247.253.198',
  geoloc: {
    range: [ 1459091456, 1459093503 ],
    country: 'FR',
    region: 'IDF',
    eu: '1',
    timezone: 'Europe/Paris',
    city: 'Paris',
    ll: [ 48.8543, 2.3527 ],
    metro: 0,
    area: 1
  },
  __lastAccess: 1593470447091
}
[2020-06-30T00:44:13.028] [TRACE] trace - Session {
  cookie: {
    path: '/',
    _expires: 2071-12-27T19:06:58.537Z,
    originalMaxAge: 1624998165510,
    httpOnly: true,
    maxage: 1656534165510
  },
  views: { '/': 1 },
  sessionID: 'w9WcwF3KFK09LSIva2jDTjs7',
  horodate: 2020-06-29T00:44:12.968Z,
  ip: '167.71.250.101',
  geoloc: {
    range: [ 2806509568, 2806513663 ],
    country: 'US',
    region: 'NJ',
    eu: '0',
    timezone: 'America/New_York',
    city: 'Clifton',
    ll: [ 40.8364, -74.1403 ],
    metro: 501,
    area: 1000
  },
  __lastAccess: 1593470653028
}
[2020-06-30T00:57:19.561] [TRACE] trace - Session {
  cookie: {
    path: '/',
    _expires: 2071-12-27T19:20:05.071Z,
    originalMaxAge: 1624998165510,
    httpOnly: true,
    maxage: 1656534165510
  },
  views: { '/': 1 },
  sessionID: 'LMrhEFym1xnNYBDs_CwDysJ3',
  horodate: 2020-06-29T00:57:19.504Z,
  ip: '167.71.250.101',
  geoloc: {
    range: [ 2806509568, 2806513663 ],
    country: 'US',
    region: 'NJ',
    eu: '0',
    timezone: 'America/New_York',
    city: 'Clifton',
    ll: [ 40.8364, -74.1403 ],
    metro: 501,
    area: 1000
  },
  __lastAccess: 1593471439561
}
[2020-06-30T01:09:33.583] [TRACE] trace - Session {
  cookie: {
    path: '/',
    _expires: 2071-12-27T19:32:19.093Z,
    originalMaxAge: 1624998165510,
    httpOnly: true,
    maxage: 1656534165510
  },
  views: { '/': 1 },
  sessionID: 'Qg8WPT3X-EdSqrhXbDfePZNc',
  horodate: 2020-06-29T01:09:33.528Z,
  ip: '167.71.250.101',
  geoloc: {
    range: [ 2806509568, 2806513663 ],
    country: 'US',
    region: 'NJ',
    eu: '0',
    timezone: 'America/New_York',
    city: 'Clifton',
    ll: [ 40.8364, -74.1403 ],
    metro: 501,
    area: 1000
  },
  __lastAccess: 1593472173583
}
[2020-06-30T01:44:04.168] [TRACE] trace - Session {
  cookie: {
    path: '/',
    _expires: 2071-12-27T20:06:49.678Z,
    originalMaxAge: 1624998165510,
    httpOnly: true,
    maxage: 1656534165510
  },
  views: { '/': 1 },
  sessionID: '04QWFUzllbzErWYYtl1B5_dJ',
  horodate: 2020-06-29T01:44:04.116Z,
  ip: '195.54.160.135',
  geoloc: null,
  __lastAccess: 1593474244168
}
[2020-06-30T01:48:15.655] [TRACE] trace - Session {
  cookie: {
    path: '/',
    _expires: 2071-12-27T20:11:01.165Z,
    originalMaxAge: 1624998165510,
    httpOnly: true,
    maxage: 1656534165510
  },
  views: { '/': 1 },
  sessionID: 'jgfVIKMFuME-O6swHAZTdfD7',
  horodate: 2020-06-29T01:48:15.605Z,
  ip: '195.54.160.135',
  geoloc: null,
  __lastAccess: 1593474495655
}
[2020-06-30T02:32:33.461] [TRACE] trace - Session {
  cookie: {
    path: '/',
    _expires: 2071-12-27T20:55:18.971Z,
    originalMaxAge: 1624998165510,
    httpOnly: true,
    maxage: 1656534165510
  },
  views: { '/': 1 },
  sessionID: 'iv5Nw9Q8U2vxAZGeAiQdI49D',
  horodate: 2020-06-30T02:32:33.397Z,
  ip: '83.97.20.29',
  geoloc: {
    range: [ 1398871040, 1398871295 ],
    country: 'RO',
    region: 'B',
    eu: '1',
    timezone: 'Europe/Bucharest',
    city: 'Bucharest',
    ll: [ 44.418, 26.1691 ],
    metro: 0,
    area: 200
  },
  __lastAccess: 1593477153461
}
[2020-06-30T03:14:26.742] [TRACE] trace - Session {
  cookie: {
    path: '/',
    _expires: 2071-12-27T21:37:12.252Z,
    originalMaxAge: 1624998165510,
    httpOnly: true,
    maxage: 1656534165510
  },
  views: { '/': 1 },
  sessionID: 'MG1qNtWyBssqVfJOWOo6PS-9',
  horodate: 2020-06-30T03:14:26.686Z,
  ip: '18.144.68.155',
  geoloc: {
    range: [ 311443456, 311459839 ],
    country: 'US',
    region: 'CA',
    eu: '0',
    timezone: 'America/Los_Angeles',
    city: 'San Jose',
    ll: [ 37.3388, -121.8914 ],
    metro: 807,
    area: 1000
  },
  __lastAccess: 1593479666742
}
[2020-06-30T04:33:41.153] [TRACE] trace - Session {
  cookie: {
    path: '/',
    _expires: 2071-12-27T22:56:26.663Z,
    originalMaxAge: 1624998165510,
    httpOnly: true,
    maxage: 1656534165510
  },
  views: { '/': 1 },
  sessionID: 'VfoOU_N473KqMFZRoj4qVSwl',
  horodate: 2020-06-30T04:33:41.104Z,
  ip: '192.35.168.144',
  geoloc: {
    range: [ 3223562240, 3223563263 ],
    country: 'US',
    region: '',
    eu: '0',
    timezone: 'America/Chicago',
    city: '',
    ll: [ 37.751, -97.822 ],
    metro: 0,
    area: 1000
  },
  __lastAccess: 1593484421153
}
[2020-06-30T05:29:36.043] [TRACE] trace - Session {
  cookie: {
    path: '/',
    _expires: 2071-12-27T23:52:21.553Z,
    originalMaxAge: 1624998165510,
    httpOnly: true,
    maxage: 1656534165510
  },
  views: { '/': 1 },
  sessionID: 'BEwt_tMiTSsi_cRhjGsMVTXl',
  horodate: 2020-06-30T05:29:35.989Z,
  ip: '54.36.148.68',
  geoloc: {
    range: [ 908366848, 908367871 ],
    country: 'FR',
    region: '',
    eu: '1',
    timezone: 'Europe/Paris',
    city: '',
    ll: [ 48.8582, 2.3387 ],
    metro: 0,
    area: 500
  },
  __lastAccess: 1593487776043
}
[2020-06-30T05:56:52.260] [TRACE] trace - Session {
  cookie: {
    path: '/',
    _expires: 2071-12-28T00:19:37.770Z,
    originalMaxAge: 1624998165510,
    httpOnly: true,
    maxage: 1656534165510
  },
  views: { '/': 1 },
  sessionID: '8xoMqu3jkuo07jvlN-96fIuk',
  horodate: 2020-06-30T05:56:52.210Z,
  ip: '31.13.103.120',
  geoloc: {
    range: [ 520970240, 520978431 ],
    country: 'IE',
    region: '',
    eu: '1',
    timezone: 'Europe/Dublin',
    city: '',
    ll: [ 53.3472, -6.2439 ],
    metro: 0,
    area: 200
  },
  __lastAccess: 1593489412260
}
[2020-06-30T05:56:52.467] [TRACE] trace - Session {
  cookie: {
    path: '/',
    _expires: 2071-12-28T00:19:37.977Z,
    originalMaxAge: 1624998165510,
    httpOnly: true,
    maxage: 1656534165510
  },
  views: { '/': 1 },
  sessionID: '8wJ5KRlQTG2nREyswYAday1s',
  horodate: 2020-06-30T05:56:52.416Z,
  ip: '31.13.103.113',
  geoloc: {
    range: [ 520970240, 520978431 ],
    country: 'IE',
    region: '',
    eu: '1',
    timezone: 'Europe/Dublin',
    city: '',
    ll: [ 53.3472, -6.2439 ],
    metro: 0,
    area: 200
  },
  __lastAccess: 1593489412467
}
[2020-06-30T06:45:18.314] [TRACE] trace - Session {
  cookie: {
    path: '/',
    _expires: 2071-12-27T13:57:36.282Z,
    originalMaxAge: 1624957937968,
    httpOnly: true
  },
  views: { '/': 45, '/cv': 10, '/adm1n': 7, '/giftedADHD': 6 },
  sessionID: 'R5fFgf2MY5GywsnD_EjXqJmF',
  horodate: 2020-06-30T06:45:18.258Z,
  ip: '86.247.253.198',
  geoloc: {
    range: [ 1459091456, 1459093503 ],
    country: 'FR',
    region: 'IDF',
    eu: '1',
    timezone: 'Europe/Paris',
    city: 'Paris',
    ll: [ 48.8543, 2.3527 ],
    metro: 0,
    area: 1
  },
  __lastAccess: 1593492318314
}
[2020-06-30T08:48:18.907] [TRACE] trace - Session {
  cookie: {
    path: '/',
    _expires: 2071-12-28T03:11:04.417Z,
    originalMaxAge: 1624998165510,
    httpOnly: true,
    maxage: 1656534165510
  },
  views: { '/': 1 },
  sessionID: 'VviDejOXo-ay6rFJ3XCIYNmh',
  horodate: 2020-06-30T08:48:18.861Z,
  ip: '86.70.184.56',
  geoloc: {
    range: [ 1447475200, 1447475711 ],
    country: 'FR',
    region: 'IDF',
    eu: '1',
    timezone: 'Europe/Paris',
    city: 'Champs-sur-Marne',
    ll: [ 48.85, 2.6 ],
    metro: 0,
    area: 20
  },
  __lastAccess: 1593499698907
}
[2020-06-30T08:48:18.957] [TRACE] trace - Session {
  cookie: {
    path: '/',
    _expires: 2071-12-28T03:11:04.467Z,
    originalMaxAge: 1624998165510,
    httpOnly: true,
    maxage: 1656534165510
  },
  views: { '/': 1 },
  sessionID: 'ZeLQeaAe4aYZhufQ2tV5do_j',
  horodate: 2020-06-30T08:48:18.914Z,
  ip: '86.247.253.198',
  geoloc: {
    range: [ 1459091456, 1459093503 ],
    country: 'FR',
    region: 'IDF',
    eu: '1',
    timezone: 'Europe/Paris',
    city: 'Paris',
    ll: [ 48.8543, 2.3527 ],
    metro: 0,
    area: 1
  },
  __lastAccess: 1593499698957
}
[2020-06-30T08:48:19.006] [TRACE] trace - Session {
  cookie: {
    path: '/',
    _expires: 2071-12-28T03:11:04.516Z,
    originalMaxAge: 1624998165510,
    httpOnly: true,
    maxage: 1656534165510
  },
  views: { '/': 1 },
  sessionID: 'aQTYhUPfZmXFNBVFxGBr9tGL',
  horodate: 2020-06-30T08:48:18.965Z,
  ip: '86.247.253.198',
  geoloc: {
    range: [ 1459091456, 1459093503 ],
    country: 'FR',
    region: 'IDF',
    eu: '1',
    timezone: 'Europe/Paris',
    city: 'Paris',
    ll: [ 48.8543, 2.3527 ],
    metro: 0,
    area: 1
  },
  __lastAccess: 1593499699006
}
[2020-06-30T08:48:19.067] [TRACE] trace - Session {
  cookie: {
    path: '/',
    _expires: 2071-12-28T03:11:04.577Z,
    originalMaxAge: 1624998165510,
    httpOnly: true,
    maxage: 1656534165510
  },
  views: { '/': 1 },
  sessionID: 'MO3YJKKlYr1REWZl4nre5man',
  horodate: 2020-06-30T08:48:19.014Z,
  ip: '86.247.253.198',
  geoloc: {
    range: [ 1459091456, 1459093503 ],
    country: 'FR',
    region: 'IDF',
    eu: '1',
    timezone: 'Europe/Paris',
    city: 'Paris',
    ll: [ 48.8543, 2.3527 ],
    metro: 0,
    area: 1
  },
  __lastAccess: 1593499699067
}
[2020-06-30T08:48:19.127] [TRACE] trace - Session {
  cookie: {
    path: '/',
    _expires: 2071-12-27T16:00:37.095Z,
    originalMaxAge: 1624957937968,
    httpOnly: true
  },
  views: { '/': 46, '/cv': 10, '/adm1n': 7, '/giftedADHD': 6 },
  sessionID: 'R5fFgf2MY5GywsnD_EjXqJmF',
  horodate: 2020-06-30T08:48:19.080Z,
  ip: undefined,
  geoloc: null,
  __lastAccess: 1593499699127
}
[2020-06-30T08:48:19.178] [TRACE] trace - Session {
  cookie: {
    path: '/',
    _expires: 2071-12-27T16:00:37.145Z,
    originalMaxAge: 1624957937968,
    httpOnly: true
  },
  views: { '/': 46, '/cv': 10, '/adm1n': 7, '/giftedADHD': 6 },
  sessionID: 'R5fFgf2MY5GywsnD_EjXqJmF',
  horodate: 2020-06-30T08:48:19.133Z,
  ip: undefined,
  geoloc: null,
  __lastAccess: 1593499699178
}
[2020-06-30T08:48:19.225] [TRACE] trace - Session {
  cookie: {
    path: '/',
    _expires: 2071-12-27T16:00:37.193Z,
    originalMaxAge: 1624957937968,
    httpOnly: true
  },
  views: { '/': 46, '/cv': 10, '/adm1n': 7, '/giftedADHD': 6 },
  sessionID: 'R5fFgf2MY5GywsnD_EjXqJmF',
  horodate: 2020-06-30T08:48:19.183Z,
  ip: '86.247.253.198',
  geoloc: {
    range: [ 1459091456, 1459093503 ],
    country: 'FR',
    region: 'IDF',
    eu: '1',
    timezone: 'Europe/Paris',
    city: 'Paris',
    ll: [ 48.8543, 2.3527 ],
    metro: 0,
    area: 1
  },
  __lastAccess: 1593499699225
}
[2020-06-30T08:50:29.297] [TRACE] trace - Session {
  cookie: {
    path: '/',
    _expires: 2071-12-27T23:45:43.898Z,
    originalMaxAge: 1624985714601,
    httpOnly: true
  },
  views: { '/': 2, '/adm1n': 1 },
  sessionID: '51fUadjJAqpuKh3n2ayjtzB0',
  horodate: 2020-06-30T08:50:29.247Z,
  ip: '37.167.146.31',
  geoloc: {
    range: [ 631504896, 631767039 ],
    country: 'FR',
    region: '',
    eu: '1',
    timezone: 'Europe/Paris',
    city: '',
    ll: [ 48.8582, 2.3387 ],
    metro: 0,
    area: 500
  },
  __lastAccess: 1593499829297
}
[2020-06-30T08:50:57.724] [TRACE] trace - /adm1n: 2
[2020-06-30T08:53:09.488] [TRACE] trace - /adm1n: 3
[2020-06-30T08:53:11.614] [TRACE] trace - /cv: 1
[2020-06-30T10:42:12.584] [TRACE] trace - Session {
  cookie: {
    path: '/',
    _expires: 2071-12-27T17:54:30.552Z,
    originalMaxAge: 1624957937968,
    httpOnly: true
  },
  views: { '/': 47, '/cv': 10, '/adm1n': 7, '/giftedADHD': 6 },
  sessionID: 'R5fFgf2MY5GywsnD_EjXqJmF',
  horodate: 2020-06-30T10:42:12.521Z,
  ip: '86.247.253.198',
  geoloc: {
    range: [ 1459091456, 1459093503 ],
    country: 'FR',
    region: 'IDF',
    eu: '1',
    timezone: 'Europe/Paris',
    city: 'Paris',
    ll: [ 48.8543, 2.3527 ],
    metro: 0,
    area: 1
  },
  __lastAccess: 1593506532584
}
[2020-06-30T10:42:29.995] [TRACE] trace - Session {
  cookie: {
    path: '/',
    _expires: 2071-12-27T18:03:09.261Z,
    originalMaxAge: 1624958439266,
    httpOnly: true
  },
  views: { '/': 10, '/giftedADHD': 1, '/adm1n': 2 },
  sessionID: 'wV5NYI4c-Dmt0RWr5HbH8hWJ',
  horodate: 2020-06-30T10:42:29.937Z,
  ip: '86.247.253.198',
  geoloc: {
    range: [ 1459091456, 1459093503 ],
    country: 'FR',
    region: 'IDF',
    eu: '1',
    timezone: 'Europe/Paris',
    city: 'Paris',
    ll: [ 48.8543, 2.3527 ],
    metro: 0,
    area: 1
  },
  __lastAccess: 1593506549995
}
[2020-06-30T10:42:48.000] [TRACE] trace - Session {
  cookie: {
    path: '/',
    _expires: 2071-12-28T05:05:33.509Z,
    originalMaxAge: 1624998165510,
    httpOnly: true
  },
  views: { '/': 3 },
  sessionID: '0yeIxC7224qIvOuKoti3pvVl',
  horodate: 2020-06-30T10:42:47.943Z,
  ip: '86.247.253.198',
  geoloc: {
    range: [ 1459091456, 1459093503 ],
    country: 'FR',
    region: 'IDF',
    eu: '1',
    timezone: 'Europe/Paris',
    city: 'Paris',
    ll: [ 48.8543, 2.3527 ],
    metro: 0,
    area: 1
  },
  __lastAccess: 1593506568000
}
[2020-06-30T10:42:58.448] [TRACE] trace - Session {
  cookie: {
    path: '/',
    _expires: 2071-12-28T05:05:43.958Z,
    originalMaxAge: 1624998165510,
    httpOnly: true
  },
  views: { '/': 4 },
  sessionID: '0yeIxC7224qIvOuKoti3pvVl',
  horodate: 2020-06-30T10:42:58.385Z,
  ip: '86.247.253.198',
  geoloc: {
    range: [ 1459091456, 1459093503 ],
    country: 'FR',
    region: 'IDF',
    eu: '1',
    timezone: 'Europe/Paris',
    city: 'Paris',
    ll: [ 48.8543, 2.3527 ],
    metro: 0,
    area: 1
  },
  __lastAccess: 1593506578448
}
[2020-06-30T10:43:01.748] [TRACE] trace - /cv: 1
[2020-06-30T10:43:04.004] [TRACE] trace - /adm1n: 1
[2020-06-30T10:43:05.981] [TRACE] trace - Session {
  cookie: {
    path: '/',
    _expires: 2071-12-28T05:05:51.491Z,
    originalMaxAge: 1624998165510,
    httpOnly: true
  },
  views: { '/': 5, '/cv': 1, '/adm1n': 1 },
  sessionID: '0yeIxC7224qIvOuKoti3pvVl',
  horodate: 2020-06-30T10:43:05.921Z,
  ip: '86.247.253.198',
  geoloc: {
    range: [ 1459091456, 1459093503 ],
    country: 'FR',
    region: 'IDF',
    eu: '1',
    timezone: 'Europe/Paris',
    city: 'Paris',
    ll: [ 48.8543, 2.3527 ],
    metro: 0,
    area: 1
  },
  __lastAccess: 1593506585981
}
[2020-06-30T11:07:15.554] [TRACE] trace - Session {
  cookie: {
    path: '/',
    _expires: 2071-12-28T05:30:01.063Z,
    originalMaxAge: 1624998165510,
    httpOnly: true,
    maxage: 1656534165510
  },
  views: { '/': 1 },
  sessionID: '7brw8RXW-JMhaztvrfqhm1P7',
  horodate: 2020-06-30T11:07:15.500Z,
  ip: '5.32.132.108',
  geoloc: {
    range: [ 86016000, 86018047 ],
    country: 'BG',
    region: '01',
    eu: '1',
    timezone: 'Europe/Sofia',
    city: 'Bansko',
    ll: [ 41.8394, 23.5 ],
    metro: 0,
    area: 100
  },
  __lastAccess: 1593508035553
}
[2020-06-30T11:17:28.813] [TRACE] trace - Session {
  cookie: {
    path: '/',
    _expires: 2071-12-28T05:40:14.323Z,
    originalMaxAge: 1624998165510,
    httpOnly: true,
    maxage: 1656534165510
  },
  views: { '/': 1 },
  sessionID: 'rDgd_d6pmKsV_KOywPlRatO3',
  horodate: 2020-06-30T11:17:28.760Z,
  ip: '194.180.224.130',
  geoloc: null,
  __lastAccess: 1593508648813
}
[2020-06-30T11:21:10.070] [TRACE] trace - Session {
  cookie: {
    path: '/',
    _expires: 2071-12-28T05:43:55.580Z,
    originalMaxAge: 1624998165510,
    httpOnly: true,
    maxage: 1656534165510
  },
  views: { '/': 1 },
  sessionID: 'g75TdhVpswHNGl98495vQrzL',
  horodate: 2020-06-30T11:21:10.020Z,
  ip: '185.39.11.105',
  geoloc: {
    range: [ 3106342912, 3106343935 ],
    country: 'CH',
    region: '',
    eu: '0',
    timezone: 'Europe/Zurich',
    city: '',
    ll: [ 47.1449, 8.1551 ],
    metro: 0,
    area: 100
  },
  __lastAccess: 1593508870070
}
[2020-06-30T11:50:48.964] [TRACE] trace - Session {
  cookie: {
    path: '/',
    _expires: 2071-12-28T06:13:34.473Z,
    originalMaxAge: 1624998165510,
    httpOnly: true,
    maxage: 1656534165510
  },
  views: { '/': 1 },
  sessionID: '5HPSwaaVoOf4PccwHZIMHNGh',
  horodate: 2020-06-30T11:50:48.915Z,
  ip: '209.141.42.45',
  geoloc: {
    range: [ 3515688960, 3515691007 ],
    country: 'US',
    region: 'NV',
    eu: '0',
    timezone: 'America/Los_Angeles',
    city: 'Las Vegas',
    ll: [ 36.1685, -115.1164 ],
    metro: 839,
    area: 1000
  },
  __lastAccess: 1593510648963
}
[2020-06-30T12:06:27.092] [TRACE] trace - Session {
  cookie: {
    path: '/',
    _expires: 2071-12-28T06:29:12.601Z,
    originalMaxAge: 1624998165510,
    httpOnly: true,
    maxage: 1656534165510
  },
  views: { '/': 1 },
  sessionID: 'RweREHTrjUDEie54MZ1UKzTm',
  horodate: 2020-06-30T12:06:27.045Z,
  ip: '213.180.203.177',
  geoloc: {
    range: [ 3585394688, 3585395711 ],
    country: 'RU',
    region: '',
    eu: '0',
    timezone: 'Europe/Moscow',
    city: '',
    ll: [ 55.7386, 37.6068 ],
    metro: 0,
    area: 1000
  },
  __lastAccess: 1593511587091
}
[2020-06-30T12:06:27.309] [TRACE] trace - Session {
  cookie: {
    path: '/',
    _expires: 2071-12-28T06:29:12.818Z,
    originalMaxAge: 1624998165510,
    httpOnly: true,
    maxage: 1656534165510
  },
  views: { '/': 1 },
  sessionID: 'ezTe7wFx_0m5PSrWJV5XDBCI',
  horodate: 2020-06-30T12:06:27.262Z,
  ip: '213.180.203.25',
  geoloc: {
    range: [ 3585394688, 3585395711 ],
    country: 'RU',
    region: '',
    eu: '0',
    timezone: 'Europe/Moscow',
    city: '',
    ll: [ 55.7386, 37.6068 ],
    metro: 0,
    area: 1000
  },
  __lastAccess: 1593511587308
}
[2020-06-30T12:32:51.349] [TRACE] trace - Session {
  cookie: {
    path: '/',
    _expires: 2071-12-28T06:55:36.858Z,
    originalMaxAge: 1624998165510,
    httpOnly: true,
    maxage: 1656534165510
  },
  views: { '/': 1 },
  sessionID: 'BArCYfr1o4Oyp6X_A27mHnE2',
  horodate: 2020-06-30T12:32:51.289Z,
  ip: '89.250.4.164',
  geoloc: {
    range: [ 1509556224, 1509558271 ],
    country: 'RU',
    region: 'MOW',
    eu: '0',
    timezone: 'Europe/Moscow',
    city: 'Moscow',
    ll: [ 55.7527, 37.6172 ],
    metro: 0,
    area: 1
  },
  __lastAccess: 1593513171349
}
[2020-06-30T12:39:10.150] [TRACE] trace - Session {
  cookie: {
    path: '/',
    _expires: 2071-12-28T07:01:55.659Z,
    originalMaxAge: 1624998165510,
    httpOnly: true,
    maxage: 1656534165510
  },
  views: { '/': 1 },
  sessionID: 'v83vkn6V_i0UVh7CFESysBdd',
  horodate: 2020-06-30T12:39:10.095Z,
  ip: '69.171.251.118',
  geoloc: {
    range: [ 1168891904, 1168900095 ],
    country: 'US',
    region: '',
    eu: '0',
    timezone: 'America/Chicago',
    city: '',
    ll: [ 37.751, -97.822 ],
    metro: 0,
    area: 1000
  },
  __lastAccess: 1593513550149
}
[2020-06-30T12:39:17.647] [TRACE] trace - Session {
  cookie: {
    path: '/',
    _expires: 2071-12-28T07:02:03.157Z,
    originalMaxAge: 1624998165510,
    httpOnly: true,
    maxage: 1656534165510
  },
  views: { '/': 1 },
  sessionID: 'fx4MX7-0za25VdaQI-ITg9F4',
  horodate: 2020-06-30T12:39:17.599Z,
  ip: '173.252.87.3',
  geoloc: {
    range: [ 2918989824, 2919006207 ],
    country: 'US',
    region: '',
    eu: '0',
    timezone: 'America/Chicago',
    city: '',
    ll: [ 37.751, -97.822 ],
    metro: 0,
    area: 1000
  },
  __lastAccess: 1593513557647
}
[2020-06-30T12:39:24.320] [TRACE] trace - Session {
  cookie: {
    path: '/',
    _expires: 2071-12-28T07:02:09.829Z,
    originalMaxAge: 1624998165510,
    httpOnly: true,
    maxage: 1656534165510
  },
  views: { '/': 1 },
  sessionID: 'KWW1KKCVTw60xAkQ1tenmO14',
  horodate: 2020-06-30T12:39:24.260Z,
  ip: '78.13.34.86',
  geoloc: {
    range: [ 1309483520, 1309484031 ],
    country: 'IT',
    region: '62',
    eu: '1',
    timezone: 'Europe/Rome',
    city: 'Rome',
    ll: [ 41.8904, 12.5124 ],
    metro: 0,
    area: 20
  },
  __lastAccess: 1593513564319
}
[2020-06-30T13:01:09.149] [TRACE] trace - Session {
  cookie: {
    path: '/',
    _expires: 2071-12-27T20:21:48.414Z,
    originalMaxAge: 1624958439266,
    httpOnly: true
  },
  views: { '/': 11, '/giftedADHD': 1, '/adm1n': 2 },
  sessionID: 'wV5NYI4c-Dmt0RWr5HbH8hWJ',
  horodate: 2020-06-30T13:01:09.100Z,
  ip: '86.247.253.198',
  geoloc: {
    range: [ 1459091456, 1459093503 ],
    country: 'FR',
    region: 'IDF',
    eu: '1',
    timezone: 'Europe/Paris',
    city: 'Paris',
    ll: [ 48.8543, 2.3527 ],
    metro: 0,
    area: 1
  },
  __lastAccess: 1593514869148
}
[2020-06-30T13:02:08.014] [TRACE] trace - /giftedADHD: 2
[2020-06-30T13:02:13.274] [TRACE] trace - /adm1n: 3
[2020-06-30T13:02:16.151] [TRACE] trace - Session {
  cookie: {
    path: '/',
    _expires: 2071-12-27T20:22:55.417Z,
    originalMaxAge: 1624958439266,
    httpOnly: true
  },
  views: { '/': 12, '/giftedADHD': 2, '/adm1n': 3 },
  sessionID: 'wV5NYI4c-Dmt0RWr5HbH8hWJ',
  horodate: 2020-06-30T13:02:16.088Z,
  ip: '86.247.253.198',
  geoloc: {
    range: [ 1459091456, 1459093503 ],
    country: 'FR',
    region: 'IDF',
    eu: '1',
    timezone: 'Europe/Paris',
    city: 'Paris',
    ll: [ 48.8543, 2.3527 ],
    metro: 0,
    area: 1
  },
  __lastAccess: 1593514936151
}
[2020-06-30T13:02:17.240] [TRACE] trace - /cv: 1
[2020-06-30T13:23:51.050] [TRACE] trace - Session {
  cookie: {
    path: '/',
    _expires: 2071-12-28T07:46:36.560Z,
    originalMaxAge: 1624998165510,
    httpOnly: true,
    maxage: 1656534165510
  },
  views: { '/': 1 },
  sessionID: 'S12AnCFm0eKUtiluyHYZZUeN',
  horodate: 2020-06-30T13:23:50.925Z,
  ip: '95.47.51.39',
  geoloc: {
    range: [ 1596928000, 1596929023 ],
    country: 'RU',
    region: '',
    eu: '0',
    timezone: 'Europe/Moscow',
    city: '',
    ll: [ 55.7386, 37.6068 ],
    metro: 0,
    area: 100
  },
  __lastAccess: 1593516231050
}
[2020-06-30T13:35:16.864] [TRACE] trace - Session {
  cookie: {
    path: '/',
    _expires: 2071-12-28T07:58:02.374Z,
    originalMaxAge: 1624998165510,
    httpOnly: true,
    maxage: 1656534165510
  },
  views: { '/': 1 },
  sessionID: 'f1cwYi8F7IrXV-yCrmIU5EG2',
  horodate: 2020-06-30T13:35:16.804Z,
  ip: '196.52.43.113',
  geoloc: {
    range: [ 3291753216, 3291753471 ],
    country: 'US',
    region: 'NJ',
    eu: '0',
    timezone: 'America/New_York',
    city: 'Edison',
    ll: [ 40.4981, -74.3194 ],
    metro: 501,
    area: 500
  },
  __lastAccess: 1593516916864
}
[2020-06-30T13:48:32.832] [TRACE] trace - Session {
  cookie: {
    path: '/',
    _expires: 2071-12-27T21:00:50.799Z,
    originalMaxAge: 1624957937968,
    httpOnly: true
  },
  views: { '/': 48, '/cv': 10, '/adm1n': 7, '/giftedADHD': 6 },
  sessionID: 'R5fFgf2MY5GywsnD_EjXqJmF',
  horodate: 2020-06-30T13:48:32.772Z,
  ip: '86.247.253.198',
  geoloc: {
    range: [ 1459091456, 1459093503 ],
    country: 'FR',
    region: 'IDF',
    eu: '1',
    timezone: 'Europe/Paris',
    city: 'Paris',
    ll: [ 48.8543, 2.3527 ],
    metro: 0,
    area: 1
  },
  __lastAccess: 1593517712831
}
[2020-06-30T14:26:17.109] [TRACE] trace - Session {
  cookie: {
    path: '/',
    _expires: 2071-12-28T08:49:02.618Z,
    originalMaxAge: 1624998165510,
    httpOnly: true,
    maxage: 1656534165510
  },
  views: { '/': 1 },
  sessionID: 'fZkv9lynQIi_tjcIYWDja9GY',
  horodate: 2020-06-30T14:26:17.042Z,
  ip: '39.112.199.227',
  geoloc: {
    range: [ 661700608, 661702655 ],
    country: 'KR',
    region: '27',
    eu: '0',
    timezone: 'Asia/Seoul',
    city: 'Daegu',
    ll: [ 35.8723, 128.5924 ],
    metro: 0,
    area: 10
  },
  __lastAccess: 1593519977108
}
[2020-06-30T14:58:46.441] [TRACE] trace - Session {
  cookie: {
    path: '/',
    _expires: 2071-12-28T09:21:31.951Z,
    originalMaxAge: 1624998165510,
    httpOnly: true,
    maxage: 1656534165510
  },
  views: { '/': 1 },
  sessionID: 'FC7soOm6W1zNphP7MvTUTV14',
  horodate: 2020-06-30T14:58:46.375Z,
  ip: '193.118.53.138',
  geoloc: {
    range: [ 3245748224, 3245752319 ],
    country: 'DE',
    region: '',
    eu: '1',
    timezone: 'Europe/Berlin',
    city: '',
    ll: [ 51.2993, 9.491 ],
    metro: 0,
    area: 200
  },
  __lastAccess: 1593521926441
}
[2020-06-30T15:41:13.356] [TRACE] trace - Session {
  cookie: {
    path: '/',
    _expires: 2071-12-28T10:03:58.866Z,
    originalMaxAge: 1624998165510,
    httpOnly: true,
    maxage: 1656534165510
  },
  views: { '/': 1 },
  sessionID: 'iatEiHHTgEqgzCIqSx2YcXOV',
  horodate: 2020-06-30T15:41:13.305Z,
  ip: '178.73.215.171',
  geoloc: {
    range: [ 2991182848, 2991183871 ],
    country: 'SE',
    region: '',
    eu: '1',
    timezone: 'Europe/Stockholm',
    city: '',
    ll: [ 59.3247, 18.056 ],
    metro: 0,
    area: 500
  },
  __lastAccess: 1593524473356
}
[2020-06-30T15:47:24.882] [TRACE] trace - Session {
  cookie: {
    path: '/',
    _expires: 2071-12-28T10:10:10.392Z,
    originalMaxAge: 1624998165510,
    httpOnly: true,
    maxage: 1656534165510
  },
  views: { '/': 1 },
  sessionID: '8Rk5Q0ugye50R1FxlFhxxHZH',
  horodate: 2020-06-30T15:47:24.832Z,
  ip: '45.92.126.74',
  geoloc: {
    range: [ 761035776, 761036799 ],
    country: 'US',
    region: '',
    eu: '0',
    timezone: 'America/Chicago',
    city: '',
    ll: [ 37.751, -97.822 ],
    metro: 0,
    area: 200
  },
  __lastAccess: 1593524844882
}
[2020-06-30T16:11:48.846] [TRACE] trace - Session {
  cookie: {
    path: '/',
    _expires: 2071-12-28T10:34:34.356Z,
    originalMaxAge: 1624998165510,
    httpOnly: true,
    maxage: 1656534165510
  },
  views: { '/': 1 },
  sessionID: 'smA6Oi3tnPJnn1M3jfmcoRvl',
  horodate: 2020-06-30T16:11:48.793Z,
  ip: '90.55.119.15',
  geoloc: {
    range: [ 1513584384, 1513584639 ],
    country: 'FR',
    region: 'OCC',
    eu: '1',
    timezone: 'Europe/Paris',
    city: 'Montauban',
    ll: [ 44.0182, 1.3643 ],
    metro: 0,
    area: 20
  },
  __lastAccess: 1593526308846
}
[2020-06-30T16:12:32.130] [TRACE] trace - /cv: 1
[2020-06-30T16:13:03.083] [TRACE] trace - /adm1n: 1
[2020-06-30T16:35:16.018] [TRACE] trace - Session {
  cookie: {
    path: '/',
    _expires: 2071-12-28T10:58:01.528Z,
    originalMaxAge: 1624998165510,
    httpOnly: true,
    maxage: 1656534165510
  },
  views: { '/': 1 },
  sessionID: 'f-W38isDepzxZwXL5Q5dW1_r',
  horodate: 2020-06-30T16:35:15.958Z,
  ip: '41.60.236.150',
  geoloc: {
    range: [ 691858432, 691859455 ],
    country: 'KE',
    region: '',
    eu: '0',
    timezone: 'Africa/Nairobi',
    city: '',
    ll: [ 1, 38 ],
    metro: 0,
    area: 50
  },
  __lastAccess: 1593527716018
}
[2020-06-30T16:47:48.345] [TRACE] trace - Session {
  cookie: {
    path: '/',
    _expires: 2071-12-28T11:10:33.855Z,
    originalMaxAge: 1624998165510,
    httpOnly: true,
    maxage: 1656534165510
  },
  views: { '/': 1 },
  sessionID: 'H7NKoTyLrhHytRzv_v4nk34m',
  horodate: 2020-06-30T16:47:48.293Z,
  ip: '81.12.77.199',
  geoloc: {
    range: [ 1359740928, 1359773695 ],
    country: 'IR',
    region: '',
    eu: '0',
    timezone: 'Asia/Tehran',
    city: '',
    ll: [ 35.6961, 51.4231 ],
    metro: 0,
    area: 50
  },
  __lastAccess: 1593528468345
}
[2020-06-30T16:59:15.256] [TRACE] trace - Session {
  cookie: {
    path: '/',
    _expires: 2071-12-28T11:22:00.766Z,
    originalMaxAge: 1624998165510,
    httpOnly: true,
    maxage: 1656534165510
  },
  views: { '/': 1 },
  sessionID: 'dZ9v1VY8DCix2tg-0rC-cd__',
  horodate: 2020-06-30T16:59:15.204Z,
  ip: '41.57.104.224',
  geoloc: {
    range: [ 691628032, 691628543 ],
    country: 'KE',
    region: '30',
    eu: '0',
    timezone: 'Africa/Nairobi',
    city: 'Nairobi',
    ll: [ -1.2841, 36.8155 ],
    metro: 0,
    area: 1000
  },
  __lastAccess: 1593529155256
}
[2020-06-30T17:11:56.970] [TRACE] trace - Session {
  cookie: {
    path: '/',
    _expires: 2071-12-28T11:34:42.480Z,
    originalMaxAge: 1624998165510,
    httpOnly: true,
    maxage: 1656534165510
  },
  views: { '/': 1 },
  sessionID: 'O9xxLbwbS_6vaoNVBbZ4l8C4',
  horodate: 2020-06-30T17:11:56.909Z,
  ip: '218.161.61.63',
  geoloc: {
    range: [ 3667998720, 3668000767 ],
    country: 'TW',
    region: 'TXG',
    eu: '0',
    timezone: 'Asia/Taipei',
    city: 'Taichung',
    ll: [ 24.1469, 120.6839 ],
    metro: 0,
    area: 5
  },
  __lastAccess: 1593529916970
}
[2020-06-30T17:18:48.089] [TRACE] trace - Session {
  cookie: {
    path: '/',
    _expires: 2071-12-28T11:41:33.599Z,
    originalMaxAge: 1624998165510,
    httpOnly: true,
    maxage: 1656534165510
  },
  views: { '/': 1 },
  sessionID: 'vTPdl7rOpWmrdgKVf3WItDf2',
  horodate: 2020-06-30T17:18:48.023Z,
  ip: '94.70.108.23',
  geoloc: {
    range: [ 1581673472, 1581673983 ],
    country: 'GR',
    region: 'A',
    eu: '1',
    timezone: 'Europe/Athens',
    city: 'Kavala',
    ll: [ 40.9397, 24.4019 ],
    metro: 0,
    area: 200
  },
  __lastAccess: 1593530328089
}
[2020-06-30T17:38:16.697] [TRACE] trace - Session {
  cookie: {
    path: '/',
    _expires: 2071-12-28T12:01:02.206Z,
    originalMaxAge: 1624998165510,
    httpOnly: true,
    maxage: 1656534165510
  },
  views: { '/': 1 },
  sessionID: 'nIrThA7IGM__aOfWzH-sHAfn',
  horodate: 2020-06-30T17:38:16.645Z,
  ip: '209.141.59.184',
  geoloc: {
    range: [ 3515691008, 3515695103 ],
    country: 'US',
    region: 'NV',
    eu: '0',
    timezone: 'America/Los_Angeles',
    city: 'Las Vegas',
    ll: [ 36.1685, -115.1164 ],
    metro: 839,
    area: 1000
  },
  __lastAccess: 1593531496696
}
[2020-06-30T17:55:17.577] [TRACE] trace - Session {
  cookie: {
    path: '/',
    _expires: 2071-12-28T12:18:03.086Z,
    originalMaxAge: 1624998165510,
    httpOnly: true,
    maxage: 1656534165510
  },
  views: { '/': 1 },
  sessionID: '43l2KXIQMIxvD3rAEylE3w23',
  horodate: 2020-06-30T17:55:17.511Z,
  ip: '46.101.171.183',
  geoloc: {
    range: [ 778403840, 778436607 ],
    country: 'DE',
    region: 'HE',
    eu: '1',
    timezone: 'Europe/Berlin',
    city: 'Frankfurt am Main',
    ll: [ 50.1188, 8.6843 ],
    metro: 0,
    area: 100
  },
  __lastAccess: 1593532517576
}
[2020-06-30T18:09:29.241] [TRACE] trace - Session {
  cookie: {
    path: '/',
    _expires: 2071-12-28T12:32:14.751Z,
    originalMaxAge: 1624998165510,
    httpOnly: true,
    maxage: 1656534165510
  },
  views: { '/': 1 },
  sessionID: '9eRRHEp3Crimv82T6pfSxV_o',
  horodate: 2020-06-30T18:09:29.189Z,
  ip: '205.185.124.12',
  geoloc: {
    range: [ 3451485184, 3451486207 ],
    country: 'US',
    region: 'CA',
    eu: '0',
    timezone: 'America/Los_Angeles',
    city: 'San Jose',
    ll: [ 37.3387, -121.8914 ],
    metro: 807,
    area: 1000
  },
  __lastAccess: 1593533369241
}
[2020-06-30T18:37:41.559] [TRACE] trace - Session {
  cookie: {
    path: '/',
    _expires: 2071-12-28T13:00:27.069Z,
    originalMaxAge: 1624998165510,
    httpOnly: true,
    maxage: 1656534165510
  },
  views: { '/': 1 },
  sessionID: 'dQa1pZHsutbjbr4EXQiZCRX6',
  horodate: 2020-06-30T18:37:41.499Z,
  ip: '177.189.107.17',
  geoloc: {
    range: [ 2981980672, 2981981183 ],
    country: 'BR',
    region: 'SP',
    eu: '0',
    timezone: 'America/Sao_Paulo',
    city: 'São Paulo',
    ll: [ -23.63, -46.6322 ],
    metro: 0,
    area: 20
  },
  __lastAccess: 1593535061559
}
[2020-06-30T19:04:09.399] [TRACE] trace - Session {
  cookie: {
    path: '/',
    _expires: 2071-12-28T09:59:24.000Z,
    originalMaxAge: 1624985714601,
    httpOnly: true
  },
  views: { '/': 3, '/adm1n': 3, '/cv': 1 },
  sessionID: '51fUadjJAqpuKh3n2ayjtzB0',
  horodate: 2020-06-30T19:04:09.348Z,
  ip: '91.175.159.123',
  geoloc: {
    range: [ 1537998848, 1538260991 ],
    country: 'FR',
    region: '',
    eu: '1',
    timezone: 'Europe/Paris',
    city: '',
    ll: [ 48.8582, 2.3387 ],
    metro: 0,
    area: 500
  },
  __lastAccess: 1593536649399
}
[2020-06-30T19:04:52.340] [TRACE] trace - Session {
  cookie: {
    path: '/',
    _expires: 2071-12-28T10:00:06.940Z,
    originalMaxAge: 1624985714601,
    httpOnly: true
  },
  views: { '/': 4, '/adm1n': 3, '/cv': 1 },
  sessionID: '51fUadjJAqpuKh3n2ayjtzB0',
  horodate: 2020-06-30T19:04:52.278Z,
  ip: '91.175.159.123',
  geoloc: {
    range: [ 1537998848, 1538260991 ],
    country: 'FR',
    region: '',
    eu: '1',
    timezone: 'Europe/Paris',
    city: '',
    ll: [ 48.8582, 2.3387 ],
    metro: 0,
    area: 500
  },
  __lastAccess: 1593536692339
}
[2020-06-30T19:05:48.808] [TRACE] trace - Session {
  cookie: {
    path: '/',
    _expires: 2071-12-28T10:01:03.409Z,
    originalMaxAge: 1624985714601,
    httpOnly: true
  },
  views: { '/': 5, '/adm1n': 3, '/cv': 1 },
  sessionID: '51fUadjJAqpuKh3n2ayjtzB0',
  horodate: 2020-06-30T19:05:48.760Z,
  ip: '91.175.159.123',
  geoloc: {
    range: [ 1537998848, 1538260991 ],
    country: 'FR',
    region: '',
    eu: '1',
    timezone: 'Europe/Paris',
    city: '',
    ll: [ 48.8582, 2.3387 ],
    metro: 0,
    area: 500
  },
  __lastAccess: 1593536748808
}
[2020-06-30T19:05:53.030] [TRACE] trace - /adm1n: 4
[2020-06-30T19:06:33.472] [TRACE] trace - /giftedADHD: 1
[2020-06-30T19:06:59.298] [TRACE] trace - /adm1n: 5
[2020-06-30T19:12:25.431] [TRACE] trace - Session {
  cookie: {
    path: '/',
    _expires: 2071-12-28T13:35:10.941Z,
    originalMaxAge: 1624998165510,
    httpOnly: true,
    maxage: 1656534165510
  },
  views: { '/': 1 },
  sessionID: '3qeoryqQiJGxZd9P85vYf6SD',
  horodate: 2020-06-30T19:12:25.378Z,
  ip: '31.13.127.5',
  geoloc: {
    range: [ 520970240, 520978431 ],
    country: 'IE',
    region: '',
    eu: '1',
    timezone: 'Europe/Dublin',
    city: '',
    ll: [ 53.3472, -6.2439 ],
    metro: 0,
    area: 200
  },
  __lastAccess: 1593537145431
}
[2020-06-30T19:12:47.560] [TRACE] trace - Session {
  cookie: {
    path: '/',
    _expires: 2071-12-28T13:35:33.070Z,
    originalMaxAge: 1624998165510,
    httpOnly: true,
    maxage: 1656534165510
  },
  views: { '/': 1 },
  sessionID: 'P6jQGwX3QDOry628-RC7RF1T',
  horodate: 2020-06-30T19:12:47.511Z,
  ip: '213.32.122.81',
  geoloc: {
    range: [ 3575675456, 3575675519 ],
    country: 'FR',
    region: '',
    eu: '1',
    timezone: 'Europe/Paris',
    city: '',
    ll: [ 48.8582, 2.3387 ],
    metro: 0,
    area: 500
  },
  __lastAccess: 1593537167560
}
[2020-06-30T19:13:51.125] [TRACE] trace - Session {
  cookie: {
    path: '/',
    _expires: 2071-12-28T13:36:36.634Z,
    originalMaxAge: 1624998165510,
    httpOnly: true,
    maxage: 1656534165510
  },
  views: { '/': 1 },
  sessionID: 'Q5hU3QtPSbpvVS1HaO93lj1a',
  horodate: 2020-06-30T19:13:51.075Z,
  ip: '190.4.38.138',
  geoloc: {
    range: [ 3187942912, 3187943167 ],
    country: 'GT',
    region: '',
    eu: '0',
    timezone: 'America/Guatemala',
    city: '',
    ll: [ 15.5, -90.25 ],
    metro: 0,
    area: 50
  },
  __lastAccess: 1593537231124
}
[2020-06-30T19:25:52.567] [TRACE] trace - Session {
  cookie: {
    path: '/',
    _expires: 2071-12-28T13:48:38.077Z,
    originalMaxAge: 1624998165510,
    httpOnly: true,
    maxage: 1656534165510
  },
  views: { '/': 1 },
  sessionID: 'qDjwbO0SThSwmhQpyr9Ibb9n',
  horodate: 2020-06-30T19:25:52.514Z,
  ip: '86.247.253.198',
  geoloc: {
    range: [ 1459091456, 1459093503 ],
    country: 'FR',
    region: 'IDF',
    eu: '1',
    timezone: 'Europe/Paris',
    city: 'Paris',
    ll: [ 48.8543, 2.3527 ],
    metro: 0,
    area: 1
  },
  __lastAccess: 1593537952567
}
[2020-06-30T19:26:01.223] [TRACE] trace - /adm1n: 1
[2020-06-30T19:27:29.898] [TRACE] trace - Session {
  cookie: {
    path: '/',
    _expires: 2071-12-28T13:50:15.408Z,
    originalMaxAge: 1624998165510,
    httpOnly: true,
    maxage: 1656534165510
  },
  views: { '/': 1 },
  sessionID: 'e94c26_wk5oaXMJpF4b3IM7o',
  horodate: 2020-06-30T19:27:29.842Z,
  ip: '80.215.109.196',
  geoloc: {
    range: [ 1356294144, 1356296191 ],
    country: 'FR',
    region: 'IDF',
    eu: '1',
    timezone: 'Europe/Paris',
    city: 'Paris',
    ll: [ 48.8543, 2.3527 ],
    metro: 0,
    area: 200
  },
  __lastAccess: 1593538049898
}
[2020-06-30T19:28:20.506] [TRACE] trace - Session {
  cookie: {
    path: '/',
    _expires: 2071-12-28T13:51:06.016Z,
    originalMaxAge: 1624998165510,
    httpOnly: true
  },
  views: { '/': 2 },
  sessionID: 'e94c26_wk5oaXMJpF4b3IM7o',
  horodate: 2020-06-30T19:28:20.457Z,
  ip: '82.227.67.139',
  geoloc: {
    range: [ 1390624768, 1390625791 ],
    country: 'FR',
    region: 'IDF',
    eu: '1',
    timezone: 'Europe/Paris',
    city: 'Paris',
    ll: [ 48.8543, 2.3527 ],
    metro: 0,
    area: 5
  },
  __lastAccess: 1593538100506
}
[2020-06-30T19:28:52.551] [TRACE] trace - /adm1n: 1
[2020-06-30T19:29:34.368] [TRACE] trace - Session {
  cookie: {
    path: '/',
    _expires: 2071-12-28T13:52:19.878Z,
    originalMaxAge: 1624998165510,
    httpOnly: true
  },
  views: { '/': 2, '/adm1n': 1 },
  sessionID: 'qDjwbO0SThSwmhQpyr9Ibb9n',
  horodate: 2020-06-30T19:29:34.318Z,
  ip: '86.247.253.198',
  geoloc: {
    range: [ 1459091456, 1459093503 ],
    country: 'FR',
    region: 'IDF',
    eu: '1',
    timezone: 'Europe/Paris',
    city: 'Paris',
    ll: [ 48.8543, 2.3527 ],
    metro: 0,
    area: 1
  },
  __lastAccess: 1593538174368
}
[2020-06-30T19:30:41.651] [TRACE] trace - Session {
  cookie: {
    path: '/',
    _expires: 2071-12-28T13:53:27.161Z,
    originalMaxAge: 1624998165510,
    httpOnly: true,
    maxage: 1656534165510
  },
  views: { '/': 1 },
  sessionID: 'rbuFGHHhogSjCyKStaIpZtnS',
  horodate: 2020-06-30T19:30:41.583Z,
  ip: '54.36.149.52',
  geoloc: {
    range: [ 908366848, 908367871 ],
    country: 'FR',
    region: '',
    eu: '1',
    timezone: 'Europe/Paris',
    city: '',
    ll: [ 48.8582, 2.3387 ],
    metro: 0,
    area: 500
  },
  __lastAccess: 1593538241651
}
[2020-06-30T19:31:02.177] [TRACE] trace - /giftedADHD: 1
[2020-06-30T19:36:26.285] [TRACE] trace - /adm1n: 2
[2020-06-30T19:36:36.190] [TRACE] trace - Session {
  cookie: {
    path: '/',
    _expires: 2071-12-28T13:59:21.700Z,
    originalMaxAge: 1624998165510,
    httpOnly: true
  },
  views: { '/': 3, '/adm1n': 2, '/giftedADHD': 1 },
  sessionID: 'qDjwbO0SThSwmhQpyr9Ibb9n',
  horodate: 2020-06-30T19:36:36.127Z,
  ip: '86.247.253.198',
  geoloc: {
    range: [ 1459091456, 1459093503 ],
    country: 'FR',
    region: 'IDF',
    eu: '1',
    timezone: 'Europe/Paris',
    city: 'Paris',
    ll: [ 48.8543, 2.3527 ],
    metro: 0,
    area: 1
  },
  __lastAccess: 1593538596190
}
[2020-06-30T19:57:52.701] [TRACE] trace - Session {
  cookie: {
    path: '/',
    _expires: 2071-12-28T14:20:38.210Z,
    originalMaxAge: 1624998165510,
    httpOnly: true,
    maxage: 1656534165510
  },
  views: { '/': 1 },
  sessionID: 'ATf15T6lVJczR07IDqVuA0WT',
  horodate: 2020-06-30T19:57:52.646Z,
  ip: '1.34.93.178',
  geoloc: {
    range: [ 19027968, 19030015 ],
    country: 'TW',
    region: 'TPE',
    eu: '0',
    timezone: 'Asia/Taipei',
    city: 'Taipei',
    ll: [ 25.0478, 121.5318 ],
    metro: 0,
    area: 1
  },
  __lastAccess: 1593539872700
}
[2020-06-30T20:45:35.703] [TRACE] trace - Session {
  cookie: {
    path: '/',
    _expires: 2071-12-28T15:08:21.213Z,
    originalMaxAge: 1624998165510,
    httpOnly: true,
    maxage: 1656534165510
  },
  views: { '/': 1 },
  sessionID: 'EC4PER9_ELndhVdJLWM6_p4p',
  horodate: 2020-06-30T20:45:35.652Z,
  ip: '114.32.46.80',
  geoloc: {
    range: [ 1914710016, 1914712063 ],
    country: 'TW',
    region: 'KEE',
    eu: '0',
    timezone: 'Asia/Taipei',
    city: 'Keelung',
    ll: [ 25.1283, 121.7419 ],
    metro: 0,
    area: 1
  },
  __lastAccess: 1593542735703
}
[2020-06-30T20:59:39.759] [TRACE] trace - Session {
  cookie: {
    path: '/',
    _expires: 2071-12-28T04:20:19.024Z,
    originalMaxAge: 1624958439266,
    httpOnly: true
  },
  views: { '/': 13, '/giftedADHD': 2, '/adm1n': 3, '/cv': 1 },
  sessionID: 'wV5NYI4c-Dmt0RWr5HbH8hWJ',
  horodate: 2020-06-30T20:59:39.692Z,
  ip: '86.247.253.198',
  geoloc: {
    range: [ 1459091456, 1459093503 ],
    country: 'FR',
    region: 'IDF',
    eu: '1',
    timezone: 'Europe/Paris',
    city: 'Paris',
    ll: [ 48.8543, 2.3527 ],
    metro: 0,
    area: 1
  },
  __lastAccess: 1593543579758
}
[2020-06-30T20:59:40.259] [TRACE] trace - /cv: 2
[2020-06-30T20:59:43.003] [TRACE] trace - Session {
  cookie: {
    path: '/',
    _expires: 2071-12-28T04:20:22.268Z,
    originalMaxAge: 1624958439266,
    httpOnly: true
  },
  views: { '/': 14, '/giftedADHD': 2, '/adm1n': 3, '/cv': 2 },
  sessionID: 'wV5NYI4c-Dmt0RWr5HbH8hWJ',
  horodate: 2020-06-30T20:59:42.951Z,
  ip: '86.247.253.198',
  geoloc: {
    range: [ 1459091456, 1459093503 ],
    country: 'FR',
    region: 'IDF',
    eu: '1',
    timezone: 'Europe/Paris',
    city: 'Paris',
    ll: [ 48.8543, 2.3527 ],
    metro: 0,
    area: 1
  },
  __lastAccess: 1593543583002
}
[2020-06-30T21:10:03.680] [TRACE] trace - Session {
  cookie: {
    path: '/',
    _expires: 2071-12-28T15:32:49.190Z,
    originalMaxAge: 1624998165510,
    httpOnly: true,
    maxage: 1656534165510
  },
  views: { '/': 1 },
  sessionID: 'nFzXVbwudelTCCLOVwcotfbL',
  horodate: 2020-06-30T21:10:03.625Z,
  ip: '218.17.208.165',
  geoloc: {
    range: [ 3658600448, 3658602495 ],
    country: 'CN',
    region: 'GD',
    eu: '0',
    timezone: 'Asia/Shanghai',
    city: '',
    ll: [ 23.1167, 113.25 ],
    metro: 0,
    area: 50
  },
  __lastAccess: 1593544203680
}
[2020-06-30T21:10:48.954] [TRACE] trace - Session {
  cookie: {
    path: '/',
    _expires: 2071-12-28T15:33:34.464Z,
    originalMaxAge: 1624998165510,
    httpOnly: true,
    maxage: 1656534165510
  },
  views: { '/': 1 },
  sessionID: 'oyM_ZZcVCRboxAip5_GoA6xC',
  horodate: 2020-06-30T21:10:48.902Z,
  ip: '205.185.124.12',
  geoloc: {
    range: [ 3451485184, 3451486207 ],
    country: 'US',
    region: 'CA',
    eu: '0',
    timezone: 'America/Los_Angeles',
    city: 'San Jose',
    ll: [ 37.3387, -121.8914 ],
    metro: 807,
    area: 1000
  },
  __lastAccess: 1593544248954
}
[2020-06-30T21:16:16.260] [TRACE] trace - Session {
  cookie: {
    path: '/',
    _expires: 2071-12-28T15:39:01.769Z,
    originalMaxAge: 1624998165510,
    httpOnly: true,
    maxage: 1656534165510
  },
  views: { '/': 1 },
  sessionID: 'LjD0RXTTfJryx-iMjUY7zYc7',
  horodate: 2020-06-30T21:16:16.208Z,
  ip: '49.213.172.201',
  geoloc: {
    range: [ 836083712, 836091903 ],
    country: 'TW',
    region: '',
    eu: '0',
    timezone: 'Asia/Taipei',
    city: '',
    ll: [ 23.5, 121 ],
    metro: 0,
    area: 200
  },
  __lastAccess: 1593544576259
}
[2020-06-30T21:23:46.002] [TRACE] trace - Session {
  cookie: {
    path: '/',
    _expires: 2071-12-28T15:46:31.512Z,
    originalMaxAge: 1624998165510,
    httpOnly: true,
    maxage: 1656534165510
  },
  views: { '/': 1 },
  sessionID: 'Odaxo4TkW4-FPSS79omADUWV',
  horodate: 2020-06-30T21:23:45.956Z,
  ip: '218.17.208.165',
  geoloc: {
    range: [ 3658600448, 3658602495 ],
    country: 'CN',
    region: 'GD',
    eu: '0',
    timezone: 'Asia/Shanghai',
    city: '',
    ll: [ 23.1167, 113.25 ],
    metro: 0,
    area: 50
  },
  __lastAccess: 1593545026002
}
[2020-06-30T21:59:59.986] [TRACE] trace - Session {
  cookie: {
    path: '/',
    _expires: 2071-12-28T16:22:45.495Z,
    originalMaxAge: 1624998165510,
    httpOnly: true,
    maxage: 1656534165510
  },
  views: { '/': 1 },
  sessionID: '18PDTXyoFPP9NdNPgPyaA1Sd',
  horodate: 2020-06-30T21:59:59.931Z,
  ip: '86.247.253.198',
  geoloc: {
    range: [ 1459091456, 1459093503 ],
    country: 'FR',
    region: 'IDF',
    eu: '1',
    timezone: 'Europe/Paris',
    city: 'Paris',
    ll: [ 48.8543, 2.3527 ],
    metro: 0,
    area: 1
  },
  __lastAccess: 1593547199985
}
[2020-06-30T22:20:04.851] [TRACE] trace - Session {
  cookie: {
    path: '/',
    _expires: 2071-12-28T16:42:50.361Z,
    originalMaxAge: 1624998165510,
    httpOnly: true,
    maxage: 1656534165510
  },
  views: { '/': 1 },
  sessionID: 'Apbzv5hwYwJUellVhyffSgDC',
  horodate: 2020-06-30T22:20:04.803Z,
  ip: '37.164.74.200',
  geoloc: {
    range: [ 631504896, 631767039 ],
    country: 'FR',
    region: '',
    eu: '1',
    timezone: 'Europe/Paris',
    city: '',
    ll: [ 48.8582, 2.3387 ],
    metro: 0,
    area: 500
  },
  __lastAccess: 1593548404851
}
[2020-06-30T22:31:34.533] [TRACE] trace - Session {
  cookie: {
    path: '/',
    _expires: 2071-12-28T05:43:52.501Z,
    originalMaxAge: 1624957937968,
    httpOnly: true
  },
  views: { '/': 49, '/cv': 10, '/adm1n': 7, '/giftedADHD': 6 },
  sessionID: 'R5fFgf2MY5GywsnD_EjXqJmF',
  horodate: 2020-06-30T22:31:34.485Z,
  ip: '86.247.253.198',
  geoloc: {
    range: [ 1459091456, 1459093503 ],
    country: 'FR',
    region: 'IDF',
    eu: '1',
    timezone: 'Europe/Paris',
    city: 'Paris',
    ll: [ 48.8543, 2.3527 ],
    metro: 0,
    area: 1
  },
  __lastAccess: 1593549094533
}
[2020-06-30T22:32:01.598] [TRACE] trace - /cv: 11
[2020-06-30T22:34:33.409] [TRACE] trace - /cv: 12
[2020-06-30T22:34:50.869] [TRACE] trace - Session {
  cookie: {
    path: '/',
    _expires: 2071-12-28T16:57:36.379Z,
    originalMaxAge: 1624998165510,
    httpOnly: true,
    maxage: 1656534165510
  },
  views: { '/': 1 },
  sessionID: '2nAiz1GD0KdAjNj970Y1tuYI',
  horodate: 2020-06-30T22:34:50.813Z,
  ip: '54.212.91.84',
  geoloc: {
    range: [ 919863296, 919994367 ],
    country: 'US',
    region: 'OR',
    eu: '0',
    timezone: 'America/Los_Angeles',
    city: 'Boardman',
    ll: [ 45.8491, -119.7143 ],
    metro: 810,
    area: 1000
  },
  __lastAccess: 1593549290869
}
[2020-06-30T22:34:52.158] [TRACE] trace - /cv: 13
[2020-06-30T22:35:10.687] [TRACE] trace - /cv: 14
[2020-06-30T22:35:43.298] [TRACE] trace - /cv: 15
[2020-06-30T22:36:12.890] [TRACE] trace - /cv: 16
[2020-06-30T22:36:19.684] [TRACE] trace - Session {
  cookie: {
    path: '/',
    _expires: 2071-12-28T05:48:37.652Z,
    originalMaxAge: 1624957937968,
    httpOnly: true
  },
  views: { '/': 50, '/cv': 16, '/adm1n': 7, '/giftedADHD': 6 },
  sessionID: 'R5fFgf2MY5GywsnD_EjXqJmF',
  horodate: 2020-06-30T22:36:19.625Z,
  ip: '86.247.253.198',
  geoloc: {
    range: [ 1459091456, 1459093503 ],
    country: 'FR',
    region: 'IDF',
    eu: '1',
    timezone: 'Europe/Paris',
    city: 'Paris',
    ll: [ 48.8543, 2.3527 ],
    metro: 0,
    area: 1
  },
  __lastAccess: 1593549379684
}
[2020-06-30T22:36:30.832] [TRACE] trace - /cv: 17
[2020-06-30T22:40:15.110] [TRACE] trace - /giftedADHD: 7
[2020-06-30T22:40:29.917] [TRACE] trace - /cv: 18
[2020-06-30T22:45:40.279] [TRACE] trace - Session {
  cookie: {
    path: '/',
    _expires: 2071-12-28T05:57:58.247Z,
    originalMaxAge: 1624957937968,
    httpOnly: true
  },
  views: { '/': 51, '/cv': 18, '/adm1n': 7, '/giftedADHD': 7 },
  sessionID: 'R5fFgf2MY5GywsnD_EjXqJmF',
  horodate: 2020-06-30T22:45:40.230Z,
  ip: '86.247.253.198',
  geoloc: {
    range: [ 1459091456, 1459093503 ],
    country: 'FR',
    region: 'IDF',
    eu: '1',
    timezone: 'Europe/Paris',
    city: 'Paris',
    ll: [ 48.8543, 2.3527 ],
    metro: 0,
    area: 1
  },
  __lastAccess: 1593549940279
}
[2020-06-30T22:45:41.633] [TRACE] trace - /cv: 19
[2020-06-30T22:45:42.919] [TRACE] trace - /adm1n: 8
[2020-06-30T22:45:44.071] [TRACE] trace - /cv: 20
[2020-06-30T22:45:46.366] [TRACE] trace - /adm1n: 9
[2020-06-30T22:45:50.119] [TRACE] trace - /giftedADHD: 8
[2020-06-30T22:47:55.443] [TRACE] trace - /cv: 21
[2020-06-30T22:47:56.969] [TRACE] trace - /giftedADHD: 9
[2020-06-30T22:47:59.649] [TRACE] trace - /adm1n: 10
[2020-06-30T22:48:00.953] [TRACE] trace - /cv: 22
[2020-06-30T22:48:06.499] [TRACE] trace - Session {
  cookie: {
    path: '/',
    _expires: 2071-12-28T06:00:24.467Z,
    originalMaxAge: 1624957937968,
    httpOnly: true
  },
  views: { '/': 52, '/cv': 22, '/adm1n': 10, '/giftedADHD': 9 },
  sessionID: 'R5fFgf2MY5GywsnD_EjXqJmF',
  horodate: 2020-06-30T22:48:06.426Z,
  ip: '86.247.253.198',
  geoloc: {
    range: [ 1459091456, 1459093503 ],
    country: 'FR',
    region: 'IDF',
    eu: '1',
    timezone: 'Europe/Paris',
    city: 'Paris',
    ll: [ 48.8543, 2.3527 ],
    metro: 0,
    area: 1
  },
  __lastAccess: 1593550086499
}
[2020-06-30T22:48:07.384] [TRACE] trace - /cv: 23
[2020-06-30T22:48:08.456] [TRACE] trace - /adm1n: 11
[2020-06-30T22:48:10.239] [TRACE] trace - /giftedADHD: 10
[2020-06-30T22:48:36.632] [TRACE] trace - /giftedADHD: 11
[2020-06-30T22:48:38.616] [TRACE] trace - /giftedADHD: 12
[2020-06-30T22:48:39.640] [TRACE] trace - /adm1n: 12
[2020-06-30T22:48:40.653] [TRACE] trace - /cv: 24
[2020-06-30T22:48:41.558] [TRACE] trace - Session {
  cookie: {
    path: '/',
    _expires: 2071-12-28T06:00:59.526Z,
    originalMaxAge: 1624957937968,
    httpOnly: true
  },
  views: { '/': 53, '/cv': 24, '/adm1n': 12, '/giftedADHD': 12 },
  sessionID: 'R5fFgf2MY5GywsnD_EjXqJmF',
  horodate: 2020-06-30T22:48:41.501Z,
  ip: '86.247.253.198',
  geoloc: {
    range: [ 1459091456, 1459093503 ],
    country: 'FR',
    region: 'IDF',
    eu: '1',
    timezone: 'Europe/Paris',
    city: 'Paris',
    ll: [ 48.8543, 2.3527 ],
    metro: 0,
    area: 1
  },
  __lastAccess: 1593550121558
}
[2020-06-30T22:48:45.355] [TRACE] trace - /giftedADHD: 13
[2020-06-30T22:49:03.128] [TRACE] trace - /giftedADHD: 14
[2020-06-30T22:49:50.222] [TRACE] trace - /cv: 25
[2020-06-30T22:50:15.666] [TRACE] trace - Session {
  cookie: {
    path: '/',
    _expires: 2071-12-28T06:02:33.633Z,
    originalMaxAge: 1624957937968,
    httpOnly: true
  },
  views: { '/': 54, '/cv': 25, '/adm1n': 12, '/giftedADHD': 14 },
  sessionID: 'R5fFgf2MY5GywsnD_EjXqJmF',
  horodate: 2020-06-30T22:50:15.611Z,
  ip: '86.247.253.198',
  geoloc: {
    range: [ 1459091456, 1459093503 ],
    country: 'FR',
    region: 'IDF',
    eu: '1',
    timezone: 'Europe/Paris',
    city: 'Paris',
    ll: [ 48.8543, 2.3527 ],
    metro: 0,
    area: 1
  },
  __lastAccess: 1593550215665
}
[2020-06-30T22:50:17.070] [TRACE] trace - /cv: 26
[2020-06-30T22:50:18.159] [TRACE] trace - /adm1n: 13
[2020-06-30T22:50:19.772] [TRACE] trace - /giftedADHD: 15
[2020-06-30T22:53:18.082] [TRACE] trace - Session {
  cookie: {
    path: '/',
    _expires: 2071-12-28T17:16:03.592Z,
    originalMaxAge: 1624998165510,
    httpOnly: true,
    maxage: 1656534165510
  },
  views: { '/': 1 },
  sessionID: 'I0diIYV9KfIsezGOpg0kbiqh',
  horodate: 2020-06-30T22:53:18.022Z,
  ip: '80.82.70.140',
  geoloc: {
    range: [ 1347569280, 1347569311 ],
    country: 'SC',
    region: '01',
    eu: '0',
    timezone: 'Indian/Mahe',
    city: 'Anse aux Pins',
    ll: [ -4.7034, 55.5206 ],
    metro: 0,
    area: 100
  },
  __lastAccess: 1593550398082
}
[2020-06-30T22:54:08.207] [TRACE] trace - Session {
  cookie: {
    path: '/',
    _expires: 2071-12-28T06:06:26.175Z,
    originalMaxAge: 1624957937968,
    httpOnly: true
  },
  views: { '/': 55, '/cv': 26, '/adm1n': 13, '/giftedADHD': 15 },
  sessionID: 'R5fFgf2MY5GywsnD_EjXqJmF',
  horodate: 2020-06-30T22:54:08.151Z,
  ip: '86.247.253.198',
  geoloc: {
    range: [ 1459091456, 1459093503 ],
    country: 'FR',
    region: 'IDF',
    eu: '1',
    timezone: 'Europe/Paris',
    city: 'Paris',
    ll: [ 48.8543, 2.3527 ],
    metro: 0,
    area: 1
  },
  __lastAccess: 1593550448207
}
[2020-06-30T22:54:13.257] [TRACE] trace - /cv: 27
[2020-06-30T22:55:28.342] [TRACE] trace - Session {
  cookie: {
    path: '/',
    _expires: 2071-12-28T06:07:46.310Z,
    originalMaxAge: 1624957937968,
    httpOnly: true
  },
  views: { '/': 56, '/cv': 27, '/adm1n': 13, '/giftedADHD': 15 },
  sessionID: 'R5fFgf2MY5GywsnD_EjXqJmF',
  horodate: 2020-06-30T22:55:28.287Z,
  ip: undefined,
  geoloc: null,
  __lastAccess: 1593550528342
}
[2020-06-30T22:55:36.852] [TRACE] trace - Session {
  cookie: {
    path: '/',
    _expires: 2071-12-28T06:07:54.819Z,
    originalMaxAge: 1624957937968,
    httpOnly: true
  },
  views: { '/': 57, '/cv': 27, '/adm1n': 13, '/giftedADHD': 15 },
  sessionID: 'R5fFgf2MY5GywsnD_EjXqJmF',
  horodate: 2020-06-30T22:55:36.800Z,
  geoloc: {
    range: [ 1459091456, 1459093503 ],
    country: 'FR',
    region: 'IDF',
    eu: '1',
    timezone: 'Europe/Paris',
    city: 'Paris',
    ll: [ 48.8543, 2.3527 ],
    metro: 0,
    area: 1
  },
  __lastAccess: 1593550536852,
  ip: '86.247.253.198'
}
[2020-06-30T22:59:08.634] [TRACE] trace - Session {
  cookie: {
    path: '/',
    _expires: 2071-12-28T06:11:26.602Z,
    originalMaxAge: 1624957937968,
    httpOnly: true
  },
  views: { '/': 58, '/cv': 27, '/adm1n': 13, '/giftedADHD': 15 },
  sessionID: 'R5fFgf2MY5GywsnD_EjXqJmF',
  horodate: 2020-06-30T22:59:08.577Z,
  geoloc: {
    range: [ 1459091456, 1459093503 ],
    country: 'FR',
    region: 'IDF',
    eu: '1',
    timezone: 'Europe/Paris',
    city: 'Paris',
    ll: [ 48.8543, 2.3527 ],
    metro: 0,
    area: 1
  },
  __lastAccess: 1593550748634,
  ip: '86.247.253.198'
}
[2020-06-30T22:59:29.018] [TRACE] trace - Session {
  cookie: {
    path: '/',
    _expires: 2071-12-28T06:11:46.986Z,
    originalMaxAge: 1624957937968,
    httpOnly: true
  },
  views: { '/': 59, '/cv': 27, '/adm1n': 13, '/giftedADHD': 15 },
  sessionID: 'R5fFgf2MY5GywsnD_EjXqJmF',
  horodate: 2020-06-30T22:59:28.949Z,
  geoloc: {
    range: [ 1459091456, 1459093503 ],
    country: 'FR',
    region: 'IDF',
    eu: '1',
    timezone: 'Europe/Paris',
    city: 'Paris',
    ll: [ 48.8543, 2.3527 ],
    metro: 0,
    area: 1
  },
  __lastAccess: 1593550769018,
  ip: '86.247.253.198'
}
[2020-06-30T23:09:27.970] [TRACE] trace - Session {
  cookie: {
    path: '/',
    _expires: 2071-12-28T06:21:45.938Z,
    originalMaxAge: 1624957937968,
    httpOnly: true
  },
  views: { '/': 60, '/cv': 27, '/adm1n': 13, '/giftedADHD': 15 },
  sessionID: 'R5fFgf2MY5GywsnD_EjXqJmF',
  horodate: 2020-06-30T23:09:27.912Z,
  geoloc: {
    range: [ 1459091456, 1459093503 ],
    country: 'FR',
    region: 'IDF',
    eu: '1',
    timezone: 'Europe/Paris',
    city: 'Paris',
    ll: [ 48.8543, 2.3527 ],
    metro: 0,
    area: 1
  },
  __lastAccess: 1593551367970,
  ip: '86.247.253.198'
}
[2020-06-30T23:38:34.788] [TRACE] trace - Session {
  cookie: {
    path: '/',
    _expires: 2071-12-28T06:50:52.756Z,
    originalMaxAge: 1624957937968,
    httpOnly: true
  },
  views: { '/': 61, '/cv': 27, '/adm1n': 13, '/giftedADHD': 15 },
  sessionID: 'R5fFgf2MY5GywsnD_EjXqJmF',
  horodate: 2020-06-30T23:38:34.739Z,
  geoloc: {
    range: [ 1459091456, 1459093503 ],
    country: 'FR',
    region: 'IDF',
    eu: '1',
    timezone: 'Europe/Paris',
    city: 'Paris',
    ll: [ 48.8543, 2.3527 ],
    metro: 0,
    area: 1
  },
  __lastAccess: 1593553114788,
  ip: '86.247.253.198'
}
