[2020-07-03T18:45:40.142] [TRACE] trace - Session {
  cookie: {
    path: '/',
    _expires: 2072-01-02T22:52:46.863Z,
    originalMaxAge: 1625206026725,
    httpOnly: true
  },
  views: { '/': 1 },
  horodate: '2020-07-02T08:08:16.031Z',
  ip: '83.202.34.239',
  geoloc: {
    range: [ 1405755904, 1405756415 ],
    country: 'FR',
    region: 'IDF',
    eu: '1',
    timezone: 'Europe/Paris',
    city: 'Paris',
    ll: [ 48.8543, 2.3527 ],
    metro: 0,
    area: 10
  },
  __lastAccess: 1593794704761
}
[2020-07-03T18:45:43.100] [TRACE] trace - Session {
  cookie: {
    path: '/',
    _expires: 2072-01-02T22:52:49.825Z,
    originalMaxAge: 1625206026725,
    httpOnly: true
  },
  views: { '/': 1 },
  horodate: '2020-07-02T08:08:16.031Z',
  ip: '83.202.34.239',
  geoloc: {
    range: [ 1405755904, 1405756415 ],
    country: 'FR',
    region: 'IDF',
    eu: '1',
    timezone: 'Europe/Paris',
    city: 'Paris',
    ll: [ 48.8543, 2.3527 ],
    metro: 0,
    area: 10
  },
  __lastAccess: 1593794740152
}
[2020-07-03T18:45:44.464] [TRACE] trace - Session {
  cookie: {
    path: '/',
    _expires: 2072-01-02T22:52:51.189Z,
    originalMaxAge: 1625206026725,
    httpOnly: true
  },
  views: { '/': 1 },
  horodate: '2020-07-02T08:08:16.031Z',
  ip: '83.202.34.239',
  geoloc: {
    range: [ 1405755904, 1405756415 ],
    country: 'FR',
    region: 'IDF',
    eu: '1',
    timezone: 'Europe/Paris',
    city: 'Paris',
    ll: [ 48.8543, 2.3527 ],
    metro: 0,
    area: 10
  },
  __lastAccess: 1593794743104
}
[2020-07-03T18:45:45.974] [TRACE] trace - Session {
  cookie: {
    path: '/',
    _expires: 2072-01-02T22:52:52.699Z,
    originalMaxAge: 1625206026725,
    httpOnly: true
  },
  views: { '/': 1 },
  horodate: '2020-07-02T08:08:16.031Z',
  ip: '83.202.34.239',
  geoloc: {
    range: [ 1405755904, 1405756415 ],
    country: 'FR',
    region: 'IDF',
    eu: '1',
    timezone: 'Europe/Paris',
    city: 'Paris',
    ll: [ 48.8543, 2.3527 ],
    metro: 0,
    area: 10
  },
  __lastAccess: 1593794744470
}
[2020-07-03T18:45:46.846] [TRACE] trace - Session {
  cookie: {
    path: '/',
    _expires: 2072-01-02T22:52:53.570Z,
    originalMaxAge: 1625206026725,
    httpOnly: true
  },
  views: { '/': 1 },
  horodate: '2020-07-02T08:08:16.031Z',
  ip: '83.202.34.239',
  geoloc: {
    range: [ 1405755904, 1405756415 ],
    country: 'FR',
    region: 'IDF',
    eu: '1',
    timezone: 'Europe/Paris',
    city: 'Paris',
    ll: [ 48.8543, 2.3527 ],
    metro: 0,
    area: 10
  },
  __lastAccess: 1593794745978
}
[2020-07-03T18:45:47.628] [TRACE] trace - Session {
  cookie: {
    path: '/',
    _expires: 2072-01-02T22:52:54.353Z,
    originalMaxAge: 1625206026725,
    httpOnly: true
  },
  views: { '/': 1 },
  horodate: '2020-07-02T08:08:16.031Z',
  ip: '83.202.34.239',
  geoloc: {
    range: [ 1405755904, 1405756415 ],
    country: 'FR',
    region: 'IDF',
    eu: '1',
    timezone: 'Europe/Paris',
    city: 'Paris',
    ll: [ 48.8543, 2.3527 ],
    metro: 0,
    area: 10
  },
  __lastAccess: 1593794746852
}
