[2020-07-02T06:54:09.537] [TRACE] trace - Session {
  cookie: {
    path: '/',
    _expires: 2071-12-29T21:49:24.133Z,
    originalMaxAge: 1624985714601,
    httpOnly: true
  },
  views: { '/': 20, '/cv': 1, '/giftedADHD': 1, '/adm1n': 1 },
  sessionID: 'wisnIZ9gimMe2OmTSP1MdDkl',
  horodate: 2020-07-02T06:54:08.901Z,
  ip: '127.0.0.1',
  geoloc: null,
  __lastAccess: 1593665649533
}
[2020-07-02T06:55:21.202] [TRACE] trace - Session {
  cookie: {
    path: '/',
    _expires: 2072-01-01T09:49:12.621Z,
    originalMaxAge: 1625201631419,
    httpOnly: true,
    maxage: 311040000000
  },
  views: { '/': 1 },
  horodate: 2020-07-02T06:55:21.064Z,
  ip: '83.202.34.239',
  geoloc: {
    range: [ 1405755904, 1405756415 ],
    country: 'FR',
    region: 'IDF',
    eu: '1',
    timezone: 'Europe/Paris',
    city: 'Paris',
    ll: [ 48.8543, 2.3527 ],
    metro: 0,
    area: 10
  },
  __lastAccess: 1593665721202
}
[2020-07-02T07:01:55.416] [TRACE] trace - Session {
  cookie: {
    path: '/',
    _expires: 2072-01-01T09:55:46.835Z,
    originalMaxAge: 1625201631419,
    httpOnly: true,
    maxage: 311040000000
  },
  views: { '/': 1 },
  horodate: 2020-07-02T07:01:55.322Z,
  ip: '157.55.39.210',
  geoloc: {
    range: [ 2637637376, 2637637631 ],
    country: 'US',
    region: 'WA',
    eu: '0',
    timezone: 'America/Los_Angeles',
    city: '',
    ll: [ 47.6092, -122.3314 ],
    metro: 0,
    area: 1000
  },
  __lastAccess: 1593666115416
}
[2020-07-02T07:21:34.527] [TRACE] trace - Session {
  cookie: {
    path: '/',
    _expires: 2072-01-01T10:15:25.946Z,
    originalMaxAge: 1625201631419,
    httpOnly: true
  },
  views: { '/': 2 },
  horodate: 2020-07-02T07:21:34.438Z,
  ip: '83.202.34.239',
  geoloc: {
    range: [ 1405755904, 1405756415 ],
    country: 'FR',
    region: 'IDF',
    eu: '1',
    timezone: 'Europe/Paris',
    city: 'Paris',
    ll: [ 48.8543, 2.3527 ],
    metro: 0,
    area: 10
  },
  __lastAccess: 1593667294527
}
[2020-07-02T07:22:29.493] [TRACE] trace - Session {
  cookie: {
    path: '/',
    _expires: 2072-01-01T10:16:20.910Z,
    originalMaxAge: 1625201631419,
    httpOnly: true
  },
  views: { '/': 3 },
  horodate: 2020-07-02T07:22:29.305Z,
  ip: '83.202.34.239',
  geoloc: {
    range: [ 1405755904, 1405756415 ],
    country: 'FR',
    region: 'IDF',
    eu: '1',
    timezone: 'Europe/Paris',
    city: 'Paris',
    ll: [ 48.8543, 2.3527 ],
    metro: 0,
    area: 10
  },
  __lastAccess: 1593667349492
}
[2020-07-02T07:26:21.080] [TRACE] trace - Session {
  cookie: {
    path: '/',
    _expires: 2072-01-01T10:20:12.499Z,
    originalMaxAge: 1625201631419,
    httpOnly: true,
    maxage: 311040000000
  },
  views: { '/': 1 },
  horodate: 2020-07-02T07:26:20.975Z,
  ip: '78.131.87.194',
  geoloc: {
    range: [ 1317230464, 1317230591 ],
    country: 'HU',
    region: 'BU',
    eu: '1',
    timezone: 'Europe/Budapest',
    city: 'Budapest',
    ll: [ 47.4977, 19.0791 ],
    metro: 0,
    area: 100
  },
  __lastAccess: 1593667581080
}
