[2020-06-27T22:20:32.865] [TRACE] trace - Session {
  cookie: {
    path: '/',
    _expires: 2071-12-23T16:41:00.946Z,
    originalMaxAge: 1624825228082,
    httpOnly: true,
    maxage: 1656361228082
  },
  views: { '/': 1 },
  sessionID: '1dPB5pbRX26vxAGJrfnfuhyX',
  horodate: 2020-06-27T22:20:32.365Z,
  ip: '86.247.253.198',
  geoloc: {
    range: [ 1459091456, 1459093503 ],
    country: 'FR',
    region: 'IDF',
    eu: '1',
    timezone: 'Europe/Paris',
    city: 'Paris',
    ll: [ 48.8543, 2.3527 ],
    metro: 0,
    area: 1
  }
}
[2020-06-27T22:20:34.902] [TRACE] trace - cv: 1
[2020-06-27T22:20:37.015] [TRACE] trace - giftedADHD: 1
[2020-06-27T22:20:38.546] [TRACE] trace - index: 1
[2020-06-27T22:20:45.174] [TRACE] trace - Session {
  cookie: {
    path: '/',
    _expires: 2071-12-23T16:41:13.256Z,
    originalMaxAge: 1624825228082,
    httpOnly: true
  },
  views: { '/': 2, cv: 1, giftedADHD: 1, index: 1 },
  sessionID: '1dPB5pbRX26vxAGJrfnfuhyX',
  horodate: 2020-06-27T22:20:45.008Z,
  ip: '86.247.253.198',
  geoloc: {
    range: [ 1459091456, 1459093503 ],
    country: 'FR',
    region: 'IDF',
    eu: '1',
    timezone: 'Europe/Paris',
    city: 'Paris',
    ll: [ 48.8543, 2.3527 ],
    metro: 0,
    area: 1
  }
}
[2020-06-27T22:20:59.448] [TRACE] trace - Session {
  cookie: {
    path: '/',
    _expires: 2071-12-23T16:41:27.529Z,
    originalMaxAge: 1624825228082,
    httpOnly: true
  },
  views: { '/': 3, cv: 1, giftedADHD: 1, index: 1 },
  sessionID: '1dPB5pbRX26vxAGJrfnfuhyX',
  horodate: 2020-06-27T22:20:59.339Z,
  ip: '86.247.253.198',
  geoloc: {
    range: [ 1459091456, 1459093503 ],
    country: 'FR',
    region: 'IDF',
    eu: '1',
    timezone: 'Europe/Paris',
    city: 'Paris',
    ll: [ 48.8543, 2.3527 ],
    metro: 0,
    area: 1
  }
}
