[2020-06-25T09:11:42.186] [TRACE] trace - {
  horodate: 2020-06-25T07:11:42.185Z,
  ip: '90.92.102.225',
  geoloc: {
    range: [ 1516003328, 1516005375 ],
    country: 'FR',
    region: 'IDF',
    eu: '1',
    timezone: 'Europe/Paris',
    city: 'Paris',
    ll: [ 48.8543, 2.3527 ],
    metro: 0,
    area: 5
  },
  cookie: { path: '/', _expires: null, originalMaxAge: null, httpOnly: true }
}
[2020-06-25T09:15:51.000] [TRACE] trace - {
  horodate: 2020-06-25T07:15:51.000Z,
  ip: '90.92.102.225',
  geoloc: {
    range: [ 1516003328, 1516005375 ],
    country: 'FR',
    region: 'IDF',
    eu: '1',
    timezone: 'Europe/Paris',
    city: 'Paris',
    ll: [ 48.8543, 2.3527 ],
    metro: 0,
    area: 5
  },
  cookie: { path: '/', _expires: null, originalMaxAge: null, httpOnly: true }
}
