[2020-06-25T10:52:03.340] [TRACE] trace - {
  genid: [Function: genid],
  secret: 'qwerty',
  resave: false,
  saveUninitialized: true,
  cookie: {
    path: '/',
    _expires: 2020-06-25T08:53:03.339Z,
    originalMaxAge: 60000,
    httpOnly: true
  },
  horodate: 2020-06-25T08:52:03.340Z,
  ip: '90.92.102.225',
  geoloc: {
    range: [ 1516003328, 1516005375 ],
    country: 'FR',
    region: 'IDF',
    eu: '1',
    timezone: 'Europe/Paris',
    city: 'Paris',
    ll: [ 48.8543, 2.3527 ],
    metro: 0,
    area: 5
  }
}
[2020-06-25T11:21:07.460] [TRACE] trace - {
  genid: [Function: genid],
  secret: 'qwerty',
  resave: false,
  saveUninitialized: true,
  cookie: {
    path: '/',
    _expires: 2020-06-25T09:22:07.460Z,
    originalMaxAge: 60000,
    httpOnly: true
  },
  horodate: 2020-06-25T09:21:07.460Z,
  ip: '45.191.77.67',
  geoloc: null
}
[2020-06-25T11:21:52.400] [TRACE] trace - {
  genid: [Function: genid],
  secret: 'qwerty',
  resave: false,
  saveUninitialized: true,
  cookie: {
    path: '/',
    _expires: 2020-06-25T09:22:52.399Z,
    originalMaxAge: 60000,
    httpOnly: true
  },
  horodate: 2020-06-25T09:21:52.399Z,
  ip: '103.16.104.37',
  geoloc: {
    range: [ 1729128448, 1729129471 ],
    country: 'IN',
    region: 'JH',
    eu: '0',
    timezone: 'Asia/Kolkata',
    city: 'Ranchi',
    ll: [ 23.3478, 85.3386 ],
    metro: 0,
    area: 100
  }
}
[2020-06-25T11:22:13.208] [TRACE] trace - {
  genid: [Function: genid],
  secret: 'qwerty',
  resave: false,
  saveUninitialized: true,
  cookie: {
    path: '/',
    _expires: 2020-06-25T09:23:13.208Z,
    originalMaxAge: 60000,
    httpOnly: true
  },
  horodate: 2020-06-25T09:22:13.208Z,
  ip: '178.173.131.144',
  geoloc: {
    range: [ 2997714944, 2997731327 ],
    country: 'IR',
    region: '',
    eu: '0',
    timezone: 'Asia/Tehran',
    city: '',
    ll: [ 35.6961, 51.4231 ],
    metro: 0,
    area: 50
  }
}
