Fri Jul 23 2021 09:31:30 GMT+0200 (GMT+02:00)[2020-07-23T09:31:44.324] [TRACE] file - Session {
  cookie: {
    path: '/',
    _expires: 2020-10-21T07:31:44.322Z,
    originalMaxAge: 7776000000,
    httpOnly: true
  },
  views: { '/': 71, '/cv': 34, '/adm1n': 18, '/giftedADHD': 15 },
  __lastAccess: 1595489504322,
  horodate: 2020-07-23T09:31:43.806Z,
  ip: '83.202.34.239',
  geoloc: {
    range: [ 1405755904, 1405756415 ],
    country: 'FR',
    region: 'IDF',
    eu: '1',
    timezone: 'Europe/Paris',
    city: 'Paris',
    ll: [ 48.8543, 2.3527 ],
    metro: 0,
    area: 10
  }
}
[2020-07-23T09:32:36.318] [TRACE] file - Session {
  cookie: {
    path: '/',
    _expires: 2020-10-21T07:32:36.318Z,
    originalMaxAge: 7776000000,
    httpOnly: true
  },
  views: { '/': 72, '/cv': 34, '/adm1n': 18, '/giftedADHD': 15 },
  __lastAccess: 1595489556318,
  horodate: 2020-07-23T09:32:36.184Z,
  ip: '83.202.34.239',
  geoloc: {
    range: [ 1405755904, 1405756415 ],
    country: 'FR',
    region: 'IDF',
    eu: '1',
    timezone: 'Europe/Paris',
    city: 'Paris',
    ll: [ 48.8543, 2.3527 ],
    metro: 0,
    area: 10
  }
}
[2020-07-23T09:32:39.169] [TRACE] file - Session {
  cookie: {
    path: '/',
    _expires: 2020-10-21T07:32:39.167Z,
    originalMaxAge: 7776000000,
    httpOnly: true
  },
  views: { '/': 73, '/cv': 34, '/adm1n': 18, '/giftedADHD': 15 },
  __lastAccess: 1595489559167,
  horodate: 2020-07-23T09:32:39.070Z,
  ip: '83.202.34.239',
  geoloc: {
    range: [ 1405755904, 1405756415 ],
    country: 'FR',
    region: 'IDF',
    eu: '1',
    timezone: 'Europe/Paris',
    city: 'Paris',
    ll: [ 48.8543, 2.3527 ],
    metro: 0,
    area: 10
  }
}
[2020-07-23T09:33:37.307] [TRACE] file - Session {
  cookie: {
    path: '/',
    _expires: 2020-10-21T07:33:37.307Z,
    originalMaxAge: 7776000000,
    httpOnly: true
  },
  views: { '/': 74, '/cv': 34, '/adm1n': 18, '/giftedADHD': 15 },
  __lastAccess: 1595489617307,
  horodate: 2020-07-23T09:33:37.219Z,
  ip: '83.202.34.239',
  geoloc: {
    range: [ 1405755904, 1405756415 ],
    country: 'FR',
    region: 'IDF',
    eu: '1',
    timezone: 'Europe/Paris',
    city: 'Paris',
    ll: [ 48.8543, 2.3527 ],
    metro: 0,
    area: 10
  }
}
[2020-07-23T09:33:51.513] [TRACE] file - Session {
  cookie: {
    path: '/',
    _expires: 2020-10-21T07:33:51.513Z,
    originalMaxAge: 7776000000,
    httpOnly: true
  },
  views: { '/': 74, '/cv': 35, '/adm1n': 18, '/giftedADHD': 15 },
  __lastAccess: 1595489631513,
  horodate: 2020-07-23T09:33:51.440Z,
  ip: '83.202.34.239',
  geoloc: {
    range: [ 1405755904, 1405756415 ],
    country: 'FR',
    region: 'IDF',
    eu: '1',
    timezone: 'Europe/Paris',
    city: 'Paris',
    ll: [ 48.8543, 2.3527 ],
    metro: 0,
    area: 10
  }
}
[2020-07-23T09:33:58.493] [TRACE] file - Session {
  cookie: {
    path: '/',
    _expires: 2020-10-21T07:33:58.493Z,
    originalMaxAge: 7776000000,
    httpOnly: true
  },
  views: { '/': 74, '/cv': 35, '/adm1n': 19, '/giftedADHD': 15 },
  __lastAccess: 1595489638493,
  horodate: 2020-07-23T09:33:58.413Z,
  ip: '83.202.34.239',
  geoloc: {
    range: [ 1405755904, 1405756415 ],
    country: 'FR',
    region: 'IDF',
    eu: '1',
    timezone: 'Europe/Paris',
    city: 'Paris',
    ll: [ 48.8543, 2.3527 ],
    metro: 0,
    area: 10
  }
}
[2020-07-23T09:34:02.857] [TRACE] file - Session {
  cookie: {
    path: '/',
    _expires: 2020-10-21T07:34:02.856Z,
    originalMaxAge: 7776000000,
    httpOnly: true
  },
  views: { '/': 74, '/cv': 35, '/adm1n': 19, '/giftedADHD': 16 },
  __lastAccess: 1595489642856,
  horodate: 2020-07-23T09:34:02.810Z,
  ip: '83.202.34.239',
  geoloc: {
    range: [ 1405755904, 1405756415 ],
    country: 'FR',
    region: 'IDF',
    eu: '1',
    timezone: 'Europe/Paris',
    city: 'Paris',
    ll: [ 48.8543, 2.3527 ],
    metro: 0,
    area: 10
  }
}
[2020-07-23T09:34:07.345] [TRACE] file - Session {
  cookie: {
    path: '/',
    _expires: 2020-10-21T07:34:07.345Z,
    originalMaxAge: 7776000000,
    httpOnly: true
  },
  views: { '/': 75, '/cv': 35, '/adm1n': 19, '/giftedADHD': 16 },
  __lastAccess: 1595489647345,
  horodate: 2020-07-23T09:34:07.285Z,
  ip: '83.202.34.239',
  geoloc: {
    range: [ 1405755904, 1405756415 ],
    country: 'FR',
    region: 'IDF',
    eu: '1',
    timezone: 'Europe/Paris',
    city: 'Paris',
    ll: [ 48.8543, 2.3527 ],
    metro: 0,
    area: 10
  }
}
[2020-07-23T09:34:25.066] [TRACE] file - Session {
  cookie: {
    path: '/',
    _expires: 2020-10-21T07:34:25.065Z,
    originalMaxAge: 7776000000,
    httpOnly: true
  },
  views: { '/': 76, '/cv': 35, '/adm1n': 19, '/giftedADHD': 16 },
  __lastAccess: 1595489665065,
  horodate: 2020-07-23T09:34:24.906Z,
  ip: '83.202.34.239',
  geoloc: {
    range: [ 1405755904, 1405756415 ],
    country: 'FR',
    region: 'IDF',
    eu: '1',
    timezone: 'Europe/Paris',
    city: 'Paris',
    ll: [ 48.8543, 2.3527 ],
    metro: 0,
    area: 10
  }
}
[2020-07-23T09:34:29.918] [TRACE] file - Session {
  cookie: {
    path: '/',
    _expires: 2020-10-21T07:34:29.918Z,
    originalMaxAge: 7776000000,
    httpOnly: true
  },
  views: { '/': 76, '/cv': 36, '/adm1n': 19, '/giftedADHD': 16 },
  __lastAccess: 1595489669918,
  horodate: 2020-07-23T09:34:29.818Z,
  ip: '83.202.34.239',
  geoloc: {
    range: [ 1405755904, 1405756415 ],
    country: 'FR',
    region: 'IDF',
    eu: '1',
    timezone: 'Europe/Paris',
    city: 'Paris',
    ll: [ 48.8543, 2.3527 ],
    metro: 0,
    area: 10
  }
}
[2020-07-23T09:34:36.735] [TRACE] file - Session {
  cookie: {
    path: '/',
    _expires: 2020-10-21T07:34:36.735Z,
    originalMaxAge: 7776000000,
    httpOnly: true
  },
  views: { '/': 77, '/cv': 36, '/adm1n': 19, '/giftedADHD': 16 },
  __lastAccess: 1595489676735,
  horodate: 2020-07-23T09:34:36.660Z,
  ip: '83.202.34.239',
  geoloc: {
    range: [ 1405755904, 1405756415 ],
    country: 'FR',
    region: 'IDF',
    eu: '1',
    timezone: 'Europe/Paris',
    city: 'Paris',
    ll: [ 48.8543, 2.3527 ],
    metro: 0,
    area: 10
  }
}
[2020-07-23T09:34:41.787] [TRACE] file - Session {
  cookie: {
    path: '/',
    _expires: 2020-10-21T07:34:41.787Z,
    originalMaxAge: 7776000000,
    httpOnly: true
  },
  views: { '/': 77, '/cv': 36, '/adm1n': 20, '/giftedADHD': 16 },
  __lastAccess: 1595489681787,
  horodate: 2020-07-23T09:34:41.725Z,
  ip: '83.202.34.239',
  geoloc: {
    range: [ 1405755904, 1405756415 ],
    country: 'FR',
    region: 'IDF',
    eu: '1',
    timezone: 'Europe/Paris',
    city: 'Paris',
    ll: [ 48.8543, 2.3527 ],
    metro: 0,
    area: 10
  }
}
[2020-07-23T09:34:43.540] [TRACE] file - Session {
  cookie: {
    path: '/',
    _expires: 2020-10-21T07:34:43.540Z,
    originalMaxAge: 7776000000,
    httpOnly: true
  },
  views: { '/': 77, '/cv': 36, '/adm1n': 20, '/giftedADHD': 17 },
  __lastAccess: 1595489683540,
  horodate: 2020-07-23T09:34:43.494Z,
  ip: '83.202.34.239',
  geoloc: {
    range: [ 1405755904, 1405756415 ],
    country: 'FR',
    region: 'IDF',
    eu: '1',
    timezone: 'Europe/Paris',
    city: 'Paris',
    ll: [ 48.8543, 2.3527 ],
    metro: 0,
    area: 10
  }
}
[2020-07-23T09:34:45.258] [TRACE] file - Session {
  cookie: {
    path: '/',
    _expires: 2020-10-21T07:34:45.257Z,
    originalMaxAge: 7776000000,
    httpOnly: true
  },
  views: { '/': 77, '/cv': 37, '/adm1n': 20, '/giftedADHD': 17 },
  __lastAccess: 1595489685257,
  horodate: 2020-07-23T09:34:45.200Z,
  ip: '83.202.34.239',
  geoloc: {
    range: [ 1405755904, 1405756415 ],
    country: 'FR',
    region: 'IDF',
    eu: '1',
    timezone: 'Europe/Paris',
    city: 'Paris',
    ll: [ 48.8543, 2.3527 ],
    metro: 0,
    area: 10
  }
}
[2020-07-23T09:34:52.955] [TRACE] file - Session {
  cookie: {
    path: '/',
    _expires: 2020-10-21T07:34:52.955Z,
    originalMaxAge: 7776000000,
    httpOnly: true
  },
  views: { '/': 78, '/cv': 37, '/adm1n': 20, '/giftedADHD': 17 },
  __lastAccess: 1595489692955,
  horodate: 2020-07-23T09:34:52.887Z,
  ip: '83.202.34.239',
  geoloc: {
    range: [ 1405755904, 1405756415 ],
    country: 'FR',
    region: 'IDF',
    eu: '1',
    timezone: 'Europe/Paris',
    city: 'Paris',
    ll: [ 48.8543, 2.3527 ],
    metro: 0,
    area: 10
  }
}
[2020-07-23T09:35:26.778] [TRACE] file - Session {
  cookie: {
    path: '/',
    _expires: 2020-10-21T07:35:26.777Z,
    originalMaxAge: 7776000000,
    httpOnly: true
  },
  views: { '/': 79, '/cv': 37, '/adm1n': 20, '/giftedADHD': 17 },
  __lastAccess: 1595489726777,
  horodate: 2020-07-23T09:35:26.710Z,
  ip: '83.202.34.239',
  geoloc: {
    range: [ 1405755904, 1405756415 ],
    country: 'FR',
    region: 'IDF',
    eu: '1',
    timezone: 'Europe/Paris',
    city: 'Paris',
    ll: [ 48.8543, 2.3527 ],
    metro: 0,
    area: 10
  }
}
[2020-07-23T09:35:33.766] [TRACE] file - Session {
  cookie: {
    path: '/',
    _expires: 2020-10-21T07:35:33.766Z,
    originalMaxAge: 7776000000,
    httpOnly: true
  },
  views: { '/': 79, '/cv': 38, '/adm1n': 20, '/giftedADHD': 17 },
  __lastAccess: 1595489733766,
  horodate: 2020-07-23T09:35:33.711Z,
  ip: '83.202.34.239',
  geoloc: {
    range: [ 1405755904, 1405756415 ],
    country: 'FR',
    region: 'IDF',
    eu: '1',
    timezone: 'Europe/Paris',
    city: 'Paris',
    ll: [ 48.8543, 2.3527 ],
    metro: 0,
    area: 10
  }
}
[2020-07-23T09:35:38.805] [TRACE] file - Session {
  cookie: {
    path: '/',
    _expires: 2020-10-21T07:35:38.805Z,
    originalMaxAge: 7776000000,
    httpOnly: true
  },
  views: { '/': 80, '/cv': 38, '/adm1n': 20, '/giftedADHD': 17 },
  __lastAccess: 1595489738805,
  horodate: 2020-07-23T09:35:38.750Z,
  ip: '83.202.34.239',
  geoloc: {
    range: [ 1405755904, 1405756415 ],
    country: 'FR',
    region: 'IDF',
    eu: '1',
    timezone: 'Europe/Paris',
    city: 'Paris',
    ll: [ 48.8543, 2.3527 ],
    metro: 0,
    area: 10
  }
}
[2020-07-23T09:40:31.136] [TRACE] file - Session {
  cookie: {
    path: '/',
    _expires: 2020-10-21T07:40:31.136Z,
    originalMaxAge: 7776000000,
    httpOnly: true
  },
  views: { '/': 81, '/cv': 38, '/adm1n': 20, '/giftedADHD': 17 },
  __lastAccess: 1595490031136,
  horodate: 2020-07-23T09:40:31.073Z,
  ip: '83.202.34.239',
  geoloc: {
    range: [ 1405755904, 1405756415 ],
    country: 'FR',
    region: 'IDF',
    eu: '1',
    timezone: 'Europe/Paris',
    city: 'Paris',
    ll: [ 48.8543, 2.3527 ],
    metro: 0,
    area: 10
  }
}
[2020-07-23T09:40:37.808] [TRACE] file - Session {
  cookie: {
    path: '/',
    _expires: 2020-10-21T07:40:37.808Z,
    originalMaxAge: 7776000000,
    httpOnly: true
  },
  views: { '/': 81, '/cv': 39, '/adm1n': 20, '/giftedADHD': 17 },
  __lastAccess: 1595490037808,
  horodate: 2020-07-23T09:40:37.742Z,
  ip: '83.202.34.239',
  geoloc: {
    range: [ 1405755904, 1405756415 ],
    country: 'FR',
    region: 'IDF',
    eu: '1',
    timezone: 'Europe/Paris',
    city: 'Paris',
    ll: [ 48.8543, 2.3527 ],
    metro: 0,
    area: 10
  }
}
[2020-07-23T09:40:39.161] [TRACE] file - Session {
  cookie: {
    path: '/',
    _expires: 2020-10-21T07:40:39.161Z,
    originalMaxAge: 7776000000,
    httpOnly: true
  },
  views: { '/': 82, '/cv': 39, '/adm1n': 20, '/giftedADHD': 17 },
  __lastAccess: 1595490039161,
  horodate: 2020-07-23T09:40:39.109Z,
  ip: '83.202.34.239',
  geoloc: {
    range: [ 1405755904, 1405756415 ],
    country: 'FR',
    region: 'IDF',
    eu: '1',
    timezone: 'Europe/Paris',
    city: 'Paris',
    ll: [ 48.8543, 2.3527 ],
    metro: 0,
    area: 10
  }
}
[2020-07-23T09:43:24.468] [TRACE] file - Session {
  cookie: {
    path: '/',
    _expires: 2020-10-21T07:43:24.468Z,
    originalMaxAge: 7776000000,
    httpOnly: true
  },
  views: { '/': 83, '/cv': 39, '/adm1n': 20, '/giftedADHD': 17 },
  __lastAccess: 1595490204468,
  horodate: 2020-07-23T09:43:24.407Z,
  ip: '83.202.34.239',
  geoloc: {
    range: [ 1405755904, 1405756415 ],
    country: 'FR',
    region: 'IDF',
    eu: '1',
    timezone: 'Europe/Paris',
    city: 'Paris',
    ll: [ 48.8543, 2.3527 ],
    metro: 0,
    area: 10
  }
}
[2020-07-23T09:43:32.413] [TRACE] file - Session {
  cookie: {
    path: '/',
    _expires: 2020-10-21T07:43:32.413Z,
    originalMaxAge: 7776000000,
    httpOnly: true
  },
  views: { '/': 84, '/cv': 39, '/adm1n': 20, '/giftedADHD': 17 },
  __lastAccess: 1595490212413,
  horodate: 2020-07-23T09:43:32.356Z,
  ip: '83.202.34.239',
  geoloc: {
    range: [ 1405755904, 1405756415 ],
    country: 'FR',
    region: 'IDF',
    eu: '1',
    timezone: 'Europe/Paris',
    city: 'Paris',
    ll: [ 48.8543, 2.3527 ],
    metro: 0,
    area: 10
  }
}
[2020-07-23T09:43:33.588] [TRACE] file - Session {
  cookie: {
    path: '/',
    _expires: 2020-10-21T07:43:33.588Z,
    originalMaxAge: 7776000000,
    httpOnly: true
  },
  views: { '/': 84, '/cv': 40, '/adm1n': 20, '/giftedADHD': 17 },
  __lastAccess: 1595490213588,
  horodate: 2020-07-23T09:43:33.543Z,
  ip: '83.202.34.239',
  geoloc: {
    range: [ 1405755904, 1405756415 ],
    country: 'FR',
    region: 'IDF',
    eu: '1',
    timezone: 'Europe/Paris',
    city: 'Paris',
    ll: [ 48.8543, 2.3527 ],
    metro: 0,
    area: 10
  }
}
[2020-07-23T09:43:48.286] [TRACE] file - Session {
  cookie: {
    path: '/',
    _expires: 2020-10-21T07:43:48.285Z,
    originalMaxAge: 7776000000,
    httpOnly: true
  },
  views: { '/': 84, '/cv': 41, '/adm1n': 20, '/giftedADHD': 17 },
  __lastAccess: 1595490228286,
  horodate: 2020-07-23T09:43:48.232Z,
  ip: '83.202.34.239',
  geoloc: {
    range: [ 1405755904, 1405756415 ],
    country: 'FR',
    region: 'IDF',
    eu: '1',
    timezone: 'Europe/Paris',
    city: 'Paris',
    ll: [ 48.8543, 2.3527 ],
    metro: 0,
    area: 10
  }
}
[2020-07-23T09:43:51.425] [TRACE] file - Session {
  cookie: {
    path: '/',
    _expires: 2020-10-21T07:43:51.424Z,
    originalMaxAge: 7776000000,
    httpOnly: true
  },
  views: { '/': 85, '/cv': 41, '/adm1n': 20, '/giftedADHD': 17 },
  __lastAccess: 1595490231424,
  horodate: 2020-07-23T09:43:51.374Z,
  ip: '83.202.34.239',
  geoloc: {
    range: [ 1405755904, 1405756415 ],
    country: 'FR',
    region: 'IDF',
    eu: '1',
    timezone: 'Europe/Paris',
    city: 'Paris',
    ll: [ 48.8543, 2.3527 ],
    metro: 0,
    area: 10
  }
}
[2020-07-23T09:45:32.650] [TRACE] file - Session {
  cookie: {
    path: '/',
    _expires: 2020-10-21T07:45:32.650Z,
    originalMaxAge: 7776000000,
    httpOnly: true
  },
  views: { '/': 86, '/cv': 41, '/adm1n': 20, '/giftedADHD': 17 },
  __lastAccess: 1595490332650,
  horodate: 2020-07-23T09:45:32.594Z,
  ip: '83.202.34.239',
  geoloc: {
    range: [ 1405755904, 1405756415 ],
    country: 'FR',
    region: 'IDF',
    eu: '1',
    timezone: 'Europe/Paris',
    city: 'Paris',
    ll: [ 48.8543, 2.3527 ],
    metro: 0,
    area: 10
  }
}
[2020-07-23T09:45:54.223] [TRACE] file - Session {
  cookie: {
    path: '/',
    _expires: 2020-10-21T07:45:54.222Z,
    originalMaxAge: 7775999999,
    httpOnly: true
  },
  views: { '/': 87, '/cv': 41, '/adm1n': 20, '/giftedADHD': 17 },
  __lastAccess: 1595490354223,
  horodate: 2020-07-23T09:45:54.160Z,
  ip: '83.202.34.239',
  geoloc: {
    range: [ 1405755904, 1405756415 ],
    country: 'FR',
    region: 'IDF',
    eu: '1',
    timezone: 'Europe/Paris',
    city: 'Paris',
    ll: [ 48.8543, 2.3527 ],
    metro: 0,
    area: 10
  }
}
[2020-07-23T09:46:18.893] [TRACE] file - Session {
  cookie: {
    path: '/',
    _expires: 2020-10-21T07:46:18.891Z,
    originalMaxAge: 7775999999,
    httpOnly: true
  },
  views: { '/': 88, '/cv': 41, '/adm1n': 20, '/giftedADHD': 17 },
  __lastAccess: 1595490378892,
  horodate: 2020-07-23T09:46:18.835Z,
  ip: '83.202.34.239',
  geoloc: {
    range: [ 1405755904, 1405756415 ],
    country: 'FR',
    region: 'IDF',
    eu: '1',
    timezone: 'Europe/Paris',
    city: 'Paris',
    ll: [ 48.8543, 2.3527 ],
    metro: 0,
    area: 10
  }
}
[2020-07-23T09:46:43.451] [TRACE] file - Session {
  cookie: {
    path: '/',
    _expires: 2020-10-21T07:46:43.450Z,
    originalMaxAge: 7775999999,
    httpOnly: true
  },
  views: { '/': 89, '/cv': 41, '/adm1n': 20, '/giftedADHD': 17 },
  __lastAccess: 1595490403451,
  horodate: 2020-07-23T09:46:43.387Z,
  ip: '83.202.34.239',
  geoloc: {
    range: [ 1405755904, 1405756415 ],
    country: 'FR',
    region: 'IDF',
    eu: '1',
    timezone: 'Europe/Paris',
    city: 'Paris',
    ll: [ 48.8543, 2.3527 ],
    metro: 0,
    area: 10
  }
}
[2020-07-23T09:47:25.249] [TRACE] file - Session {
  cookie: {
    path: '/',
    _expires: 2020-10-21T07:47:25.248Z,
    originalMaxAge: 7775999999,
    httpOnly: true
  },
  views: { '/': 90, '/cv': 41, '/adm1n': 20, '/giftedADHD': 17 },
  __lastAccess: 1595490445249,
  horodate: 2020-07-23T09:47:25.185Z,
  ip: '83.202.34.239',
  geoloc: {
    range: [ 1405755904, 1405756415 ],
    country: 'FR',
    region: 'IDF',
    eu: '1',
    timezone: 'Europe/Paris',
    city: 'Paris',
    ll: [ 48.8543, 2.3527 ],
    metro: 0,
    area: 10
  }
}
[2020-07-23T09:51:15.842] [TRACE] file - Session {
  cookie: {
    path: '/',
    _expires: 2020-10-21T07:51:15.841Z,
    originalMaxAge: 7775999999,
    httpOnly: true
  },
  views: { '/': 91, '/cv': 41, '/adm1n': 20, '/giftedADHD': 17 },
  __lastAccess: 1595490675842,
  horodate: 2020-07-23T09:51:15.786Z,
  ip: '83.202.34.239',
  geoloc: {
    range: [ 1405755904, 1405756415 ],
    country: 'FR',
    region: 'IDF',
    eu: '1',
    timezone: 'Europe/Paris',
    city: 'Paris',
    ll: [ 48.8543, 2.3527 ],
    metro: 0,
    area: 10
  }
}
[2020-07-23T09:51:25.197] [TRACE] file - Session {
  cookie: {
    path: '/',
    _expires: 2020-10-21T07:51:25.196Z,
    originalMaxAge: 7775999999,
    httpOnly: true
  },
  views: { '/': 92, '/cv': 41, '/adm1n': 20, '/giftedADHD': 17 },
  __lastAccess: 1595490685197,
  horodate: 2020-07-23T09:51:25.143Z,
  ip: '83.202.34.239',
  geoloc: {
    range: [ 1405755904, 1405756415 ],
    country: 'FR',
    region: 'IDF',
    eu: '1',
    timezone: 'Europe/Paris',
    city: 'Paris',
    ll: [ 48.8543, 2.3527 ],
    metro: 0,
    area: 10
  }
}
[2020-07-23T09:51:49.445] [TRACE] file - Session {
  cookie: {
    path: '/',
    _expires: 2020-10-21T07:51:49.443Z,
    originalMaxAge: 7775999999,
    httpOnly: true
  },
  views: { '/': 93, '/cv': 41, '/adm1n': 20, '/giftedADHD': 17 },
  __lastAccess: 1595490709444,
  horodate: 2020-07-23T09:51:49.372Z,
  ip: '83.202.34.239',
  geoloc: {
    range: [ 1405755904, 1405756415 ],
    country: 'FR',
    region: 'IDF',
    eu: '1',
    timezone: 'Europe/Paris',
    city: 'Paris',
    ll: [ 48.8543, 2.3527 ],
    metro: 0,
    area: 10
  }
}
[2020-07-23T09:54:38.389] [TRACE] file - Session {
  cookie: {
    path: '/',
    _expires: 2020-10-21T07:54:38.388Z,
    originalMaxAge: 7775999999,
    httpOnly: true
  },
  views: { '/': 94, '/cv': 41, '/adm1n': 20, '/giftedADHD': 17 },
  __lastAccess: 1595490878389,
  horodate: 2020-07-23T09:54:38.324Z,
  ip: '83.202.34.239',
  geoloc: {
    range: [ 1405755904, 1405756415 ],
    country: 'FR',
    region: 'IDF',
    eu: '1',
    timezone: 'Europe/Paris',
    city: 'Paris',
    ll: [ 48.8543, 2.3527 ],
    metro: 0,
    area: 10
  }
}
[2020-07-23T09:54:57.569] [TRACE] file - Session {
  cookie: {
    path: '/',
    _expires: 2020-10-21T07:54:57.568Z,
    originalMaxAge: 7775999999,
    httpOnly: true
  },
  views: { '/': 94, '/cv': 42, '/adm1n': 20, '/giftedADHD': 17 },
  __lastAccess: 1595490897569,
  horodate: 2020-07-23T09:54:57.511Z,
  ip: '83.202.34.239',
  geoloc: {
    range: [ 1405755904, 1405756415 ],
    country: 'FR',
    region: 'IDF',
    eu: '1',
    timezone: 'Europe/Paris',
    city: 'Paris',
    ll: [ 48.8543, 2.3527 ],
    metro: 0,
    area: 10
  }
}
[2020-07-23T09:55:01.826] [TRACE] file - Session {
  cookie: {
    path: '/',
    _expires: 2020-10-21T07:55:01.825Z,
    originalMaxAge: 7775999999,
    httpOnly: true
  },
  views: { '/': 95, '/cv': 42, '/adm1n': 20, '/giftedADHD': 17 },
  __lastAccess: 1595490901826,
  horodate: 2020-07-23T09:55:01.775Z,
  ip: '83.202.34.239',
  geoloc: {
    range: [ 1405755904, 1405756415 ],
    country: 'FR',
    region: 'IDF',
    eu: '1',
    timezone: 'Europe/Paris',
    city: 'Paris',
    ll: [ 48.8543, 2.3527 ],
    metro: 0,
    area: 10
  }
}
[2020-07-23T09:55:54.025] [TRACE] file - Session {
  cookie: {
    path: '/',
    _expires: 2020-10-21T07:55:54.024Z,
    originalMaxAge: 7775999999,
    httpOnly: true
  },
  views: { '/': 96, '/cv': 42, '/adm1n': 20, '/giftedADHD': 17 },
  __lastAccess: 1595490954025,
  horodate: 2020-07-23T09:55:53.964Z,
  ip: '83.202.34.239',
  geoloc: {
    range: [ 1405755904, 1405756415 ],
    country: 'FR',
    region: 'IDF',
    eu: '1',
    timezone: 'Europe/Paris',
    city: 'Paris',
    ll: [ 48.8543, 2.3527 ],
    metro: 0,
    area: 10
  }
}
[2020-07-23T09:56:12.690] [TRACE] file - Session {
  cookie: {
    path: '/',
    _expires: 2020-10-21T07:56:12.688Z,
    originalMaxAge: 7775999999,
    httpOnly: true
  },
  views: { '/': 96, '/cv': 43, '/adm1n': 20, '/giftedADHD': 17 },
  __lastAccess: 1595490972690,
  horodate: 2020-07-23T09:56:12.634Z,
  ip: '83.202.34.239',
  geoloc: {
    range: [ 1405755904, 1405756415 ],
    country: 'FR',
    region: 'IDF',
    eu: '1',
    timezone: 'Europe/Paris',
    city: 'Paris',
    ll: [ 48.8543, 2.3527 ],
    metro: 0,
    area: 10
  }
}
[2020-07-23T09:56:23.395] [TRACE] file - Session {
  cookie: {
    path: '/',
    _expires: 2020-10-21T07:56:23.393Z,
    originalMaxAge: 7775999999,
    httpOnly: true
  },
  views: { '/': 96, '/cv': 43, '/adm1n': 21, '/giftedADHD': 17 },
  __lastAccess: 1595490983395,
  horodate: 2020-07-23T09:56:23.344Z,
  ip: '83.202.34.239',
  geoloc: {
    range: [ 1405755904, 1405756415 ],
    country: 'FR',
    region: 'IDF',
    eu: '1',
    timezone: 'Europe/Paris',
    city: 'Paris',
    ll: [ 48.8543, 2.3527 ],
    metro: 0,
    area: 10
  }
}
[2020-07-23T09:56:26.449] [TRACE] file - Session {
  cookie: {
    path: '/',
    _expires: 2020-10-21T07:56:26.448Z,
    originalMaxAge: 7775999999,
    httpOnly: true
  },
  views: { '/': 97, '/cv': 43, '/adm1n': 21, '/giftedADHD': 17 },
  __lastAccess: 1595490986449,
  horodate: 2020-07-23T09:56:26.395Z,
  ip: '83.202.34.239',
  geoloc: {
    range: [ 1405755904, 1405756415 ],
    country: 'FR',
    region: 'IDF',
    eu: '1',
    timezone: 'Europe/Paris',
    city: 'Paris',
    ll: [ 48.8543, 2.3527 ],
    metro: 0,
    area: 10
  }
}
[2020-07-23T09:56:42.032] [TRACE] file - Session {
  cookie: {
    path: '/',
    _expires: 2020-10-21T07:56:42.030Z,
    originalMaxAge: 7775999999,
    httpOnly: true
  },
  views: { '/': 98, '/cv': 43, '/adm1n': 21, '/giftedADHD': 17 },
  __lastAccess: 1595491002031,
  horodate: 2020-07-23T09:56:41.966Z,
  ip: '83.202.34.239',
  geoloc: {
    range: [ 1405755904, 1405756415 ],
    country: 'FR',
    region: 'IDF',
    eu: '1',
    timezone: 'Europe/Paris',
    city: 'Paris',
    ll: [ 48.8543, 2.3527 ],
    metro: 0,
    area: 10
  }
}
[2020-07-23T09:56:59.043] [TRACE] file - Session {
  cookie: {
    path: '/',
    _expires: 2020-10-21T07:56:59.041Z,
    originalMaxAge: 7775999999,
    httpOnly: true
  },
  views: { '/': 99, '/cv': 43, '/adm1n': 21, '/giftedADHD': 17 },
  __lastAccess: 1595491019042,
  horodate: 2020-07-23T09:56:58.982Z,
  ip: '83.202.34.239',
  geoloc: {
    range: [ 1405755904, 1405756415 ],
    country: 'FR',
    region: 'IDF',
    eu: '1',
    timezone: 'Europe/Paris',
    city: 'Paris',
    ll: [ 48.8543, 2.3527 ],
    metro: 0,
    area: 10
  }
}
[2020-07-23T09:57:17.492] [TRACE] file - Session {
  cookie: {
    path: '/',
    _expires: 2020-10-21T07:57:17.490Z,
    originalMaxAge: 7775999999,
    httpOnly: true
  },
  views: { '/': 100, '/cv': 43, '/adm1n': 21, '/giftedADHD': 17 },
  __lastAccess: 1595491037491,
  horodate: 2020-07-23T09:57:17.427Z,
  ip: '83.202.34.239',
  geoloc: {
    range: [ 1405755904, 1405756415 ],
    country: 'FR',
    region: 'IDF',
    eu: '1',
    timezone: 'Europe/Paris',
    city: 'Paris',
    ll: [ 48.8543, 2.3527 ],
    metro: 0,
    area: 10
  }
}
[2020-07-23T09:57:41.249] [TRACE] file - Session {
  cookie: {
    path: '/',
    _expires: 2020-10-21T07:57:41.246Z,
    originalMaxAge: 7775999998,
    httpOnly: true
  },
  views: { '/': 26, '/cv': 16, '/adm1n': 7, '/giftedADHD': 8 },
  __lastAccess: 1595491061248,
  horodate: 2020-07-23T09:57:41.191Z,
  ip: '83.202.34.239',
  geoloc: {
    range: [ 1405755904, 1405756415 ],
    country: 'FR',
    region: 'IDF',
    eu: '1',
    timezone: 'Europe/Paris',
    city: 'Paris',
    ll: [ 48.8543, 2.3527 ],
    metro: 0,
    area: 10
  }
}
[2020-07-23T09:57:51.881] [TRACE] file - Session {
  cookie: {
    path: '/',
    _expires: 2020-10-21T07:57:51.879Z,
    originalMaxAge: 7775999998,
    httpOnly: true
  },
  views: { '/': 27, '/cv': 16, '/adm1n': 7, '/giftedADHD': 8 },
  __lastAccess: 1595491071881,
  horodate: 2020-07-23T09:57:51.822Z,
  ip: '83.202.34.239',
  geoloc: {
    range: [ 1405755904, 1405756415 ],
    country: 'FR',
    region: 'IDF',
    eu: '1',
    timezone: 'Europe/Paris',
    city: 'Paris',
    ll: [ 48.8543, 2.3527 ],
    metro: 0,
    area: 10
  }
}
[2020-07-23T09:57:59.814] [TRACE] file - Session {
  cookie: {
    path: '/',
    _expires: 2020-10-21T07:57:59.811Z,
    originalMaxAge: 7775999998,
    httpOnly: true
  },
  views: { '/': 27, '/cv': 17, '/adm1n': 7, '/giftedADHD': 8 },
  __lastAccess: 1595491079813,
  horodate: 2020-07-23T09:57:59.757Z,
  ip: '83.202.34.239',
  geoloc: {
    range: [ 1405755904, 1405756415 ],
    country: 'FR',
    region: 'IDF',
    eu: '1',
    timezone: 'Europe/Paris',
    city: 'Paris',
    ll: [ 48.8543, 2.3527 ],
    metro: 0,
    area: 10
  }
}
[2020-07-23T09:58:34.201] [TRACE] file - Session {
  cookie: {
    path: '/',
    _expires: 2020-10-21T07:58:34.199Z,
    originalMaxAge: 7775999998,
    httpOnly: true
  },
  views: { '/': 27, '/cv': 18, '/adm1n': 7, '/giftedADHD': 8 },
  __lastAccess: 1595491114201,
  horodate: 2020-07-23T09:58:34.150Z,
  ip: '83.202.34.239',
  geoloc: {
    range: [ 1405755904, 1405756415 ],
    country: 'FR',
    region: 'IDF',
    eu: '1',
    timezone: 'Europe/Paris',
    city: 'Paris',
    ll: [ 48.8543, 2.3527 ],
    metro: 0,
    area: 10
  }
}
[2020-07-23T09:58:36.325] [TRACE] file - Session {
  cookie: {
    path: '/',
    _expires: 2020-10-21T07:58:36.323Z,
    originalMaxAge: 7775999998,
    httpOnly: true
  },
  views: { '/': 28, '/cv': 18, '/adm1n': 7, '/giftedADHD': 8 },
  __lastAccess: 1595491116325,
  horodate: 2020-07-23T09:58:36.276Z,
  ip: '83.202.34.239',
  geoloc: {
    range: [ 1405755904, 1405756415 ],
    country: 'FR',
    region: 'IDF',
    eu: '1',
    timezone: 'Europe/Paris',
    city: 'Paris',
    ll: [ 48.8543, 2.3527 ],
    metro: 0,
    area: 10
  }
}
[2020-07-23T09:58:42.994] [TRACE] file - Session {
  cookie: {
    path: '/',
    _expires: 2020-10-21T07:58:42.991Z,
    originalMaxAge: 7775999998,
    httpOnly: true
  },
  views: { '/': 29, '/cv': 18, '/adm1n': 7, '/giftedADHD': 8 },
  __lastAccess: 1595491122993,
  horodate: 2020-07-23T09:58:42.938Z,
  ip: '83.202.34.239',
  geoloc: {
    range: [ 1405755904, 1405756415 ],
    country: 'FR',
    region: 'IDF',
    eu: '1',
    timezone: 'Europe/Paris',
    city: 'Paris',
    ll: [ 48.8543, 2.3527 ],
    metro: 0,
    area: 10
  }
}
[2020-07-23T09:59:02.875] [TRACE] file - Session {
  cookie: {
    path: '/',
    _expires: 2020-10-21T07:59:02.872Z,
    originalMaxAge: 7775999998,
    httpOnly: true
  },
  views: { '/': 30, '/cv': 18, '/adm1n': 7, '/giftedADHD': 8 },
  __lastAccess: 1595491142874,
  horodate: 2020-07-23T09:59:02.806Z,
  ip: '83.202.34.239',
  geoloc: {
    range: [ 1405755904, 1405756415 ],
    country: 'FR',
    region: 'IDF',
    eu: '1',
    timezone: 'Europe/Paris',
    city: 'Paris',
    ll: [ 48.8543, 2.3527 ],
    metro: 0,
    area: 10
  }
}
[2020-07-23T09:59:05.028] [TRACE] file - Session {
  cookie: {
    path: '/',
    _expires: 2020-10-21T07:59:05.026Z,
    originalMaxAge: 7775999998,
    httpOnly: true
  },
  views: { '/': 31, '/cv': 18, '/adm1n': 7, '/giftedADHD': 8 },
  __lastAccess: 1595491145028,
  horodate: 2020-07-23T09:59:04.961Z,
  ip: '83.202.34.239',
  geoloc: {
    range: [ 1405755904, 1405756415 ],
    country: 'FR',
    region: 'IDF',
    eu: '1',
    timezone: 'Europe/Paris',
    city: 'Paris',
    ll: [ 48.8543, 2.3527 ],
    metro: 0,
    area: 10
  }
}
[2020-07-23T09:59:06.872] [TRACE] file - Session {
  cookie: {
    path: '/',
    _expires: 2020-10-21T07:59:06.870Z,
    originalMaxAge: 7775999998,
    httpOnly: true
  },
  views: { '/': 32, '/cv': 18, '/adm1n': 7, '/giftedADHD': 8 },
  __lastAccess: 1595491146872,
  horodate: 2020-07-23T09:59:06.815Z,
  ip: '83.202.34.239',
  geoloc: {
    range: [ 1405755904, 1405756415 ],
    country: 'FR',
    region: 'IDF',
    eu: '1',
    timezone: 'Europe/Paris',
    city: 'Paris',
    ll: [ 48.8543, 2.3527 ],
    metro: 0,
    area: 10
  }
}
[2020-07-23T09:59:14.840] [TRACE] file - Session {
  cookie: {
    path: '/',
    _expires: 2020-10-21T07:59:14.837Z,
    originalMaxAge: 7775999998,
    httpOnly: true
  },
  views: { '/': 33, '/cv': 18, '/adm1n': 7, '/giftedADHD': 8 },
  __lastAccess: 1595491154839,
  horodate: 2020-07-23T09:59:14.786Z,
  ip: '83.202.34.239',
  geoloc: {
    range: [ 1405755904, 1405756415 ],
    country: 'FR',
    region: 'IDF',
    eu: '1',
    timezone: 'Europe/Paris',
    city: 'Paris',
    ll: [ 48.8543, 2.3527 ],
    metro: 0,
    area: 10
  }
}
[2020-07-23T09:59:18.561] [TRACE] file - Session {
  cookie: {
    path: '/',
    _expires: 2020-10-21T07:59:18.559Z,
    originalMaxAge: 7775999998,
    httpOnly: true
  },
  views: { '/': 34, '/cv': 18, '/adm1n': 7, '/giftedADHD': 8 },
  __lastAccess: 1595491158561,
  horodate: 2020-07-23T09:59:18.495Z,
  ip: '83.202.34.239',
  geoloc: {
    range: [ 1405755904, 1405756415 ],
    country: 'FR',
    region: 'IDF',
    eu: '1',
    timezone: 'Europe/Paris',
    city: 'Paris',
    ll: [ 48.8543, 2.3527 ],
    metro: 0,
    area: 10
  }
}
[2020-07-23T10:00:25.879] [TRACE] file - Session {
  cookie: {
    path: '/',
    _expires: 2020-10-21T08:00:25.876Z,
    originalMaxAge: 7775999998,
    httpOnly: true
  },
  views: { '/': 35, '/cv': 18, '/adm1n': 7, '/giftedADHD': 8 },
  __lastAccess: 1595491225878,
  horodate: 2020-07-23T10:00:25.811Z,
  ip: '83.202.34.239',
  geoloc: {
    range: [ 1405755904, 1405756415 ],
    country: 'FR',
    region: 'IDF',
    eu: '1',
    timezone: 'Europe/Paris',
    city: 'Paris',
    ll: [ 48.8543, 2.3527 ],
    metro: 0,
    area: 10
  }
}
[2020-07-23T10:00:31.509] [TRACE] file - Session {
  cookie: {
    path: '/',
    _expires: 2020-10-21T08:00:31.506Z,
    originalMaxAge: 7775999998,
    httpOnly: true
  },
  views: { '/': 36, '/cv': 18, '/adm1n': 7, '/giftedADHD': 8 },
  __lastAccess: 1595491231508,
  horodate: 2020-07-23T10:00:31.452Z,
  ip: '83.202.34.239',
  geoloc: {
    range: [ 1405755904, 1405756415 ],
    country: 'FR',
    region: 'IDF',
    eu: '1',
    timezone: 'Europe/Paris',
    city: 'Paris',
    ll: [ 48.8543, 2.3527 ],
    metro: 0,
    area: 10
  }
}
[2020-07-23T10:00:35.504] [TRACE] file - Session {
  cookie: {
    path: '/',
    _expires: 2020-10-21T08:00:35.503Z,
    originalMaxAge: 7775999999,
    httpOnly: true
  },
  views: { '/': 101, '/cv': 43, '/adm1n': 21, '/giftedADHD': 17 },
  __lastAccess: 1595491235504,
  horodate: 2020-07-23T10:00:35.456Z,
  ip: '83.202.34.239',
  geoloc: {
    range: [ 1405755904, 1405756415 ],
    country: 'FR',
    region: 'IDF',
    eu: '1',
    timezone: 'Europe/Paris',
    city: 'Paris',
    ll: [ 48.8543, 2.3527 ],
    metro: 0,
    area: 10
  }
}
