[2020-06-24T20:24:21.219] [TRACE] trace - {
  horodate: 2020-06-24T18:24:21.219Z,
  ip: '90.92.102.225',
  geoloc: {
    range: [ 1516003328, 1516005375 ],
    country: 'FR',
    region: 'IDF',
    eu: '1',
    timezone: 'Europe/Paris',
    city: 'Paris',
    ll: [ 48.8543, 2.3527 ],
    metro: 0,
    area: 5
  },
  cookie: { path: '/', _expires: null, originalMaxAge: null, httpOnly: true }
}
[2020-06-24T21:02:35.617] [TRACE] trace - {
  horodate: 2020-06-24T19:02:35.617Z,
  ip: '134.119.180.47',
  geoloc: {
    range: [ 2255990784, 2255992831 ],
    country: 'FR',
    region: '',
    eu: '1',
    timezone: 'Europe/Paris',
    city: '',
    ll: [ 48.8582, 2.3387 ],
    metro: 0,
    area: 200
  },
  cookie: { path: '/', _expires: null, originalMaxAge: null, httpOnly: true }
}
[2020-06-24T21:15:09.820] [TRACE] trace - {
  horodate: 2020-06-24T19:15:09.820Z,
  ip: '201.238.154.37',
  geoloc: {
    range: [ 3387857408, 3387857663 ],
    country: 'EC',
    region: 'A',
    eu: '0',
    timezone: 'America/Guayaquil',
    city: 'Gualaceo',
    ll: [ -2.9, -78.7833 ],
    metro: 0,
    area: 100
  },
  cookie: { path: '/', _expires: null, originalMaxAge: null, httpOnly: true }
}
[2020-06-24T22:26:37.206] [TRACE] trace - {
  horodate: 2020-06-24T20:26:37.206Z,
  ip: '91.175.159.123',
  geoloc: {
    range: [ 1537998848, 1538260991 ],
    country: 'FR',
    region: '',
    eu: '1',
    timezone: 'Europe/Paris',
    city: '',
    ll: [ 48.8582, 2.3387 ],
    metro: 0,
    area: 500
  },
  cookie: { path: '/', _expires: null, originalMaxAge: null, httpOnly: true }
}
[2020-06-24T23:10:09.992] [TRACE] trace - {
  horodate: 2020-06-24T21:10:09.992Z,
  ip: '46.19.55.72',
  geoloc: {
    range: [ 773010432, 773011455 ],
    country: 'IT',
    region: '57',
    eu: '1',
    timezone: 'Europe/Rome',
    city: 'Fano',
    ll: [ 43.8405, 13.0167 ],
    metro: 0,
    area: 10
  },
  cookie: { path: '/', _expires: null, originalMaxAge: null, httpOnly: true }
}
[2020-06-25T00:03:54.488] [TRACE] trace - {
  horodate: 2020-06-24T22:03:54.488Z,
  ip: '192.36.248.249',
  geoloc: {
    range: [ 3223648256, 3223648511 ],
    country: 'SE',
    region: '',
    eu: '1',
    timezone: 'Europe/Stockholm',
    city: '',
    ll: [ 59.3247, 18.056 ],
    metro: 0,
    area: 500
  },
  cookie: { path: '/', _expires: null, originalMaxAge: null, httpOnly: true }
}
[2020-06-25T00:52:00.884] [TRACE] trace - {
  horodate: 2020-06-24T22:52:00.884Z,
  ip: '83.97.20.31',
  geoloc: {
    range: [ 1398871040, 1398871295 ],
    country: 'RO',
    region: 'B',
    eu: '1',
    timezone: 'Europe/Bucharest',
    city: 'Bucharest',
    ll: [ 44.418, 26.1691 ],
    metro: 0,
    area: 200
  },
  cookie: { path: '/', _expires: null, originalMaxAge: null, httpOnly: true }
}
[2020-06-25T01:20:26.886] [TRACE] trace - {
  horodate: 2020-06-24T23:20:26.886Z,
  ip: '139.162.119.197',
  geoloc: {
    range: [ 2342674432, 2342682623 ],
    country: 'JP',
    region: '13',
    eu: '0',
    timezone: 'Asia/Tokyo',
    city: 'Tokyo',
    ll: [ 35.6882, 139.7532 ],
    metro: 0,
    area: 100
  },
  cookie: { path: '/', _expires: null, originalMaxAge: null, httpOnly: true }
}
[2020-06-25T01:54:40.561] [TRACE] trace - {
  horodate: 2020-06-24T23:54:40.561Z,
  ip: '103.253.42.41',
  geoloc: {
    range: [ 1744644096, 1744645119 ],
    country: 'HK',
    region: '',
    eu: '0',
    timezone: 'Asia/Hong_Kong',
    city: '',
    ll: [ 22.25, 114.1667 ],
    metro: 0,
    area: 50
  },
  cookie: { path: '/', _expires: null, originalMaxAge: null, httpOnly: true }
}
[2020-06-25T03:40:40.029] [TRACE] trace - {
  horodate: 2020-06-25T01:40:40.029Z,
  ip: '195.54.160.135',
  geoloc: null,
  cookie: { path: '/', _expires: null, originalMaxAge: null, httpOnly: true }
}
[2020-06-25T03:40:41.102] [TRACE] trace - {
  horodate: 2020-06-25T01:40:41.102Z,
  ip: '195.54.160.135',
  geoloc: null,
  cookie: { path: '/', _expires: null, originalMaxAge: null, httpOnly: true }
}
[2020-06-25T04:01:30.216] [TRACE] trace - {
  horodate: 2020-06-25T02:01:30.216Z,
  ip: '193.118.53.138',
  geoloc: {
    range: [ 3245748224, 3245752319 ],
    country: 'DE',
    region: '',
    eu: '1',
    timezone: 'Europe/Berlin',
    city: '',
    ll: [ 51.2993, 9.491 ],
    metro: 0,
    area: 200
  },
  cookie: { path: '/', _expires: null, originalMaxAge: null, httpOnly: true }
}
[2020-06-25T04:04:40.350] [TRACE] trace - {
  horodate: 2020-06-25T02:04:40.350Z,
  ip: '207.46.13.201',
  geoloc: {
    range: [ 3475901696, 3475901951 ],
    country: 'US',
    region: 'WA',
    eu: '0',
    timezone: 'America/Los_Angeles',
    city: '',
    ll: [ 47.6092, -122.3314 ],
    metro: 0,
    area: 1000
  },
  cookie: { path: '/', _expires: null, originalMaxAge: null, httpOnly: true }
}
[2020-06-25T04:16:02.352] [TRACE] trace - {
  horodate: 2020-06-25T02:16:02.352Z,
  ip: '45.84.196.233',
  geoloc: {
    range: [ 760529920, 760530175 ],
    country: 'US',
    region: 'IL',
    eu: '0',
    timezone: 'America/Chicago',
    city: 'Chicago',
    ll: [ 41.9032, -87.6383 ],
    metro: 602,
    area: 200
  },
  cookie: { path: '/', _expires: null, originalMaxAge: null, httpOnly: true }
}
[2020-06-25T05:46:01.741] [TRACE] trace - {
  horodate: 2020-06-25T03:46:01.741Z,
  ip: '109.196.66.94',
  geoloc: {
    range: [ 1841578496, 1841579007 ],
    country: 'RU',
    region: 'VLA',
    eu: '0',
    timezone: 'Europe/Moscow',
    city: "Kol'chugino",
    ll: [ 56.3, 39.3833 ],
    metro: 0,
    area: 10
  },
  cookie: { path: '/', _expires: null, originalMaxAge: null, httpOnly: true }
}
[2020-06-25T06:21:34.166] [TRACE] trace - {
  horodate: 2020-06-25T04:21:34.166Z,
  ip: '177.67.12.118',
  geoloc: {
    range: [ 2973961216, 2973961471 ],
    country: 'BR',
    region: 'MG',
    eu: '0',
    timezone: 'America/Sao_Paulo',
    city: 'Crucilandia',
    ll: [ -19.3294, -49.6434 ],
    metro: 0,
    area: 50
  },
  cookie: { path: '/', _expires: null, originalMaxAge: null, httpOnly: true }
}
[2020-06-25T06:28:43.153] [TRACE] trace - {
  horodate: 2020-06-25T04:28:43.152Z,
  ip: '89.33.130.86',
  geoloc: {
    range: [ 1495368192, 1495368703 ],
    country: 'RO',
    region: '',
    eu: '1',
    timezone: 'Europe/Bucharest',
    city: '',
    ll: [ 46, 25 ],
    metro: 0,
    area: 200
  },
  cookie: { path: '/', _expires: null, originalMaxAge: null, httpOnly: true }
}
[2020-06-25T06:34:42.753] [TRACE] trace - {
  horodate: 2020-06-25T04:34:42.753Z,
  ip: '193.118.53.194',
  geoloc: {
    range: [ 3245748224, 3245752319 ],
    country: 'DE',
    region: '',
    eu: '1',
    timezone: 'Europe/Berlin',
    city: '',
    ll: [ 51.2993, 9.491 ],
    metro: 0,
    area: 200
  },
  cookie: { path: '/', _expires: null, originalMaxAge: null, httpOnly: true }
}
[2020-06-25T06:59:15.482] [TRACE] trace - {
  horodate: 2020-06-25T04:59:15.482Z,
  ip: '209.126.3.185',
  geoloc: {
    range: [ 3514695680, 3514699775 ],
    country: 'US',
    region: 'MO',
    eu: '0',
    timezone: 'America/Chicago',
    city: 'St Louis',
    ll: [ 38.7048, -90.4617 ],
    metro: 609,
    area: 1000
  },
  cookie: { path: '/', _expires: null, originalMaxAge: null, httpOnly: true }
}
[2020-06-25T07:29:42.240] [TRACE] trace - {
  horodate: 2020-06-25T05:29:42.240Z,
  ip: '41.73.195.226',
  geoloc: {
    range: [ 692699136, 692707327 ],
    country: 'TZ',
    region: '',
    eu: '0',
    timezone: 'Africa/Dar_es_Salaam',
    city: '',
    ll: [ -6.8227, 39.291 ],
    metro: 0,
    area: 50
  },
  cookie: { path: '/', _expires: null, originalMaxAge: null, httpOnly: true }
}
