Thu Jul 29 2021 14:01:22 GMT+0200 (GMT+02:00)[2020-07-29T14:01:26.369] [TRACE] file - Session {
  cookie: {
    path: '/',
    _expires: 2020-10-27T12:01:26.363Z,
    originalMaxAge: 7775999998,
    httpOnly: true
  },
  views: { '/': 24, '/cv': 37, '/giftedADHD': 1 },
  horodate: 2020-07-29T14:01:25.792Z,
  ip: '83.202.34.239',
  geoloc: {
    range: [ 1405755904, 1405756415 ],
    country: 'FR',
    region: 'IDF',
    eu: '1',
    timezone: 'Europe/Paris',
    city: 'Paris',
    ll: [ 48.8543, 2.3527 ],
    metro: 0,
    area: 10
  },
  __lastAccess: 1596024086366
}
