Fri Jul 30 2021 01:03:17 GMT+0200 (GMT+02:00)[2020-07-30T01:03:25.261] [TRACE] file - 5AgUTu-d004Il8MstKp4wagf
[2020-07-30T01:03:25.262] [TRACE] file - Session {
  cookie: {
    path: '/',
    _expires: 2020-10-27T23:03:25.257Z,
    originalMaxAge: 7775999998,
    httpOnly: true
  },
  views: { '/': 38, '/cv': 37, '/giftedADHD': 1 },
  horodate: '2020-07-29T00:54:54.916Z',
  ip: '83.202.34.239',
  geoloc: {
    range: [ 1405755904, 1405756415 ],
    country: 'FR',
    region: 'IDF',
    eu: '1',
    timezone: 'Europe/Paris',
    city: 'Paris',
    ll: [ 48.8543, 2.3527 ],
    metro: 0,
    area: 10
  },
  __lastAccess: 1596063805259
}
[2020-07-30T01:04:20.394] [TRACE] file - fogjaO6QN5ksSYaSe3vwApmi
[2020-07-30T01:04:20.395] [TRACE] file - Session {
  cookie: {
    path: '/',
    _expires: 2020-10-27T23:04:20.394Z,
    originalMaxAge: 7776000000,
    httpOnly: true,
    SameSite: 'none',
    secure: true
  },
  __lastAccess: 1596063860394
}
