Fri Jul 30 2021 01:15:52 GMT+0200 (GMT+02:00)[2020-07-30T01:15:56.529] [TRACE] file - 5AgUTu-d004Il8MstKp4wagf
[2020-07-30T01:15:56.530] [TRACE] file - Session {
  cookie: {
    path: '/',
    _expires: 2020-10-27T23:15:56.523Z,
    originalMaxAge: 7775999998,
    httpOnly: true
  },
  views: { '/': 44, '/cv': 37, '/giftedADHD': 1 },
  horodate: 2020-07-29T01:15:55.938Z,
  ip: '83.202.34.239',
  geoloc: {
    range: [ 1405755904, 1405756415 ],
    country: 'FR',
    region: 'IDF',
    eu: '1',
    timezone: 'Europe/Paris',
    city: 'Paris',
    ll: [ 48.8543, 2.3527 ],
    metro: 0,
    area: 10
  },
  __lastAccess: 1596064556525
}
[2020-07-30T01:15:59.951] [TRACE] file - 5AgUTu-d004Il8MstKp4wagf
[2020-07-30T01:15:59.952] [TRACE] file - Session {
  cookie: {
    path: '/',
    _expires: 2020-10-27T23:15:59.949Z,
    originalMaxAge: 7775999998,
    httpOnly: true
  },
  views: { '/': 45, '/cv': 37, '/giftedADHD': 1 },
  horodate: 2020-07-29T01:15:59.828Z,
  ip: '83.202.34.239',
  geoloc: {
    range: [ 1405755904, 1405756415 ],
    country: 'FR',
    region: 'IDF',
    eu: '1',
    timezone: 'Europe/Paris',
    city: 'Paris',
    ll: [ 48.8543, 2.3527 ],
    metro: 0,
    area: 10
  },
  __lastAccess: 1596064559951
}
[2020-07-30T01:16:59.559] [TRACE] file - 8zYQ8RvtcGd8gIEMCgPq1SDt
[2020-07-30T01:16:59.559] [TRACE] file - Session {
  cookie: {
    path: '/',
    _expires: 2020-10-27T23:16:59.559Z,
    originalMaxAge: 7776000000,
    httpOnly: true
  },
  views: { '/': 29, '/cv': 15, '/giftedADHD': 19 },
  horodate: 2020-07-29T01:16:59.402Z,
  ip: '92.184.96.126',
  geoloc: {
    range: [ 1555587072, 1555588095 ],
    country: 'FR',
    region: 'IDF',
    eu: '1',
    timezone: 'Europe/Paris',
    city: 'Paris',
    ll: [ 48.8649, 2.2752 ],
    metro: 0,
    area: 200
  },
  __lastAccess: 1596064619559
}
