Fri Jul 23 2021 16:28:21 GMT+0200 (GMT+02:00)[2020-07-23T16:28:27.964] [TRACE] file - Session {
  cookie: {
    path: '/',
    _expires: 2020-10-21T14:28:27.960Z,
    originalMaxAge: 7776000000,
    httpOnly: true
  },
  views: { '/': 22, '/giftedADHD': 10, '/cv': 14 },
  horodate: 2020-07-23T16:28:27.352Z,
  ip: '83.202.34.239',
  geoloc: {
    range: [ 1405755904, 1405756415 ],
    country: 'FR',
    region: 'IDF',
    eu: '1',
    timezone: 'Europe/Paris',
    city: 'Paris',
    ll: [ 48.8543, 2.3527 ],
    metro: 0,
    area: 10
  },
  __lastAccess: 1595514507961
}
[2020-07-23T16:28:47.242] [TRACE] file - Session {
  cookie: {
    path: '/',
    _expires: 2020-10-21T14:28:47.242Z,
    originalMaxAge: 7776000000,
    httpOnly: true
  },
  views: { '/': 22, '/giftedADHD': 10, '/cv': 15 },
  horodate: 2020-07-23T16:28:47.085Z,
  ip: '83.202.34.239',
  geoloc: {
    range: [ 1405755904, 1405756415 ],
    country: 'FR',
    region: 'IDF',
    eu: '1',
    timezone: 'Europe/Paris',
    city: 'Paris',
    ll: [ 48.8543, 2.3527 ],
    metro: 0,
    area: 10
  },
  __lastAccess: 1595514527242
}
[2020-07-23T16:28:49.859] [TRACE] file - Session {
  cookie: {
    path: '/',
    _expires: 2020-10-21T14:28:49.859Z,
    originalMaxAge: 7776000000,
    httpOnly: true
  },
  views: { '/': 22, '/giftedADHD': 11, '/cv': 15 },
  horodate: 2020-07-23T16:28:49.794Z,
  ip: '83.202.34.239',
  geoloc: {
    range: [ 1405755904, 1405756415 ],
    country: 'FR',
    region: 'IDF',
    eu: '1',
    timezone: 'Europe/Paris',
    city: 'Paris',
    ll: [ 48.8543, 2.3527 ],
    metro: 0,
    area: 10
  },
  __lastAccess: 1595514529859
}
[2020-07-23T16:28:54.066] [TRACE] file - Session {
  cookie: {
    path: '/',
    _expires: 2020-10-21T14:28:54.066Z,
    originalMaxAge: 7776000000,
    httpOnly: true
  },
  views: { '/': 23, '/giftedADHD': 11, '/cv': 15 },
  horodate: 2020-07-23T16:28:53.972Z,
  ip: '83.202.34.239',
  geoloc: {
    range: [ 1405755904, 1405756415 ],
    country: 'FR',
    region: 'IDF',
    eu: '1',
    timezone: 'Europe/Paris',
    city: 'Paris',
    ll: [ 48.8543, 2.3527 ],
    metro: 0,
    area: 10
  },
  __lastAccess: 1595514534066
}
[2020-07-23T16:29:25.044] [TRACE] file - Session {
  cookie: {
    path: '/',
    _expires: 2020-10-21T14:29:25.044Z,
    originalMaxAge: 7776000000,
    httpOnly: true
  },
  views: { '/': 1 },
  horodate: 2020-07-23T16:29:24.953Z,
  ip: '83.97.20.21',
  geoloc: {
    range: [ 1398871040, 1398871295 ],
    country: 'RO',
    region: 'B',
    eu: '1',
    timezone: 'Europe/Bucharest',
    city: 'Bucharest',
    ll: [ 44.418, 26.1691 ],
    metro: 0,
    area: 200
  },
  __lastAccess: 1595514565044
}
[2020-07-23T16:30:12.411] [TRACE] file - Session {
  cookie: {
    path: '/',
    _expires: 2020-10-21T14:30:12.410Z,
    originalMaxAge: 7776000000,
    httpOnly: true
  },
  views: { '/': 24, '/giftedADHD': 11, '/cv': 15 },
  horodate: 2020-07-23T16:30:12.311Z,
  ip: '83.202.34.239',
  geoloc: {
    range: [ 1405755904, 1405756415 ],
    country: 'FR',
    region: 'IDF',
    eu: '1',
    timezone: 'Europe/Paris',
    city: 'Paris',
    ll: [ 48.8543, 2.3527 ],
    metro: 0,
    area: 10
  },
  __lastAccess: 1595514612410
}
[2020-07-23T16:31:38.984] [TRACE] file - Session {
  cookie: {
    path: '/',
    _expires: 2020-10-21T14:31:38.984Z,
    originalMaxAge: 7776000000,
    httpOnly: true
  },
  views: { '/': 25, '/giftedADHD': 11, '/cv': 15 },
  horodate: 2020-07-23T16:31:38.911Z,
  ip: '83.202.34.239',
  geoloc: {
    range: [ 1405755904, 1405756415 ],
    country: 'FR',
    region: 'IDF',
    eu: '1',
    timezone: 'Europe/Paris',
    city: 'Paris',
    ll: [ 48.8543, 2.3527 ],
    metro: 0,
    area: 10
  },
  __lastAccess: 1595514698984
}
[2020-07-23T16:32:03.165] [TRACE] file - Session {
  cookie: {
    path: '/',
    _expires: 2020-10-21T14:32:03.165Z,
    originalMaxAge: 7776000000,
    httpOnly: true
  },
  views: { '/': 26, '/giftedADHD': 11, '/cv': 15 },
  horodate: 2020-07-23T16:32:03.088Z,
  ip: '83.202.34.239',
  geoloc: {
    range: [ 1405755904, 1405756415 ],
    country: 'FR',
    region: 'IDF',
    eu: '1',
    timezone: 'Europe/Paris',
    city: 'Paris',
    ll: [ 48.8543, 2.3527 ],
    metro: 0,
    area: 10
  },
  __lastAccess: 1595514723165
}
[2020-07-23T16:32:24.609] [TRACE] file - Session {
  cookie: {
    path: '/',
    _expires: 2020-10-21T14:32:24.608Z,
    originalMaxAge: 7776000000,
    httpOnly: true
  },
  views: { '/': 27, '/giftedADHD': 11, '/cv': 15 },
  horodate: 2020-07-23T16:32:24.522Z,
  ip: '83.202.34.239',
  geoloc: {
    range: [ 1405755904, 1405756415 ],
    country: 'FR',
    region: 'IDF',
    eu: '1',
    timezone: 'Europe/Paris',
    city: 'Paris',
    ll: [ 48.8543, 2.3527 ],
    metro: 0,
    area: 10
  },
  __lastAccess: 1595514744609
}
[2020-07-23T16:32:49.275] [TRACE] file - Session {
  cookie: {
    path: '/',
    _expires: 2020-10-21T14:32:49.274Z,
    originalMaxAge: 7776000000,
    httpOnly: true
  },
  views: { '/': 1 },
  horodate: 2020-07-23T16:32:49.202Z,
  ip: '172.104.108.109',
  geoloc: {
    range: [ 2892513280, 2892529663 ],
    country: 'JP',
    region: '13',
    eu: '0',
    timezone: 'Asia/Tokyo',
    city: 'Tokyo',
    ll: [ 35.6882, 139.7532 ],
    metro: 0,
    area: 1000
  },
  __lastAccess: 1595514769274
}
[2020-07-23T16:32:50.845] [TRACE] file - Session {
  cookie: {
    path: '/',
    _expires: 2020-10-21T14:32:50.844Z,
    originalMaxAge: 7776000000,
    httpOnly: true
  },
  views: { '/': 28, '/giftedADHD': 11, '/cv': 15 },
  horodate: 2020-07-23T16:32:50.729Z,
  ip: '83.202.34.239',
  geoloc: {
    range: [ 1405755904, 1405756415 ],
    country: 'FR',
    region: 'IDF',
    eu: '1',
    timezone: 'Europe/Paris',
    city: 'Paris',
    ll: [ 48.8543, 2.3527 ],
    metro: 0,
    area: 10
  },
  __lastAccess: 1595514770844
}
[2020-07-23T16:33:31.533] [TRACE] file - Session {
  cookie: {
    path: '/',
    _expires: 2020-10-21T14:33:31.533Z,
    originalMaxAge: 7776000000,
    httpOnly: true
  },
  views: { '/': 29, '/giftedADHD': 11, '/cv': 15 },
  horodate: 2020-07-23T16:33:31.466Z,
  ip: '83.202.34.239',
  geoloc: {
    range: [ 1405755904, 1405756415 ],
    country: 'FR',
    region: 'IDF',
    eu: '1',
    timezone: 'Europe/Paris',
    city: 'Paris',
    ll: [ 48.8543, 2.3527 ],
    metro: 0,
    area: 10
  },
  __lastAccess: 1595514811533
}
[2020-07-23T16:33:55.071] [TRACE] file - Session {
  cookie: {
    path: '/',
    _expires: 2020-10-21T14:33:55.071Z,
    originalMaxAge: 7776000000,
    httpOnly: true
  },
  views: { '/': 30, '/giftedADHD': 11, '/cv': 15 },
  horodate: 2020-07-23T16:33:55.006Z,
  ip: '83.202.34.239',
  geoloc: {
    range: [ 1405755904, 1405756415 ],
    country: 'FR',
    region: 'IDF',
    eu: '1',
    timezone: 'Europe/Paris',
    city: 'Paris',
    ll: [ 48.8543, 2.3527 ],
    metro: 0,
    area: 10
  },
  __lastAccess: 1595514835071
}
[2020-07-23T16:34:02.290] [TRACE] file - Session {
  cookie: {
    path: '/',
    _expires: 2020-10-21T14:34:02.290Z,
    originalMaxAge: 7776000000,
    httpOnly: true
  },
  views: { '/': 31, '/giftedADHD': 11, '/cv': 15 },
  horodate: 2020-07-23T16:34:02.200Z,
  ip: '83.202.34.239',
  geoloc: {
    range: [ 1405755904, 1405756415 ],
    country: 'FR',
    region: 'IDF',
    eu: '1',
    timezone: 'Europe/Paris',
    city: 'Paris',
    ll: [ 48.8543, 2.3527 ],
    metro: 0,
    area: 10
  },
  __lastAccess: 1595514842290
}
[2020-07-23T16:34:17.348] [TRACE] file - Session {
  cookie: {
    path: '/',
    _expires: 2020-10-21T14:34:17.348Z,
    originalMaxAge: 7776000000,
    httpOnly: true
  },
  views: { '/': 23, '/cv': 6, '/giftedADHD': 4 },
  horodate: 2020-07-23T16:34:17.277Z,
  ip: '83.202.34.239',
  geoloc: {
    range: [ 1405755904, 1405756415 ],
    country: 'FR',
    region: 'IDF',
    eu: '1',
    timezone: 'Europe/Paris',
    city: 'Paris',
    ll: [ 48.8543, 2.3527 ],
    metro: 0,
    area: 10
  },
  __lastAccess: 1595514857348
}
[2020-07-23T16:34:53.661] [TRACE] file - Session {
  cookie: {
    path: '/',
    _expires: 2020-10-21T14:34:53.660Z,
    originalMaxAge: 7776000000,
    httpOnly: true
  },
  views: { '/': 32, '/giftedADHD': 11, '/cv': 15 },
  horodate: 2020-07-23T16:34:53.596Z,
  ip: '83.202.34.239',
  geoloc: {
    range: [ 1405755904, 1405756415 ],
    country: 'FR',
    region: 'IDF',
    eu: '1',
    timezone: 'Europe/Paris',
    city: 'Paris',
    ll: [ 48.8543, 2.3527 ],
    metro: 0,
    area: 10
  },
  __lastAccess: 1595514893661
}
[2020-07-23T16:35:11.262] [TRACE] file - Session {
  cookie: {
    path: '/',
    _expires: 2020-10-21T14:35:11.260Z,
    originalMaxAge: 7776000000,
    httpOnly: true
  },
  views: { '/': 33, '/giftedADHD': 11, '/cv': 15 },
  horodate: 2020-07-23T16:35:11.175Z,
  ip: '83.202.34.239',
  geoloc: {
    range: [ 1405755904, 1405756415 ],
    country: 'FR',
    region: 'IDF',
    eu: '1',
    timezone: 'Europe/Paris',
    city: 'Paris',
    ll: [ 48.8543, 2.3527 ],
    metro: 0,
    area: 10
  },
  __lastAccess: 1595514911260
}
[2020-07-23T16:35:58.007] [TRACE] file - Session {
  cookie: {
    path: '/',
    _expires: 2020-10-21T14:35:58.007Z,
    originalMaxAge: 7776000000,
    httpOnly: true
  },
  views: { '/': 34, '/giftedADHD': 11, '/cv': 15 },
  horodate: 2020-07-23T16:35:57.934Z,
  ip: '83.202.34.239',
  geoloc: {
    range: [ 1405755904, 1405756415 ],
    country: 'FR',
    region: 'IDF',
    eu: '1',
    timezone: 'Europe/Paris',
    city: 'Paris',
    ll: [ 48.8543, 2.3527 ],
    metro: 0,
    area: 10
  },
  __lastAccess: 1595514958007
}
[2020-07-23T16:36:01.316] [TRACE] file - Session {
  cookie: {
    path: '/',
    _expires: 2020-10-21T14:36:01.315Z,
    originalMaxAge: 7776000000,
    httpOnly: true
  },
  views: { '/': 35, '/giftedADHD': 11, '/cv': 15 },
  horodate: 2020-07-23T16:36:01.265Z,
  ip: '83.202.34.239',
  geoloc: {
    range: [ 1405755904, 1405756415 ],
    country: 'FR',
    region: 'IDF',
    eu: '1',
    timezone: 'Europe/Paris',
    city: 'Paris',
    ll: [ 48.8543, 2.3527 ],
    metro: 0,
    area: 10
  },
  __lastAccess: 1595514961315
}
[2020-07-23T16:36:21.154] [TRACE] file - Session {
  cookie: {
    path: '/',
    _expires: 2020-10-21T14:36:21.153Z,
    originalMaxAge: 7776000000,
    httpOnly: true
  },
  views: { '/': 36, '/giftedADHD': 11, '/cv': 15 },
  horodate: 2020-07-23T16:36:21.093Z,
  ip: '83.202.34.239',
  geoloc: {
    range: [ 1405755904, 1405756415 ],
    country: 'FR',
    region: 'IDF',
    eu: '1',
    timezone: 'Europe/Paris',
    city: 'Paris',
    ll: [ 48.8543, 2.3527 ],
    metro: 0,
    area: 10
  },
  __lastAccess: 1595514981153
}
[2020-07-23T16:36:34.637] [TRACE] file - Session {
  cookie: {
    path: '/',
    _expires: 2020-10-21T14:36:34.637Z,
    originalMaxAge: 7776000000,
    httpOnly: true
  },
  views: { '/': 37, '/giftedADHD': 11, '/cv': 15 },
  horodate: 2020-07-23T16:36:34.577Z,
  ip: '83.202.34.239',
  geoloc: {
    range: [ 1405755904, 1405756415 ],
    country: 'FR',
    region: 'IDF',
    eu: '1',
    timezone: 'Europe/Paris',
    city: 'Paris',
    ll: [ 48.8543, 2.3527 ],
    metro: 0,
    area: 10
  },
  __lastAccess: 1595514994637
}
[2020-07-23T16:37:15.537] [TRACE] file - Session {
  cookie: {
    path: '/',
    _expires: 2020-10-21T14:37:15.537Z,
    originalMaxAge: 7776000000,
    httpOnly: true
  },
  views: { '/': 24, '/cv': 6, '/giftedADHD': 4 },
  horodate: 2020-07-23T16:37:15.464Z,
  ip: '83.202.34.239',
  geoloc: {
    range: [ 1405755904, 1405756415 ],
    country: 'FR',
    region: 'IDF',
    eu: '1',
    timezone: 'Europe/Paris',
    city: 'Paris',
    ll: [ 48.8543, 2.3527 ],
    metro: 0,
    area: 10
  },
  __lastAccess: 1595515035537
}
[2020-07-23T16:37:40.284] [TRACE] file - Session {
  cookie: {
    path: '/',
    _expires: 2020-10-21T14:37:40.282Z,
    originalMaxAge: 7776000000,
    httpOnly: true
  },
  views: { '/': 38, '/giftedADHD': 11, '/cv': 15 },
  horodate: 2020-07-23T16:37:40.201Z,
  ip: '83.202.34.239',
  geoloc: {
    range: [ 1405755904, 1405756415 ],
    country: 'FR',
    region: 'IDF',
    eu: '1',
    timezone: 'Europe/Paris',
    city: 'Paris',
    ll: [ 48.8543, 2.3527 ],
    metro: 0,
    area: 10
  },
  __lastAccess: 1595515060282
}
[2020-07-23T16:38:00.269] [TRACE] file - Session {
  cookie: {
    path: '/',
    _expires: 2020-10-21T14:38:00.269Z,
    originalMaxAge: 7776000000,
    httpOnly: true
  },
  views: { '/': 39, '/giftedADHD': 11, '/cv': 15 },
  horodate: 2020-07-23T16:38:00.194Z,
  ip: '83.202.34.239',
  geoloc: {
    range: [ 1405755904, 1405756415 ],
    country: 'FR',
    region: 'IDF',
    eu: '1',
    timezone: 'Europe/Paris',
    city: 'Paris',
    ll: [ 48.8543, 2.3527 ],
    metro: 0,
    area: 10
  },
  __lastAccess: 1595515080269
}
[2020-07-23T16:38:16.453] [TRACE] file - Session {
  cookie: {
    path: '/',
    _expires: 2020-10-21T14:38:16.453Z,
    originalMaxAge: 7776000000,
    httpOnly: true
  },
  views: { '/': 40, '/giftedADHD': 11, '/cv': 15 },
  horodate: 2020-07-23T16:38:16.391Z,
  ip: '83.202.34.239',
  geoloc: {
    range: [ 1405755904, 1405756415 ],
    country: 'FR',
    region: 'IDF',
    eu: '1',
    timezone: 'Europe/Paris',
    city: 'Paris',
    ll: [ 48.8543, 2.3527 ],
    metro: 0,
    area: 10
  },
  __lastAccess: 1595515096453
}
[2020-07-23T16:38:31.835] [TRACE] file - Session {
  cookie: {
    path: '/',
    _expires: 2020-10-21T14:38:31.835Z,
    originalMaxAge: 7776000000,
    httpOnly: true
  },
  views: { '/': 41, '/giftedADHD': 11, '/cv': 15 },
  horodate: 2020-07-23T16:38:31.750Z,
  ip: '83.202.34.239',
  geoloc: {
    range: [ 1405755904, 1405756415 ],
    country: 'FR',
    region: 'IDF',
    eu: '1',
    timezone: 'Europe/Paris',
    city: 'Paris',
    ll: [ 48.8543, 2.3527 ],
    metro: 0,
    area: 10
  },
  __lastAccess: 1595515111835
}
[2020-07-23T16:38:45.035] [TRACE] file - Session {
  cookie: {
    path: '/',
    _expires: 2020-10-21T14:38:45.034Z,
    originalMaxAge: 7776000000,
    httpOnly: true
  },
  views: { '/': 42, '/giftedADHD': 11, '/cv': 15 },
  horodate: 2020-07-23T16:38:44.962Z,
  ip: '83.202.34.239',
  geoloc: {
    range: [ 1405755904, 1405756415 ],
    country: 'FR',
    region: 'IDF',
    eu: '1',
    timezone: 'Europe/Paris',
    city: 'Paris',
    ll: [ 48.8543, 2.3527 ],
    metro: 0,
    area: 10
  },
  __lastAccess: 1595515125034
}
[2020-07-23T16:39:01.438] [TRACE] file - Session {
  cookie: {
    path: '/',
    _expires: 2020-10-21T14:39:01.437Z,
    originalMaxAge: 7776000000,
    httpOnly: true
  },
  views: { '/': 25, '/cv': 6, '/giftedADHD': 4 },
  horodate: 2020-07-23T16:39:01.380Z,
  ip: '83.202.34.239',
  geoloc: {
    range: [ 1405755904, 1405756415 ],
    country: 'FR',
    region: 'IDF',
    eu: '1',
    timezone: 'Europe/Paris',
    city: 'Paris',
    ll: [ 48.8543, 2.3527 ],
    metro: 0,
    area: 10
  },
  __lastAccess: 1595515141437
}
[2020-07-23T16:39:36.878] [TRACE] file - Session {
  cookie: {
    path: '/',
    _expires: 2020-10-21T14:39:36.877Z,
    originalMaxAge: 7776000000,
    httpOnly: true
  },
  views: { '/': 43, '/giftedADHD': 11, '/cv': 15 },
  horodate: 2020-07-23T16:39:36.809Z,
  ip: '83.202.34.239',
  geoloc: {
    range: [ 1405755904, 1405756415 ],
    country: 'FR',
    region: 'IDF',
    eu: '1',
    timezone: 'Europe/Paris',
    city: 'Paris',
    ll: [ 48.8543, 2.3527 ],
    metro: 0,
    area: 10
  },
  __lastAccess: 1595515176877
}
[2020-07-23T16:39:53.246] [TRACE] file - Session {
  cookie: {
    path: '/',
    _expires: 2020-10-21T14:39:53.246Z,
    originalMaxAge: 7776000000,
    httpOnly: true
  },
  views: { '/': 44, '/giftedADHD': 11, '/cv': 15 },
  horodate: 2020-07-23T16:39:53.189Z,
  ip: '83.202.34.239',
  geoloc: {
    range: [ 1405755904, 1405756415 ],
    country: 'FR',
    region: 'IDF',
    eu: '1',
    timezone: 'Europe/Paris',
    city: 'Paris',
    ll: [ 48.8543, 2.3527 ],
    metro: 0,
    area: 10
  },
  __lastAccess: 1595515193246
}
[2020-07-23T16:39:58.505] [TRACE] file - Session {
  cookie: {
    path: '/',
    _expires: 2020-10-21T14:39:58.505Z,
    originalMaxAge: 7776000000,
    httpOnly: true
  },
  views: { '/': 26, '/cv': 6, '/giftedADHD': 4 },
  horodate: 2020-07-23T16:39:58.451Z,
  ip: '83.202.34.239',
  geoloc: {
    range: [ 1405755904, 1405756415 ],
    country: 'FR',
    region: 'IDF',
    eu: '1',
    timezone: 'Europe/Paris',
    city: 'Paris',
    ll: [ 48.8543, 2.3527 ],
    metro: 0,
    area: 10
  },
  __lastAccess: 1595515198505
}
[2020-07-23T16:40:04.879] [TRACE] file - Session {
  cookie: {
    path: '/',
    _expires: 2020-10-21T14:40:04.879Z,
    originalMaxAge: 7776000000,
    httpOnly: true
  },
  views: { '/': 26, '/cv': 7, '/giftedADHD': 4 },
  horodate: 2020-07-23T16:40:04.831Z,
  ip: '83.202.34.239',
  geoloc: {
    range: [ 1405755904, 1405756415 ],
    country: 'FR',
    region: 'IDF',
    eu: '1',
    timezone: 'Europe/Paris',
    city: 'Paris',
    ll: [ 48.8543, 2.3527 ],
    metro: 0,
    area: 10
  },
  __lastAccess: 1595515204879
}
[2020-07-23T16:40:07.387] [TRACE] file - Session {
  cookie: {
    path: '/',
    _expires: 2020-10-21T14:40:07.387Z,
    originalMaxAge: 7776000000,
    httpOnly: true
  },
  views: { '/': 27, '/cv': 7, '/giftedADHD': 4 },
  horodate: 2020-07-23T16:40:07.315Z,
  ip: '83.202.34.239',
  geoloc: {
    range: [ 1405755904, 1405756415 ],
    country: 'FR',
    region: 'IDF',
    eu: '1',
    timezone: 'Europe/Paris',
    city: 'Paris',
    ll: [ 48.8543, 2.3527 ],
    metro: 0,
    area: 10
  },
  __lastAccess: 1595515207387
}
[2020-07-23T16:40:20.546] [TRACE] file - Session {
  cookie: {
    path: '/',
    _expires: 2020-10-21T14:40:20.546Z,
    originalMaxAge: 7776000000,
    httpOnly: true
  },
  views: { '/': 1 },
  horodate: 2020-07-23T16:40:20.483Z,
  ip: '83.202.34.239',
  geoloc: {
    range: [ 1405755904, 1405756415 ],
    country: 'FR',
    region: 'IDF',
    eu: '1',
    timezone: 'Europe/Paris',
    city: 'Paris',
    ll: [ 48.8543, 2.3527 ],
    metro: 0,
    area: 10
  },
  __lastAccess: 1595515220546
}
[2020-07-23T16:40:20.623] [TRACE] file - Session {
  cookie: {
    path: '/',
    _expires: 2020-10-21T14:40:20.622Z,
    originalMaxAge: 7776000000,
    httpOnly: true
  },
  views: { '/': 1 },
  horodate: 2020-07-23T16:40:20.573Z,
  ip: '83.202.34.239',
  geoloc: {
    range: [ 1405755904, 1405756415 ],
    country: 'FR',
    region: 'IDF',
    eu: '1',
    timezone: 'Europe/Paris',
    city: 'Paris',
    ll: [ 48.8543, 2.3527 ],
    metro: 0,
    area: 10
  },
  __lastAccess: 1595515220623
}
[2020-07-23T16:40:29.402] [TRACE] file - Session {
  cookie: {
    path: '/',
    _expires: 2020-10-21T14:40:29.402Z,
    originalMaxAge: 7776000000,
    httpOnly: true
  },
  views: { '/': 1, '/cv': 1 },
  horodate: 2020-07-23T16:40:29.342Z,
  ip: '83.202.34.239',
  geoloc: {
    range: [ 1405755904, 1405756415 ],
    country: 'FR',
    region: 'IDF',
    eu: '1',
    timezone: 'Europe/Paris',
    city: 'Paris',
    ll: [ 48.8543, 2.3527 ],
    metro: 0,
    area: 10
  },
  __lastAccess: 1595515229402
}
[2020-07-23T16:40:30.879] [TRACE] file - Session {
  cookie: {
    path: '/',
    _expires: 2020-10-21T14:40:30.879Z,
    originalMaxAge: 7776000000,
    httpOnly: true
  },
  views: { '/': 1, '/cv': 1, '/giftedADHD': 1 },
  horodate: 2020-07-23T16:40:30.844Z,
  ip: '83.202.34.239',
  geoloc: {
    range: [ 1405755904, 1405756415 ],
    country: 'FR',
    region: 'IDF',
    eu: '1',
    timezone: 'Europe/Paris',
    city: 'Paris',
    ll: [ 48.8543, 2.3527 ],
    metro: 0,
    area: 10
  },
  __lastAccess: 1595515230879
}
[2020-07-23T16:40:33.316] [TRACE] file - Session {
  cookie: {
    path: '/',
    _expires: 2020-10-21T14:40:33.315Z,
    originalMaxAge: 7776000000,
    httpOnly: true
  },
  views: { '/': 2, '/cv': 1, '/giftedADHD': 1 },
  horodate: 2020-07-23T16:40:33.252Z,
  ip: '83.202.34.239',
  geoloc: {
    range: [ 1405755904, 1405756415 ],
    country: 'FR',
    region: 'IDF',
    eu: '1',
    timezone: 'Europe/Paris',
    city: 'Paris',
    ll: [ 48.8543, 2.3527 ],
    metro: 0,
    area: 10
  },
  __lastAccess: 1595515233316
}
[2020-07-23T16:41:14.849] [TRACE] file - Session {
  cookie: {
    path: '/',
    _expires: 2020-10-21T14:41:14.849Z,
    originalMaxAge: 7776000000,
    httpOnly: true
  },
  views: { '/': 1 },
  horodate: 2020-07-23T16:41:14.788Z,
  ip: '83.202.34.239',
  geoloc: {
    range: [ 1405755904, 1405756415 ],
    country: 'FR',
    region: 'IDF',
    eu: '1',
    timezone: 'Europe/Paris',
    city: 'Paris',
    ll: [ 48.8543, 2.3527 ],
    metro: 0,
    area: 10
  },
  __lastAccess: 1595515274849
}
[2020-07-23T16:41:24.587] [TRACE] file - Session {
  cookie: {
    path: '/',
    _expires: 2020-10-21T14:41:24.587Z,
    originalMaxAge: 7776000000,
    httpOnly: true
  },
  views: { '/': 2 },
  horodate: 2020-07-23T16:41:24.534Z,
  ip: '83.202.34.239',
  geoloc: {
    range: [ 1405755904, 1405756415 ],
    country: 'FR',
    region: 'IDF',
    eu: '1',
    timezone: 'Europe/Paris',
    city: 'Paris',
    ll: [ 48.8543, 2.3527 ],
    metro: 0,
    area: 10
  },
  __lastAccess: 1595515284587
}
[2020-07-23T16:41:39.403] [TRACE] file - Session {
  cookie: {
    path: '/',
    _expires: 2020-10-21T14:41:39.403Z,
    originalMaxAge: 7776000000,
    httpOnly: true
  },
  views: { '/': 2, '/cv': 1 },
  horodate: 2020-07-23T16:41:39.350Z,
  ip: '83.202.34.239',
  geoloc: {
    range: [ 1405755904, 1405756415 ],
    country: 'FR',
    region: 'IDF',
    eu: '1',
    timezone: 'Europe/Paris',
    city: 'Paris',
    ll: [ 48.8543, 2.3527 ],
    metro: 0,
    area: 10
  },
  __lastAccess: 1595515299403
}
[2020-07-23T16:41:42.659] [TRACE] file - Session {
  cookie: {
    path: '/',
    _expires: 2020-10-21T14:41:42.658Z,
    originalMaxAge: 7776000000,
    httpOnly: true
  },
  views: { '/': 2, '/cv': 1, '/giftedADHD': 1 },
  horodate: 2020-07-23T16:41:42.626Z,
  ip: '83.202.34.239',
  geoloc: {
    range: [ 1405755904, 1405756415 ],
    country: 'FR',
    region: 'IDF',
    eu: '1',
    timezone: 'Europe/Paris',
    city: 'Paris',
    ll: [ 48.8543, 2.3527 ],
    metro: 0,
    area: 10
  },
  __lastAccess: 1595515302658
}
[2020-07-23T16:41:45.832] [TRACE] file - Session {
  cookie: {
    path: '/',
    _expires: 2020-10-21T14:41:45.831Z,
    originalMaxAge: 7776000000,
    httpOnly: true
  },
  views: { '/': 3, '/cv': 1, '/giftedADHD': 1 },
  horodate: 2020-07-23T16:41:45.776Z,
  ip: '83.202.34.239',
  geoloc: {
    range: [ 1405755904, 1405756415 ],
    country: 'FR',
    region: 'IDF',
    eu: '1',
    timezone: 'Europe/Paris',
    city: 'Paris',
    ll: [ 48.8543, 2.3527 ],
    metro: 0,
    area: 10
  },
  __lastAccess: 1595515305831
}
[2020-07-23T16:42:11.480] [TRACE] file - Session {
  cookie: {
    path: '/',
    _expires: 2020-10-21T14:42:11.480Z,
    originalMaxAge: 7776000000,
    httpOnly: true
  },
  views: { '/': 45, '/giftedADHD': 11, '/cv': 15 },
  horodate: 2020-07-23T16:42:11.419Z,
  ip: '83.202.34.239',
  geoloc: {
    range: [ 1405755904, 1405756415 ],
    country: 'FR',
    region: 'IDF',
    eu: '1',
    timezone: 'Europe/Paris',
    city: 'Paris',
    ll: [ 48.8543, 2.3527 ],
    metro: 0,
    area: 10
  },
  __lastAccess: 1595515331480
}
[2020-07-23T16:42:22.245] [TRACE] file - Session {
  cookie: {
    path: '/',
    _expires: 2020-10-21T14:42:22.244Z,
    originalMaxAge: 7776000000,
    httpOnly: true
  },
  views: { '/': 45, '/giftedADHD': 12, '/cv': 15 },
  horodate: 2020-07-23T16:42:22.209Z,
  ip: '83.202.34.239',
  geoloc: {
    range: [ 1405755904, 1405756415 ],
    country: 'FR',
    region: 'IDF',
    eu: '1',
    timezone: 'Europe/Paris',
    city: 'Paris',
    ll: [ 48.8543, 2.3527 ],
    metro: 0,
    area: 10
  },
  __lastAccess: 1595515342244
}
[2020-07-23T16:42:51.362] [TRACE] file - Session {
  cookie: {
    path: '/',
    _expires: 2020-10-21T14:42:51.362Z,
    originalMaxAge: 7776000000,
    httpOnly: true
  },
  views: { '/': 45, '/giftedADHD': 12, '/cv': 16 },
  horodate: 2020-07-23T16:42:51.310Z,
  ip: '83.202.34.239',
  geoloc: {
    range: [ 1405755904, 1405756415 ],
    country: 'FR',
    region: 'IDF',
    eu: '1',
    timezone: 'Europe/Paris',
    city: 'Paris',
    ll: [ 48.8543, 2.3527 ],
    metro: 0,
    area: 10
  },
  __lastAccess: 1595515371362
}
[2020-07-23T16:42:53.289] [TRACE] file - Session {
  cookie: {
    path: '/',
    _expires: 2020-10-21T14:42:53.289Z,
    originalMaxAge: 7776000000,
    httpOnly: true
  },
  views: { '/': 46, '/giftedADHD': 12, '/cv': 16 },
  horodate: 2020-07-23T16:42:53.241Z,
  ip: '83.202.34.239',
  geoloc: {
    range: [ 1405755904, 1405756415 ],
    country: 'FR',
    region: 'IDF',
    eu: '1',
    timezone: 'Europe/Paris',
    city: 'Paris',
    ll: [ 48.8543, 2.3527 ],
    metro: 0,
    area: 10
  },
  __lastAccess: 1595515373289
}
[2020-07-23T16:42:56.111] [TRACE] file - Session {
  cookie: {
    path: '/',
    _expires: 2020-10-21T14:42:56.111Z,
    originalMaxAge: 7776000000,
    httpOnly: true
  },
  views: { '/': 46, '/giftedADHD': 13, '/cv': 16 },
  horodate: 2020-07-23T16:42:56.082Z,
  ip: '83.202.34.239',
  geoloc: {
    range: [ 1405755904, 1405756415 ],
    country: 'FR',
    region: 'IDF',
    eu: '1',
    timezone: 'Europe/Paris',
    city: 'Paris',
    ll: [ 48.8543, 2.3527 ],
    metro: 0,
    area: 10
  },
  __lastAccess: 1595515376111
}
[2020-07-23T16:47:09.341] [TRACE] file - Session {
  cookie: {
    path: '/',
    _expires: 2020-10-21T14:47:09.341Z,
    originalMaxAge: 7776000000,
    httpOnly: true
  },
  views: { '/': 47, '/giftedADHD': 13, '/cv': 16 },
  horodate: 2020-07-23T16:47:09.282Z,
  ip: '83.202.34.239',
  geoloc: {
    range: [ 1405755904, 1405756415 ],
    country: 'FR',
    region: 'IDF',
    eu: '1',
    timezone: 'Europe/Paris',
    city: 'Paris',
    ll: [ 48.8543, 2.3527 ],
    metro: 0,
    area: 10
  },
  __lastAccess: 1595515629341
}
[2020-07-23T17:07:07.012] [TRACE] file - Session {
  cookie: {
    path: '/',
    _expires: 2020-10-21T15:07:07.012Z,
    originalMaxAge: 7776000000,
    httpOnly: true
  },
  views: { '/': 47, '/giftedADHD': 14, '/cv': 16 },
  horodate: 2020-07-23T17:07:06.962Z,
  ip: '83.202.34.239',
  geoloc: {
    range: [ 1405755904, 1405756415 ],
    country: 'FR',
    region: 'IDF',
    eu: '1',
    timezone: 'Europe/Paris',
    city: 'Paris',
    ll: [ 48.8543, 2.3527 ],
    metro: 0,
    area: 10
  },
  __lastAccess: 1595516827012
}
[2020-07-23T17:10:42.539] [TRACE] file - Session {
  cookie: {
    path: '/',
    _expires: 2020-10-21T15:10:42.539Z,
    originalMaxAge: 7776000000,
    httpOnly: true
  },
  views: { '/': 47, '/giftedADHD': 14, '/cv': 17 },
  horodate: 2020-07-23T17:10:42.374Z,
  ip: '83.202.34.239',
  geoloc: {
    range: [ 1405755904, 1405756415 ],
    country: 'FR',
    region: 'IDF',
    eu: '1',
    timezone: 'Europe/Paris',
    city: 'Paris',
    ll: [ 48.8543, 2.3527 ],
    metro: 0,
    area: 10
  },
  __lastAccess: 1595517042539
}
[2020-07-23T17:10:50.519] [TRACE] file - Session {
  cookie: {
    path: '/',
    _expires: 2020-10-21T15:10:50.519Z,
    originalMaxAge: 7776000000,
    httpOnly: true
  },
  views: { '/': 48, '/giftedADHD': 14, '/cv': 17 },
  horodate: 2020-07-23T17:10:50.402Z,
  ip: '83.202.34.239',
  geoloc: {
    range: [ 1405755904, 1405756415 ],
    country: 'FR',
    region: 'IDF',
    eu: '1',
    timezone: 'Europe/Paris',
    city: 'Paris',
    ll: [ 48.8543, 2.3527 ],
    metro: 0,
    area: 10
  },
  __lastAccess: 1595517050519
}
[2020-07-23T17:12:31.286] [TRACE] file - Session {
  cookie: {
    path: '/',
    _expires: 2020-10-21T15:12:31.284Z,
    originalMaxAge: 7776000000,
    httpOnly: true
  },
  views: { '/': 49, '/giftedADHD': 14, '/cv': 17 },
  horodate: 2020-07-23T17:12:31.191Z,
  ip: '83.202.34.239',
  geoloc: {
    range: [ 1405755904, 1405756415 ],
    country: 'FR',
    region: 'IDF',
    eu: '1',
    timezone: 'Europe/Paris',
    city: 'Paris',
    ll: [ 48.8543, 2.3527 ],
    metro: 0,
    area: 10
  },
  __lastAccess: 1595517151284
}
[2020-07-23T17:13:02.279] [TRACE] file - Session {
  cookie: {
    path: '/',
    _expires: 2020-10-21T15:13:02.279Z,
    originalMaxAge: 7776000000,
    httpOnly: true
  },
  views: { '/': 9, '/cv': 5, '/giftedADHD': 8 },
  horodate: 2020-07-23T17:13:02.205Z,
  ip: '83.202.34.239',
  geoloc: {
    range: [ 1405755904, 1405756415 ],
    country: 'FR',
    region: 'IDF',
    eu: '1',
    timezone: 'Europe/Paris',
    city: 'Paris',
    ll: [ 48.8543, 2.3527 ],
    metro: 0,
    area: 10
  },
  __lastAccess: 1595517182279
}
[2020-07-23T17:13:41.474] [TRACE] file - Session {
  cookie: {
    path: '/',
    _expires: 2020-10-21T15:13:41.474Z,
    originalMaxAge: 7776000000,
    httpOnly: true
  },
  views: { '/': 9, '/cv': 6, '/giftedADHD': 8 },
  horodate: 2020-07-23T17:13:41.382Z,
  ip: '83.202.34.239',
  geoloc: {
    range: [ 1405755904, 1405756415 ],
    country: 'FR',
    region: 'IDF',
    eu: '1',
    timezone: 'Europe/Paris',
    city: 'Paris',
    ll: [ 48.8543, 2.3527 ],
    metro: 0,
    area: 10
  },
  __lastAccess: 1595517221474
}
[2020-07-23T17:13:43.138] [TRACE] file - Session {
  cookie: {
    path: '/',
    _expires: 2020-10-21T15:13:43.138Z,
    originalMaxAge: 7776000000,
    httpOnly: true
  },
  views: { '/': 9, '/cv': 6, '/giftedADHD': 9 },
  horodate: 2020-07-23T17:13:43.072Z,
  ip: '83.202.34.239',
  geoloc: {
    range: [ 1405755904, 1405756415 ],
    country: 'FR',
    region: 'IDF',
    eu: '1',
    timezone: 'Europe/Paris',
    city: 'Paris',
    ll: [ 48.8543, 2.3527 ],
    metro: 0,
    area: 10
  },
  __lastAccess: 1595517223138
}
[2020-07-23T17:13:59.338] [TRACE] file - Session {
  cookie: {
    path: '/',
    _expires: 2020-10-21T15:13:59.338Z,
    originalMaxAge: 7776000000,
    httpOnly: true
  },
  views: { '/': 9, '/cv': 6, '/giftedADHD': 10 },
  horodate: 2020-07-23T17:13:59.284Z,
  ip: '83.202.34.239',
  geoloc: {
    range: [ 1405755904, 1405756415 ],
    country: 'FR',
    region: 'IDF',
    eu: '1',
    timezone: 'Europe/Paris',
    city: 'Paris',
    ll: [ 48.8543, 2.3527 ],
    metro: 0,
    area: 10
  },
  __lastAccess: 1595517239338
}
[2020-07-23T17:14:03.347] [TRACE] file - Session {
  cookie: {
    path: '/',
    _expires: 2020-10-21T15:14:03.347Z,
    originalMaxAge: 7776000000,
    httpOnly: true
  },
  views: { '/': 10, '/cv': 6, '/giftedADHD': 10 },
  horodate: 2020-07-23T17:14:03.279Z,
  ip: '83.202.34.239',
  geoloc: {
    range: [ 1405755904, 1405756415 ],
    country: 'FR',
    region: 'IDF',
    eu: '1',
    timezone: 'Europe/Paris',
    city: 'Paris',
    ll: [ 48.8543, 2.3527 ],
    metro: 0,
    area: 10
  },
  __lastAccess: 1595517243347
}
[2020-07-23T17:14:38.814] [TRACE] file - Session {
  cookie: {
    path: '/',
    _expires: 2020-10-21T15:14:38.814Z,
    originalMaxAge: 7776000000,
    httpOnly: true
  },
  views: { '/': 10, '/cv': 7, '/giftedADHD': 10 },
  horodate: 2020-07-23T17:14:38.722Z,
  ip: '83.202.34.239',
  geoloc: {
    range: [ 1405755904, 1405756415 ],
    country: 'FR',
    region: 'IDF',
    eu: '1',
    timezone: 'Europe/Paris',
    city: 'Paris',
    ll: [ 48.8543, 2.3527 ],
    metro: 0,
    area: 10
  },
  __lastAccess: 1595517278814
}
[2020-07-23T17:14:44.839] [TRACE] file - Session {
  cookie: {
    path: '/',
    _expires: 2020-10-21T15:14:44.839Z,
    originalMaxAge: 7776000000,
    httpOnly: true
  },
  views: { '/': 10, '/cv': 7, '/giftedADHD': 11 },
  horodate: 2020-07-23T17:14:44.791Z,
  ip: '83.202.34.239',
  geoloc: {
    range: [ 1405755904, 1405756415 ],
    country: 'FR',
    region: 'IDF',
    eu: '1',
    timezone: 'Europe/Paris',
    city: 'Paris',
    ll: [ 48.8543, 2.3527 ],
    metro: 0,
    area: 10
  },
  __lastAccess: 1595517284839
}
[2020-07-23T17:14:52.113] [TRACE] file - Session {
  cookie: {
    path: '/',
    _expires: 2020-10-21T15:14:52.113Z,
    originalMaxAge: 7776000000,
    httpOnly: true
  },
  views: { '/': 11, '/cv': 7, '/giftedADHD': 11 },
  horodate: 2020-07-23T17:14:52.039Z,
  ip: '83.202.34.239',
  geoloc: {
    range: [ 1405755904, 1405756415 ],
    country: 'FR',
    region: 'IDF',
    eu: '1',
    timezone: 'Europe/Paris',
    city: 'Paris',
    ll: [ 48.8543, 2.3527 ],
    metro: 0,
    area: 10
  },
  __lastAccess: 1595517292113
}
[2020-07-23T17:15:11.049] [TRACE] file - Session {
  cookie: {
    path: '/',
    _expires: 2020-10-21T15:15:11.049Z,
    originalMaxAge: 7776000000,
    httpOnly: true
  },
  views: { '/': 11, '/cv': 8, '/giftedADHD': 11 },
  horodate: 2020-07-23T17:15:10.966Z,
  ip: '83.202.34.239',
  geoloc: {
    range: [ 1405755904, 1405756415 ],
    country: 'FR',
    region: 'IDF',
    eu: '1',
    timezone: 'Europe/Paris',
    city: 'Paris',
    ll: [ 48.8543, 2.3527 ],
    metro: 0,
    area: 10
  },
  __lastAccess: 1595517311049
}
[2020-07-23T17:15:12.398] [TRACE] file - Session {
  cookie: {
    path: '/',
    _expires: 2020-10-21T15:15:12.398Z,
    originalMaxAge: 7776000000,
    httpOnly: true
  },
  views: { '/': 11, '/cv': 8, '/giftedADHD': 12 },
  horodate: 2020-07-23T17:15:12.357Z,
  ip: '83.202.34.239',
  geoloc: {
    range: [ 1405755904, 1405756415 ],
    country: 'FR',
    region: 'IDF',
    eu: '1',
    timezone: 'Europe/Paris',
    city: 'Paris',
    ll: [ 48.8543, 2.3527 ],
    metro: 0,
    area: 10
  },
  __lastAccess: 1595517312398
}
[2020-07-23T17:15:17.664] [TRACE] file - Session {
  cookie: {
    path: '/',
    _expires: 2020-10-21T15:15:17.663Z,
    originalMaxAge: 7776000000,
    httpOnly: true
  },
  views: { '/': 12, '/cv': 8, '/giftedADHD': 12 },
  horodate: 2020-07-23T17:15:17.596Z,
  ip: '83.202.34.239',
  geoloc: {
    range: [ 1405755904, 1405756415 ],
    country: 'FR',
    region: 'IDF',
    eu: '1',
    timezone: 'Europe/Paris',
    city: 'Paris',
    ll: [ 48.8543, 2.3527 ],
    metro: 0,
    area: 10
  },
  __lastAccess: 1595517317664
}
[2020-07-23T17:16:22.828] [TRACE] file - Session {
  cookie: {
    path: '/',
    _expires: 2020-10-21T15:16:22.828Z,
    originalMaxAge: 7776000000,
    httpOnly: true
  },
  views: { '/': 12, '/cv': 9, '/giftedADHD': 12 },
  horodate: 2020-07-23T17:16:22.753Z,
  ip: '83.202.34.239',
  geoloc: {
    range: [ 1405755904, 1405756415 ],
    country: 'FR',
    region: 'IDF',
    eu: '1',
    timezone: 'Europe/Paris',
    city: 'Paris',
    ll: [ 48.8543, 2.3527 ],
    metro: 0,
    area: 10
  },
  __lastAccess: 1595517382828
}
[2020-07-23T17:16:29.990] [TRACE] file - Session {
  cookie: {
    path: '/',
    _expires: 2020-10-21T15:16:29.990Z,
    originalMaxAge: 7776000000,
    httpOnly: true
  },
  views: { '/': 12, '/cv': 9, '/giftedADHD': 13 },
  horodate: 2020-07-23T17:16:29.938Z,
  ip: '83.202.34.239',
  geoloc: {
    range: [ 1405755904, 1405756415 ],
    country: 'FR',
    region: 'IDF',
    eu: '1',
    timezone: 'Europe/Paris',
    city: 'Paris',
    ll: [ 48.8543, 2.3527 ],
    metro: 0,
    area: 10
  },
  __lastAccess: 1595517389990
}
[2020-07-23T17:21:16.292] [TRACE] file - Session {
  cookie: {
    path: '/',
    _expires: 2020-10-21T15:21:16.291Z,
    originalMaxAge: 7776000000,
    httpOnly: true
  },
  views: { '/': 1 },
  horodate: 2020-07-23T17:21:16.230Z,
  ip: '86.133.70.112',
  geoloc: {
    range: [ 1451574784, 1451575295 ],
    country: 'GB',
    region: 'ENG',
    eu: '1',
    timezone: 'Europe/London',
    city: 'Frome',
    ll: [ 51.2437, -2.2738 ],
    metro: 0,
    area: 100
  },
  __lastAccess: 1595517676291
}
[2020-07-23T17:21:18.374] [TRACE] file - Session {
  cookie: {
    path: '/',
    _expires: 2020-10-21T15:21:18.374Z,
    originalMaxAge: 7776000000,
    httpOnly: true
  },
  views: { '/': 13, '/cv': 9, '/giftedADHD': 13 },
  horodate: 2020-07-23T17:21:18.310Z,
  ip: '83.202.34.239',
  geoloc: {
    range: [ 1405755904, 1405756415 ],
    country: 'FR',
    region: 'IDF',
    eu: '1',
    timezone: 'Europe/Paris',
    city: 'Paris',
    ll: [ 48.8543, 2.3527 ],
    metro: 0,
    area: 10
  },
  __lastAccess: 1595517678374
}
[2020-07-23T17:21:37.304] [TRACE] file - Session {
  cookie: {
    path: '/',
    _expires: 2020-10-21T15:21:37.303Z,
    originalMaxAge: 7776000000,
    httpOnly: true
  },
  views: { '/': 14, '/cv': 9, '/giftedADHD': 13 },
  horodate: 2020-07-23T17:21:37.211Z,
  ip: '83.202.34.239',
  geoloc: {
    range: [ 1405755904, 1405756415 ],
    country: 'FR',
    region: 'IDF',
    eu: '1',
    timezone: 'Europe/Paris',
    city: 'Paris',
    ll: [ 48.8543, 2.3527 ],
    metro: 0,
    area: 10
  },
  __lastAccess: 1595517697303
}
[2020-07-23T17:22:36.018] [TRACE] file - Session {
  cookie: {
    path: '/',
    _expires: 2020-10-21T15:22:36.017Z,
    originalMaxAge: 7776000000,
    httpOnly: true
  },
  views: { '/': 14, '/cv': 10, '/giftedADHD': 13 },
  horodate: 2020-07-23T17:22:35.946Z,
  ip: '83.202.34.239',
  geoloc: {
    range: [ 1405755904, 1405756415 ],
    country: 'FR',
    region: 'IDF',
    eu: '1',
    timezone: 'Europe/Paris',
    city: 'Paris',
    ll: [ 48.8543, 2.3527 ],
    metro: 0,
    area: 10
  },
  __lastAccess: 1595517756017
}
[2020-07-23T17:22:37.856] [TRACE] file - Session {
  cookie: {
    path: '/',
    _expires: 2020-10-21T15:22:37.856Z,
    originalMaxAge: 7776000000,
    httpOnly: true
  },
  views: { '/': 15, '/cv': 10, '/giftedADHD': 13 },
  horodate: 2020-07-23T17:22:37.791Z,
  ip: '83.202.34.239',
  geoloc: {
    range: [ 1405755904, 1405756415 ],
    country: 'FR',
    region: 'IDF',
    eu: '1',
    timezone: 'Europe/Paris',
    city: 'Paris',
    ll: [ 48.8543, 2.3527 ],
    metro: 0,
    area: 10
  },
  __lastAccess: 1595517757856
}
[2020-07-23T17:33:35.243] [TRACE] file - Session {
  cookie: {
    path: '/',
    _expires: 2020-10-21T15:33:35.242Z,
    originalMaxAge: 7776000000,
    httpOnly: true
  },
  views: { '/': 16, '/cv': 10, '/giftedADHD': 13 },
  horodate: 2020-07-23T17:33:35.164Z,
  ip: '83.202.34.239',
  geoloc: {
    range: [ 1405755904, 1405756415 ],
    country: 'FR',
    region: 'IDF',
    eu: '1',
    timezone: 'Europe/Paris',
    city: 'Paris',
    ll: [ 48.8543, 2.3527 ],
    metro: 0,
    area: 10
  },
  __lastAccess: 1595518415242
}
[2020-07-23T17:34:45.646] [TRACE] file - Session {
  cookie: {
    path: '/',
    _expires: 2020-10-21T15:34:45.646Z,
    originalMaxAge: 7776000000,
    httpOnly: true
  },
  views: { '/': 17, '/cv': 10, '/giftedADHD': 13 },
  horodate: 2020-07-23T17:34:45.565Z,
  ip: '83.202.34.239',
  geoloc: {
    range: [ 1405755904, 1405756415 ],
    country: 'FR',
    region: 'IDF',
    eu: '1',
    timezone: 'Europe/Paris',
    city: 'Paris',
    ll: [ 48.8543, 2.3527 ],
    metro: 0,
    area: 10
  },
  __lastAccess: 1595518485646
}
[2020-07-23T17:35:13.899] [TRACE] file - Session {
  cookie: {
    path: '/',
    _expires: 2020-10-21T15:35:13.899Z,
    originalMaxAge: 7776000000,
    httpOnly: true
  },
  views: { '/': 18, '/cv': 10, '/giftedADHD': 13 },
  horodate: 2020-07-23T17:35:13.810Z,
  ip: '83.202.34.239',
  geoloc: {
    range: [ 1405755904, 1405756415 ],
    country: 'FR',
    region: 'IDF',
    eu: '1',
    timezone: 'Europe/Paris',
    city: 'Paris',
    ll: [ 48.8543, 2.3527 ],
    metro: 0,
    area: 10
  },
  __lastAccess: 1595518513899
}
[2020-07-23T17:36:24.794] [TRACE] file - Session {
  cookie: {
    path: '/',
    _expires: 2020-10-21T15:36:24.793Z,
    originalMaxAge: 7776000000,
    httpOnly: true
  },
  views: { '/': 19, '/cv': 10, '/giftedADHD': 13 },
  horodate: 2020-07-23T17:36:24.725Z,
  ip: '83.202.34.239',
  geoloc: {
    range: [ 1405755904, 1405756415 ],
    country: 'FR',
    region: 'IDF',
    eu: '1',
    timezone: 'Europe/Paris',
    city: 'Paris',
    ll: [ 48.8543, 2.3527 ],
    metro: 0,
    area: 10
  },
  __lastAccess: 1595518584793
}
[2020-07-23T17:36:44.807] [TRACE] file - Session {
  cookie: {
    path: '/',
    _expires: 2020-10-21T15:36:44.806Z,
    originalMaxAge: 7776000000,
    httpOnly: true
  },
  views: { '/': 20, '/cv': 10, '/giftedADHD': 13 },
  horodate: 2020-07-23T17:36:44.702Z,
  ip: '83.202.34.239',
  geoloc: {
    range: [ 1405755904, 1405756415 ],
    country: 'FR',
    region: 'IDF',
    eu: '1',
    timezone: 'Europe/Paris',
    city: 'Paris',
    ll: [ 48.8543, 2.3527 ],
    metro: 0,
    area: 10
  },
  __lastAccess: 1595518604806
}
[2020-07-23T17:37:08.314] [TRACE] file - Session {
  cookie: {
    path: '/',
    _expires: 2020-10-21T15:37:08.314Z,
    originalMaxAge: 7776000000,
    httpOnly: true
  },
  views: { '/': 21, '/cv': 10, '/giftedADHD': 13 },
  horodate: 2020-07-23T17:37:08.250Z,
  ip: '83.202.34.239',
  geoloc: {
    range: [ 1405755904, 1405756415 ],
    country: 'FR',
    region: 'IDF',
    eu: '1',
    timezone: 'Europe/Paris',
    city: 'Paris',
    ll: [ 48.8543, 2.3527 ],
    metro: 0,
    area: 10
  },
  __lastAccess: 1595518628314
}
[2020-07-23T17:37:24.828] [TRACE] file - Session {
  cookie: {
    path: '/',
    _expires: 2020-10-21T15:37:24.827Z,
    originalMaxAge: 7776000000,
    httpOnly: true
  },
  views: { '/': 22, '/cv': 10, '/giftedADHD': 13 },
  horodate: 2020-07-23T17:37:24.742Z,
  ip: '83.202.34.239',
  geoloc: {
    range: [ 1405755904, 1405756415 ],
    country: 'FR',
    region: 'IDF',
    eu: '1',
    timezone: 'Europe/Paris',
    city: 'Paris',
    ll: [ 48.8543, 2.3527 ],
    metro: 0,
    area: 10
  },
  __lastAccess: 1595518644827
}
[2020-07-23T17:38:00.158] [TRACE] file - Session {
  cookie: {
    path: '/',
    _expires: 2020-10-21T15:38:00.158Z,
    originalMaxAge: 7776000000,
    httpOnly: true
  },
  views: { '/': 23, '/cv': 10, '/giftedADHD': 13 },
  horodate: 2020-07-23T17:38:00.074Z,
  ip: '83.202.34.239',
  geoloc: {
    range: [ 1405755904, 1405756415 ],
    country: 'FR',
    region: 'IDF',
    eu: '1',
    timezone: 'Europe/Paris',
    city: 'Paris',
    ll: [ 48.8543, 2.3527 ],
    metro: 0,
    area: 10
  },
  __lastAccess: 1595518680158
}
[2020-07-23T17:38:15.908] [TRACE] file - Session {
  cookie: {
    path: '/',
    _expires: 2020-10-21T15:38:15.908Z,
    originalMaxAge: 7776000000,
    httpOnly: true
  },
  views: { '/': 24, '/cv': 10, '/giftedADHD': 13 },
  horodate: 2020-07-23T17:38:15.822Z,
  ip: '83.202.34.239',
  geoloc: {
    range: [ 1405755904, 1405756415 ],
    country: 'FR',
    region: 'IDF',
    eu: '1',
    timezone: 'Europe/Paris',
    city: 'Paris',
    ll: [ 48.8543, 2.3527 ],
    metro: 0,
    area: 10
  },
  __lastAccess: 1595518695908
}
[2020-07-23T17:39:44.776] [TRACE] file - Session {
  cookie: {
    path: '/',
    _expires: 2020-10-21T15:39:44.776Z,
    originalMaxAge: 7776000000,
    httpOnly: true
  },
  views: { '/': 25, '/cv': 10, '/giftedADHD': 13 },
  horodate: 2020-07-23T17:39:44.706Z,
  ip: '83.202.34.239',
  geoloc: {
    range: [ 1405755904, 1405756415 ],
    country: 'FR',
    region: 'IDF',
    eu: '1',
    timezone: 'Europe/Paris',
    city: 'Paris',
    ll: [ 48.8543, 2.3527 ],
    metro: 0,
    area: 10
  },
  __lastAccess: 1595518784776
}
[2020-07-23T17:40:18.126] [TRACE] file - Session {
  cookie: {
    path: '/',
    _expires: 2020-10-21T15:40:18.125Z,
    originalMaxAge: 7776000000,
    httpOnly: true
  },
  views: { '/': 26, '/cv': 10, '/giftedADHD': 13 },
  horodate: 2020-07-23T17:40:18.011Z,
  ip: '83.202.34.239',
  geoloc: {
    range: [ 1405755904, 1405756415 ],
    country: 'FR',
    region: 'IDF',
    eu: '1',
    timezone: 'Europe/Paris',
    city: 'Paris',
    ll: [ 48.8543, 2.3527 ],
    metro: 0,
    area: 10
  },
  __lastAccess: 1595518818125
}
[2020-07-23T17:40:33.174] [TRACE] file - Session {
  cookie: {
    path: '/',
    _expires: 2020-10-21T15:40:33.174Z,
    originalMaxAge: 7776000000,
    httpOnly: true
  },
  views: { '/': 26, '/cv': 11, '/giftedADHD': 13 },
  horodate: 2020-07-23T17:40:33.081Z,
  ip: '83.202.34.239',
  geoloc: {
    range: [ 1405755904, 1405756415 ],
    country: 'FR',
    region: 'IDF',
    eu: '1',
    timezone: 'Europe/Paris',
    city: 'Paris',
    ll: [ 48.8543, 2.3527 ],
    metro: 0,
    area: 10
  },
  __lastAccess: 1595518833174
}
[2020-07-23T17:40:41.875] [TRACE] file - Session {
  cookie: {
    path: '/',
    _expires: 2020-10-21T15:40:41.875Z,
    originalMaxAge: 7776000000,
    httpOnly: true
  },
  views: { '/': 26, '/cv': 11, '/giftedADHD': 14 },
  horodate: 2020-07-23T17:40:41.809Z,
  ip: '83.202.34.239',
  geoloc: {
    range: [ 1405755904, 1405756415 ],
    country: 'FR',
    region: 'IDF',
    eu: '1',
    timezone: 'Europe/Paris',
    city: 'Paris',
    ll: [ 48.8543, 2.3527 ],
    metro: 0,
    area: 10
  },
  __lastAccess: 1595518841875
}
[2020-07-23T17:40:43.941] [TRACE] file - Session {
  cookie: {
    path: '/',
    _expires: 2020-10-21T15:40:43.940Z,
    originalMaxAge: 7776000000,
    httpOnly: true
  },
  views: { '/': 26, '/cv': 12, '/giftedADHD': 14 },
  horodate: 2020-07-23T17:40:43.883Z,
  ip: '83.202.34.239',
  geoloc: {
    range: [ 1405755904, 1405756415 ],
    country: 'FR',
    region: 'IDF',
    eu: '1',
    timezone: 'Europe/Paris',
    city: 'Paris',
    ll: [ 48.8543, 2.3527 ],
    metro: 0,
    area: 10
  },
  __lastAccess: 1595518843941
}
[2020-07-23T17:40:47.820] [TRACE] file - Session {
  cookie: {
    path: '/',
    _expires: 2020-10-21T15:40:47.820Z,
    originalMaxAge: 7776000000,
    httpOnly: true
  },
  views: { '/': 26, '/cv': 12, '/giftedADHD': 15 },
  horodate: 2020-07-23T17:40:47.784Z,
  ip: '83.202.34.239',
  geoloc: {
    range: [ 1405755904, 1405756415 ],
    country: 'FR',
    region: 'IDF',
    eu: '1',
    timezone: 'Europe/Paris',
    city: 'Paris',
    ll: [ 48.8543, 2.3527 ],
    metro: 0,
    area: 10
  },
  __lastAccess: 1595518847820
}
[2020-07-23T17:41:52.175] [TRACE] file - Session {
  cookie: {
    path: '/',
    _expires: 2020-10-21T15:41:52.174Z,
    originalMaxAge: 7776000000,
    httpOnly: true
  },
  views: { '/': 1 },
  horodate: 2020-07-23T17:41:52.067Z,
  ip: '54.36.148.152',
  geoloc: {
    range: [ 908366848, 908367871 ],
    country: 'FR',
    region: '',
    eu: '1',
    timezone: 'Europe/Paris',
    city: '',
    ll: [ 48.8582, 2.3387 ],
    metro: 0,
    area: 500
  },
  __lastAccess: 1595518912174
}
[2020-07-23T17:42:11.762] [TRACE] file - Session {
  cookie: {
    path: '/',
    _expires: 2020-10-21T15:42:11.760Z,
    originalMaxAge: 7776000000,
    httpOnly: true
  },
  views: { '/': 26, '/cv': 12, '/giftedADHD': 16 },
  horodate: 2020-07-23T17:42:11.683Z,
  ip: '83.202.34.239',
  geoloc: {
    range: [ 1405755904, 1405756415 ],
    country: 'FR',
    region: 'IDF',
    eu: '1',
    timezone: 'Europe/Paris',
    city: 'Paris',
    ll: [ 48.8543, 2.3527 ],
    metro: 0,
    area: 10
  },
  __lastAccess: 1595518931760
}
[2020-07-23T17:43:05.676] [TRACE] file - Session {
  cookie: {
    path: '/',
    _expires: 2020-10-21T15:43:05.676Z,
    originalMaxAge: 7776000000,
    httpOnly: true
  },
  views: { '/': 26, '/cv': 12, '/giftedADHD': 17 },
  horodate: 2020-07-23T17:43:05.626Z,
  ip: '83.202.34.239',
  geoloc: {
    range: [ 1405755904, 1405756415 ],
    country: 'FR',
    region: 'IDF',
    eu: '1',
    timezone: 'Europe/Paris',
    city: 'Paris',
    ll: [ 48.8543, 2.3527 ],
    metro: 0,
    area: 10
  },
  __lastAccess: 1595518985676
}
[2020-07-23T17:43:24.942] [TRACE] file - Session {
  cookie: {
    path: '/',
    _expires: 2020-10-21T15:43:24.941Z,
    originalMaxAge: 7776000000,
    httpOnly: true
  },
  views: { '/': 26, '/cv': 12, '/giftedADHD': 18 },
  horodate: 2020-07-23T17:43:24.888Z,
  ip: '83.202.34.239',
  geoloc: {
    range: [ 1405755904, 1405756415 ],
    country: 'FR',
    region: 'IDF',
    eu: '1',
    timezone: 'Europe/Paris',
    city: 'Paris',
    ll: [ 48.8543, 2.3527 ],
    metro: 0,
    area: 10
  },
  __lastAccess: 1595519004941
}
[2020-07-23T17:44:05.190] [TRACE] file - Session {
  cookie: {
    path: '/',
    _expires: 2020-10-21T15:44:05.189Z,
    originalMaxAge: 7776000000,
    httpOnly: true
  },
  views: { '/': 26, '/cv': 12, '/giftedADHD': 19 },
  horodate: 2020-07-23T17:44:05.138Z,
  ip: '83.202.34.239',
  geoloc: {
    range: [ 1405755904, 1405756415 ],
    country: 'FR',
    region: 'IDF',
    eu: '1',
    timezone: 'Europe/Paris',
    city: 'Paris',
    ll: [ 48.8543, 2.3527 ],
    metro: 0,
    area: 10
  },
  __lastAccess: 1595519045189
}
[2020-07-23T17:44:16.791] [TRACE] file - Session {
  cookie: {
    path: '/',
    _expires: 2020-10-21T15:44:16.791Z,
    originalMaxAge: 7776000000,
    httpOnly: true
  },
  views: { '/': 1 },
  horodate: 2020-07-23T17:44:16.703Z,
  ip: '118.233.194.168',
  geoloc: {
    range: [ 1995030528, 1995031551 ],
    country: 'TW',
    region: 'TNN',
    eu: '0',
    timezone: 'Asia/Taipei',
    city: 'Xinshequ',
    ll: [ 23.2042, 120.5397 ],
    metro: 0,
    area: 100
  },
  __lastAccess: 1595519056791
}
[2020-07-23T17:44:20.117] [TRACE] file - Session {
  cookie: {
    path: '/',
    _expires: 2020-10-21T15:44:20.116Z,
    originalMaxAge: 7776000000,
    httpOnly: true
  },
  views: { '/': 26, '/cv': 13, '/giftedADHD': 19 },
  horodate: 2020-07-23T17:44:20.034Z,
  ip: '83.202.34.239',
  geoloc: {
    range: [ 1405755904, 1405756415 ],
    country: 'FR',
    region: 'IDF',
    eu: '1',
    timezone: 'Europe/Paris',
    city: 'Paris',
    ll: [ 48.8543, 2.3527 ],
    metro: 0,
    area: 10
  },
  __lastAccess: 1595519060116
}
[2020-07-23T17:44:50.282] [TRACE] file - Session {
  cookie: {
    path: '/',
    _expires: 2020-10-21T15:44:50.282Z,
    originalMaxAge: 7776000000,
    httpOnly: true
  },
  views: { '/': 26, '/cv': 14, '/giftedADHD': 19 },
  horodate: 2020-07-23T17:44:50.201Z,
  ip: '83.202.34.239',
  geoloc: {
    range: [ 1405755904, 1405756415 ],
    country: 'FR',
    region: 'IDF',
    eu: '1',
    timezone: 'Europe/Paris',
    city: 'Paris',
    ll: [ 48.8543, 2.3527 ],
    metro: 0,
    area: 10
  },
  __lastAccess: 1595519090282
}
[2020-07-23T17:44:54.110] [TRACE] file - Session {
  cookie: {
    path: '/',
    _expires: 2020-10-21T15:44:54.109Z,
    originalMaxAge: 7776000000,
    httpOnly: true
  },
  views: { '/': 26, '/cv': 14, '/giftedADHD': 20 },
  horodate: 2020-07-23T17:44:54.062Z,
  ip: '83.202.34.239',
  geoloc: {
    range: [ 1405755904, 1405756415 ],
    country: 'FR',
    region: 'IDF',
    eu: '1',
    timezone: 'Europe/Paris',
    city: 'Paris',
    ll: [ 48.8543, 2.3527 ],
    metro: 0,
    area: 10
  },
  __lastAccess: 1595519094109
}
[2020-07-23T17:44:58.116] [TRACE] file - Session {
  cookie: {
    path: '/',
    _expires: 2020-10-21T15:44:58.114Z,
    originalMaxAge: 7776000000,
    httpOnly: true
  },
  views: { '/': 26, '/cv': 15, '/giftedADHD': 20 },
  horodate: 2020-07-23T17:44:58.058Z,
  ip: '83.202.34.239',
  geoloc: {
    range: [ 1405755904, 1405756415 ],
    country: 'FR',
    region: 'IDF',
    eu: '1',
    timezone: 'Europe/Paris',
    city: 'Paris',
    ll: [ 48.8543, 2.3527 ],
    metro: 0,
    area: 10
  },
  __lastAccess: 1595519098114
}
[2020-07-23T17:45:34.536] [TRACE] file - Session {
  cookie: {
    path: '/',
    _expires: 2020-10-21T15:45:34.535Z,
    originalMaxAge: 7776000000,
    httpOnly: true
  },
  views: { '/': 26, '/cv': 16, '/giftedADHD': 20 },
  horodate: 2020-07-23T17:45:34.443Z,
  ip: '83.202.34.239',
  geoloc: {
    range: [ 1405755904, 1405756415 ],
    country: 'FR',
    region: 'IDF',
    eu: '1',
    timezone: 'Europe/Paris',
    city: 'Paris',
    ll: [ 48.8543, 2.3527 ],
    metro: 0,
    area: 10
  },
  __lastAccess: 1595519134535
}
[2020-07-23T17:47:40.104] [TRACE] file - Session {
  cookie: {
    path: '/',
    _expires: 2020-10-21T15:47:40.103Z,
    originalMaxAge: 7776000000,
    httpOnly: true
  },
  views: { '/': 26, '/cv': 17, '/giftedADHD': 20 },
  horodate: 2020-07-23T17:47:40.027Z,
  ip: '83.202.34.239',
  geoloc: {
    range: [ 1405755904, 1405756415 ],
    country: 'FR',
    region: 'IDF',
    eu: '1',
    timezone: 'Europe/Paris',
    city: 'Paris',
    ll: [ 48.8543, 2.3527 ],
    metro: 0,
    area: 10
  },
  __lastAccess: 1595519260104
}
[2020-07-23T17:48:05.590] [TRACE] file - Session {
  cookie: {
    path: '/',
    _expires: 2020-10-21T15:48:05.589Z,
    originalMaxAge: 7776000000,
    httpOnly: true
  },
  views: { '/': 26, '/cv': 18, '/giftedADHD': 20 },
  horodate: 2020-07-23T17:48:05.519Z,
  ip: '83.202.34.239',
  geoloc: {
    range: [ 1405755904, 1405756415 ],
    country: 'FR',
    region: 'IDF',
    eu: '1',
    timezone: 'Europe/Paris',
    city: 'Paris',
    ll: [ 48.8543, 2.3527 ],
    metro: 0,
    area: 10
  },
  __lastAccess: 1595519285589
}
[2020-07-23T17:48:48.718] [TRACE] file - Session {
  cookie: {
    path: '/',
    _expires: 2020-10-21T15:48:48.717Z,
    originalMaxAge: 7776000000,
    httpOnly: true
  },
  views: { '/': 26, '/cv': 19, '/giftedADHD': 20 },
  horodate: 2020-07-23T17:48:48.646Z,
  ip: '83.202.34.239',
  geoloc: {
    range: [ 1405755904, 1405756415 ],
    country: 'FR',
    region: 'IDF',
    eu: '1',
    timezone: 'Europe/Paris',
    city: 'Paris',
    ll: [ 48.8543, 2.3527 ],
    metro: 0,
    area: 10
  },
  __lastAccess: 1595519328717
}
[2020-07-23T17:49:06.551] [TRACE] file - Session {
  cookie: {
    path: '/',
    _expires: 2020-10-21T15:49:06.551Z,
    originalMaxAge: 7776000000,
    httpOnly: true
  },
  views: { '/': 26, '/cv': 20, '/giftedADHD': 20 },
  horodate: 2020-07-23T17:49:06.466Z,
  ip: '83.202.34.239',
  geoloc: {
    range: [ 1405755904, 1405756415 ],
    country: 'FR',
    region: 'IDF',
    eu: '1',
    timezone: 'Europe/Paris',
    city: 'Paris',
    ll: [ 48.8543, 2.3527 ],
    metro: 0,
    area: 10
  },
  __lastAccess: 1595519346551
}
[2020-07-23T17:49:30.024] [TRACE] file - Session {
  cookie: {
    path: '/',
    _expires: 2020-10-21T15:49:30.024Z,
    originalMaxAge: 7776000000,
    httpOnly: true
  },
  views: { '/': 26, '/cv': 21, '/giftedADHD': 20 },
  horodate: 2020-07-23T17:49:29.942Z,
  ip: '83.202.34.239',
  geoloc: {
    range: [ 1405755904, 1405756415 ],
    country: 'FR',
    region: 'IDF',
    eu: '1',
    timezone: 'Europe/Paris',
    city: 'Paris',
    ll: [ 48.8543, 2.3527 ],
    metro: 0,
    area: 10
  },
  __lastAccess: 1595519370024
}
[2020-07-23T17:50:06.854] [TRACE] file - Session {
  cookie: {
    path: '/',
    _expires: 2020-10-21T15:50:06.853Z,
    originalMaxAge: 7776000000,
    httpOnly: true
  },
  views: { '/': 26, '/cv': 22, '/giftedADHD': 20 },
  horodate: 2020-07-23T17:50:06.782Z,
  ip: '83.202.34.239',
  geoloc: {
    range: [ 1405755904, 1405756415 ],
    country: 'FR',
    region: 'IDF',
    eu: '1',
    timezone: 'Europe/Paris',
    city: 'Paris',
    ll: [ 48.8543, 2.3527 ],
    metro: 0,
    area: 10
  },
  __lastAccess: 1595519406853
}
[2020-07-23T17:50:23.029] [TRACE] file - Session {
  cookie: {
    path: '/',
    _expires: 2020-10-21T15:50:23.029Z,
    originalMaxAge: 7776000000,
    httpOnly: true
  },
  views: { '/': 26, '/cv': 23, '/giftedADHD': 20 },
  horodate: 2020-07-23T17:50:22.961Z,
  ip: '83.202.34.239',
  geoloc: {
    range: [ 1405755904, 1405756415 ],
    country: 'FR',
    region: 'IDF',
    eu: '1',
    timezone: 'Europe/Paris',
    city: 'Paris',
    ll: [ 48.8543, 2.3527 ],
    metro: 0,
    area: 10
  },
  __lastAccess: 1595519423029
}
[2020-07-23T17:51:01.064] [TRACE] file - Session {
  cookie: {
    path: '/',
    _expires: 2020-10-21T15:51:01.063Z,
    originalMaxAge: 7776000000,
    httpOnly: true
  },
  views: { '/': 26, '/cv': 24, '/giftedADHD': 20 },
  horodate: 2020-07-23T17:51:00.985Z,
  ip: '83.202.34.239',
  geoloc: {
    range: [ 1405755904, 1405756415 ],
    country: 'FR',
    region: 'IDF',
    eu: '1',
    timezone: 'Europe/Paris',
    city: 'Paris',
    ll: [ 48.8543, 2.3527 ],
    metro: 0,
    area: 10
  },
  __lastAccess: 1595519461063
}
[2020-07-23T17:51:26.972] [TRACE] file - Session {
  cookie: {
    path: '/',
    _expires: 2020-10-21T15:51:26.972Z,
    originalMaxAge: 7776000000,
    httpOnly: true
  },
  views: { '/': 26, '/cv': 25, '/giftedADHD': 20 },
  horodate: 2020-07-23T17:51:26.883Z,
  ip: '83.202.34.239',
  geoloc: {
    range: [ 1405755904, 1405756415 ],
    country: 'FR',
    region: 'IDF',
    eu: '1',
    timezone: 'Europe/Paris',
    city: 'Paris',
    ll: [ 48.8543, 2.3527 ],
    metro: 0,
    area: 10
  },
  __lastAccess: 1595519486972
}
[2020-07-23T17:51:46.752] [TRACE] file - Session {
  cookie: {
    path: '/',
    _expires: 2020-10-21T15:51:46.752Z,
    originalMaxAge: 7776000000,
    httpOnly: true
  },
  views: { '/': 26, '/cv': 25, '/giftedADHD': 21 },
  horodate: 2020-07-23T17:51:46.707Z,
  ip: '83.202.34.239',
  geoloc: {
    range: [ 1405755904, 1405756415 ],
    country: 'FR',
    region: 'IDF',
    eu: '1',
    timezone: 'Europe/Paris',
    city: 'Paris',
    ll: [ 48.8543, 2.3527 ],
    metro: 0,
    area: 10
  },
  __lastAccess: 1595519506752
}
[2020-07-23T17:54:56.160] [TRACE] file - Session {
  cookie: {
    path: '/',
    _expires: 2020-10-21T15:54:56.160Z,
    originalMaxAge: 7776000000,
    httpOnly: true
  },
  views: { '/': 28, '/cv': 7, '/giftedADHD': 4 },
  horodate: 2020-07-23T17:54:56.081Z,
  ip: '83.202.34.239',
  geoloc: {
    range: [ 1405755904, 1405756415 ],
    country: 'FR',
    region: 'IDF',
    eu: '1',
    timezone: 'Europe/Paris',
    city: 'Paris',
    ll: [ 48.8543, 2.3527 ],
    metro: 0,
    area: 10
  },
  __lastAccess: 1595519696160
}
[2020-07-23T17:54:58.538] [TRACE] file - Session {
  cookie: {
    path: '/',
    _expires: 2020-10-21T15:54:58.538Z,
    originalMaxAge: 7776000000,
    httpOnly: true
  },
  views: { '/': 29, '/cv': 7, '/giftedADHD': 4 },
  horodate: 2020-07-23T17:54:58.463Z,
  ip: '83.202.34.239',
  geoloc: {
    range: [ 1405755904, 1405756415 ],
    country: 'FR',
    region: 'IDF',
    eu: '1',
    timezone: 'Europe/Paris',
    city: 'Paris',
    ll: [ 48.8543, 2.3527 ],
    metro: 0,
    area: 10
  },
  __lastAccess: 1595519698538
}
[2020-07-23T17:55:00.573] [TRACE] file - Session {
  cookie: {
    path: '/',
    _expires: 2020-10-21T15:55:00.573Z,
    originalMaxAge: 7776000000,
    httpOnly: true
  },
  views: { '/': 30, '/cv': 7, '/giftedADHD': 4 },
  horodate: 2020-07-23T17:55:00.507Z,
  ip: '83.202.34.239',
  geoloc: {
    range: [ 1405755904, 1405756415 ],
    country: 'FR',
    region: 'IDF',
    eu: '1',
    timezone: 'Europe/Paris',
    city: 'Paris',
    ll: [ 48.8543, 2.3527 ],
    metro: 0,
    area: 10
  },
  __lastAccess: 1595519700573
}
[2020-07-23T17:55:21.137] [TRACE] file - Session {
  cookie: {
    path: '/',
    _expires: 2020-10-21T15:55:21.136Z,
    originalMaxAge: 7776000000,
    httpOnly: true
  },
  views: { '/': 1 },
  horodate: 2020-07-23T17:55:21.056Z,
  ip: '83.202.34.239',
  geoloc: {
    range: [ 1405755904, 1405756415 ],
    country: 'FR',
    region: 'IDF',
    eu: '1',
    timezone: 'Europe/Paris',
    city: 'Paris',
    ll: [ 48.8543, 2.3527 ],
    metro: 0,
    area: 10
  },
  __lastAccess: 1595519721136
}
[2020-07-23T17:55:21.209] [TRACE] file - Session {
  cookie: {
    path: '/',
    _expires: 2020-10-21T15:55:21.208Z,
    originalMaxAge: 7776000000,
    httpOnly: true
  },
  views: { '/': 1 },
  horodate: 2020-07-23T17:55:21.141Z,
  ip: '83.202.34.239',
  geoloc: {
    range: [ 1405755904, 1405756415 ],
    country: 'FR',
    region: 'IDF',
    eu: '1',
    timezone: 'Europe/Paris',
    city: 'Paris',
    ll: [ 48.8543, 2.3527 ],
    metro: 0,
    area: 10
  },
  __lastAccess: 1595519721208
}
[2020-07-23T17:55:32.378] [TRACE] file - Session {
  cookie: {
    path: '/',
    _expires: 2020-10-21T15:55:32.377Z,
    originalMaxAge: 7776000000,
    httpOnly: true
  },
  views: { '/': 1, '/cv': 1 },
  horodate: 2020-07-23T17:55:32.295Z,
  ip: '83.202.34.239',
  geoloc: {
    range: [ 1405755904, 1405756415 ],
    country: 'FR',
    region: 'IDF',
    eu: '1',
    timezone: 'Europe/Paris',
    city: 'Paris',
    ll: [ 48.8543, 2.3527 ],
    metro: 0,
    area: 10
  },
  __lastAccess: 1595519732377
}
[2020-07-23T17:55:38.776] [TRACE] file - Session {
  cookie: {
    path: '/',
    _expires: 2020-10-21T15:55:38.774Z,
    originalMaxAge: 7776000000,
    httpOnly: true
  },
  views: { '/': 1, '/cv': 1, '/giftedADHD': 1 },
  horodate: 2020-07-23T17:55:38.730Z,
  ip: '83.202.34.239',
  geoloc: {
    range: [ 1405755904, 1405756415 ],
    country: 'FR',
    region: 'IDF',
    eu: '1',
    timezone: 'Europe/Paris',
    city: 'Paris',
    ll: [ 48.8543, 2.3527 ],
    metro: 0,
    area: 10
  },
  __lastAccess: 1595519738774
}
[2020-07-23T17:55:48.268] [TRACE] file - Session {
  cookie: {
    path: '/',
    _expires: 2020-10-21T15:55:48.267Z,
    originalMaxAge: 7776000000,
    httpOnly: true
  },
  views: { '/': 2, '/cv': 1, '/giftedADHD': 1 },
  horodate: 2020-07-23T17:55:48.201Z,
  ip: '83.202.34.239',
  geoloc: {
    range: [ 1405755904, 1405756415 ],
    country: 'FR',
    region: 'IDF',
    eu: '1',
    timezone: 'Europe/Paris',
    city: 'Paris',
    ll: [ 48.8543, 2.3527 ],
    metro: 0,
    area: 10
  },
  __lastAccess: 1595519748267
}
[2020-07-23T17:56:14.388] [TRACE] file - Session {
  cookie: {
    path: '/',
    _expires: 2020-10-21T15:56:14.387Z,
    originalMaxAge: 7776000000,
    httpOnly: true
  },
  views: { '/': 2, '/cv': 2, '/giftedADHD': 1 },
  horodate: 2020-07-23T17:56:14.319Z,
  ip: '83.202.34.239',
  geoloc: {
    range: [ 1405755904, 1405756415 ],
    country: 'FR',
    region: 'IDF',
    eu: '1',
    timezone: 'Europe/Paris',
    city: 'Paris',
    ll: [ 48.8543, 2.3527 ],
    metro: 0,
    area: 10
  },
  __lastAccess: 1595519774387
}
[2020-07-23T17:56:25.233] [TRACE] file - Session {
  cookie: {
    path: '/',
    _expires: 2020-10-21T15:56:25.232Z,
    originalMaxAge: 7776000000,
    httpOnly: true
  },
  views: { '/': 2, '/cv': 2, '/giftedADHD': 2 },
  horodate: 2020-07-23T17:56:25.183Z,
  ip: '83.202.34.239',
  geoloc: {
    range: [ 1405755904, 1405756415 ],
    country: 'FR',
    region: 'IDF',
    eu: '1',
    timezone: 'Europe/Paris',
    city: 'Paris',
    ll: [ 48.8543, 2.3527 ],
    metro: 0,
    area: 10
  },
  __lastAccess: 1595519785233
}
[2020-07-23T18:03:51.891] [TRACE] file - Session {
  cookie: {
    path: '/',
    _expires: 2020-10-21T16:03:51.891Z,
    originalMaxAge: 7776000000,
    httpOnly: true
  },
  views: { '/': 50, '/giftedADHD': 14, '/cv': 17 },
  horodate: 2020-07-23T18:03:51.827Z,
  ip: '83.202.34.239',
  geoloc: {
    range: [ 1405755904, 1405756415 ],
    country: 'FR',
    region: 'IDF',
    eu: '1',
    timezone: 'Europe/Paris',
    city: 'Paris',
    ll: [ 48.8543, 2.3527 ],
    metro: 0,
    area: 10
  },
  __lastAccess: 1595520231891
}
[2020-07-23T18:03:55.821] [TRACE] file - Session {
  cookie: {
    path: '/',
    _expires: 2020-10-21T16:03:55.820Z,
    originalMaxAge: 7776000000,
    httpOnly: true
  },
  views: { '/': 51, '/giftedADHD': 14, '/cv': 17 },
  horodate: 2020-07-23T18:03:55.747Z,
  ip: '83.202.34.239',
  geoloc: {
    range: [ 1405755904, 1405756415 ],
    country: 'FR',
    region: 'IDF',
    eu: '1',
    timezone: 'Europe/Paris',
    city: 'Paris',
    ll: [ 48.8543, 2.3527 ],
    metro: 0,
    area: 10
  },
  __lastAccess: 1595520235820
}
[2020-07-23T18:04:37.109] [TRACE] file - Session {
  cookie: {
    path: '/',
    _expires: 2020-10-21T16:04:37.108Z,
    originalMaxAge: 7776000000,
    httpOnly: true
  },
  views: { '/': 51, '/giftedADHD': 14, '/cv': 18 },
  horodate: 2020-07-23T18:04:37.030Z,
  ip: '83.202.34.239',
  geoloc: {
    range: [ 1405755904, 1405756415 ],
    country: 'FR',
    region: 'IDF',
    eu: '1',
    timezone: 'Europe/Paris',
    city: 'Paris',
    ll: [ 48.8543, 2.3527 ],
    metro: 0,
    area: 10
  },
  __lastAccess: 1595520277108
}
[2020-07-23T18:04:38.390] [TRACE] file - Session {
  cookie: {
    path: '/',
    _expires: 2020-10-21T16:04:38.389Z,
    originalMaxAge: 7776000000,
    httpOnly: true
  },
  views: { '/': 52, '/giftedADHD': 14, '/cv': 18 },
  horodate: 2020-07-23T18:04:38.327Z,
  ip: '83.202.34.239',
  geoloc: {
    range: [ 1405755904, 1405756415 ],
    country: 'FR',
    region: 'IDF',
    eu: '1',
    timezone: 'Europe/Paris',
    city: 'Paris',
    ll: [ 48.8543, 2.3527 ],
    metro: 0,
    area: 10
  },
  __lastAccess: 1595520278389
}
[2020-07-23T18:05:49.392] [TRACE] file - Session {
  cookie: {
    path: '/',
    _expires: 2020-10-21T16:05:49.391Z,
    originalMaxAge: 7776000000,
    httpOnly: true
  },
  views: { '/': 53, '/giftedADHD': 14, '/cv': 18 },
  horodate: 2020-07-23T18:05:49.323Z,
  ip: '83.202.34.239',
  geoloc: {
    range: [ 1405755904, 1405756415 ],
    country: 'FR',
    region: 'IDF',
    eu: '1',
    timezone: 'Europe/Paris',
    city: 'Paris',
    ll: [ 48.8543, 2.3527 ],
    metro: 0,
    area: 10
  },
  __lastAccess: 1595520349391
}
[2020-07-23T18:06:36.185] [TRACE] file - Session {
  cookie: {
    path: '/',
    _expires: 2020-10-21T16:06:36.184Z,
    originalMaxAge: 7775999999,
    httpOnly: true
  },
  views: { '/': 54, '/giftedADHD': 14, '/cv': 18 },
  horodate: 2020-07-23T18:06:36.118Z,
  ip: '83.202.34.239',
  geoloc: {
    range: [ 1405755904, 1405756415 ],
    country: 'FR',
    region: 'IDF',
    eu: '1',
    timezone: 'Europe/Paris',
    city: 'Paris',
    ll: [ 48.8543, 2.3527 ],
    metro: 0,
    area: 10
  },
  __lastAccess: 1595520396185
}
[2020-07-23T18:08:00.475] [TRACE] file - Session {
  cookie: {
    path: '/',
    _expires: 2020-10-21T16:08:00.472Z,
    originalMaxAge: 7775999999,
    httpOnly: true
  },
  views: { '/': 55, '/giftedADHD': 14, '/cv': 18 },
  horodate: 2020-07-23T18:08:00.415Z,
  ip: '83.202.34.239',
  geoloc: {
    range: [ 1405755904, 1405756415 ],
    country: 'FR',
    region: 'IDF',
    eu: '1',
    timezone: 'Europe/Paris',
    city: 'Paris',
    ll: [ 48.8543, 2.3527 ],
    metro: 0,
    area: 10
  },
  __lastAccess: 1595520480473
}
[2020-07-23T18:08:23.143] [TRACE] file - Session {
  cookie: {
    path: '/',
    _expires: 2020-10-21T16:08:23.142Z,
    originalMaxAge: 7775999999,
    httpOnly: true
  },
  views: { '/': 56, '/giftedADHD': 14, '/cv': 18 },
  horodate: 2020-07-23T18:08:23.058Z,
  ip: '83.202.34.239',
  geoloc: {
    range: [ 1405755904, 1405756415 ],
    country: 'FR',
    region: 'IDF',
    eu: '1',
    timezone: 'Europe/Paris',
    city: 'Paris',
    ll: [ 48.8543, 2.3527 ],
    metro: 0,
    area: 10
  },
  __lastAccess: 1595520503143
}
[2020-07-23T18:08:59.893] [TRACE] file - Session {
  cookie: {
    path: '/',
    _expires: 2020-10-21T16:08:59.891Z,
    originalMaxAge: 7775999999,
    httpOnly: true
  },
  views: { '/': 57, '/giftedADHD': 14, '/cv': 18 },
  horodate: 2020-07-23T18:08:59.816Z,
  ip: '83.202.34.239',
  geoloc: {
    range: [ 1405755904, 1405756415 ],
    country: 'FR',
    region: 'IDF',
    eu: '1',
    timezone: 'Europe/Paris',
    city: 'Paris',
    ll: [ 48.8543, 2.3527 ],
    metro: 0,
    area: 10
  },
  __lastAccess: 1595520539892
}
[2020-07-23T18:10:23.776] [TRACE] file - Session {
  cookie: {
    path: '/',
    _expires: 2020-10-21T16:10:23.774Z,
    originalMaxAge: 7775999999,
    httpOnly: true
  },
  views: { '/': 58, '/giftedADHD': 14, '/cv': 18 },
  horodate: 2020-07-23T18:10:23.698Z,
  ip: '83.202.34.239',
  geoloc: {
    range: [ 1405755904, 1405756415 ],
    country: 'FR',
    region: 'IDF',
    eu: '1',
    timezone: 'Europe/Paris',
    city: 'Paris',
    ll: [ 48.8543, 2.3527 ],
    metro: 0,
    area: 10
  },
  __lastAccess: 1595520623775
}
[2020-07-23T18:10:29.291] [TRACE] file - Session {
  cookie: {
    path: '/',
    _expires: 2020-10-21T16:10:29.289Z,
    originalMaxAge: 7775999999,
    httpOnly: true
  },
  views: { '/': 59, '/giftedADHD': 14, '/cv': 18 },
  horodate: 2020-07-23T18:10:29.223Z,
  ip: '83.202.34.239',
  geoloc: {
    range: [ 1405755904, 1405756415 ],
    country: 'FR',
    region: 'IDF',
    eu: '1',
    timezone: 'Europe/Paris',
    city: 'Paris',
    ll: [ 48.8543, 2.3527 ],
    metro: 0,
    area: 10
  },
  __lastAccess: 1595520629290
}
[2020-07-23T18:11:22.545] [TRACE] file - Session {
  cookie: {
    path: '/',
    _expires: 2020-10-21T16:11:22.544Z,
    originalMaxAge: 7775999999,
    httpOnly: true
  },
  views: { '/': 60, '/giftedADHD': 14, '/cv': 18 },
  horodate: 2020-07-23T18:11:22.484Z,
  ip: '83.202.34.239',
  geoloc: {
    range: [ 1405755904, 1405756415 ],
    country: 'FR',
    region: 'IDF',
    eu: '1',
    timezone: 'Europe/Paris',
    city: 'Paris',
    ll: [ 48.8543, 2.3527 ],
    metro: 0,
    area: 10
  },
  __lastAccess: 1595520682545
}
[2020-07-23T18:12:29.606] [TRACE] file - Session {
  cookie: {
    path: '/',
    _expires: 2020-10-21T16:12:29.604Z,
    originalMaxAge: 7775999999,
    httpOnly: true
  },
  views: { '/': 61, '/giftedADHD': 14, '/cv': 18 },
  horodate: 2020-07-23T18:12:29.540Z,
  ip: '83.202.34.239',
  geoloc: {
    range: [ 1405755904, 1405756415 ],
    country: 'FR',
    region: 'IDF',
    eu: '1',
    timezone: 'Europe/Paris',
    city: 'Paris',
    ll: [ 48.8543, 2.3527 ],
    metro: 0,
    area: 10
  },
  __lastAccess: 1595520749605
}
[2020-07-23T18:12:46.196] [TRACE] file - Session {
  cookie: {
    path: '/',
    _expires: 2020-10-21T16:12:46.195Z,
    originalMaxAge: 7775999999,
    httpOnly: true
  },
  views: { '/': 61, '/giftedADHD': 14, '/cv': 19 },
  horodate: 2020-07-23T18:12:46.105Z,
  ip: '83.202.34.239',
  geoloc: {
    range: [ 1405755904, 1405756415 ],
    country: 'FR',
    region: 'IDF',
    eu: '1',
    timezone: 'Europe/Paris',
    city: 'Paris',
    ll: [ 48.8543, 2.3527 ],
    metro: 0,
    area: 10
  },
  __lastAccess: 1595520766196
}
[2020-07-23T18:12:48.362] [TRACE] file - Session {
  cookie: {
    path: '/',
    _expires: 2020-10-21T16:12:48.360Z,
    originalMaxAge: 7775999999,
    httpOnly: true
  },
  views: { '/': 62, '/giftedADHD': 14, '/cv': 19 },
  horodate: 2020-07-23T18:12:48.293Z,
  ip: '83.202.34.239',
  geoloc: {
    range: [ 1405755904, 1405756415 ],
    country: 'FR',
    region: 'IDF',
    eu: '1',
    timezone: 'Europe/Paris',
    city: 'Paris',
    ll: [ 48.8543, 2.3527 ],
    metro: 0,
    area: 10
  },
  __lastAccess: 1595520768361
}
[2020-07-23T18:13:35.763] [TRACE] file - Session {
  cookie: {
    path: '/',
    _expires: 2020-10-21T16:13:35.762Z,
    originalMaxAge: 7775999999,
    httpOnly: true
  },
  views: { '/': 62, '/giftedADHD': 14, '/cv': 20 },
  horodate: 2020-07-23T18:13:35.712Z,
  ip: '83.202.34.239',
  geoloc: {
    range: [ 1405755904, 1405756415 ],
    country: 'FR',
    region: 'IDF',
    eu: '1',
    timezone: 'Europe/Paris',
    city: 'Paris',
    ll: [ 48.8543, 2.3527 ],
    metro: 0,
    area: 10
  },
  __lastAccess: 1595520815763
}
[2020-07-23T18:13:40.409] [TRACE] file - Session {
  cookie: {
    path: '/',
    _expires: 2020-10-21T16:13:40.407Z,
    originalMaxAge: 7775999999,
    httpOnly: true
  },
  views: { '/': 62, '/giftedADHD': 15, '/cv': 20 },
  horodate: 2020-07-23T18:13:40.375Z,
  ip: '83.202.34.239',
  geoloc: {
    range: [ 1405755904, 1405756415 ],
    country: 'FR',
    region: 'IDF',
    eu: '1',
    timezone: 'Europe/Paris',
    city: 'Paris',
    ll: [ 48.8543, 2.3527 ],
    metro: 0,
    area: 10
  },
  __lastAccess: 1595520820408
}
