[2020-06-25T08:06:12.364] [TRACE] trace - {
  horodate: 2020-06-25T06:06:12.362Z,
  ip: '90.92.102.225',
  geoloc: {
    range: [ 1516003328, 1516005375 ],
    country: 'FR',
    region: 'IDF',
    eu: '1',
    timezone: 'Europe/Paris',
    city: 'Paris',
    ll: [ 48.8543, 2.3527 ],
    metro: 0,
    area: 5
  },
  cookie: { path: '/', _expires: null, originalMaxAge: null, httpOnly: true }
}
[2020-06-25T08:36:15.877] [TRACE] trace - {
  horodate: 2020-06-25T06:36:15.877Z,
  ip: '5.234.244.226',
  geoloc: {
    range: [ 99090432, 99352575 ],
    country: 'IR',
    region: '',
    eu: '0',
    timezone: 'Asia/Tehran',
    city: '',
    ll: [ 35.6961, 51.4231 ],
    metro: 0,
    area: 50
  },
  cookie: { path: '/', _expires: null, originalMaxAge: null, httpOnly: true }
}
[2020-06-25T08:56:49.593] [TRACE] trace - {
  horodate: 2020-06-25T06:56:49.593Z,
  ip: '45.92.126.74',
  geoloc: {
    range: [ 761035776, 761036799 ],
    country: 'US',
    region: '',
    eu: '0',
    timezone: 'America/Chicago',
    city: '',
    ll: [ 37.751, -97.822 ],
    metro: 0,
    area: 200
  },
  cookie: { path: '/', _expires: null, originalMaxAge: null, httpOnly: true }
}
