Fri Jul 30 2021 01:21:05 GMT+0200 (GMT+02:00)[2020-07-30T01:21:09.503] [TRACE] file - 5AgUTu-d004Il8MstKp4wagf
[2020-07-30T01:21:09.504] [TRACE] file - Session {
  cookie: {
    path: '/',
    _expires: 2020-10-27T23:21:09.497Z,
    originalMaxAge: 7775999998,
    httpOnly: true
  },
  views: { '/': 48, '/cv': 38, '/giftedADHD': 1 },
  horodate: 2020-07-29T01:21:08.930Z,
  ip: '83.202.34.239',
  geoloc: {
    range: [ 1405755904, 1405756415 ],
    country: 'FR',
    region: 'IDF',
    eu: '1',
    timezone: 'Europe/Paris',
    city: 'Paris',
    ll: [ 48.8543, 2.3527 ],
    metro: 0,
    area: 10
  },
  __lastAccess: 1596064869500
}
[2020-07-30T01:21:21.065] [TRACE] file - 8zYQ8RvtcGd8gIEMCgPq1SDt
[2020-07-30T01:21:21.065] [TRACE] file - Session {
  cookie: {
    path: '/',
    _expires: 2020-10-27T23:21:21.062Z,
    originalMaxAge: 7776000000,
    httpOnly: true
  },
  views: { '/': 30, '/cv': 15, '/giftedADHD': 19 },
  horodate: 2020-07-29T01:21:20.902Z,
  ip: '92.184.96.126',
  geoloc: {
    range: [ 1555587072, 1555588095 ],
    country: 'FR',
    region: 'IDF',
    eu: '1',
    timezone: 'Europe/Paris',
    city: 'Paris',
    ll: [ 48.8649, 2.2752 ],
    metro: 0,
    area: 200
  },
  __lastAccess: 1596064881063
}
