[2020-07-03T18:48:41.329] [TRACE] trace - {
  genid: [Function: genid],
  store: FileStore {
    _events: [Object: null prototype] {
      disconnect: [Function: ondisconnect],
      connect: [Function: onconnect]
    },
    _eventsCount: 2,
    _maxListeners: undefined,
    options: {
      path: 'sessions',
      ttl: 3600,
      retries: 5,
      factor: 1,
      minTimeout: 50,
      maxTimeout: 100,
      reapInterval: 3600,
      reapMaxConcurrent: 10,
      reapAsync: false,
      reapSyncFallback: false,
      logFn: [Function: bound consoleCall],
      encoding: 'utf8',
      encoder: [Function: stringify],
      decoder: [Function: parse],
      encryptEncoding: 'hex',
      fileExtension: '.json',
      crypto: [Object],
      keyFunction: [Function: keyFunction],
      filePattern: /\.json$/,
      reapIntervalObject: Timeout {
        _idleTimeout: 3600000,
        _idlePrev: [TimersList],
        _idleNext: [Timeout],
        _idleStart: 414,
        _onTimeout: [Function],
        _timerArgs: undefined,
        _repeat: 3600000,
        _destroyed: false,
        [Symbol(refed)]: false,
        [Symbol(asyncId)]: 7,
        [Symbol(triggerId)]: 1
      }
    },
    generate: [Function],
    [Symbol(kCapture)]: false
  },
  resave: false,
  saveUninitialized: false,
  secret: 'qwerty',
  cookie: { expires: 1625330918844, maxage: 311040000000 },
  sessionID: 0,
  horodate: 2020-07-03T18:48:40.673Z,
  ip: '83.202.34.239',
  geoloc: {
    range: [ 1405755904, 1405756415 ],
    country: 'FR',
    region: 'IDF',
    eu: '1',
    timezone: 'Europe/Paris',
    city: 'Paris',
    ll: [ 48.8543, 2.3527 ],
    metro: 0,
    area: 10
  },
  pathname: '',
  nbViews: [],
  views: { '/': 1 }
}
[2020-07-03T18:48:43.659] [TRACE] trace - {
  genid: [Function: genid],
  store: FileStore {
    _events: [Object: null prototype] {
      disconnect: [Function: ondisconnect],
      connect: [Function: onconnect]
    },
    _eventsCount: 2,
    _maxListeners: undefined,
    options: {
      path: 'sessions',
      ttl: 3600,
      retries: 5,
      factor: 1,
      minTimeout: 50,
      maxTimeout: 100,
      reapInterval: 3600,
      reapMaxConcurrent: 10,
      reapAsync: false,
      reapSyncFallback: false,
      logFn: [Function: bound consoleCall],
      encoding: 'utf8',
      encoder: [Function: stringify],
      decoder: [Function: parse],
      encryptEncoding: 'hex',
      fileExtension: '.json',
      crypto: [Object],
      keyFunction: [Function: keyFunction],
      filePattern: /\.json$/,
      reapIntervalObject: Timeout {
        _idleTimeout: 3600000,
        _idlePrev: [TimersList],
        _idleNext: [Timeout],
        _idleStart: 414,
        _onTimeout: [Function],
        _timerArgs: undefined,
        _repeat: 3600000,
        _destroyed: false,
        [Symbol(refed)]: false,
        [Symbol(asyncId)]: 7,
        [Symbol(triggerId)]: 1
      }
    },
    generate: [Function],
    [Symbol(kCapture)]: false
  },
  resave: false,
  saveUninitialized: false,
  secret: 'qwerty',
  cookie: { expires: 1625330918844, maxage: 311040000000 },
  sessionID: 0,
  horodate: 2020-07-03T18:48:43.506Z,
  ip: '83.202.34.239',
  geoloc: {
    range: [ 1405755904, 1405756415 ],
    country: 'FR',
    region: 'IDF',
    eu: '1',
    timezone: 'Europe/Paris',
    city: 'Paris',
    ll: [ 48.8543, 2.3527 ],
    metro: 0,
    area: 10
  },
  pathname: '',
  nbViews: [],
  views: { '/': 2 }
}
[2020-07-03T18:48:45.348] [TRACE] trace - /cv: 1
[2020-07-03T18:48:47.061] [TRACE] trace - {
  genid: [Function: genid],
  store: FileStore {
    _events: [Object: null prototype] {
      disconnect: [Function: ondisconnect],
      connect: [Function: onconnect]
    },
    _eventsCount: 2,
    _maxListeners: undefined,
    options: {
      path: 'sessions',
      ttl: 3600,
      retries: 5,
      factor: 1,
      minTimeout: 50,
      maxTimeout: 100,
      reapInterval: 3600,
      reapMaxConcurrent: 10,
      reapAsync: false,
      reapSyncFallback: false,
      logFn: [Function: bound consoleCall],
      encoding: 'utf8',
      encoder: [Function: stringify],
      decoder: [Function: parse],
      encryptEncoding: 'hex',
      fileExtension: '.json',
      crypto: [Object],
      keyFunction: [Function: keyFunction],
      filePattern: /\.json$/,
      reapIntervalObject: Timeout {
        _idleTimeout: 3600000,
        _idlePrev: [TimersList],
        _idleNext: [Timeout],
        _idleStart: 414,
        _onTimeout: [Function],
        _timerArgs: undefined,
        _repeat: 3600000,
        _destroyed: false,
        [Symbol(refed)]: false,
        [Symbol(asyncId)]: 7,
        [Symbol(triggerId)]: 1
      }
    },
    generate: [Function],
    [Symbol(kCapture)]: false
  },
  resave: false,
  saveUninitialized: false,
  secret: 'qwerty',
  cookie: { expires: 1625330918844, maxage: 311040000000 },
  sessionID: 0,
  horodate: 2020-07-03T18:48:46.995Z,
  ip: '83.202.34.239',
  geoloc: {
    range: [ 1405755904, 1405756415 ],
    country: 'FR',
    region: 'IDF',
    eu: '1',
    timezone: 'Europe/Paris',
    city: 'Paris',
    ll: [ 48.8543, 2.3527 ],
    metro: 0,
    area: 10
  },
  pathname: '',
  nbViews: [],
  views: { '/': 3, '/cv': 1 }
}
[2020-07-03T18:48:49.111] [TRACE] trace - /adm1n: 1
[2020-07-03T18:49:00.520] [TRACE] trace - {
  genid: [Function: genid],
  store: FileStore {
    _events: [Object: null prototype] {
      disconnect: [Function: ondisconnect],
      connect: [Function: onconnect]
    },
    _eventsCount: 2,
    _maxListeners: undefined,
    options: {
      path: 'sessions',
      ttl: 3600,
      retries: 5,
      factor: 1,
      minTimeout: 50,
      maxTimeout: 100,
      reapInterval: 3600,
      reapMaxConcurrent: 10,
      reapAsync: false,
      reapSyncFallback: false,
      logFn: [Function: bound consoleCall],
      encoding: 'utf8',
      encoder: [Function: stringify],
      decoder: [Function: parse],
      encryptEncoding: 'hex',
      fileExtension: '.json',
      crypto: [Object],
      keyFunction: [Function: keyFunction],
      filePattern: /\.json$/,
      reapIntervalObject: Timeout {
        _idleTimeout: 3600000,
        _idlePrev: [TimersList],
        _idleNext: [Timeout],
        _idleStart: 414,
        _onTimeout: [Function],
        _timerArgs: undefined,
        _repeat: 3600000,
        _destroyed: false,
        [Symbol(refed)]: false,
        [Symbol(asyncId)]: 7,
        [Symbol(triggerId)]: 1
      }
    },
    generate: [Function],
    [Symbol(kCapture)]: false
  },
  resave: false,
  saveUninitialized: false,
  secret: 'qwerty',
  cookie: { expires: 1625330918844, maxage: 311040000000 },
  sessionID: 0,
  horodate: 2020-07-03T18:49:00.457Z,
  ip: '83.202.34.239',
  geoloc: {
    range: [ 1405755904, 1405756415 ],
    country: 'FR',
    region: 'IDF',
    eu: '1',
    timezone: 'Europe/Paris',
    city: 'Paris',
    ll: [ 48.8543, 2.3527 ],
    metro: 0,
    area: 10
  },
  pathname: '',
  nbViews: [],
  views: { '/': 4, '/cv': 1, '/adm1n': 1 }
}
[2020-07-03T18:49:03.174] [TRACE] trace - {
  genid: [Function: genid],
  store: FileStore {
    _events: [Object: null prototype] {
      disconnect: [Function: ondisconnect],
      connect: [Function: onconnect]
    },
    _eventsCount: 2,
    _maxListeners: undefined,
    options: {
      path: 'sessions',
      ttl: 3600,
      retries: 5,
      factor: 1,
      minTimeout: 50,
      maxTimeout: 100,
      reapInterval: 3600,
      reapMaxConcurrent: 10,
      reapAsync: false,
      reapSyncFallback: false,
      logFn: [Function: bound consoleCall],
      encoding: 'utf8',
      encoder: [Function: stringify],
      decoder: [Function: parse],
      encryptEncoding: 'hex',
      fileExtension: '.json',
      crypto: [Object],
      keyFunction: [Function: keyFunction],
      filePattern: /\.json$/,
      reapIntervalObject: Timeout {
        _idleTimeout: 3600000,
        _idlePrev: [TimersList],
        _idleNext: [Timeout],
        _idleStart: 414,
        _onTimeout: [Function],
        _timerArgs: undefined,
        _repeat: 3600000,
        _destroyed: false,
        [Symbol(refed)]: false,
        [Symbol(asyncId)]: 7,
        [Symbol(triggerId)]: 1
      }
    },
    generate: [Function],
    [Symbol(kCapture)]: false
  },
  resave: false,
  saveUninitialized: false,
  secret: 'qwerty',
  cookie: { expires: 1625330918844, maxage: 311040000000 },
  sessionID: 0,
  horodate: 2020-07-03T18:49:03.080Z,
  ip: '83.202.34.239',
  geoloc: {
    range: [ 1405755904, 1405756415 ],
    country: 'FR',
    region: 'IDF',
    eu: '1',
    timezone: 'Europe/Paris',
    city: 'Paris',
    ll: [ 48.8543, 2.3527 ],
    metro: 0,
    area: 10
  },
  pathname: '',
  nbViews: [],
  views: { '/': 5, '/cv': 1, '/adm1n': 1 }
}
[2020-07-03T18:49:06.809] [TRACE] trace - {
  genid: [Function: genid],
  store: FileStore {
    _events: [Object: null prototype] {
      disconnect: [Function: ondisconnect],
      connect: [Function: onconnect]
    },
    _eventsCount: 2,
    _maxListeners: undefined,
    options: {
      path: 'sessions',
      ttl: 3600,
      retries: 5,
      factor: 1,
      minTimeout: 50,
      maxTimeout: 100,
      reapInterval: 3600,
      reapMaxConcurrent: 10,
      reapAsync: false,
      reapSyncFallback: false,
      logFn: [Function: bound consoleCall],
      encoding: 'utf8',
      encoder: [Function: stringify],
      decoder: [Function: parse],
      encryptEncoding: 'hex',
      fileExtension: '.json',
      crypto: [Object],
      keyFunction: [Function: keyFunction],
      filePattern: /\.json$/,
      reapIntervalObject: Timeout {
        _idleTimeout: 3600000,
        _idlePrev: [TimersList],
        _idleNext: [Timeout],
        _idleStart: 414,
        _onTimeout: [Function],
        _timerArgs: undefined,
        _repeat: 3600000,
        _destroyed: false,
        [Symbol(refed)]: false,
        [Symbol(asyncId)]: 7,
        [Symbol(triggerId)]: 1
      }
    },
    generate: [Function],
    [Symbol(kCapture)]: false
  },
  resave: false,
  saveUninitialized: false,
  secret: 'qwerty',
  cookie: { expires: 1625330918844, maxage: 311040000000 },
  sessionID: 0,
  horodate: 2020-07-03T18:49:06.736Z,
  ip: '83.202.34.239',
  geoloc: {
    range: [ 1405755904, 1405756415 ],
    country: 'FR',
    region: 'IDF',
    eu: '1',
    timezone: 'Europe/Paris',
    city: 'Paris',
    ll: [ 48.8543, 2.3527 ],
    metro: 0,
    area: 10
  },
  pathname: '',
  nbViews: [],
  views: { '/': 6, '/cv': 1, '/adm1n': 1 }
}
[2020-07-03T18:49:08.777] [TRACE] trace - /cv: 2
[2020-07-03T18:49:19.976] [TRACE] trace - {
  genid: [Function: genid],
  store: FileStore {
    _events: [Object: null prototype] {
      disconnect: [Function: ondisconnect],
      connect: [Function: onconnect]
    },
    _eventsCount: 2,
    _maxListeners: undefined,
    options: {
      path: 'sessions',
      ttl: 3600,
      retries: 5,
      factor: 1,
      minTimeout: 50,
      maxTimeout: 100,
      reapInterval: 3600,
      reapMaxConcurrent: 10,
      reapAsync: false,
      reapSyncFallback: false,
      logFn: [Function: bound consoleCall],
      encoding: 'utf8',
      encoder: [Function: stringify],
      decoder: [Function: parse],
      encryptEncoding: 'hex',
      fileExtension: '.json',
      crypto: [Object],
      keyFunction: [Function: keyFunction],
      filePattern: /\.json$/,
      reapIntervalObject: Timeout {
        _idleTimeout: 3600000,
        _idlePrev: [TimersList],
        _idleNext: [Timeout],
        _idleStart: 414,
        _onTimeout: [Function],
        _timerArgs: undefined,
        _repeat: 3600000,
        _destroyed: false,
        [Symbol(refed)]: false,
        [Symbol(asyncId)]: 7,
        [Symbol(triggerId)]: 1
      }
    },
    generate: [Function],
    [Symbol(kCapture)]: false
  },
  resave: false,
  saveUninitialized: false,
  secret: 'qwerty',
  cookie: { expires: 1625330918844, maxage: 311040000000 },
  sessionID: 0,
  horodate: 2020-07-03T18:49:19.926Z,
  ip: '92.184.117.65',
  geoloc: {
    range: [ 1555592192, 1555592703 ],
    country: 'FR',
    region: 'IDF',
    eu: '1',
    timezone: 'Europe/Paris',
    city: 'Saint-Cloud',
    ll: [ 48.846, 2.2029 ],
    metro: 0,
    area: 200
  },
  pathname: '',
  nbViews: [],
  views: { '/': 7, '/cv': 2, '/adm1n': 1 }
}
