[2020-07-03T19:03:58.628] [TRACE] trace - {
  genid: [Function: genid],
  store: FileStore {
    _events: [Object: null prototype] {
      disconnect: [Function: ondisconnect],
      connect: [Function: onconnect]
    },
    _eventsCount: 2,
    _maxListeners: undefined,
    options: {
      path: 'sessions',
      ttl: 3600,
      retries: 5,
      factor: 1,
      minTimeout: 50,
      maxTimeout: 100,
      reapInterval: 3600,
      reapMaxConcurrent: 10,
      reapAsync: false,
      reapSyncFallback: false,
      logFn: [Function: bound consoleCall],
      encoding: 'utf8',
      encoder: [Function: stringify],
      decoder: [Function: parse],
      encryptEncoding: 'hex',
      fileExtension: '.json',
      crypto: [Object],
      keyFunction: [Function: keyFunction],
      filePattern: /\.json$/,
      reapIntervalObject: Timeout {
        _idleTimeout: 3600000,
        _idlePrev: [TimersList],
        _idleNext: [Timeout],
        _idleStart: 397,
        _onTimeout: [Function],
        _timerArgs: undefined,
        _repeat: 3600000,
        _destroyed: false,
        [Symbol(refed)]: false,
        [Symbol(asyncId)]: 7,
        [Symbol(triggerId)]: 1
      }
    },
    generate: [Function],
    [Symbol(kCapture)]: false
  },
  resave: false,
  saveUninitialized: false,
  secret: 'qwerty',
  cookie: { expires: 1625331836226, maxage: 311040000000 },
  sessionID: 0,
  horodate: 2020-07-03T19:03:57.999Z,
  ip: '83.202.34.239',
  geoloc: {
    range: [ 1405755904, 1405756415 ],
    country: 'FR',
    region: 'IDF',
    eu: '1',
    timezone: 'Europe/Paris',
    city: 'Paris',
    ll: [ 48.8543, 2.3527 ],
    metro: 0,
    area: 10
  },
  views: { '/': 158, '/cv': 53, '/adm1n': 43, '/giftedADHD': 35 }
}
[2020-07-03T19:04:00.638] [TRACE] trace - {
  genid: [Function: genid],
  store: FileStore {
    _events: [Object: null prototype] {
      disconnect: [Function: ondisconnect],
      connect: [Function: onconnect]
    },
    _eventsCount: 2,
    _maxListeners: undefined,
    options: {
      path: 'sessions',
      ttl: 3600,
      retries: 5,
      factor: 1,
      minTimeout: 50,
      maxTimeout: 100,
      reapInterval: 3600,
      reapMaxConcurrent: 10,
      reapAsync: false,
      reapSyncFallback: false,
      logFn: [Function: bound consoleCall],
      encoding: 'utf8',
      encoder: [Function: stringify],
      decoder: [Function: parse],
      encryptEncoding: 'hex',
      fileExtension: '.json',
      crypto: [Object],
      keyFunction: [Function: keyFunction],
      filePattern: /\.json$/,
      reapIntervalObject: Timeout {
        _idleTimeout: 3600000,
        _idlePrev: [TimersList],
        _idleNext: [Timeout],
        _idleStart: 397,
        _onTimeout: [Function],
        _timerArgs: undefined,
        _repeat: 3600000,
        _destroyed: false,
        [Symbol(refed)]: false,
        [Symbol(asyncId)]: 7,
        [Symbol(triggerId)]: 1
      }
    },
    generate: [Function],
    [Symbol(kCapture)]: false
  },
  resave: false,
  saveUninitialized: false,
  secret: 'qwerty',
  cookie: { expires: 1625331836226, maxage: 311040000000 },
  sessionID: 0,
  horodate: 2020-07-03T19:03:57.999Z,
  ip: '83.202.34.239',
  geoloc: {
    range: [ 1405755904, 1405756415 ],
    country: 'FR',
    region: 'IDF',
    eu: '1',
    timezone: 'Europe/Paris',
    city: 'Paris',
    ll: [ 48.8543, 2.3527 ],
    metro: 0,
    area: 10
  },
  views: { '/': 158, '/cv': 54, '/adm1n': 43, '/giftedADHD': 35 }
}
[2020-07-03T19:04:01.893] [TRACE] trace - {
  genid: [Function: genid],
  store: FileStore {
    _events: [Object: null prototype] {
      disconnect: [Function: ondisconnect],
      connect: [Function: onconnect]
    },
    _eventsCount: 2,
    _maxListeners: undefined,
    options: {
      path: 'sessions',
      ttl: 3600,
      retries: 5,
      factor: 1,
      minTimeout: 50,
      maxTimeout: 100,
      reapInterval: 3600,
      reapMaxConcurrent: 10,
      reapAsync: false,
      reapSyncFallback: false,
      logFn: [Function: bound consoleCall],
      encoding: 'utf8',
      encoder: [Function: stringify],
      decoder: [Function: parse],
      encryptEncoding: 'hex',
      fileExtension: '.json',
      crypto: [Object],
      keyFunction: [Function: keyFunction],
      filePattern: /\.json$/,
      reapIntervalObject: Timeout {
        _idleTimeout: 3600000,
        _idlePrev: [TimersList],
        _idleNext: [Timeout],
        _idleStart: 397,
        _onTimeout: [Function],
        _timerArgs: undefined,
        _repeat: 3600000,
        _destroyed: false,
        [Symbol(refed)]: false,
        [Symbol(asyncId)]: 7,
        [Symbol(triggerId)]: 1
      }
    },
    generate: [Function],
    [Symbol(kCapture)]: false
  },
  resave: false,
  saveUninitialized: false,
  secret: 'qwerty',
  cookie: { expires: 1625331836226, maxage: 311040000000 },
  sessionID: 0,
  horodate: 2020-07-03T19:04:01.812Z,
  ip: '83.202.34.239',
  geoloc: {
    range: [ 1405755904, 1405756415 ],
    country: 'FR',
    region: 'IDF',
    eu: '1',
    timezone: 'Europe/Paris',
    city: 'Paris',
    ll: [ 48.8543, 2.3527 ],
    metro: 0,
    area: 10
  },
  views: { '/': 159, '/cv': 54, '/adm1n': 43, '/giftedADHD': 35 }
}
[2020-07-03T19:04:43.806] [TRACE] trace - {
  genid: [Function: genid],
  store: FileStore {
    _events: [Object: null prototype] {
      disconnect: [Function: ondisconnect],
      connect: [Function: onconnect]
    },
    _eventsCount: 2,
    _maxListeners: undefined,
    options: {
      path: 'sessions',
      ttl: 3600,
      retries: 5,
      factor: 1,
      minTimeout: 50,
      maxTimeout: 100,
      reapInterval: 3600,
      reapMaxConcurrent: 10,
      reapAsync: false,
      reapSyncFallback: false,
      logFn: [Function: bound consoleCall],
      encoding: 'utf8',
      encoder: [Function: stringify],
      decoder: [Function: parse],
      encryptEncoding: 'hex',
      fileExtension: '.json',
      crypto: [Object],
      keyFunction: [Function: keyFunction],
      filePattern: /\.json$/,
      reapIntervalObject: Timeout {
        _idleTimeout: 3600000,
        _idlePrev: [TimersList],
        _idleNext: [Timeout],
        _idleStart: 397,
        _onTimeout: [Function],
        _timerArgs: undefined,
        _repeat: 3600000,
        _destroyed: false,
        [Symbol(refed)]: false,
        [Symbol(asyncId)]: 7,
        [Symbol(triggerId)]: 1
      }
    },
    generate: [Function],
    [Symbol(kCapture)]: false
  },
  resave: false,
  saveUninitialized: false,
  secret: 'qwerty',
  cookie: { expires: 1625331836226, maxage: 311040000000 },
  sessionID: 0,
  horodate: 2020-07-03T19:04:43.648Z,
  ip: '83.202.34.239',
  geoloc: {
    range: [ 1405755904, 1405756415 ],
    country: 'FR',
    region: 'IDF',
    eu: '1',
    timezone: 'Europe/Paris',
    city: 'Paris',
    ll: [ 48.8543, 2.3527 ],
    metro: 0,
    area: 10
  },
  views: { '/': 160, '/cv': 54, '/adm1n': 43, '/giftedADHD': 35 }
}
[2020-07-03T19:05:00.720] [TRACE] trace - {
  genid: [Function: genid],
  store: FileStore {
    _events: [Object: null prototype] {
      disconnect: [Function: ondisconnect],
      connect: [Function: onconnect]
    },
    _eventsCount: 2,
    _maxListeners: undefined,
    options: {
      path: 'sessions',
      ttl: 3600,
      retries: 5,
      factor: 1,
      minTimeout: 50,
      maxTimeout: 100,
      reapInterval: 3600,
      reapMaxConcurrent: 10,
      reapAsync: false,
      reapSyncFallback: false,
      logFn: [Function: bound consoleCall],
      encoding: 'utf8',
      encoder: [Function: stringify],
      decoder: [Function: parse],
      encryptEncoding: 'hex',
      fileExtension: '.json',
      crypto: [Object],
      keyFunction: [Function: keyFunction],
      filePattern: /\.json$/,
      reapIntervalObject: Timeout {
        _idleTimeout: 3600000,
        _idlePrev: [TimersList],
        _idleNext: [Timeout],
        _idleStart: 397,
        _onTimeout: [Function],
        _timerArgs: undefined,
        _repeat: 3600000,
        _destroyed: false,
        [Symbol(refed)]: false,
        [Symbol(asyncId)]: 7,
        [Symbol(triggerId)]: 1
      }
    },
    generate: [Function],
    [Symbol(kCapture)]: false
  },
  resave: false,
  saveUninitialized: false,
  secret: 'qwerty',
  cookie: { expires: 1625331836226, maxage: 311040000000 },
  sessionID: 0,
  horodate: 2020-07-03T19:05:00.619Z,
  ip: '82.227.67.139',
  geoloc: {
    range: [ 1390624768, 1390625791 ],
    country: 'FR',
    region: 'IDF',
    eu: '1',
    timezone: 'Europe/Paris',
    city: 'Paris',
    ll: [ 48.8543, 2.3527 ],
    metro: 0,
    area: 5
  },
  views: { '/': 5, '/cv': 1, '/adm1n': 1 }
}
