Tue Jul 27 2021 15:21:48 GMT+0200 (GMT+02:00)[2020-07-27T15:22:00.219] [TRACE] file - Session {
  cookie: {
    path: '/',
    _expires: 2020-10-25T13:22:00.210Z,
    originalMaxAge: 7776000000,
    httpOnly: true
  },
  views: { '/': 35, '/cv': 42, '/giftedADHD': 49 },
  horodate: 2020-07-27T15:21:59.441Z,
  ip: '83.202.34.239',
  geoloc: {
    range: [ 1405755904, 1405756415 ],
    country: 'FR',
    region: 'IDF',
    eu: '1',
    timezone: 'Europe/Paris',
    city: 'Paris',
    ll: [ 48.8543, 2.3527 ],
    metro: 0,
    area: 10
  },
  __lastAccess: 1595856120210
}
[2020-07-27T15:56:39.853] [TRACE] file - Session {
  cookie: {
    path: '/',
    _expires: 2020-10-25T13:56:39.853Z,
    originalMaxAge: 7776000000,
    httpOnly: true
  },
  views: { '/': 1 },
  horodate: 2020-07-27T15:56:39.739Z,
  ip: '41.78.73.147',
  geoloc: {
    range: [ 692996352, 692996607 ],
    country: 'SO',
    region: 'AW',
    eu: '0',
    timezone: 'Africa/Mogadishu',
    city: 'Baki',
    ll: [ 9.8921, 43.3853 ],
    metro: 0,
    area: 1000
  },
  __lastAccess: 1595858199853
}
[2020-07-27T15:56:40.277] [TRACE] file - Session {
  cookie: {
    path: '/',
    _expires: 2020-10-25T13:56:40.277Z,
    originalMaxAge: 7776000000,
    httpOnly: true
  },
  views: { '/': 1 },
  horodate: 2020-07-27T15:56:40.194Z,
  ip: '162.243.69.215',
  geoloc: {
    range: [ 2733834240, 2733867007 ],
    country: 'US',
    region: 'NY',
    eu: '0',
    timezone: 'America/New_York',
    city: 'New York',
    ll: [ 40.7308, -73.9975 ],
    metro: 501,
    area: 1000
  },
  __lastAccess: 1595858200277
}
[2020-07-27T16:59:22.143] [TRACE] file - Session {
  cookie: {
    path: '/',
    _expires: 2020-10-25T14:59:22.143Z,
    originalMaxAge: 7776000000,
    httpOnly: true
  },
  views: { '/': 36, '/cv': 42, '/giftedADHD': 49 },
  horodate: 2020-07-27T16:59:22.061Z,
  ip: '83.202.34.239',
  geoloc: {
    range: [ 1405755904, 1405756415 ],
    country: 'FR',
    region: 'IDF',
    eu: '1',
    timezone: 'Europe/Paris',
    city: 'Paris',
    ll: [ 48.8543, 2.3527 ],
    metro: 0,
    area: 10
  },
  __lastAccess: 1595861962143
}
[2020-07-27T18:09:32.573] [TRACE] file - Session {
  cookie: {
    path: '/',
    _expires: 2020-10-25T16:09:32.572Z,
    originalMaxAge: 7776000000,
    httpOnly: true
  },
  views: { '/': 1 },
  horodate: 2020-07-27T18:09:32.412Z,
  ip: '46.44.221.12',
  geoloc: {
    range: [ 774691840, 774692351 ],
    country: 'IT',
    region: '25',
    eu: '1',
    timezone: 'Europe/Rome',
    city: 'Milan',
    ll: [ 45.4707, 9.1889 ],
    metro: 0,
    area: 50
  },
  __lastAccess: 1595866172572
}
[2020-07-27T18:10:28.972] [TRACE] file - Session {
  cookie: {
    path: '/',
    _expires: 2020-10-25T16:10:28.972Z,
    originalMaxAge: 7776000000,
    httpOnly: true
  },
  views: { '/': 1 },
  horodate: 2020-07-27T18:10:28.909Z,
  ip: '52.88.127.121',
  geoloc: {
    range: [ 878182400, 878313471 ],
    country: 'US',
    region: 'OR',
    eu: '0',
    timezone: 'America/Los_Angeles',
    city: 'Boardman',
    ll: [ 45.8491, -119.7143 ],
    metro: 810,
    area: 1000
  },
  __lastAccess: 1595866228972
}
[2020-07-27T18:13:09.883] [TRACE] file - Session {
  cookie: {
    path: '/',
    _expires: 2020-10-25T16:13:09.883Z,
    originalMaxAge: 7776000000,
    httpOnly: true
  },
  views: { '/': 4, '/cv': 2, '/giftedADHD': 1 },
  horodate: 2020-07-27T18:13:09.748Z,
  ip: '91.175.159.123',
  geoloc: {
    range: [ 1537998848, 1538260991 ],
    country: 'FR',
    region: '',
    eu: '1',
    timezone: 'Europe/Paris',
    city: '',
    ll: [ 48.8582, 2.3387 ],
    metro: 0,
    area: 500
  },
  __lastAccess: 1595866389883
}
[2020-07-27T18:13:22.998] [TRACE] file - Session {
  cookie: {
    path: '/',
    _expires: 2020-10-25T16:13:22.998Z,
    originalMaxAge: 7776000000,
    httpOnly: true
  },
  views: { '/': 4, '/cv': 3, '/giftedADHD': 1 },
  horodate: 2020-07-27T18:13:22.903Z,
  ip: '91.175.159.123',
  geoloc: {
    range: [ 1537998848, 1538260991 ],
    country: 'FR',
    region: '',
    eu: '1',
    timezone: 'Europe/Paris',
    city: '',
    ll: [ 48.8582, 2.3387 ],
    metro: 0,
    area: 500
  },
  __lastAccess: 1595866402998
}
[2020-07-27T18:13:35.335] [TRACE] file - Session {
  cookie: {
    path: '/',
    _expires: 2020-10-25T16:13:35.335Z,
    originalMaxAge: 7776000000,
    httpOnly: true
  },
  views: { '/': 4, '/cv': 3, '/giftedADHD': 2 },
  horodate: 2020-07-27T18:13:35.277Z,
  ip: '91.175.159.123',
  geoloc: {
    range: [ 1537998848, 1538260991 ],
    country: 'FR',
    region: '',
    eu: '1',
    timezone: 'Europe/Paris',
    city: '',
    ll: [ 48.8582, 2.3387 ],
    metro: 0,
    area: 500
  },
  __lastAccess: 1595866415335
}
[2020-07-27T18:13:43.927] [TRACE] file - Session {
  cookie: {
    path: '/',
    _expires: 2020-10-25T16:13:43.927Z,
    originalMaxAge: 7776000000,
    httpOnly: true
  },
  views: { '/': 5, '/cv': 3, '/giftedADHD': 2 },
  horodate: 2020-07-27T18:13:43.838Z,
  ip: '91.175.159.123',
  geoloc: {
    range: [ 1537998848, 1538260991 ],
    country: 'FR',
    region: '',
    eu: '1',
    timezone: 'Europe/Paris',
    city: '',
    ll: [ 48.8582, 2.3387 ],
    metro: 0,
    area: 500
  },
  __lastAccess: 1595866423927
}
[2020-07-27T18:59:26.880] [TRACE] file - Session {
  cookie: {
    path: '/',
    _expires: 2020-10-25T16:59:26.879Z,
    originalMaxAge: 7776000000,
    httpOnly: true
  },
  views: { '/': 1 },
  horodate: 2020-07-27T18:59:26.823Z,
  ip: '129.204.8.130',
  geoloc: {
    range: [ 2177630208, 2177695743 ],
    country: 'CN',
    region: 'BJ',
    eu: '0',
    timezone: 'Asia/Shanghai',
    city: '',
    ll: [ 39.9289, 116.3883 ],
    metro: 0,
    area: 50
  },
  __lastAccess: 1595869166879
}
[2020-07-27T19:02:11.693] [TRACE] file - Session {
  cookie: {
    path: '/',
    _expires: 2020-10-25T17:02:11.693Z,
    originalMaxAge: 7776000000,
    httpOnly: true
  },
  views: { '/': 1 },
  horodate: 2020-07-27T19:02:11.630Z,
  ip: '122.117.54.9',
  geoloc: {
    range: [ 2054500352, 2054504447 ],
    country: 'TW',
    region: 'TXG',
    eu: '0',
    timezone: 'Asia/Taipei',
    city: 'Taichung',
    ll: [ 24.1469, 120.6839 ],
    metro: 0,
    area: 1
  },
  __lastAccess: 1595869331693
}
[2020-07-27T19:18:00.950] [TRACE] file - Session {
  cookie: {
    path: '/',
    _expires: 2020-10-25T17:18:00.950Z,
    originalMaxAge: 7776000000,
    httpOnly: true
  },
  views: { '/': 6, '/cv': 2, '/giftedADHD': 1 },
  horodate: 2020-07-27T19:18:00.888Z,
  ip: '92.184.104.216',
  geoloc: {
    range: [ 1555589120, 1555590143 ],
    country: 'FR',
    region: 'IDF',
    eu: '1',
    timezone: 'Europe/Paris',
    city: 'Paris',
    ll: [ 48.8543, 2.3527 ],
    metro: 0,
    area: 200
  },
  __lastAccess: 1595870280950
}
[2020-07-27T19:18:07.140] [TRACE] file - Session {
  cookie: {
    path: '/',
    _expires: 2020-10-25T17:18:07.139Z,
    originalMaxAge: 7776000000,
    httpOnly: true
  },
  views: { '/': 7, '/cv': 2, '/giftedADHD': 1 },
  horodate: 2020-07-27T19:18:07.083Z,
  ip: '92.184.104.216',
  geoloc: {
    range: [ 1555589120, 1555590143 ],
    country: 'FR',
    region: 'IDF',
    eu: '1',
    timezone: 'Europe/Paris',
    city: 'Paris',
    ll: [ 48.8543, 2.3527 ],
    metro: 0,
    area: 200
  },
  __lastAccess: 1595870287139
}
[2020-07-27T19:18:31.838] [TRACE] file - Session {
  cookie: {
    path: '/',
    _expires: 2020-10-25T17:18:31.838Z,
    originalMaxAge: 7776000000,
    httpOnly: true
  },
  views: { '/': 7, '/cv': 3, '/giftedADHD': 1 },
  horodate: 2020-07-27T19:18:31.782Z,
  ip: '92.184.104.216',
  geoloc: {
    range: [ 1555589120, 1555590143 ],
    country: 'FR',
    region: 'IDF',
    eu: '1',
    timezone: 'Europe/Paris',
    city: 'Paris',
    ll: [ 48.8543, 2.3527 ],
    metro: 0,
    area: 200
  },
  __lastAccess: 1595870311838
}
[2020-07-27T19:18:37.375] [TRACE] file - Session {
  cookie: {
    path: '/',
    _expires: 2020-10-25T17:18:37.375Z,
    originalMaxAge: 7776000000,
    httpOnly: true
  },
  views: { '/': 7, '/cv': 3, '/giftedADHD': 2 },
  horodate: 2020-07-27T19:18:37.335Z,
  ip: '92.184.104.216',
  geoloc: {
    range: [ 1555589120, 1555590143 ],
    country: 'FR',
    region: 'IDF',
    eu: '1',
    timezone: 'Europe/Paris',
    city: 'Paris',
    ll: [ 48.8543, 2.3527 ],
    metro: 0,
    area: 200
  },
  __lastAccess: 1595870317375
}
[2020-07-27T19:19:22.846] [TRACE] file - Session {
  cookie: {
    path: '/',
    _expires: 2020-10-25T17:19:22.845Z,
    originalMaxAge: 7776000000,
    httpOnly: true
  },
  views: { '/': 1 },
  horodate: 2020-07-27T19:19:22.781Z,
  ip: '92.184.104.216',
  geoloc: {
    range: [ 1555589120, 1555590143 ],
    country: 'FR',
    region: 'IDF',
    eu: '1',
    timezone: 'Europe/Paris',
    city: 'Paris',
    ll: [ 48.8543, 2.3527 ],
    metro: 0,
    area: 200
  },
  __lastAccess: 1595870362845
}
[2020-07-27T19:19:28.368] [TRACE] file - Session {
  cookie: {
    path: '/',
    _expires: 2020-10-25T17:19:28.367Z,
    originalMaxAge: 7776000000,
    httpOnly: true
  },
  views: { '/': 1 },
  horodate: 2020-07-27T19:19:28.297Z,
  ip: '92.184.104.216',
  geoloc: {
    range: [ 1555589120, 1555590143 ],
    country: 'FR',
    region: 'IDF',
    eu: '1',
    timezone: 'Europe/Paris',
    city: 'Paris',
    ll: [ 48.8543, 2.3527 ],
    metro: 0,
    area: 200
  },
  __lastAccess: 1595870368367
}
[2020-07-27T19:37:11.836] [TRACE] file - Session {
  cookie: {
    path: '/',
    _expires: 2020-10-25T17:37:11.836Z,
    originalMaxAge: 7776000000,
    httpOnly: true
  },
  views: { '/': 1 },
  horodate: 2020-07-27T19:37:11.775Z,
  ip: '5.190.175.40',
  geoloc: {
    range: [ 96380928, 96382975 ],
    country: 'IR',
    region: '',
    eu: '0',
    timezone: 'Asia/Tehran',
    city: '',
    ll: [ 35.6961, 51.4231 ],
    metro: 0,
    area: 50
  },
  __lastAccess: 1595871431836
}
[2020-07-27T19:46:09.631] [TRACE] file - Session {
  cookie: {
    path: '/',
    _expires: 2020-10-25T17:46:09.630Z,
    originalMaxAge: 7776000000,
    httpOnly: true
  },
  views: { '/': 1 },
  horodate: 2020-07-27T19:46:09.575Z,
  ip: '45.32.108.53',
  geoloc: {
    range: [ 757099520, 757100543 ],
    country: 'SG',
    region: '',
    eu: '0',
    timezone: 'Asia/Singapore',
    city: 'Singapore',
    ll: [ 1.3012, 103.7863 ],
    metro: 0,
    area: 1000
  },
  __lastAccess: 1595871969630
}
[2020-07-27T20:06:56.223] [TRACE] file - Session {
  cookie: {
    path: '/',
    _expires: 2020-10-25T18:06:56.223Z,
    originalMaxAge: 7776000000,
    httpOnly: true
  },
  views: { '/': 1 },
  horodate: 2020-07-27T20:06:56.170Z,
  ip: '87.189.36.48',
  geoloc: {
    range: [ 1472012288, 1472014335 ],
    country: 'DE',
    region: 'HH',
    eu: '1',
    timezone: 'Europe/Berlin',
    city: 'Hamburg',
    ll: [ 53.5992, 10.042 ],
    metro: 0,
    area: 1
  },
  __lastAccess: 1595873216223
}
[2020-07-27T20:10:45.133] [TRACE] file - Session {
  cookie: {
    path: '/',
    _expires: 2020-10-25T18:10:45.133Z,
    originalMaxAge: 7776000000,
    httpOnly: true
  },
  views: { '/': 1 },
  horodate: 2020-07-27T20:10:45.060Z,
  ip: '103.145.12.11',
  geoloc: null,
  __lastAccess: 1595873445133
}
[2020-07-27T20:29:20.572] [TRACE] file - Session {
  cookie: {
    path: '/',
    _expires: 2020-10-25T18:29:20.571Z,
    originalMaxAge: 7776000000,
    httpOnly: true
  },
  views: { '/': 1 },
  horodate: 2020-07-27T20:29:20.515Z,
  ip: '114.35.74.193',
  geoloc: {
    range: [ 1914914816, 1914916863 ],
    country: 'TW',
    region: 'TXG',
    eu: '0',
    timezone: 'Asia/Taipei',
    city: 'Taichung',
    ll: [ 24.1469, 120.6839 ],
    metro: 0,
    area: 100
  },
  __lastAccess: 1595874560571
}
[2020-07-27T20:51:38.960] [TRACE] file - Session {
  cookie: {
    path: '/',
    _expires: 2020-10-25T18:51:38.959Z,
    originalMaxAge: 7776000000,
    httpOnly: true
  },
  views: { '/': 1 },
  horodate: 2020-07-27T20:51:38.904Z,
  ip: '188.11.37.225',
  geoloc: {
    range: [ 3154846720, 3154847743 ],
    country: 'IT',
    region: '25',
    eu: '1',
    timezone: 'Europe/Rome',
    city: 'Boltiere',
    ll: [ 45.6009, 9.5785 ],
    metro: 0,
    area: 500
  },
  __lastAccess: 1595875898959
}
[2020-07-27T20:55:04.628] [TRACE] file - Session {
  cookie: {
    path: '/',
    _expires: 2020-10-25T18:55:04.627Z,
    originalMaxAge: 7776000000,
    httpOnly: true
  },
  views: { '/': 1 },
  horodate: 2020-07-27T20:55:04.571Z,
  ip: '83.97.20.21',
  geoloc: {
    range: [ 1398871040, 1398871295 ],
    country: 'RO',
    region: 'B',
    eu: '1',
    timezone: 'Europe/Bucharest',
    city: 'Bucharest',
    ll: [ 44.418, 26.1691 ],
    metro: 0,
    area: 200
  },
  __lastAccess: 1595876104628
}
[2020-07-27T21:59:51.770] [TRACE] file - Session {
  cookie: {
    path: '/',
    _expires: 2020-10-25T19:59:51.770Z,
    originalMaxAge: 7776000000,
    httpOnly: true
  },
  views: { '/': 1 },
  horodate: 2020-07-27T21:59:51.719Z,
  ip: '46.100.204.223',
  geoloc: {
    range: [ 778338304, 778371071 ],
    country: 'IR',
    region: '',
    eu: '0',
    timezone: 'Asia/Tehran',
    city: '',
    ll: [ 35.6961, 51.4231 ],
    metro: 0,
    area: 50
  },
  __lastAccess: 1595879991770
}
[2020-07-27T22:10:14.103] [TRACE] file - Session {
  cookie: {
    path: '/',
    _expires: 2020-10-25T20:10:14.103Z,
    originalMaxAge: 7776000000,
    httpOnly: true
  },
  views: { '/': 6, '/cv': 3, '/giftedADHD': 2 },
  horodate: 2020-07-27T22:10:14.047Z,
  ip: '91.175.159.123',
  geoloc: {
    range: [ 1537998848, 1538260991 ],
    country: 'FR',
    region: '',
    eu: '1',
    timezone: 'Europe/Paris',
    city: '',
    ll: [ 48.8582, 2.3387 ],
    metro: 0,
    area: 500
  },
  __lastAccess: 1595880614103
}
[2020-07-27T22:10:36.640] [TRACE] file - Session {
  cookie: {
    path: '/',
    _expires: 2020-10-25T20:10:36.640Z,
    originalMaxAge: 7776000000,
    httpOnly: true
  },
  views: { '/': 6, '/cv': 4, '/giftedADHD': 2 },
  horodate: 2020-07-27T22:10:36.570Z,
  ip: '91.175.159.123',
  geoloc: {
    range: [ 1537998848, 1538260991 ],
    country: 'FR',
    region: '',
    eu: '1',
    timezone: 'Europe/Paris',
    city: '',
    ll: [ 48.8582, 2.3387 ],
    metro: 0,
    area: 500
  },
  __lastAccess: 1595880636640
}
[2020-07-27T22:11:23.986] [TRACE] file - Session {
  cookie: {
    path: '/',
    _expires: 2020-10-25T20:11:23.986Z,
    originalMaxAge: 7776000000,
    httpOnly: true
  },
  views: { '/': 6, '/cv': 4, '/giftedADHD': 3 },
  horodate: 2020-07-27T22:11:23.943Z,
  ip: '91.175.159.123',
  geoloc: {
    range: [ 1537998848, 1538260991 ],
    country: 'FR',
    region: '',
    eu: '1',
    timezone: 'Europe/Paris',
    city: '',
    ll: [ 48.8582, 2.3387 ],
    metro: 0,
    area: 500
  },
  __lastAccess: 1595880683986
}
[2020-07-27T23:31:10.772] [TRACE] file - Session {
  cookie: {
    path: '/',
    _expires: 2020-10-25T21:31:10.772Z,
    originalMaxAge: 7776000000,
    httpOnly: true
  },
  views: { '/': 1 },
  horodate: 2020-07-27T23:31:10.701Z,
  ip: '185.221.134.234',
  geoloc: {
    range: [ 3118302720, 3118303231 ],
    country: 'US',
    region: 'CA',
    eu: '0',
    timezone: 'America/Los_Angeles',
    city: 'Los Angeles',
    ll: [ 34.0584, -118.278 ],
    metro: 803,
    area: 200
  },
  __lastAccess: 1595885470772
}
[2020-07-27T23:42:03.507] [TRACE] file - Session {
  cookie: {
    path: '/',
    _expires: 2020-10-25T21:42:03.507Z,
    originalMaxAge: 7776000000,
    httpOnly: true
  },
  views: { '/': 1 },
  horodate: 2020-07-27T23:42:03.451Z,
  ip: '87.9.214.42',
  geoloc: {
    range: [ 1460262400, 1460262911 ],
    country: 'IT',
    region: '21',
    eu: '1',
    timezone: 'Europe/Rome',
    city: 'Turin',
    ll: [ 45.0725, 7.6877 ],
    metro: 0,
    area: 20
  },
  __lastAccess: 1595886123507
}
[2020-07-28T01:15:53.465] [TRACE] file - Session {
  cookie: {
    path: '/',
    _expires: 2020-10-25T23:15:53.465Z,
    originalMaxAge: 7776000000,
    httpOnly: true
  },
  views: { '/': 1 },
  horodate: 2020-07-27T01:15:53.407Z,
  ip: '104.244.78.107',
  geoloc: {
    range: [ 1760841216, 1760841727 ],
    country: 'LU',
    region: 'ME',
    eu: '1',
    timezone: 'Europe/Luxembourg',
    city: 'Roost',
    ll: [ 49.7867, 6.0961 ],
    metro: 0,
    area: 1000
  },
  __lastAccess: 1595891753465
}
[2020-07-28T01:35:09.607] [TRACE] file - Session {
  cookie: {
    path: '/',
    _expires: 2020-10-25T23:35:09.607Z,
    originalMaxAge: 7776000000,
    httpOnly: true
  },
  views: { '/': 1 },
  horodate: 2020-07-27T01:35:09.542Z,
  ip: '218.161.68.79',
  geoloc: {
    range: [ 3668001792, 3668002815 ],
    country: 'TW',
    region: 'HSQ',
    eu: '0',
    timezone: 'Asia/Taipei',
    city: 'Hsinchu',
    ll: [ 24.8065, 120.9706 ],
    metro: 0,
    area: 50
  },
  __lastAccess: 1595892909607
}
[2020-07-28T01:37:33.664] [TRACE] file - Session {
  cookie: {
    path: '/',
    _expires: 2020-10-25T23:37:33.664Z,
    originalMaxAge: 7776000000,
    httpOnly: true
  },
  views: { '/': 1 },
  horodate: 2020-07-27T01:37:33.600Z,
  ip: '122.117.100.88',
  geoloc: {
    range: [ 2054512640, 2054514687 ],
    country: 'TW',
    region: 'KHH',
    eu: '0',
    timezone: 'Asia/Taipei',
    city: 'Fongshan District',
    ll: [ 22.6266, 120.3613 ],
    metro: 0,
    area: 50
  },
  __lastAccess: 1595893053664
}
[2020-07-28T01:46:18.385] [TRACE] file - Session {
  cookie: {
    path: '/',
    _expires: 2020-10-25T23:46:18.385Z,
    originalMaxAge: 7776000000,
    httpOnly: true
  },
  views: { '/': 1 },
  horodate: 2020-07-27T01:46:18.327Z,
  ip: '54.36.149.26',
  geoloc: {
    range: [ 908366848, 908367871 ],
    country: 'FR',
    region: '',
    eu: '1',
    timezone: 'Europe/Paris',
    city: '',
    ll: [ 48.8582, 2.3387 ],
    metro: 0,
    area: 500
  },
  __lastAccess: 1595893578385
}
[2020-07-28T01:58:42.200] [TRACE] file - Session {
  cookie: {
    path: '/',
    _expires: 2020-10-25T23:58:42.199Z,
    originalMaxAge: 7776000000,
    httpOnly: true
  },
  views: { '/': 1 },
  horodate: 2020-07-27T01:58:42.130Z,
  ip: '66.79.97.185',
  geoloc: {
    range: [ 1112498176, 1112506367 ],
    country: 'IR',
    region: '',
    eu: '0',
    timezone: 'Asia/Tehran',
    city: '',
    ll: [ 35.6961, 51.4231 ],
    metro: 0,
    area: 50
  },
  __lastAccess: 1595894322199
}
[2020-07-28T02:44:24.117] [TRACE] file - Session {
  cookie: {
    path: '/',
    _expires: 2020-10-26T00:44:24.116Z,
    originalMaxAge: 7776000000,
    httpOnly: true
  },
  views: { '/': 1 },
  horodate: 2020-07-28T02:44:24.055Z,
  ip: '218.161.105.120',
  geoloc: {
    range: [ 3668011008, 3668012031 ],
    country: 'TW',
    region: 'KHH',
    eu: '0',
    timezone: 'Asia/Taipei',
    city: 'Kaohsiung City',
    ll: [ 22.6148, 120.3139 ],
    metro: 0,
    area: 1
  },
  __lastAccess: 1595897064116
}
[2020-07-28T03:05:17.997] [TRACE] file - Session {
  cookie: {
    path: '/',
    _expires: 2020-10-26T01:05:17.997Z,
    originalMaxAge: 7776000000,
    httpOnly: true
  },
  views: { '/': 1 },
  horodate: 2020-07-28T03:05:17.945Z,
  ip: '125.124.63.19',
  geoloc: {
    range: [ 2105278464, 2105343999 ],
    country: 'CN',
    region: 'ZJ',
    eu: '0',
    timezone: 'Asia/Shanghai',
    city: '',
    ll: [ 30.294, 120.1619 ],
    metro: 0,
    area: 50
  },
  __lastAccess: 1595898317997
}
[2020-07-28T03:56:33.887] [TRACE] file - Session {
  cookie: {
    path: '/',
    _expires: 2020-10-26T01:56:33.887Z,
    originalMaxAge: 7776000000,
    httpOnly: true
  },
  views: { '/': 8, '/cv': 3, '/giftedADHD': 2 },
  horodate: 2020-07-28T03:56:33.835Z,
  ip: '83.202.34.239',
  geoloc: {
    range: [ 1405755904, 1405756415 ],
    country: 'FR',
    region: 'IDF',
    eu: '1',
    timezone: 'Europe/Paris',
    city: 'Paris',
    ll: [ 48.8543, 2.3527 ],
    metro: 0,
    area: 10
  },
  __lastAccess: 1595901393887
}
[2020-07-28T03:57:02.844] [TRACE] file - Session {
  cookie: {
    path: '/',
    _expires: 2020-10-26T01:57:02.843Z,
    originalMaxAge: 7776000000,
    httpOnly: true
  },
  views: { '/': 8, '/cv': 4, '/giftedADHD': 2 },
  horodate: 2020-07-28T03:57:02.786Z,
  ip: '83.202.34.239',
  geoloc: {
    range: [ 1405755904, 1405756415 ],
    country: 'FR',
    region: 'IDF',
    eu: '1',
    timezone: 'Europe/Paris',
    city: 'Paris',
    ll: [ 48.8543, 2.3527 ],
    metro: 0,
    area: 10
  },
  __lastAccess: 1595901422843
}
[2020-07-28T04:10:11.665] [TRACE] file - Session {
  cookie: {
    path: '/',
    _expires: 2020-10-26T02:10:11.665Z,
    originalMaxAge: 7776000000,
    httpOnly: true
  },
  views: { '/': 8, '/cv': 5, '/giftedADHD': 2 },
  horodate: 2020-07-28T04:10:11.609Z,
  ip: '83.202.34.239',
  geoloc: {
    range: [ 1405755904, 1405756415 ],
    country: 'FR',
    region: 'IDF',
    eu: '1',
    timezone: 'Europe/Paris',
    city: 'Paris',
    ll: [ 48.8543, 2.3527 ],
    metro: 0,
    area: 10
  },
  __lastAccess: 1595902211665
}
[2020-07-28T04:10:37.594] [TRACE] file - Session {
  cookie: {
    path: '/',
    _expires: 2020-10-26T02:10:37.594Z,
    originalMaxAge: 7776000000,
    httpOnly: true
  },
  views: { '/': 8, '/cv': 5, '/giftedADHD': 3 },
  horodate: 2020-07-28T04:10:37.553Z,
  ip: '83.202.34.239',
  geoloc: {
    range: [ 1405755904, 1405756415 ],
    country: 'FR',
    region: 'IDF',
    eu: '1',
    timezone: 'Europe/Paris',
    city: 'Paris',
    ll: [ 48.8543, 2.3527 ],
    metro: 0,
    area: 10
  },
  __lastAccess: 1595902237594
}
[2020-07-28T04:11:29.492] [TRACE] file - Session {
  cookie: {
    path: '/',
    _expires: 2020-10-26T02:11:29.492Z,
    originalMaxAge: 7776000000,
    httpOnly: true
  },
  views: { '/': 9, '/cv': 5, '/giftedADHD': 3 },
  horodate: 2020-07-28T04:11:29.430Z,
  ip: '83.202.34.239',
  geoloc: {
    range: [ 1405755904, 1405756415 ],
    country: 'FR',
    region: 'IDF',
    eu: '1',
    timezone: 'Europe/Paris',
    city: 'Paris',
    ll: [ 48.8543, 2.3527 ],
    metro: 0,
    area: 10
  },
  __lastAccess: 1595902289492
}
[2020-07-28T04:13:29.874] [TRACE] file - Session {
  cookie: {
    path: '/',
    _expires: 2020-10-26T02:13:29.874Z,
    originalMaxAge: 7776000000,
    httpOnly: true
  },
  views: { '/': 9, '/cv': 6, '/giftedADHD': 3 },
  horodate: 2020-07-28T04:13:29.817Z,
  ip: '83.202.34.239',
  geoloc: {
    range: [ 1405755904, 1405756415 ],
    country: 'FR',
    region: 'IDF',
    eu: '1',
    timezone: 'Europe/Paris',
    city: 'Paris',
    ll: [ 48.8543, 2.3527 ],
    metro: 0,
    area: 10
  },
  __lastAccess: 1595902409874
}
[2020-07-28T04:13:34.859] [TRACE] file - Session {
  cookie: {
    path: '/',
    _expires: 2020-10-26T02:13:34.859Z,
    originalMaxAge: 7776000000,
    httpOnly: true
  },
  views: { '/': 9, '/cv': 6, '/giftedADHD': 4 },
  horodate: 2020-07-28T04:13:34.821Z,
  ip: '83.202.34.239',
  geoloc: {
    range: [ 1405755904, 1405756415 ],
    country: 'FR',
    region: 'IDF',
    eu: '1',
    timezone: 'Europe/Paris',
    city: 'Paris',
    ll: [ 48.8543, 2.3527 ],
    metro: 0,
    area: 10
  },
  __lastAccess: 1595902414859
}
[2020-07-28T04:13:36.858] [TRACE] file - Session {
  cookie: {
    path: '/',
    _expires: 2020-10-26T02:13:36.857Z,
    originalMaxAge: 7776000000,
    httpOnly: true
  },
  views: { '/': 10, '/cv': 6, '/giftedADHD': 4 },
  horodate: 2020-07-28T04:13:36.812Z,
  ip: '83.202.34.239',
  geoloc: {
    range: [ 1405755904, 1405756415 ],
    country: 'FR',
    region: 'IDF',
    eu: '1',
    timezone: 'Europe/Paris',
    city: 'Paris',
    ll: [ 48.8543, 2.3527 ],
    metro: 0,
    area: 10
  },
  __lastAccess: 1595902416857
}
[2020-07-28T04:13:42.315] [TRACE] file - Session {
  cookie: {
    path: '/',
    _expires: 2020-10-26T02:13:42.314Z,
    originalMaxAge: 7776000000,
    httpOnly: true
  },
  views: { '/': 10, '/cv': 7, '/giftedADHD': 4 },
  horodate: 2020-07-28T04:13:42.261Z,
  ip: '83.202.34.239',
  geoloc: {
    range: [ 1405755904, 1405756415 ],
    country: 'FR',
    region: 'IDF',
    eu: '1',
    timezone: 'Europe/Paris',
    city: 'Paris',
    ll: [ 48.8543, 2.3527 ],
    metro: 0,
    area: 10
  },
  __lastAccess: 1595902422314
}
[2020-07-28T04:13:46.030] [TRACE] file - Session {
  cookie: {
    path: '/',
    _expires: 2020-10-26T02:13:46.030Z,
    originalMaxAge: 7776000000,
    httpOnly: true
  },
  views: { '/': 10, '/cv': 7, '/giftedADHD': 5 },
  horodate: 2020-07-28T04:13:45.998Z,
  ip: '83.202.34.239',
  geoloc: {
    range: [ 1405755904, 1405756415 ],
    country: 'FR',
    region: 'IDF',
    eu: '1',
    timezone: 'Europe/Paris',
    city: 'Paris',
    ll: [ 48.8543, 2.3527 ],
    metro: 0,
    area: 10
  },
  __lastAccess: 1595902426030
}
[2020-07-28T04:13:53.163] [TRACE] file - Session {
  cookie: {
    path: '/',
    _expires: 2020-10-26T02:13:53.162Z,
    originalMaxAge: 7776000000,
    httpOnly: true
  },
  views: { '/': 11, '/cv': 7, '/giftedADHD': 5 },
  horodate: 2020-07-28T04:13:53.108Z,
  ip: '83.202.34.239',
  geoloc: {
    range: [ 1405755904, 1405756415 ],
    country: 'FR',
    region: 'IDF',
    eu: '1',
    timezone: 'Europe/Paris',
    city: 'Paris',
    ll: [ 48.8543, 2.3527 ],
    metro: 0,
    area: 10
  },
  __lastAccess: 1595902433162
}
[2020-07-28T04:14:05.274] [TRACE] file - Session {
  cookie: {
    path: '/',
    _expires: 2020-10-26T02:14:05.273Z,
    originalMaxAge: 7776000000,
    httpOnly: true
  },
  views: { '/': 12, '/cv': 7, '/giftedADHD': 5 },
  horodate: 2020-07-28T04:14:05.215Z,
  ip: '83.202.34.239',
  geoloc: {
    range: [ 1405755904, 1405756415 ],
    country: 'FR',
    region: 'IDF',
    eu: '1',
    timezone: 'Europe/Paris',
    city: 'Paris',
    ll: [ 48.8543, 2.3527 ],
    metro: 0,
    area: 10
  },
  __lastAccess: 1595902445273
}
[2020-07-28T04:14:08.078] [TRACE] file - Session {
  cookie: {
    path: '/',
    _expires: 2020-10-26T02:14:08.077Z,
    originalMaxAge: 7776000000,
    httpOnly: true
  },
  views: { '/': 13, '/cv': 7, '/giftedADHD': 5 },
  horodate: 2020-07-28T04:14:08.031Z,
  ip: '83.202.34.239',
  geoloc: {
    range: [ 1405755904, 1405756415 ],
    country: 'FR',
    region: 'IDF',
    eu: '1',
    timezone: 'Europe/Paris',
    city: 'Paris',
    ll: [ 48.8543, 2.3527 ],
    metro: 0,
    area: 10
  },
  __lastAccess: 1595902448077
}
[2020-07-28T04:14:14.261] [TRACE] file - Session {
  cookie: {
    path: '/',
    _expires: 2020-10-26T02:14:14.261Z,
    originalMaxAge: 7776000000,
    httpOnly: true
  },
  views: { '/': 13, '/cv': 8, '/giftedADHD': 5 },
  horodate: 2020-07-28T04:14:14.208Z,
  ip: '83.202.34.239',
  geoloc: {
    range: [ 1405755904, 1405756415 ],
    country: 'FR',
    region: 'IDF',
    eu: '1',
    timezone: 'Europe/Paris',
    city: 'Paris',
    ll: [ 48.8543, 2.3527 ],
    metro: 0,
    area: 10
  },
  __lastAccess: 1595902454261
}
[2020-07-28T04:14:16.090] [TRACE] file - Session {
  cookie: {
    path: '/',
    _expires: 2020-10-26T02:14:16.090Z,
    originalMaxAge: 7776000000,
    httpOnly: true
  },
  views: { '/': 13, '/cv': 8, '/giftedADHD': 6 },
  horodate: 2020-07-28T04:14:16.060Z,
  ip: '83.202.34.239',
  geoloc: {
    range: [ 1405755904, 1405756415 ],
    country: 'FR',
    region: 'IDF',
    eu: '1',
    timezone: 'Europe/Paris',
    city: 'Paris',
    ll: [ 48.8543, 2.3527 ],
    metro: 0,
    area: 10
  },
  __lastAccess: 1595902456090
}
[2020-07-28T04:14:17.772] [TRACE] file - Session {
  cookie: {
    path: '/',
    _expires: 2020-10-26T02:14:17.772Z,
    originalMaxAge: 7776000000,
    httpOnly: true
  },
  views: { '/': 13, '/cv': 9, '/giftedADHD': 6 },
  horodate: 2020-07-28T04:14:17.724Z,
  ip: '83.202.34.239',
  geoloc: {
    range: [ 1405755904, 1405756415 ],
    country: 'FR',
    region: 'IDF',
    eu: '1',
    timezone: 'Europe/Paris',
    city: 'Paris',
    ll: [ 48.8543, 2.3527 ],
    metro: 0,
    area: 10
  },
  __lastAccess: 1595902457772
}
[2020-07-28T04:14:34.477] [TRACE] file - Session {
  cookie: {
    path: '/',
    _expires: 2020-10-26T02:14:34.477Z,
    originalMaxAge: 7776000000,
    httpOnly: true
  },
  views: { '/': 13, '/cv': 9, '/giftedADHD': 7 },
  horodate: 2020-07-28T04:14:34.442Z,
  ip: '83.202.34.239',
  geoloc: {
    range: [ 1405755904, 1405756415 ],
    country: 'FR',
    region: 'IDF',
    eu: '1',
    timezone: 'Europe/Paris',
    city: 'Paris',
    ll: [ 48.8543, 2.3527 ],
    metro: 0,
    area: 10
  },
  __lastAccess: 1595902474477
}
[2020-07-28T04:14:41.506] [TRACE] file - Session {
  cookie: {
    path: '/',
    _expires: 2020-10-26T02:14:41.505Z,
    originalMaxAge: 7776000000,
    httpOnly: true
  },
  views: { '/': 14, '/cv': 9, '/giftedADHD': 7 },
  horodate: 2020-07-28T04:14:41.456Z,
  ip: '83.202.34.239',
  geoloc: {
    range: [ 1405755904, 1405756415 ],
    country: 'FR',
    region: 'IDF',
    eu: '1',
    timezone: 'Europe/Paris',
    city: 'Paris',
    ll: [ 48.8543, 2.3527 ],
    metro: 0,
    area: 10
  },
  __lastAccess: 1595902481505
}
[2020-07-28T04:18:23.003] [TRACE] file - Session {
  cookie: {
    path: '/',
    _expires: 2020-10-26T02:18:23.003Z,
    originalMaxAge: 7776000000,
    httpOnly: true
  },
  views: { '/': 14, '/cv': 10, '/giftedADHD': 7 },
  horodate: 2020-07-28T04:18:22.948Z,
  ip: '83.202.34.239',
  geoloc: {
    range: [ 1405755904, 1405756415 ],
    country: 'FR',
    region: 'IDF',
    eu: '1',
    timezone: 'Europe/Paris',
    city: 'Paris',
    ll: [ 48.8543, 2.3527 ],
    metro: 0,
    area: 10
  },
  __lastAccess: 1595902703003
}
[2020-07-28T04:18:25.822] [TRACE] file - Session {
  cookie: {
    path: '/',
    _expires: 2020-10-26T02:18:25.822Z,
    originalMaxAge: 7776000000,
    httpOnly: true
  },
  views: { '/': 14, '/cv': 10, '/giftedADHD': 8 },
  horodate: 2020-07-28T04:18:25.787Z,
  ip: '83.202.34.239',
  geoloc: {
    range: [ 1405755904, 1405756415 ],
    country: 'FR',
    region: 'IDF',
    eu: '1',
    timezone: 'Europe/Paris',
    city: 'Paris',
    ll: [ 48.8543, 2.3527 ],
    metro: 0,
    area: 10
  },
  __lastAccess: 1595902705822
}
[2020-07-28T04:18:27.372] [TRACE] file - Session {
  cookie: {
    path: '/',
    _expires: 2020-10-26T02:18:27.372Z,
    originalMaxAge: 7776000000,
    httpOnly: true
  },
  views: { '/': 14, '/cv': 11, '/giftedADHD': 8 },
  horodate: 2020-07-28T04:18:27.316Z,
  ip: '83.202.34.239',
  geoloc: {
    range: [ 1405755904, 1405756415 ],
    country: 'FR',
    region: 'IDF',
    eu: '1',
    timezone: 'Europe/Paris',
    city: 'Paris',
    ll: [ 48.8543, 2.3527 ],
    metro: 0,
    area: 10
  },
  __lastAccess: 1595902707372
}
[2020-07-28T04:35:30.751] [TRACE] file - Session {
  cookie: {
    path: '/',
    _expires: 2020-10-26T02:35:30.750Z,
    originalMaxAge: 7776000000,
    httpOnly: true
  },
  views: { '/': 1 },
  horodate: 2020-07-28T04:35:30.697Z,
  ip: '108.174.2.215',
  geoloc: {
    range: [ 1823342592, 1823346687 ],
    country: 'US',
    region: '',
    eu: '0',
    timezone: 'America/Chicago',
    city: '',
    ll: [ 37.751, -97.822 ],
    metro: 0,
    area: 1000
  },
  __lastAccess: 1595903730750
}
[2020-07-28T04:58:41.654] [TRACE] file - Session {
  cookie: {
    path: '/',
    _expires: 2020-10-26T02:58:41.654Z,
    originalMaxAge: 7776000000,
    httpOnly: true
  },
  views: { '/': 14, '/cv': 11, '/giftedADHD': 9 },
  horodate: 2020-07-28T04:58:41.619Z,
  ip: '83.202.34.239',
  geoloc: {
    range: [ 1405755904, 1405756415 ],
    country: 'FR',
    region: 'IDF',
    eu: '1',
    timezone: 'Europe/Paris',
    city: 'Paris',
    ll: [ 48.8543, 2.3527 ],
    metro: 0,
    area: 10
  },
  __lastAccess: 1595905121654
}
[2020-07-28T04:58:44.125] [TRACE] file - Session {
  cookie: {
    path: '/',
    _expires: 2020-10-26T02:58:44.124Z,
    originalMaxAge: 7776000000,
    httpOnly: true
  },
  views: { '/': 15, '/cv': 11, '/giftedADHD': 9 },
  horodate: 2020-07-28T04:58:44.078Z,
  ip: '83.202.34.239',
  geoloc: {
    range: [ 1405755904, 1405756415 ],
    country: 'FR',
    region: 'IDF',
    eu: '1',
    timezone: 'Europe/Paris',
    city: 'Paris',
    ll: [ 48.8543, 2.3527 ],
    metro: 0,
    area: 10
  },
  __lastAccess: 1595905124124
}
[2020-07-28T06:12:03.110] [TRACE] file - Session {
  cookie: {
    path: '/',
    _expires: 2020-10-26T04:12:03.109Z,
    originalMaxAge: 7776000000,
    httpOnly: true
  },
  views: { '/': 1 },
  horodate: 2020-07-28T06:12:03.052Z,
  ip: '61.216.28.218',
  geoloc: {
    range: [ 1037573120, 1037574143 ],
    country: 'TW',
    region: 'HSQ',
    eu: '0',
    timezone: 'Asia/Taipei',
    city: 'Hsinchu',
    ll: [ 24.8065, 120.9706 ],
    metro: 0,
    area: 50
  },
  __lastAccess: 1595909523109
}
[2020-07-28T06:14:15.923] [TRACE] file - Session {
  cookie: {
    path: '/',
    _expires: 2020-10-26T04:14:15.922Z,
    originalMaxAge: 7775999999,
    httpOnly: true
  },
  views: { '/': 1 },
  horodate: 2020-07-28T06:14:15.868Z,
  ip: '220.132.217.123',
  geoloc: {
    range: [ 3699693824, 3699693951 ],
    country: 'TW',
    region: 'TXG',
    eu: '0',
    timezone: 'Asia/Taipei',
    city: 'Taichung',
    ll: [ 24.1469, 120.6839 ],
    metro: 0,
    area: 50
  },
  __lastAccess: 1595909655923
}
[2020-07-28T07:16:17.316] [TRACE] file - Session {
  cookie: {
    path: '/',
    _expires: 2020-10-26T05:16:17.316Z,
    originalMaxAge: 7776000000,
    httpOnly: true
  },
  views: { '/': 1 },
  horodate: 2020-07-28T07:16:17.260Z,
  ip: '59.127.169.6',
  geoloc: {
    range: [ 998221824, 998222847 ],
    country: 'TW',
    region: 'KHH',
    eu: '0',
    timezone: 'Asia/Taipei',
    city: 'Kaohsiung City',
    ll: [ 22.6148, 120.3139 ],
    metro: 0,
    area: 10
  },
  __lastAccess: 1595913377316
}
[2020-07-28T07:51:49.410] [TRACE] file - Session {
  cookie: {
    path: '/',
    _expires: 2020-10-26T05:51:49.409Z,
    originalMaxAge: 7776000000,
    httpOnly: true
  },
  views: { '/': 1 },
  horodate: 2020-07-28T07:51:49.360Z,
  ip: '138.99.216.171',
  geoloc: {
    range: [ 2321799168, 2321800191 ],
    country: 'BZ',
    region: '',
    eu: '0',
    timezone: 'America/Belize',
    city: '',
    ll: [ 17.25, -88.75 ],
    metro: 0,
    area: 50
  },
  __lastAccess: 1595915509410
}
[2020-07-28T08:03:18.722] [TRACE] file - Session {
  cookie: {
    path: '/',
    _expires: 2020-10-26T06:03:18.722Z,
    originalMaxAge: 7776000000,
    httpOnly: true
  },
  views: { '/': 1 },
  horodate: 2020-07-28T08:03:18.666Z,
  ip: '103.114.24.199',
  geoloc: {
    range: [ 1735530496, 1735531519 ],
    country: 'NP',
    region: '',
    eu: '0',
    timezone: 'Asia/Kathmandu',
    city: '',
    ll: [ 28, 84 ],
    metro: 0,
    area: 50
  },
  __lastAccess: 1595916198722
}
[2020-07-28T09:06:23.787] [TRACE] file - Session {
  cookie: {
    path: '/',
    _expires: 2020-10-26T07:06:23.787Z,
    originalMaxAge: 7776000000,
    httpOnly: true
  },
  views: { '/': 37, '/cv': 42, '/giftedADHD': 49 },
  horodate: 2020-07-28T09:06:23.731Z,
  ip: '83.202.34.239',
  geoloc: {
    range: [ 1405755904, 1405756415 ],
    country: 'FR',
    region: 'IDF',
    eu: '1',
    timezone: 'Europe/Paris',
    city: 'Paris',
    ll: [ 48.8543, 2.3527 ],
    metro: 0,
    area: 10
  },
  __lastAccess: 1595919983787
}
[2020-07-28T09:07:04.066] [TRACE] file - Session {
  cookie: {
    path: '/',
    _expires: 2020-10-26T07:07:04.065Z,
    originalMaxAge: 7776000000,
    httpOnly: true
  },
  views: { '/': 37, '/cv': 42, '/giftedADHD': 50 },
  horodate: 2020-07-28T09:07:04.020Z,
  ip: '83.202.34.239',
  geoloc: {
    range: [ 1405755904, 1405756415 ],
    country: 'FR',
    region: 'IDF',
    eu: '1',
    timezone: 'Europe/Paris',
    city: 'Paris',
    ll: [ 48.8543, 2.3527 ],
    metro: 0,
    area: 10
  },
  __lastAccess: 1595920024065
}
[2020-07-28T09:07:09.808] [TRACE] file - Session {
  cookie: {
    path: '/',
    _expires: 2020-10-26T07:07:09.808Z,
    originalMaxAge: 7776000000,
    httpOnly: true
  },
  views: { '/': 37, '/cv': 43, '/giftedADHD': 50 },
  horodate: 2020-07-28T09:07:09.756Z,
  ip: '83.202.34.239',
  geoloc: {
    range: [ 1405755904, 1405756415 ],
    country: 'FR',
    region: 'IDF',
    eu: '1',
    timezone: 'Europe/Paris',
    city: 'Paris',
    ll: [ 48.8543, 2.3527 ],
    metro: 0,
    area: 10
  },
  __lastAccess: 1595920029808
}
[2020-07-28T09:07:19.426] [TRACE] file - Session {
  cookie: {
    path: '/',
    _expires: 2020-10-26T07:07:19.426Z,
    originalMaxAge: 7776000000,
    httpOnly: true
  },
  views: { '/': 38, '/cv': 43, '/giftedADHD': 50 },
  horodate: 2020-07-28T09:07:19.366Z,
  ip: '83.202.34.239',
  geoloc: {
    range: [ 1405755904, 1405756415 ],
    country: 'FR',
    region: 'IDF',
    eu: '1',
    timezone: 'Europe/Paris',
    city: 'Paris',
    ll: [ 48.8543, 2.3527 ],
    metro: 0,
    area: 10
  },
  __lastAccess: 1595920039426
}
[2020-07-28T09:08:30.157] [TRACE] file - Session {
  cookie: {
    path: '/',
    _expires: 2020-10-26T07:08:30.157Z,
    originalMaxAge: 7776000000,
    httpOnly: true
  },
  views: { '/': 38, '/cv': 43, '/giftedADHD': 51 },
  horodate: 2020-07-28T09:08:30.118Z,
  ip: '83.202.34.239',
  geoloc: {
    range: [ 1405755904, 1405756415 ],
    country: 'FR',
    region: 'IDF',
    eu: '1',
    timezone: 'Europe/Paris',
    city: 'Paris',
    ll: [ 48.8543, 2.3527 ],
    metro: 0,
    area: 10
  },
  __lastAccess: 1595920110157
}
[2020-07-28T09:09:57.136] [TRACE] file - Session {
  cookie: {
    path: '/',
    _expires: 2020-10-26T07:09:57.136Z,
    originalMaxAge: 7776000000,
    httpOnly: true
  },
  views: { '/': 38, '/cv': 43, '/giftedADHD': 52 },
  horodate: 2020-07-28T09:09:57.098Z,
  ip: '83.202.34.239',
  geoloc: {
    range: [ 1405755904, 1405756415 ],
    country: 'FR',
    region: 'IDF',
    eu: '1',
    timezone: 'Europe/Paris',
    city: 'Paris',
    ll: [ 48.8543, 2.3527 ],
    metro: 0,
    area: 10
  },
  __lastAccess: 1595920197136
}
[2020-07-28T09:09:58.794] [TRACE] file - Session {
  cookie: {
    path: '/',
    _expires: 2020-10-26T07:09:58.793Z,
    originalMaxAge: 7776000000,
    httpOnly: true
  },
  views: { '/': 38, '/cv': 44, '/giftedADHD': 52 },
  horodate: 2020-07-28T09:09:58.738Z,
  ip: '83.202.34.239',
  geoloc: {
    range: [ 1405755904, 1405756415 ],
    country: 'FR',
    region: 'IDF',
    eu: '1',
    timezone: 'Europe/Paris',
    city: 'Paris',
    ll: [ 48.8543, 2.3527 ],
    metro: 0,
    area: 10
  },
  __lastAccess: 1595920198793
}
[2020-07-28T09:10:05.393] [TRACE] file - Session {
  cookie: {
    path: '/',
    _expires: 2020-10-26T07:10:05.392Z,
    originalMaxAge: 7776000000,
    httpOnly: true
  },
  views: { '/': 38, '/cv': 45, '/giftedADHD': 52 },
  horodate: 2020-07-28T09:10:05.339Z,
  ip: '83.202.34.239',
  geoloc: {
    range: [ 1405755904, 1405756415 ],
    country: 'FR',
    region: 'IDF',
    eu: '1',
    timezone: 'Europe/Paris',
    city: 'Paris',
    ll: [ 48.8543, 2.3527 ],
    metro: 0,
    area: 10
  },
  __lastAccess: 1595920205392
}
[2020-07-28T09:38:59.097] [TRACE] file - Session {
  cookie: {
    path: '/',
    _expires: 2020-10-26T07:38:59.096Z,
    originalMaxAge: 7776000000,
    httpOnly: true
  },
  views: { '/': 1 },
  horodate: 2020-07-28T09:38:59.039Z,
  ip: '182.253.213.170',
  geoloc: {
    range: [ 3070088576, 3070088703 ],
    country: 'ID',
    region: 'JB',
    eu: '0',
    timezone: 'Asia/Jakarta',
    city: 'Bekasi',
    ll: [ -6.2352, 106.9922 ],
    metro: 0,
    area: 20
  },
  __lastAccess: 1595921939096
}
[2020-07-28T09:45:17.024] [TRACE] file - Session {
  cookie: {
    path: '/',
    _expires: 2020-10-26T07:45:17.023Z,
    originalMaxAge: 7776000000,
    httpOnly: true
  },
  views: { '/': 39, '/cv': 45, '/giftedADHD': 52 },
  horodate: 2020-07-28T09:45:16.955Z,
  ip: '83.202.34.239',
  geoloc: {
    range: [ 1405755904, 1405756415 ],
    country: 'FR',
    region: 'IDF',
    eu: '1',
    timezone: 'Europe/Paris',
    city: 'Paris',
    ll: [ 48.8543, 2.3527 ],
    metro: 0,
    area: 10
  },
  __lastAccess: 1595922317023
}
[2020-07-28T09:52:36.707] [TRACE] file - Session {
  cookie: {
    path: '/',
    _expires: 2020-10-26T07:52:36.706Z,
    originalMaxAge: 7776000000,
    httpOnly: true
  },
  views: { '/': 1 },
  horodate: 2020-07-28T09:52:36.652Z,
  ip: '80.82.68.70',
  geoloc: {
    range: [ 1347568640, 1347568895 ],
    country: 'NL',
    region: '',
    eu: '1',
    timezone: 'Europe/Amsterdam',
    city: '',
    ll: [ 52.3824, 4.8995 ],
    metro: 0,
    area: 100
  },
  __lastAccess: 1595922756706
}
[2020-07-28T10:07:00.150] [TRACE] file - Session {
  cookie: {
    path: '/',
    _expires: 2020-10-26T08:07:00.149Z,
    originalMaxAge: 7776000000,
    httpOnly: true
  },
  views: { '/': 1 },
  horodate: 2020-07-28T10:07:00.093Z,
  ip: '73.194.113.29',
  geoloc: {
    range: [ 1237479424, 1237480447 ],
    country: 'US',
    region: 'NJ',
    eu: '0',
    timezone: 'America/New_York',
    city: 'Hillsborough',
    ll: [ 40.4856, -74.6265 ],
    metro: 501,
    area: 10
  },
  __lastAccess: 1595923620149
}
[2020-07-28T10:28:58.933] [TRACE] file - Session {
  cookie: {
    path: '/',
    _expires: 2020-10-26T08:28:58.933Z,
    originalMaxAge: 7776000000,
    httpOnly: true
  },
  views: { '/': 1 },
  horodate: 2020-07-28T10:28:58.873Z,
  ip: '185.39.11.105',
  geoloc: {
    range: [ 3106342912, 3106343935 ],
    country: 'CH',
    region: '',
    eu: '0',
    timezone: 'Europe/Zurich',
    city: '',
    ll: [ 47.1449, 8.1551 ],
    metro: 0,
    area: 100
  },
  __lastAccess: 1595924938933
}
[2020-07-28T12:25:27.010] [TRACE] file - Session {
  cookie: {
    path: '/',
    _expires: 2020-10-26T10:25:27.010Z,
    originalMaxAge: 7776000000,
    httpOnly: true
  },
  views: { '/': 1 },
  horodate: 2020-07-28T12:25:26.953Z,
  ip: '66.249.68.7',
  geoloc: {
    range: [ 1123632128, 1123632383 ],
    country: 'US',
    region: '',
    eu: '0',
    timezone: 'America/Chicago',
    city: '',
    ll: [ 37.751, -97.822 ],
    metro: 0,
    area: 1000
  },
  __lastAccess: 1595931927010
}
[2020-07-28T12:29:13.329] [TRACE] file - Session {
  cookie: {
    path: '/',
    _expires: 2020-10-26T10:29:13.329Z,
    originalMaxAge: 7776000000,
    httpOnly: true
  },
  views: { '/': 40, '/cv': 45, '/giftedADHD': 52 },
  horodate: 2020-07-28T12:29:13.276Z,
  ip: undefined,
  geoloc: null,
  __lastAccess: 1595932153329
}
[2020-07-28T12:29:13.381] [TRACE] file - Session {
  cookie: {
    path: '/',
    _expires: 2020-10-26T10:29:13.380Z,
    originalMaxAge: 7776000000,
    httpOnly: true
  },
  views: { '/': 40, '/cv': 45, '/giftedADHD': 52 },
  horodate: 2020-07-28T12:29:13.334Z,
  ip: '83.202.34.239',
  geoloc: {
    range: [ 1405755904, 1405756415 ],
    country: 'FR',
    region: 'IDF',
    eu: '1',
    timezone: 'Europe/Paris',
    city: 'Paris',
    ll: [ 48.8543, 2.3527 ],
    metro: 0,
    area: 10
  },
  __lastAccess: 1595932153380
}
[2020-07-28T12:29:58.072] [TRACE] file - Session {
  cookie: {
    path: '/',
    _expires: 2020-10-26T10:29:58.072Z,
    originalMaxAge: 7776000000,
    httpOnly: true
  },
  views: { '/': 41, '/cv': 45, '/giftedADHD': 52 },
  horodate: 2020-07-28T12:29:58.012Z,
  ip: '83.202.34.239',
  geoloc: {
    range: [ 1405755904, 1405756415 ],
    country: 'FR',
    region: 'IDF',
    eu: '1',
    timezone: 'Europe/Paris',
    city: 'Paris',
    ll: [ 48.8543, 2.3527 ],
    metro: 0,
    area: 10
  },
  __lastAccess: 1595932198072
}
[2020-07-28T12:33:20.100] [TRACE] file - Session {
  cookie: {
    path: '/',
    _expires: 2020-10-26T10:33:20.099Z,
    originalMaxAge: 7776000000,
    httpOnly: true
  },
  views: { '/': 42, '/cv': 45, '/giftedADHD': 52 },
  horodate: 2020-07-28T12:33:20.042Z,
  ip: '83.202.34.239',
  geoloc: {
    range: [ 1405755904, 1405756415 ],
    country: 'FR',
    region: 'IDF',
    eu: '1',
    timezone: 'Europe/Paris',
    city: 'Paris',
    ll: [ 48.8543, 2.3527 ],
    metro: 0,
    area: 10
  },
  __lastAccess: 1595932400099
}
[2020-07-28T12:35:51.827] [TRACE] file - Session {
  cookie: {
    path: '/',
    _expires: 2020-10-26T10:35:51.827Z,
    originalMaxAge: 7776000000,
    httpOnly: true
  },
  views: { '/': 1 },
  horodate: 2020-07-28T12:35:51.764Z,
  ip: '66.249.68.7',
  geoloc: {
    range: [ 1123632128, 1123632383 ],
    country: 'US',
    region: '',
    eu: '0',
    timezone: 'America/Chicago',
    city: '',
    ll: [ 37.751, -97.822 ],
    metro: 0,
    area: 1000
  },
  __lastAccess: 1595932551827
}
[2020-07-28T12:36:42.586] [TRACE] file - Session {
  cookie: {
    path: '/',
    _expires: 2020-10-26T10:36:42.585Z,
    originalMaxAge: 7776000000,
    httpOnly: true
  },
  views: { '/': 43, '/cv': 45, '/giftedADHD': 52 },
  horodate: 2020-07-28T12:36:42.523Z,
  ip: '83.202.34.239',
  geoloc: {
    range: [ 1405755904, 1405756415 ],
    country: 'FR',
    region: 'IDF',
    eu: '1',
    timezone: 'Europe/Paris',
    city: 'Paris',
    ll: [ 48.8543, 2.3527 ],
    metro: 0,
    area: 10
  },
  __lastAccess: 1595932602586
}
[2020-07-28T12:36:48.524] [TRACE] file - Session {
  cookie: {
    path: '/',
    _expires: 2020-10-26T10:36:48.524Z,
    originalMaxAge: 7776000000,
    httpOnly: true
  },
  views: { '/': 43, '/cv': 46, '/giftedADHD': 52 },
  horodate: 2020-07-28T12:36:48.469Z,
  ip: '83.202.34.239',
  geoloc: {
    range: [ 1405755904, 1405756415 ],
    country: 'FR',
    region: 'IDF',
    eu: '1',
    timezone: 'Europe/Paris',
    city: 'Paris',
    ll: [ 48.8543, 2.3527 ],
    metro: 0,
    area: 10
  },
  __lastAccess: 1595932608524
}
[2020-07-28T12:37:46.881] [TRACE] file - Session {
  cookie: {
    path: '/',
    _expires: 2020-10-26T10:37:46.881Z,
    originalMaxAge: 7776000000,
    httpOnly: true
  },
  views: { '/': 43, '/cv': 47, '/giftedADHD': 52 },
  horodate: 2020-07-28T12:37:46.821Z,
  ip: '83.202.34.239',
  geoloc: {
    range: [ 1405755904, 1405756415 ],
    country: 'FR',
    region: 'IDF',
    eu: '1',
    timezone: 'Europe/Paris',
    city: 'Paris',
    ll: [ 48.8543, 2.3527 ],
    metro: 0,
    area: 10
  },
  __lastAccess: 1595932666881
}
[2020-07-28T12:37:50.397] [TRACE] file - Session {
  cookie: {
    path: '/',
    _expires: 2020-10-26T10:37:50.396Z,
    originalMaxAge: 7775999999,
    httpOnly: true
  },
  views: { '/': 44, '/cv': 47, '/giftedADHD': 52 },
  horodate: 2020-07-28T12:37:50.350Z,
  ip: '83.202.34.239',
  geoloc: {
    range: [ 1405755904, 1405756415 ],
    country: 'FR',
    region: 'IDF',
    eu: '1',
    timezone: 'Europe/Paris',
    city: 'Paris',
    ll: [ 48.8543, 2.3527 ],
    metro: 0,
    area: 10
  },
  __lastAccess: 1595932670397
}
[2020-07-28T12:37:54.990] [TRACE] file - Session {
  cookie: {
    path: '/',
    _expires: 2020-10-26T10:37:54.989Z,
    originalMaxAge: 7775999999,
    httpOnly: true
  },
  views: { '/': 44, '/cv': 48, '/giftedADHD': 52 },
  horodate: 2020-07-28T12:37:54.945Z,
  ip: '83.202.34.239',
  geoloc: {
    range: [ 1405755904, 1405756415 ],
    country: 'FR',
    region: 'IDF',
    eu: '1',
    timezone: 'Europe/Paris',
    city: 'Paris',
    ll: [ 48.8543, 2.3527 ],
    metro: 0,
    area: 10
  },
  __lastAccess: 1595932674990
}
[2020-07-28T12:39:44.725] [TRACE] file - Session {
  cookie: {
    path: '/',
    _expires: 2020-10-26T10:39:44.724Z,
    originalMaxAge: 7775999999,
    httpOnly: true
  },
  views: { '/': 44, '/cv': 49, '/giftedADHD': 52 },
  horodate: 2020-07-28T12:39:44.673Z,
  ip: '83.202.34.239',
  geoloc: {
    range: [ 1405755904, 1405756415 ],
    country: 'FR',
    region: 'IDF',
    eu: '1',
    timezone: 'Europe/Paris',
    city: 'Paris',
    ll: [ 48.8543, 2.3527 ],
    metro: 0,
    area: 10
  },
  __lastAccess: 1595932784725
}
[2020-07-28T12:39:50.020] [TRACE] file - Session {
  cookie: {
    path: '/',
    _expires: 2020-10-26T10:39:50.019Z,
    originalMaxAge: 7775999999,
    httpOnly: true
  },
  views: { '/': 45, '/cv': 49, '/giftedADHD': 52 },
  horodate: 2020-07-28T12:39:49.963Z,
  ip: '83.202.34.239',
  geoloc: {
    range: [ 1405755904, 1405756415 ],
    country: 'FR',
    region: 'IDF',
    eu: '1',
    timezone: 'Europe/Paris',
    city: 'Paris',
    ll: [ 48.8543, 2.3527 ],
    metro: 0,
    area: 10
  },
  __lastAccess: 1595932790020
}
[2020-07-28T12:40:11.498] [TRACE] file - Session {
  cookie: {
    path: '/',
    _expires: 2020-10-26T10:40:11.497Z,
    originalMaxAge: 7775999999,
    httpOnly: true
  },
  views: { '/': 46, '/cv': 49, '/giftedADHD': 52 },
  horodate: 2020-07-28T12:40:11.440Z,
  ip: '83.202.34.239',
  geoloc: {
    range: [ 1405755904, 1405756415 ],
    country: 'FR',
    region: 'IDF',
    eu: '1',
    timezone: 'Europe/Paris',
    city: 'Paris',
    ll: [ 48.8543, 2.3527 ],
    metro: 0,
    area: 10
  },
  __lastAccess: 1595932811498
}
[2020-07-28T12:40:19.669] [TRACE] file - Session {
  cookie: {
    path: '/',
    _expires: 2020-10-26T10:40:19.667Z,
    originalMaxAge: 7775999999,
    httpOnly: true
  },
  views: { '/': 46, '/cv': 50, '/giftedADHD': 52 },
  horodate: 2020-07-28T12:40:19.619Z,
  ip: '83.202.34.239',
  geoloc: {
    range: [ 1405755904, 1405756415 ],
    country: 'FR',
    region: 'IDF',
    eu: '1',
    timezone: 'Europe/Paris',
    city: 'Paris',
    ll: [ 48.8543, 2.3527 ],
    metro: 0,
    area: 10
  },
  __lastAccess: 1595932819668
}
[2020-07-28T12:41:19.450] [TRACE] file - Session {
  cookie: {
    path: '/',
    _expires: 2020-10-26T10:41:19.449Z,
    originalMaxAge: 7775999999,
    httpOnly: true
  },
  views: { '/': 46, '/cv': 51, '/giftedADHD': 52 },
  horodate: 2020-07-28T12:41:19.397Z,
  ip: '83.202.34.239',
  geoloc: {
    range: [ 1405755904, 1405756415 ],
    country: 'FR',
    region: 'IDF',
    eu: '1',
    timezone: 'Europe/Paris',
    city: 'Paris',
    ll: [ 48.8543, 2.3527 ],
    metro: 0,
    area: 10
  },
  __lastAccess: 1595932879450
}
[2020-07-28T12:41:24.822] [TRACE] file - Session {
  cookie: {
    path: '/',
    _expires: 2020-10-26T10:41:24.821Z,
    originalMaxAge: 7775999999,
    httpOnly: true
  },
  views: { '/': 47, '/cv': 51, '/giftedADHD': 52 },
  horodate: 2020-07-28T12:41:24.771Z,
  ip: '83.202.34.239',
  geoloc: {
    range: [ 1405755904, 1405756415 ],
    country: 'FR',
    region: 'IDF',
    eu: '1',
    timezone: 'Europe/Paris',
    city: 'Paris',
    ll: [ 48.8543, 2.3527 ],
    metro: 0,
    area: 10
  },
  __lastAccess: 1595932884822
}
[2020-07-28T12:42:03.176] [TRACE] file - Session {
  cookie: {
    path: '/',
    _expires: 2020-10-26T10:42:03.175Z,
    originalMaxAge: 7775999999,
    httpOnly: true
  },
  views: { '/': 47, '/cv': 52, '/giftedADHD': 52 },
  horodate: 2020-07-28T12:42:03.119Z,
  ip: '83.202.34.239',
  geoloc: {
    range: [ 1405755904, 1405756415 ],
    country: 'FR',
    region: 'IDF',
    eu: '1',
    timezone: 'Europe/Paris',
    city: 'Paris',
    ll: [ 48.8543, 2.3527 ],
    metro: 0,
    area: 10
  },
  __lastAccess: 1595932923176
}
[2020-07-28T12:42:43.057] [TRACE] file - Session {
  cookie: {
    path: '/',
    _expires: 2020-10-26T10:42:43.056Z,
    originalMaxAge: 7775999999,
    httpOnly: true
  },
  views: { '/': 47, '/cv': 53, '/giftedADHD': 52 },
  horodate: 2020-07-28T12:42:43.000Z,
  ip: '83.202.34.239',
  geoloc: {
    range: [ 1405755904, 1405756415 ],
    country: 'FR',
    region: 'IDF',
    eu: '1',
    timezone: 'Europe/Paris',
    city: 'Paris',
    ll: [ 48.8543, 2.3527 ],
    metro: 0,
    area: 10
  },
  __lastAccess: 1595932963057
}
[2020-07-28T12:42:45.286] [TRACE] file - Session {
  cookie: {
    path: '/',
    _expires: 2020-10-26T10:42:45.285Z,
    originalMaxAge: 7775999999,
    httpOnly: true
  },
  views: { '/': 48, '/cv': 53, '/giftedADHD': 52 },
  horodate: 2020-07-28T12:42:45.238Z,
  ip: '83.202.34.239',
  geoloc: {
    range: [ 1405755904, 1405756415 ],
    country: 'FR',
    region: 'IDF',
    eu: '1',
    timezone: 'Europe/Paris',
    city: 'Paris',
    ll: [ 48.8543, 2.3527 ],
    metro: 0,
    area: 10
  },
  __lastAccess: 1595932965286
}
[2020-07-28T12:43:19.233] [TRACE] file - Session {
  cookie: {
    path: '/',
    _expires: 2020-10-26T10:43:19.232Z,
    originalMaxAge: 7775999999,
    httpOnly: true
  },
  views: { '/': 49, '/cv': 53, '/giftedADHD': 52 },
  horodate: 2020-07-28T12:43:19.176Z,
  ip: '83.202.34.239',
  geoloc: {
    range: [ 1405755904, 1405756415 ],
    country: 'FR',
    region: 'IDF',
    eu: '1',
    timezone: 'Europe/Paris',
    city: 'Paris',
    ll: [ 48.8543, 2.3527 ],
    metro: 0,
    area: 10
  },
  __lastAccess: 1595932999233
}
[2020-07-28T12:43:41.467] [TRACE] file - Session {
  cookie: {
    path: '/',
    _expires: 2020-10-26T10:43:41.465Z,
    originalMaxAge: 7775999999,
    httpOnly: true
  },
  views: { '/': 50, '/cv': 53, '/giftedADHD': 52 },
  horodate: 2020-07-28T12:43:41.407Z,
  ip: '83.202.34.239',
  geoloc: {
    range: [ 1405755904, 1405756415 ],
    country: 'FR',
    region: 'IDF',
    eu: '1',
    timezone: 'Europe/Paris',
    city: 'Paris',
    ll: [ 48.8543, 2.3527 ],
    metro: 0,
    area: 10
  },
  __lastAccess: 1595933021466
}
[2020-07-28T12:44:31.267] [TRACE] file - Session {
  cookie: {
    path: '/',
    _expires: 2020-10-26T10:44:31.265Z,
    originalMaxAge: 7775999999,
    httpOnly: true
  },
  views: { '/': 51, '/cv': 53, '/giftedADHD': 52 },
  horodate: 2020-07-28T12:44:31.206Z,
  ip: '83.202.34.239',
  geoloc: {
    range: [ 1405755904, 1405756415 ],
    country: 'FR',
    region: 'IDF',
    eu: '1',
    timezone: 'Europe/Paris',
    city: 'Paris',
    ll: [ 48.8543, 2.3527 ],
    metro: 0,
    area: 10
  },
  __lastAccess: 1595933071266
}
[2020-07-28T12:45:27.746] [TRACE] file - Session {
  cookie: {
    path: '/',
    _expires: 2020-10-26T10:45:27.744Z,
    originalMaxAge: 7775999999,
    httpOnly: true
  },
  views: { '/': 52, '/cv': 53, '/giftedADHD': 52 },
  horodate: 2020-07-28T12:45:27.683Z,
  ip: '83.202.34.239',
  geoloc: {
    range: [ 1405755904, 1405756415 ],
    country: 'FR',
    region: 'IDF',
    eu: '1',
    timezone: 'Europe/Paris',
    city: 'Paris',
    ll: [ 48.8543, 2.3527 ],
    metro: 0,
    area: 10
  },
  __lastAccess: 1595933127745
}
[2020-07-28T12:45:35.680] [TRACE] file - Session {
  cookie: {
    path: '/',
    _expires: 2020-10-26T10:45:35.679Z,
    originalMaxAge: 7775999999,
    httpOnly: true
  },
  views: { '/': 53, '/cv': 53, '/giftedADHD': 52 },
  horodate: 2020-07-28T12:45:35.625Z,
  ip: '83.202.34.239',
  geoloc: {
    range: [ 1405755904, 1405756415 ],
    country: 'FR',
    region: 'IDF',
    eu: '1',
    timezone: 'Europe/Paris',
    city: 'Paris',
    ll: [ 48.8543, 2.3527 ],
    metro: 0,
    area: 10
  },
  __lastAccess: 1595933135680
}
[2020-07-28T12:45:55.256] [TRACE] file - Session {
  cookie: {
    path: '/',
    _expires: 2020-10-26T10:45:55.254Z,
    originalMaxAge: 7775999999,
    httpOnly: true
  },
  views: { '/': 54, '/cv': 53, '/giftedADHD': 52 },
  horodate: 2020-07-28T12:45:55.183Z,
  ip: '83.202.34.239',
  geoloc: {
    range: [ 1405755904, 1405756415 ],
    country: 'FR',
    region: 'IDF',
    eu: '1',
    timezone: 'Europe/Paris',
    city: 'Paris',
    ll: [ 48.8543, 2.3527 ],
    metro: 0,
    area: 10
  },
  __lastAccess: 1595933155255
}
[2020-07-28T12:47:20.148] [TRACE] file - Session {
  cookie: {
    path: '/',
    _expires: 2020-10-26T10:47:20.147Z,
    originalMaxAge: 7775999999,
    httpOnly: true
  },
  views: { '/': 55, '/cv': 53, '/giftedADHD': 52 },
  horodate: 2020-07-28T12:47:20.087Z,
  ip: '83.202.34.239',
  geoloc: {
    range: [ 1405755904, 1405756415 ],
    country: 'FR',
    region: 'IDF',
    eu: '1',
    timezone: 'Europe/Paris',
    city: 'Paris',
    ll: [ 48.8543, 2.3527 ],
    metro: 0,
    area: 10
  },
  __lastAccess: 1595933240148
}
[2020-07-28T12:49:59.703] [TRACE] file - Session {
  cookie: {
    path: '/',
    _expires: 2020-10-26T10:49:59.702Z,
    originalMaxAge: 7775999999,
    httpOnly: true
  },
  views: { '/': 56, '/cv': 53, '/giftedADHD': 52 },
  horodate: 2020-07-28T12:49:59.645Z,
  ip: '83.202.34.239',
  geoloc: {
    range: [ 1405755904, 1405756415 ],
    country: 'FR',
    region: 'IDF',
    eu: '1',
    timezone: 'Europe/Paris',
    city: 'Paris',
    ll: [ 48.8543, 2.3527 ],
    metro: 0,
    area: 10
  },
  __lastAccess: 1595933399703
}
[2020-07-28T12:50:17.795] [TRACE] file - Session {
  cookie: {
    path: '/',
    _expires: 2020-10-26T10:50:17.793Z,
    originalMaxAge: 7775999999,
    httpOnly: true
  },
  views: { '/': 56, '/cv': 54, '/giftedADHD': 52 },
  horodate: 2020-07-28T12:50:17.739Z,
  ip: '83.202.34.239',
  geoloc: {
    range: [ 1405755904, 1405756415 ],
    country: 'FR',
    region: 'IDF',
    eu: '1',
    timezone: 'Europe/Paris',
    city: 'Paris',
    ll: [ 48.8543, 2.3527 ],
    metro: 0,
    area: 10
  },
  __lastAccess: 1595933417795
}
[2020-07-28T12:52:10.835] [TRACE] file - Session {
  cookie: {
    path: '/',
    _expires: 2020-10-26T10:52:10.834Z,
    originalMaxAge: 7775999999,
    httpOnly: true
  },
  views: { '/': 56, '/cv': 55, '/giftedADHD': 52 },
  horodate: 2020-07-28T12:52:10.780Z,
  ip: '83.202.34.239',
  geoloc: {
    range: [ 1405755904, 1405756415 ],
    country: 'FR',
    region: 'IDF',
    eu: '1',
    timezone: 'Europe/Paris',
    city: 'Paris',
    ll: [ 48.8543, 2.3527 ],
    metro: 0,
    area: 10
  },
  __lastAccess: 1595933530835
}
[2020-07-28T12:52:14.353] [TRACE] file - Session {
  cookie: {
    path: '/',
    _expires: 2020-10-26T10:52:14.352Z,
    originalMaxAge: 7775999999,
    httpOnly: true
  },
  views: { '/': 57, '/cv': 55, '/giftedADHD': 52 },
  horodate: 2020-07-28T12:52:14.302Z,
  ip: '83.202.34.239',
  geoloc: {
    range: [ 1405755904, 1405756415 ],
    country: 'FR',
    region: 'IDF',
    eu: '1',
    timezone: 'Europe/Paris',
    city: 'Paris',
    ll: [ 48.8543, 2.3527 ],
    metro: 0,
    area: 10
  },
  __lastAccess: 1595933534353
}
[2020-07-28T12:52:30.551] [TRACE] file - Session {
  cookie: {
    path: '/',
    _expires: 2020-10-26T10:52:30.550Z,
    originalMaxAge: 7775999999,
    httpOnly: true
  },
  views: { '/': 58, '/cv': 55, '/giftedADHD': 52 },
  horodate: 2020-07-28T12:52:30.496Z,
  ip: '83.202.34.239',
  geoloc: {
    range: [ 1405755904, 1405756415 ],
    country: 'FR',
    region: 'IDF',
    eu: '1',
    timezone: 'Europe/Paris',
    city: 'Paris',
    ll: [ 48.8543, 2.3527 ],
    metro: 0,
    area: 10
  },
  __lastAccess: 1595933550551
}
[2020-07-28T12:52:35.142] [TRACE] file - Session {
  cookie: {
    path: '/',
    _expires: 2020-10-26T10:52:35.141Z,
    originalMaxAge: 7775999999,
    httpOnly: true
  },
  views: { '/': 58, '/cv': 56, '/giftedADHD': 52 },
  horodate: 2020-07-28T12:52:35.096Z,
  ip: '83.202.34.239',
  geoloc: {
    range: [ 1405755904, 1405756415 ],
    country: 'FR',
    region: 'IDF',
    eu: '1',
    timezone: 'Europe/Paris',
    city: 'Paris',
    ll: [ 48.8543, 2.3527 ],
    metro: 0,
    area: 10
  },
  __lastAccess: 1595933555142
}
[2020-07-28T12:53:22.174] [TRACE] file - Session {
  cookie: {
    path: '/',
    _expires: 2020-10-26T10:53:22.172Z,
    originalMaxAge: 7775999999,
    httpOnly: true
  },
  views: { '/': 58, '/cv': 57, '/giftedADHD': 52 },
  horodate: 2020-07-28T12:53:22.117Z,
  ip: '83.202.34.239',
  geoloc: {
    range: [ 1405755904, 1405756415 ],
    country: 'FR',
    region: 'IDF',
    eu: '1',
    timezone: 'Europe/Paris',
    city: 'Paris',
    ll: [ 48.8543, 2.3527 ],
    metro: 0,
    area: 10
  },
  __lastAccess: 1595933602173
}
[2020-07-28T12:53:26.291] [TRACE] file - Session {
  cookie: {
    path: '/',
    _expires: 2020-10-26T10:53:26.289Z,
    originalMaxAge: 7775999999,
    httpOnly: true
  },
  views: { '/': 59, '/cv': 57, '/giftedADHD': 52 },
  horodate: 2020-07-28T12:53:26.239Z,
  ip: '83.202.34.239',
  geoloc: {
    range: [ 1405755904, 1405756415 ],
    country: 'FR',
    region: 'IDF',
    eu: '1',
    timezone: 'Europe/Paris',
    city: 'Paris',
    ll: [ 48.8543, 2.3527 ],
    metro: 0,
    area: 10
  },
  __lastAccess: 1595933606290
}
[2020-07-28T12:53:39.103] [TRACE] file - Session {
  cookie: {
    path: '/',
    _expires: 2020-10-26T10:53:39.101Z,
    originalMaxAge: 7775999999,
    httpOnly: true
  },
  views: { '/': 60, '/cv': 57, '/giftedADHD': 52 },
  horodate: 2020-07-28T12:53:39.048Z,
  ip: '83.202.34.239',
  geoloc: {
    range: [ 1405755904, 1405756415 ],
    country: 'FR',
    region: 'IDF',
    eu: '1',
    timezone: 'Europe/Paris',
    city: 'Paris',
    ll: [ 48.8543, 2.3527 ],
    metro: 0,
    area: 10
  },
  __lastAccess: 1595933619103
}
[2020-07-28T12:53:51.015] [TRACE] file - Session {
  cookie: {
    path: '/',
    _expires: 2020-10-26T10:53:51.014Z,
    originalMaxAge: 7775999999,
    httpOnly: true
  },
  views: { '/': 60, '/cv': 58, '/giftedADHD': 52 },
  horodate: 2020-07-28T12:53:50.962Z,
  ip: '83.202.34.239',
  geoloc: {
    range: [ 1405755904, 1405756415 ],
    country: 'FR',
    region: 'IDF',
    eu: '1',
    timezone: 'Europe/Paris',
    city: 'Paris',
    ll: [ 48.8543, 2.3527 ],
    metro: 0,
    area: 10
  },
  __lastAccess: 1595933631015
}
[2020-07-28T12:53:52.507] [TRACE] file - Session {
  cookie: {
    path: '/',
    _expires: 2020-10-26T10:53:52.506Z,
    originalMaxAge: 7775999999,
    httpOnly: true
  },
  views: { '/': 60, '/cv': 58, '/giftedADHD': 53 },
  horodate: 2020-07-28T12:53:52.475Z,
  ip: '83.202.34.239',
  geoloc: {
    range: [ 1405755904, 1405756415 ],
    country: 'FR',
    region: 'IDF',
    eu: '1',
    timezone: 'Europe/Paris',
    city: 'Paris',
    ll: [ 48.8543, 2.3527 ],
    metro: 0,
    area: 10
  },
  __lastAccess: 1595933632507
}
[2020-07-28T12:54:16.612] [TRACE] file - Session {
  cookie: {
    path: '/',
    _expires: 2020-10-26T10:54:16.611Z,
    originalMaxAge: 7775999999,
    httpOnly: true
  },
  views: { '/': 61, '/cv': 58, '/giftedADHD': 53 },
  horodate: 2020-07-28T12:54:16.556Z,
  ip: '83.202.34.239',
  geoloc: {
    range: [ 1405755904, 1405756415 ],
    country: 'FR',
    region: 'IDF',
    eu: '1',
    timezone: 'Europe/Paris',
    city: 'Paris',
    ll: [ 48.8543, 2.3527 ],
    metro: 0,
    area: 10
  },
  __lastAccess: 1595933656612
}
[2020-07-28T12:54:21.129] [TRACE] file - Session {
  cookie: {
    path: '/',
    _expires: 2020-10-26T10:54:21.128Z,
    originalMaxAge: 7775999999,
    httpOnly: true
  },
  views: { '/': 61, '/cv': 59, '/giftedADHD': 53 },
  horodate: 2020-07-28T12:54:21.077Z,
  ip: '83.202.34.239',
  geoloc: {
    range: [ 1405755904, 1405756415 ],
    country: 'FR',
    region: 'IDF',
    eu: '1',
    timezone: 'Europe/Paris',
    city: 'Paris',
    ll: [ 48.8543, 2.3527 ],
    metro: 0,
    area: 10
  },
  __lastAccess: 1595933661129
}
[2020-07-28T12:55:00.828] [TRACE] file - Session {
  cookie: {
    path: '/',
    _expires: 2020-10-26T10:55:00.827Z,
    originalMaxAge: 7775999999,
    httpOnly: true
  },
  views: { '/': 62, '/cv': 59, '/giftedADHD': 53 },
  horodate: 2020-07-28T12:55:00.774Z,
  ip: '83.202.34.239',
  geoloc: {
    range: [ 1405755904, 1405756415 ],
    country: 'FR',
    region: 'IDF',
    eu: '1',
    timezone: 'Europe/Paris',
    city: 'Paris',
    ll: [ 48.8543, 2.3527 ],
    metro: 0,
    area: 10
  },
  __lastAccess: 1595933700828
}
[2020-07-28T12:55:20.159] [TRACE] file - Session {
  cookie: {
    path: '/',
    _expires: 2020-10-26T10:55:20.158Z,
    originalMaxAge: 7775999999,
    httpOnly: true
  },
  views: { '/': 62, '/cv': 60, '/giftedADHD': 53 },
  horodate: 2020-07-28T12:55:20.106Z,
  ip: '83.202.34.239',
  geoloc: {
    range: [ 1405755904, 1405756415 ],
    country: 'FR',
    region: 'IDF',
    eu: '1',
    timezone: 'Europe/Paris',
    city: 'Paris',
    ll: [ 48.8543, 2.3527 ],
    metro: 0,
    area: 10
  },
  __lastAccess: 1595933720159
}
[2020-07-28T12:55:21.204] [TRACE] file - Session {
  cookie: {
    path: '/',
    _expires: 2020-10-26T10:55:21.202Z,
    originalMaxAge: 7775999999,
    httpOnly: true
  },
  views: { '/': 62, '/cv': 60, '/giftedADHD': 54 },
  horodate: 2020-07-28T12:55:21.171Z,
  ip: '83.202.34.239',
  geoloc: {
    range: [ 1405755904, 1405756415 ],
    country: 'FR',
    region: 'IDF',
    eu: '1',
    timezone: 'Europe/Paris',
    city: 'Paris',
    ll: [ 48.8543, 2.3527 ],
    metro: 0,
    area: 10
  },
  __lastAccess: 1595933721204
}
[2020-07-28T12:56:15.559] [TRACE] file - Session {
  cookie: {
    path: '/',
    _expires: 2020-10-26T10:56:15.557Z,
    originalMaxAge: 7775999999,
    httpOnly: true
  },
  views: { '/': 63, '/cv': 60, '/giftedADHD': 54 },
  horodate: 2020-07-28T12:56:15.501Z,
  ip: '83.202.34.239',
  geoloc: {
    range: [ 1405755904, 1405756415 ],
    country: 'FR',
    region: 'IDF',
    eu: '1',
    timezone: 'Europe/Paris',
    city: 'Paris',
    ll: [ 48.8543, 2.3527 ],
    metro: 0,
    area: 10
  },
  __lastAccess: 1595933775558
}
[2020-07-28T12:56:19.971] [TRACE] file - Session {
  cookie: {
    path: '/',
    _expires: 2020-10-26T10:56:19.970Z,
    originalMaxAge: 7775999999,
    httpOnly: true
  },
  views: { '/': 63, '/cv': 60, '/giftedADHD': 55 },
  horodate: 2020-07-28T12:56:19.936Z,
  ip: '83.202.34.239',
  geoloc: {
    range: [ 1405755904, 1405756415 ],
    country: 'FR',
    region: 'IDF',
    eu: '1',
    timezone: 'Europe/Paris',
    city: 'Paris',
    ll: [ 48.8543, 2.3527 ],
    metro: 0,
    area: 10
  },
  __lastAccess: 1595933779971
}
[2020-07-28T12:59:18.170] [TRACE] file - Session {
  cookie: {
    path: '/',
    _expires: 2020-10-26T10:59:18.169Z,
    originalMaxAge: 7775999999,
    httpOnly: true
  },
  views: { '/': 64, '/cv': 60, '/giftedADHD': 55 },
  horodate: 2020-07-28T12:59:18.114Z,
  ip: '83.202.34.239',
  geoloc: {
    range: [ 1405755904, 1405756415 ],
    country: 'FR',
    region: 'IDF',
    eu: '1',
    timezone: 'Europe/Paris',
    city: 'Paris',
    ll: [ 48.8543, 2.3527 ],
    metro: 0,
    area: 10
  },
  __lastAccess: 1595933958170
}
[2020-07-28T12:59:44.034] [TRACE] file - Session {
  cookie: {
    path: '/',
    _expires: 2020-10-26T10:59:44.032Z,
    originalMaxAge: 7775999999,
    httpOnly: true
  },
  views: { '/': 65, '/cv': 60, '/giftedADHD': 55 },
  horodate: 2020-07-28T12:59:43.976Z,
  ip: '83.202.34.239',
  geoloc: {
    range: [ 1405755904, 1405756415 ],
    country: 'FR',
    region: 'IDF',
    eu: '1',
    timezone: 'Europe/Paris',
    city: 'Paris',
    ll: [ 48.8543, 2.3527 ],
    metro: 0,
    area: 10
  },
  __lastAccess: 1595933984033
}
[2020-07-28T12:59:57.050] [TRACE] file - Session {
  cookie: {
    path: '/',
    _expires: 2020-10-26T10:59:57.049Z,
    originalMaxAge: 7775999999,
    httpOnly: true
  },
  views: { '/': 65, '/cv': 61, '/giftedADHD': 55 },
  horodate: 2020-07-28T12:59:56.995Z,
  ip: '83.202.34.239',
  geoloc: {
    range: [ 1405755904, 1405756415 ],
    country: 'FR',
    region: 'IDF',
    eu: '1',
    timezone: 'Europe/Paris',
    city: 'Paris',
    ll: [ 48.8543, 2.3527 ],
    metro: 0,
    area: 10
  },
  __lastAccess: 1595933997050
}
[2020-07-28T13:00:08.590] [TRACE] file - Session {
  cookie: {
    path: '/',
    _expires: 2020-10-26T11:00:08.589Z,
    originalMaxAge: 7775999999,
    httpOnly: true
  },
  views: { '/': 65, '/cv': 61, '/giftedADHD': 56 },
  horodate: 2020-07-28T13:00:08.551Z,
  ip: '83.202.34.239',
  geoloc: {
    range: [ 1405755904, 1405756415 ],
    country: 'FR',
    region: 'IDF',
    eu: '1',
    timezone: 'Europe/Paris',
    city: 'Paris',
    ll: [ 48.8543, 2.3527 ],
    metro: 0,
    area: 10
  },
  __lastAccess: 1595934008590
}
[2020-07-28T13:00:48.458] [TRACE] file - Session {
  cookie: {
    path: '/',
    _expires: 2020-10-26T11:00:48.457Z,
    originalMaxAge: 7775999999,
    httpOnly: true
  },
  views: { '/': 65, '/cv': 61, '/giftedADHD': 57 },
  horodate: 2020-07-28T13:00:48.421Z,
  ip: '83.202.34.239',
  geoloc: {
    range: [ 1405755904, 1405756415 ],
    country: 'FR',
    region: 'IDF',
    eu: '1',
    timezone: 'Europe/Paris',
    city: 'Paris',
    ll: [ 48.8543, 2.3527 ],
    metro: 0,
    area: 10
  },
  __lastAccess: 1595934048458
}
[2020-07-28T13:02:45.984] [TRACE] file - Session {
  cookie: {
    path: '/',
    _expires: 2020-10-26T11:02:45.983Z,
    originalMaxAge: 7775999999,
    httpOnly: true
  },
  views: { '/': 66, '/cv': 61, '/giftedADHD': 57 },
  horodate: 2020-07-28T13:02:45.905Z,
  ip: '83.202.34.239',
  geoloc: {
    range: [ 1405755904, 1405756415 ],
    country: 'FR',
    region: 'IDF',
    eu: '1',
    timezone: 'Europe/Paris',
    city: 'Paris',
    ll: [ 48.8543, 2.3527 ],
    metro: 0,
    area: 10
  },
  __lastAccess: 1595934165984
}
[2020-07-28T13:02:50.938] [TRACE] file - Session {
  cookie: {
    path: '/',
    _expires: 2020-10-26T11:02:50.937Z,
    originalMaxAge: 7775999999,
    httpOnly: true
  },
  views: { '/': 66, '/cv': 61, '/giftedADHD': 58 },
  horodate: 2020-07-28T13:02:50.906Z,
  ip: '83.202.34.239',
  geoloc: {
    range: [ 1405755904, 1405756415 ],
    country: 'FR',
    region: 'IDF',
    eu: '1',
    timezone: 'Europe/Paris',
    city: 'Paris',
    ll: [ 48.8543, 2.3527 ],
    metro: 0,
    area: 10
  },
  __lastAccess: 1595934170938
}
[2020-07-28T13:02:52.918] [TRACE] file - Session {
  cookie: {
    path: '/',
    _expires: 2020-10-26T11:02:52.916Z,
    originalMaxAge: 7775999999,
    httpOnly: true
  },
  views: { '/': 66, '/cv': 62, '/giftedADHD': 58 },
  horodate: 2020-07-28T13:02:52.865Z,
  ip: '83.202.34.239',
  geoloc: {
    range: [ 1405755904, 1405756415 ],
    country: 'FR',
    region: 'IDF',
    eu: '1',
    timezone: 'Europe/Paris',
    city: 'Paris',
    ll: [ 48.8543, 2.3527 ],
    metro: 0,
    area: 10
  },
  __lastAccess: 1595934172917
}
[2020-07-28T13:03:14.715] [TRACE] file - Session {
  cookie: {
    path: '/',
    _expires: 2020-10-26T11:03:14.713Z,
    originalMaxAge: 7775999999,
    httpOnly: true
  },
  views: { '/': 66, '/cv': 63, '/giftedADHD': 58 },
  horodate: 2020-07-28T13:03:14.658Z,
  ip: '83.202.34.239',
  geoloc: {
    range: [ 1405755904, 1405756415 ],
    country: 'FR',
    region: 'IDF',
    eu: '1',
    timezone: 'Europe/Paris',
    city: 'Paris',
    ll: [ 48.8543, 2.3527 ],
    metro: 0,
    area: 10
  },
  __lastAccess: 1595934194714
}
[2020-07-28T13:03:34.189] [TRACE] file - Session {
  cookie: {
    path: '/',
    _expires: 2020-10-26T11:03:34.188Z,
    originalMaxAge: 7775999999,
    httpOnly: true
  },
  views: { '/': 66, '/cv': 63, '/giftedADHD': 59 },
  horodate: 2020-07-28T13:03:34.151Z,
  ip: '83.202.34.239',
  geoloc: {
    range: [ 1405755904, 1405756415 ],
    country: 'FR',
    region: 'IDF',
    eu: '1',
    timezone: 'Europe/Paris',
    city: 'Paris',
    ll: [ 48.8543, 2.3527 ],
    metro: 0,
    area: 10
  },
  __lastAccess: 1595934214189
}
[2020-07-28T13:04:00.005] [TRACE] file - Session {
  cookie: {
    path: '/',
    _expires: 2020-10-26T11:04:00.004Z,
    originalMaxAge: 7775999999,
    httpOnly: true
  },
  views: { '/': 66, '/cv': 63, '/giftedADHD': 60 },
  horodate: 2020-07-28T13:03:59.962Z,
  ip: '83.202.34.239',
  geoloc: {
    range: [ 1405755904, 1405756415 ],
    country: 'FR',
    region: 'IDF',
    eu: '1',
    timezone: 'Europe/Paris',
    city: 'Paris',
    ll: [ 48.8543, 2.3527 ],
    metro: 0,
    area: 10
  },
  __lastAccess: 1595934240005
}
[2020-07-28T13:04:08.226] [TRACE] file - Session {
  cookie: {
    path: '/',
    _expires: 2020-10-26T11:04:08.224Z,
    originalMaxAge: 7775999999,
    httpOnly: true
  },
  views: { '/': 67, '/cv': 63, '/giftedADHD': 60 },
  horodate: 2020-07-28T13:04:08.173Z,
  ip: '83.202.34.239',
  geoloc: {
    range: [ 1405755904, 1405756415 ],
    country: 'FR',
    region: 'IDF',
    eu: '1',
    timezone: 'Europe/Paris',
    city: 'Paris',
    ll: [ 48.8543, 2.3527 ],
    metro: 0,
    area: 10
  },
  __lastAccess: 1595934248225
}
[2020-07-28T13:04:31.334] [TRACE] file - Session {
  cookie: {
    path: '/',
    _expires: 2020-10-26T11:04:31.333Z,
    originalMaxAge: 7775999999,
    httpOnly: true
  },
  views: { '/': 68, '/cv': 63, '/giftedADHD': 60 },
  horodate: 2020-07-28T13:04:31.273Z,
  ip: '83.202.34.239',
  geoloc: {
    range: [ 1405755904, 1405756415 ],
    country: 'FR',
    region: 'IDF',
    eu: '1',
    timezone: 'Europe/Paris',
    city: 'Paris',
    ll: [ 48.8543, 2.3527 ],
    metro: 0,
    area: 10
  },
  __lastAccess: 1595934271334
}
[2020-07-28T13:05:19.434] [TRACE] file - Session {
  cookie: {
    path: '/',
    _expires: 2020-10-26T11:05:19.432Z,
    originalMaxAge: 7775999999,
    httpOnly: true
  },
  views: { '/': 69, '/cv': 63, '/giftedADHD': 60 },
  horodate: 2020-07-28T13:05:19.377Z,
  ip: '83.202.34.239',
  geoloc: {
    range: [ 1405755904, 1405756415 ],
    country: 'FR',
    region: 'IDF',
    eu: '1',
    timezone: 'Europe/Paris',
    city: 'Paris',
    ll: [ 48.8543, 2.3527 ],
    metro: 0,
    area: 10
  },
  __lastAccess: 1595934319433
}
[2020-07-28T13:05:36.333] [TRACE] file - Session {
  cookie: {
    path: '/',
    _expires: 2020-10-26T11:05:36.331Z,
    originalMaxAge: 7775999999,
    httpOnly: true
  },
  views: { '/': 69, '/cv': 64, '/giftedADHD': 60 },
  horodate: 2020-07-28T13:05:36.278Z,
  ip: '83.202.34.239',
  geoloc: {
    range: [ 1405755904, 1405756415 ],
    country: 'FR',
    region: 'IDF',
    eu: '1',
    timezone: 'Europe/Paris',
    city: 'Paris',
    ll: [ 48.8543, 2.3527 ],
    metro: 0,
    area: 10
  },
  __lastAccess: 1595934336333
}
[2020-07-28T13:05:43.434] [TRACE] file - Session {
  cookie: {
    path: '/',
    _expires: 2020-10-26T11:05:43.433Z,
    originalMaxAge: 7775999999,
    httpOnly: true
  },
  views: { '/': 69, '/cv': 64, '/giftedADHD': 61 },
  horodate: 2020-07-28T13:05:43.399Z,
  ip: '83.202.34.239',
  geoloc: {
    range: [ 1405755904, 1405756415 ],
    country: 'FR',
    region: 'IDF',
    eu: '1',
    timezone: 'Europe/Paris',
    city: 'Paris',
    ll: [ 48.8543, 2.3527 ],
    metro: 0,
    area: 10
  },
  __lastAccess: 1595934343434
}
[2020-07-28T13:05:56.834] [TRACE] file - Session {
  cookie: {
    path: '/',
    _expires: 2020-10-26T11:05:56.833Z,
    originalMaxAge: 7775999999,
    httpOnly: true
  },
  views: { '/': 69, '/cv': 65, '/giftedADHD': 61 },
  horodate: 2020-07-28T13:05:56.783Z,
  ip: '83.202.34.239',
  geoloc: {
    range: [ 1405755904, 1405756415 ],
    country: 'FR',
    region: 'IDF',
    eu: '1',
    timezone: 'Europe/Paris',
    city: 'Paris',
    ll: [ 48.8543, 2.3527 ],
    metro: 0,
    area: 10
  },
  __lastAccess: 1595934356834
}
[2020-07-28T13:06:28.082] [TRACE] file - Session {
  cookie: {
    path: '/',
    _expires: 2020-10-26T11:06:28.081Z,
    originalMaxAge: 7775999999,
    httpOnly: true
  },
  views: { '/': 69, '/cv': 65, '/giftedADHD': 62 },
  horodate: 2020-07-28T13:06:28.043Z,
  ip: '83.202.34.239',
  geoloc: {
    range: [ 1405755904, 1405756415 ],
    country: 'FR',
    region: 'IDF',
    eu: '1',
    timezone: 'Europe/Paris',
    city: 'Paris',
    ll: [ 48.8543, 2.3527 ],
    metro: 0,
    area: 10
  },
  __lastAccess: 1595934388082
}
[2020-07-28T13:06:48.886] [TRACE] file - Session {
  cookie: {
    path: '/',
    _expires: 2020-10-26T11:06:48.885Z,
    originalMaxAge: 7775999999,
    httpOnly: true
  },
  views: { '/': 69, '/cv': 65, '/giftedADHD': 63 },
  horodate: 2020-07-28T13:06:48.847Z,
  ip: '83.202.34.239',
  geoloc: {
    range: [ 1405755904, 1405756415 ],
    country: 'FR',
    region: 'IDF',
    eu: '1',
    timezone: 'Europe/Paris',
    city: 'Paris',
    ll: [ 48.8543, 2.3527 ],
    metro: 0,
    area: 10
  },
  __lastAccess: 1595934408886
}
[2020-07-28T13:09:22.468] [TRACE] file - Session {
  cookie: {
    path: '/',
    _expires: 2020-10-26T11:09:22.466Z,
    originalMaxAge: 7775999999,
    httpOnly: true
  },
  views: { '/': 69, '/cv': 65, '/giftedADHD': 64 },
  horodate: 2020-07-28T13:09:22.430Z,
  ip: '83.202.34.239',
  geoloc: {
    range: [ 1405755904, 1405756415 ],
    country: 'FR',
    region: 'IDF',
    eu: '1',
    timezone: 'Europe/Paris',
    city: 'Paris',
    ll: [ 48.8543, 2.3527 ],
    metro: 0,
    area: 10
  },
  __lastAccess: 1595934562467
}
[2020-07-28T13:09:43.159] [TRACE] file - Session {
  cookie: {
    path: '/',
    _expires: 2020-10-26T11:09:43.158Z,
    originalMaxAge: 7775999999,
    httpOnly: true
  },
  views: { '/': 69, '/cv': 65, '/giftedADHD': 65 },
  horodate: 2020-07-28T13:09:43.121Z,
  ip: '83.202.34.239',
  geoloc: {
    range: [ 1405755904, 1405756415 ],
    country: 'FR',
    region: 'IDF',
    eu: '1',
    timezone: 'Europe/Paris',
    city: 'Paris',
    ll: [ 48.8543, 2.3527 ],
    metro: 0,
    area: 10
  },
  __lastAccess: 1595934583159
}
[2020-07-28T13:09:58.222] [TRACE] file - Session {
  cookie: {
    path: '/',
    _expires: 2020-10-26T11:09:58.221Z,
    originalMaxAge: 7775999999,
    httpOnly: true
  },
  views: { '/': 70, '/cv': 65, '/giftedADHD': 65 },
  horodate: 2020-07-28T13:09:58.162Z,
  ip: '83.202.34.239',
  geoloc: {
    range: [ 1405755904, 1405756415 ],
    country: 'FR',
    region: 'IDF',
    eu: '1',
    timezone: 'Europe/Paris',
    city: 'Paris',
    ll: [ 48.8543, 2.3527 ],
    metro: 0,
    area: 10
  },
  __lastAccess: 1595934598222
}
[2020-07-28T13:10:00.367] [TRACE] file - Session {
  cookie: {
    path: '/',
    _expires: 2020-10-26T11:10:00.366Z,
    originalMaxAge: 7775999999,
    httpOnly: true
  },
  views: { '/': 70, '/cv': 66, '/giftedADHD': 65 },
  horodate: 2020-07-28T13:10:00.319Z,
  ip: '83.202.34.239',
  geoloc: {
    range: [ 1405755904, 1405756415 ],
    country: 'FR',
    region: 'IDF',
    eu: '1',
    timezone: 'Europe/Paris',
    city: 'Paris',
    ll: [ 48.8543, 2.3527 ],
    metro: 0,
    area: 10
  },
  __lastAccess: 1595934600367
}
[2020-07-28T13:10:02.697] [TRACE] file - Session {
  cookie: {
    path: '/',
    _expires: 2020-10-26T11:10:02.696Z,
    originalMaxAge: 7775999999,
    httpOnly: true
  },
  views: { '/': 70, '/cv': 66, '/giftedADHD': 66 },
  horodate: 2020-07-28T13:10:02.666Z,
  ip: '83.202.34.239',
  geoloc: {
    range: [ 1405755904, 1405756415 ],
    country: 'FR',
    region: 'IDF',
    eu: '1',
    timezone: 'Europe/Paris',
    city: 'Paris',
    ll: [ 48.8543, 2.3527 ],
    metro: 0,
    area: 10
  },
  __lastAccess: 1595934602697
}
[2020-07-28T13:10:07.803] [TRACE] file - Session {
  cookie: {
    path: '/',
    _expires: 2020-10-26T11:10:07.802Z,
    originalMaxAge: 7775999999,
    httpOnly: true
  },
  views: { '/': 70, '/cv': 67, '/giftedADHD': 66 },
  horodate: 2020-07-28T13:10:07.757Z,
  ip: '83.202.34.239',
  geoloc: {
    range: [ 1405755904, 1405756415 ],
    country: 'FR',
    region: 'IDF',
    eu: '1',
    timezone: 'Europe/Paris',
    city: 'Paris',
    ll: [ 48.8543, 2.3527 ],
    metro: 0,
    area: 10
  },
  __lastAccess: 1595934607803
}
[2020-07-28T13:10:09.874] [TRACE] file - Session {
  cookie: {
    path: '/',
    _expires: 2020-10-26T11:10:09.872Z,
    originalMaxAge: 7775999999,
    httpOnly: true
  },
  views: { '/': 71, '/cv': 67, '/giftedADHD': 66 },
  horodate: 2020-07-28T13:10:09.826Z,
  ip: '83.202.34.239',
  geoloc: {
    range: [ 1405755904, 1405756415 ],
    country: 'FR',
    region: 'IDF',
    eu: '1',
    timezone: 'Europe/Paris',
    city: 'Paris',
    ll: [ 48.8543, 2.3527 ],
    metro: 0,
    area: 10
  },
  __lastAccess: 1595934609873
}
[2020-07-28T13:11:09.841] [TRACE] file - Session {
  cookie: {
    path: '/',
    _expires: 2020-10-26T11:11:09.839Z,
    originalMaxAge: 7775999999,
    httpOnly: true
  },
  views: { '/': 72, '/cv': 67, '/giftedADHD': 66 },
  horodate: 2020-07-28T13:11:09.778Z,
  ip: '83.202.34.239',
  geoloc: {
    range: [ 1405755904, 1405756415 ],
    country: 'FR',
    region: 'IDF',
    eu: '1',
    timezone: 'Europe/Paris',
    city: 'Paris',
    ll: [ 48.8543, 2.3527 ],
    metro: 0,
    area: 10
  },
  __lastAccess: 1595934669840
}
[2020-07-28T13:11:24.818] [TRACE] file - Session {
  cookie: {
    path: '/',
    _expires: 2020-10-26T11:11:24.817Z,
    originalMaxAge: 7775999999,
    httpOnly: true
  },
  views: { '/': 73, '/cv': 67, '/giftedADHD': 66 },
  horodate: 2020-07-28T13:11:24.754Z,
  ip: '83.202.34.239',
  geoloc: {
    range: [ 1405755904, 1405756415 ],
    country: 'FR',
    region: 'IDF',
    eu: '1',
    timezone: 'Europe/Paris',
    city: 'Paris',
    ll: [ 48.8543, 2.3527 ],
    metro: 0,
    area: 10
  },
  __lastAccess: 1595934684818
}
[2020-07-28T13:13:28.950] [TRACE] file - Session {
  cookie: {
    path: '/',
    _expires: 2020-10-26T11:13:28.948Z,
    originalMaxAge: 7775999999,
    httpOnly: true
  },
  views: { '/': 74, '/cv': 67, '/giftedADHD': 66 },
  horodate: 2020-07-28T13:13:28.889Z,
  ip: '83.202.34.239',
  geoloc: {
    range: [ 1405755904, 1405756415 ],
    country: 'FR',
    region: 'IDF',
    eu: '1',
    timezone: 'Europe/Paris',
    city: 'Paris',
    ll: [ 48.8543, 2.3527 ],
    metro: 0,
    area: 10
  },
  __lastAccess: 1595934808949
}
[2020-07-28T13:15:30.536] [TRACE] file - Session {
  cookie: {
    path: '/',
    _expires: 2020-10-26T11:15:30.534Z,
    originalMaxAge: 7775999999,
    httpOnly: true
  },
  views: { '/': 75, '/cv': 67, '/giftedADHD': 66 },
  horodate: 2020-07-28T13:15:30.474Z,
  ip: '83.202.34.239',
  geoloc: {
    range: [ 1405755904, 1405756415 ],
    country: 'FR',
    region: 'IDF',
    eu: '1',
    timezone: 'Europe/Paris',
    city: 'Paris',
    ll: [ 48.8543, 2.3527 ],
    metro: 0,
    area: 10
  },
  __lastAccess: 1595934930535
}
[2020-07-28T13:16:10.226] [TRACE] file - Session {
  cookie: {
    path: '/',
    _expires: 2020-10-26T11:16:10.224Z,
    originalMaxAge: 7775999999,
    httpOnly: true
  },
  views: { '/': 75, '/cv': 68, '/giftedADHD': 66 },
  horodate: 2020-07-28T13:16:10.169Z,
  ip: '83.202.34.239',
  geoloc: {
    range: [ 1405755904, 1405756415 ],
    country: 'FR',
    region: 'IDF',
    eu: '1',
    timezone: 'Europe/Paris',
    city: 'Paris',
    ll: [ 48.8543, 2.3527 ],
    metro: 0,
    area: 10
  },
  __lastAccess: 1595934970226
}
[2020-07-28T13:16:11.253] [TRACE] file - Session {
  cookie: {
    path: '/',
    _expires: 2020-10-26T11:16:11.252Z,
    originalMaxAge: 7775999999,
    httpOnly: true
  },
  views: { '/': 75, '/cv': 68, '/giftedADHD': 67 },
  horodate: 2020-07-28T13:16:11.221Z,
  ip: '83.202.34.239',
  geoloc: {
    range: [ 1405755904, 1405756415 ],
    country: 'FR',
    region: 'IDF',
    eu: '1',
    timezone: 'Europe/Paris',
    city: 'Paris',
    ll: [ 48.8543, 2.3527 ],
    metro: 0,
    area: 10
  },
  __lastAccess: 1595934971253
}
[2020-07-28T13:17:55.467] [TRACE] file - Session {
  cookie: {
    path: '/',
    _expires: 2020-10-26T11:17:55.467Z,
    originalMaxAge: 7776000000,
    httpOnly: true
  },
  views: { '/': 16, '/cv': 11, '/giftedADHD': 9 },
  horodate: 2020-07-28T13:17:55.408Z,
  ip: '83.202.34.239',
  geoloc: {
    range: [ 1405755904, 1405756415 ],
    country: 'FR',
    region: 'IDF',
    eu: '1',
    timezone: 'Europe/Paris',
    city: 'Paris',
    ll: [ 48.8543, 2.3527 ],
    metro: 0,
    area: 10
  },
  __lastAccess: 1595935075467
}
[2020-07-28T13:18:01.283] [TRACE] file - Session {
  cookie: {
    path: '/',
    _expires: 2020-10-26T11:18:01.283Z,
    originalMaxAge: 7776000000,
    httpOnly: true
  },
  views: { '/': 16, '/cv': 12, '/giftedADHD': 9 },
  horodate: 2020-07-28T13:18:01.231Z,
  ip: '83.202.34.239',
  geoloc: {
    range: [ 1405755904, 1405756415 ],
    country: 'FR',
    region: 'IDF',
    eu: '1',
    timezone: 'Europe/Paris',
    city: 'Paris',
    ll: [ 48.8543, 2.3527 ],
    metro: 0,
    area: 10
  },
  __lastAccess: 1595935081283
}
[2020-07-28T13:18:09.965] [TRACE] file - Session {
  cookie: {
    path: '/',
    _expires: 2020-10-26T11:18:09.965Z,
    originalMaxAge: 7776000000,
    httpOnly: true
  },
  views: { '/': 16, '/cv': 12, '/giftedADHD': 10 },
  horodate: 2020-07-28T13:18:09.929Z,
  ip: '83.202.34.239',
  geoloc: {
    range: [ 1405755904, 1405756415 ],
    country: 'FR',
    region: 'IDF',
    eu: '1',
    timezone: 'Europe/Paris',
    city: 'Paris',
    ll: [ 48.8543, 2.3527 ],
    metro: 0,
    area: 10
  },
  __lastAccess: 1595935089965
}
[2020-07-28T13:18:13.945] [TRACE] file - Session {
  cookie: {
    path: '/',
    _expires: 2020-10-26T11:18:13.944Z,
    originalMaxAge: 7776000000,
    httpOnly: true
  },
  views: { '/': 16, '/cv': 12, '/giftedADHD': 11 },
  horodate: 2020-07-28T13:18:13.913Z,
  ip: '83.202.34.239',
  geoloc: {
    range: [ 1405755904, 1405756415 ],
    country: 'FR',
    region: 'IDF',
    eu: '1',
    timezone: 'Europe/Paris',
    city: 'Paris',
    ll: [ 48.8543, 2.3527 ],
    metro: 0,
    area: 10
  },
  __lastAccess: 1595935093945
}
[2020-07-28T13:18:27.509] [TRACE] file - Session {
  cookie: {
    path: '/',
    _expires: 2020-10-26T11:18:27.509Z,
    originalMaxAge: 7776000000,
    httpOnly: true
  },
  views: { '/giftedADHD': 1 },
  horodate: 2020-07-28T13:18:27.470Z,
  __lastAccess: 1595935107509
}
[2020-07-28T13:18:35.851] [TRACE] file - Session {
  cookie: {
    path: '/',
    _expires: 2020-10-26T11:18:35.850Z,
    originalMaxAge: 7776000000,
    httpOnly: true
  },
  views: { '/giftedADHD': 2 },
  horodate: 2020-07-28T13:18:35.812Z,
  __lastAccess: 1595935115851
}
[2020-07-28T13:18:47.207] [TRACE] file - Session {
  cookie: {
    path: '/',
    _expires: 2020-10-26T11:18:47.207Z,
    originalMaxAge: 7776000000,
    httpOnly: true
  },
  views: { '/giftedADHD': 3 },
  horodate: 2020-07-28T13:18:47.170Z,
  __lastAccess: 1595935127207
}
[2020-07-28T13:18:53.796] [TRACE] file - Session {
  cookie: {
    path: '/',
    _expires: 2020-10-26T11:18:53.796Z,
    originalMaxAge: 7776000000,
    httpOnly: true
  },
  views: { '/giftedADHD': 3, '/cv': 1 },
  horodate: 2020-07-28T13:18:53.745Z,
  __lastAccess: 1595935133796
}
[2020-07-28T13:19:05.373] [TRACE] file - Session {
  cookie: {
    path: '/',
    _expires: 2020-10-26T11:19:05.372Z,
    originalMaxAge: 7776000000,
    httpOnly: true
  },
  views: { '/giftedADHD': 3, '/cv': 1, '/': 1 },
  horodate: 2020-07-28T13:19:05.315Z,
  __lastAccess: 1595935145373,
  ip: '83.202.34.239',
  geoloc: {
    range: [ 1405755904, 1405756415 ],
    country: 'FR',
    region: 'IDF',
    eu: '1',
    timezone: 'Europe/Paris',
    city: 'Paris',
    ll: [ 48.8543, 2.3527 ],
    metro: 0,
    area: 10
  }
}
[2020-07-28T13:19:27.086] [TRACE] file - Session {
  cookie: {
    path: '/',
    _expires: 2020-10-26T11:19:27.085Z,
    originalMaxAge: 7776000000,
    httpOnly: true
  },
  views: { '/giftedADHD': 3, '/cv': 1, '/': 2 },
  horodate: 2020-07-28T13:19:27.030Z,
  __lastAccess: 1595935167086,
  ip: '83.202.34.239',
  geoloc: {
    range: [ 1405755904, 1405756415 ],
    country: 'FR',
    region: 'IDF',
    eu: '1',
    timezone: 'Europe/Paris',
    city: 'Paris',
    ll: [ 48.8543, 2.3527 ],
    metro: 0,
    area: 10
  }
}
[2020-07-28T13:19:37.399] [TRACE] file - Session {
  cookie: {
    path: '/',
    _expires: 2020-10-26T11:19:37.399Z,
    originalMaxAge: 7776000000,
    httpOnly: true
  },
  views: { '/giftedADHD': 3, '/cv': 1, '/': 3 },
  horodate: 2020-07-28T13:19:37.343Z,
  __lastAccess: 1595935177399,
  ip: '83.202.34.239',
  geoloc: {
    range: [ 1405755904, 1405756415 ],
    country: 'FR',
    region: 'IDF',
    eu: '1',
    timezone: 'Europe/Paris',
    city: 'Paris',
    ll: [ 48.8543, 2.3527 ],
    metro: 0,
    area: 10
  }
}
[2020-07-28T13:19:51.029] [TRACE] file - Session {
  cookie: {
    path: '/',
    _expires: 2020-10-26T11:19:51.029Z,
    originalMaxAge: 7776000000,
    httpOnly: true
  },
  views: { '/giftedADHD': 3, '/cv': 1, '/': 4 },
  horodate: 2020-07-28T13:19:50.973Z,
  __lastAccess: 1595935191029,
  ip: '83.202.34.239',
  geoloc: {
    range: [ 1405755904, 1405756415 ],
    country: 'FR',
    region: 'IDF',
    eu: '1',
    timezone: 'Europe/Paris',
    city: 'Paris',
    ll: [ 48.8543, 2.3527 ],
    metro: 0,
    area: 10
  }
}
[2020-07-28T13:19:56.839] [TRACE] file - Session {
  cookie: {
    path: '/',
    _expires: 2020-10-26T11:19:56.839Z,
    originalMaxAge: 7776000000,
    httpOnly: true
  },
  views: { '/giftedADHD': 3, '/cv': 1, '/': 5 },
  horodate: 2020-07-28T13:19:56.783Z,
  __lastAccess: 1595935196839,
  ip: '83.202.34.239',
  geoloc: {
    range: [ 1405755904, 1405756415 ],
    country: 'FR',
    region: 'IDF',
    eu: '1',
    timezone: 'Europe/Paris',
    city: 'Paris',
    ll: [ 48.8543, 2.3527 ],
    metro: 0,
    area: 10
  }
}
[2020-07-28T13:20:12.948] [TRACE] file - Session {
  cookie: {
    path: '/',
    _expires: 2020-10-26T11:20:12.948Z,
    originalMaxAge: 7776000000,
    httpOnly: true
  },
  views: { '/': 1 },
  horodate: 2020-07-28T13:20:12.895Z,
  ip: '62.171.189.221',
  geoloc: {
    range: [ 1051426816, 1051443199 ],
    country: 'GB',
    region: '',
    eu: '1',
    timezone: 'Europe/London',
    city: '',
    ll: [ 51.4964, -0.1224 ],
    metro: 0,
    area: 200
  },
  __lastAccess: 1595935212948
}
[2020-07-28T13:20:43.024] [TRACE] file - Session {
  cookie: {
    path: '/',
    _expires: 2020-10-26T11:20:43.024Z,
    originalMaxAge: 7776000000,
    httpOnly: true
  },
  views: { '/giftedADHD': 3, '/cv': 2, '/': 5 },
  horodate: 2020-07-28T13:20:42.972Z,
  __lastAccess: 1595935243024,
  ip: '83.202.34.239',
  geoloc: {
    range: [ 1405755904, 1405756415 ],
    country: 'FR',
    region: 'IDF',
    eu: '1',
    timezone: 'Europe/Paris',
    city: 'Paris',
    ll: [ 48.8543, 2.3527 ],
    metro: 0,
    area: 10
  }
}
[2020-07-28T13:20:51.252] [TRACE] file - Session {
  cookie: {
    path: '/',
    _expires: 2020-10-26T11:20:51.252Z,
    originalMaxAge: 7776000000,
    httpOnly: true
  },
  views: { '/giftedADHD': 4, '/cv': 2, '/': 5 },
  horodate: 2020-07-28T13:20:51.214Z,
  __lastAccess: 1595935251252,
  ip: '83.202.34.239',
  geoloc: {
    range: [ 1405755904, 1405756415 ],
    country: 'FR',
    region: 'IDF',
    eu: '1',
    timezone: 'Europe/Paris',
    city: 'Paris',
    ll: [ 48.8543, 2.3527 ],
    metro: 0,
    area: 10
  }
}
[2020-07-28T13:20:59.206] [TRACE] file - Session {
  cookie: {
    path: '/',
    _expires: 2020-10-26T11:20:59.206Z,
    originalMaxAge: 7776000000,
    httpOnly: true
  },
  views: { '/giftedADHD': 4, '/cv': 3, '/': 5 },
  horodate: 2020-07-28T13:20:59.152Z,
  __lastAccess: 1595935259206,
  ip: '83.202.34.239',
  geoloc: {
    range: [ 1405755904, 1405756415 ],
    country: 'FR',
    region: 'IDF',
    eu: '1',
    timezone: 'Europe/Paris',
    city: 'Paris',
    ll: [ 48.8543, 2.3527 ],
    metro: 0,
    area: 10
  }
}
[2020-07-28T13:21:02.894] [TRACE] file - Session {
  cookie: {
    path: '/',
    _expires: 2020-10-26T11:21:02.894Z,
    originalMaxAge: 7776000000,
    httpOnly: true
  },
  views: { '/giftedADHD': 5, '/cv': 3, '/': 5 },
  horodate: 2020-07-28T13:21:02.863Z,
  __lastAccess: 1595935262894,
  ip: '83.202.34.239',
  geoloc: {
    range: [ 1405755904, 1405756415 ],
    country: 'FR',
    region: 'IDF',
    eu: '1',
    timezone: 'Europe/Paris',
    city: 'Paris',
    ll: [ 48.8543, 2.3527 ],
    metro: 0,
    area: 10
  }
}
