[2020-06-25T11:48:59.976] [TRACE] trace - {
  genid: [Function: genid],
  secret: 'qwerty',
  resave: false,
  saveUninitialized: true,
  cookie: {
    path: '/',
    _expires: 2020-06-25T09:49:59.975Z,
    originalMaxAge: 60000,
    httpOnly: true
  },
  sessionID: 'R_mlyzfW9fuKRlhXJfBUDw3o',
  horodate: 2020-06-25T09:48:59.975Z,
  ip: '90.92.102.225',
  geoloc: {
    range: [ 1516003328, 1516005375 ],
    country: 'FR',
    region: 'IDF',
    eu: '1',
    timezone: 'Europe/Paris',
    city: 'Paris',
    ll: [ 48.8543, 2.3527 ],
    metro: 0,
    area: 5
  },
  pathname: '/',
  nbViews: [ '/': 1 ]
}
