Fri Jul 23 2021 03:18:49 GMT+0200 (GMT+02:00)[2020-07-23T03:19:59.313] [TRACE] file - Session {
  cookie: {
    path: '/',
    _expires: 2020-10-21T01:19:59.304Z,
    originalMaxAge: 7776000000,
    httpOnly: true
  },
  views: { '/': 1 },
  horodate: 2020-07-23T03:19:58.582Z,
  ip: '177.188.2.88',
  geoloc: {
    range: [ 2981888512, 2981888767 ],
    country: 'BR',
    region: 'SP',
    eu: '0',
    timezone: 'America/Sao_Paulo',
    city: 'Sao Jose do Rio Preto',
    ll: [ -20.8104, -49.3809 ],
    metro: 0,
    area: 200
  },
  __lastAccess: 1595467199305
}
[2020-07-23T03:37:19.569] [TRACE] file - Session {
  cookie: {
    path: '/',
    _expires: 2020-10-21T01:37:19.569Z,
    originalMaxAge: 7776000000,
    httpOnly: true
  },
  views: { '/': 1 },
  horodate: 2020-07-23T03:37:19.460Z,
  ip: '173.252.95.112',
  geoloc: {
    range: [ 2918989824, 2919006207 ],
    country: 'US',
    region: '',
    eu: '0',
    timezone: 'America/Chicago',
    city: '',
    ll: [ 37.751, -97.822 ],
    metro: 0,
    area: 1000
  },
  __lastAccess: 1595468239569
}
[2020-07-23T03:37:19.721] [TRACE] file - Session {
  cookie: {
    path: '/',
    _expires: 2020-10-21T01:37:19.720Z,
    originalMaxAge: 7776000000,
    httpOnly: true
  },
  views: { '/': 1 },
  horodate: 2020-07-23T03:37:19.642Z,
  ip: '173.252.95.20',
  geoloc: {
    range: [ 2918989824, 2919006207 ],
    country: 'US',
    region: '',
    eu: '0',
    timezone: 'America/Chicago',
    city: '',
    ll: [ 37.751, -97.822 ],
    metro: 0,
    area: 1000
  },
  __lastAccess: 1595468239721
}
[2020-07-23T03:39:57.375] [TRACE] file - Session {
  cookie: {
    path: '/',
    _expires: 2020-10-21T01:39:57.375Z,
    originalMaxAge: 7776000000,
    httpOnly: true
  },
  views: { '/': 1 },
  horodate: 2020-07-23T03:39:57.220Z,
  ip: '94.139.234.4',
  geoloc: {
    range: [ 1586227200, 1586229247 ],
    country: 'RU',
    region: 'SVE',
    eu: '0',
    timezone: 'Asia/Yekaterinburg',
    city: 'Asbest',
    ll: [ 57.01, 61.45 ],
    metro: 0,
    area: 1
  },
  __lastAccess: 1595468397375
}
[2020-07-23T03:47:17.196] [TRACE] file - Session {
  cookie: {
    path: '/',
    _expires: 2020-10-21T01:47:17.194Z,
    originalMaxAge: 7775999998,
    httpOnly: true
  },
  views: { '/': 25, '/cv': 16, '/adm1n': 7, '/giftedADHD': 8 },
  __lastAccess: 1595468837196,
  horodate: 2020-07-23T03:47:17.103Z,
  ip: '83.202.34.239',
  geoloc: {
    range: [ 1405755904, 1405756415 ],
    country: 'FR',
    region: 'IDF',
    eu: '1',
    timezone: 'Europe/Paris',
    city: 'Paris',
    ll: [ 48.8543, 2.3527 ],
    metro: 0,
    area: 10
  }
}
[2020-07-23T03:51:27.311] [TRACE] file - Session {
  cookie: {
    path: '/',
    _expires: 2020-10-21T01:51:27.311Z,
    originalMaxAge: 7776000000,
    httpOnly: true
  },
  views: { '/': 1 },
  horodate: 2020-07-23T03:51:27.225Z,
  ip: '46.244.68.161',
  geoloc: {
    range: [ 787760128, 787761151 ],
    country: 'PS',
    region: 'JRH',
    eu: '0',
    timezone: 'Asia/Hebron',
    city: 'Jericho',
    ll: [ 31.8667, 35.45 ],
    metro: 0,
    area: 50
  },
  __lastAccess: 1595469087311
}
[2020-07-23T03:51:27.389] [TRACE] file - Session {
  cookie: {
    path: '/',
    _expires: 2020-10-21T01:51:27.389Z,
    originalMaxAge: 7776000000,
    httpOnly: true
  },
  views: { '/': 1 },
  horodate: 2020-07-23T03:51:27.331Z,
  ip: '46.244.68.161',
  geoloc: {
    range: [ 787760128, 787761151 ],
    country: 'PS',
    region: 'JRH',
    eu: '0',
    timezone: 'Asia/Hebron',
    city: 'Jericho',
    ll: [ 31.8667, 35.45 ],
    metro: 0,
    area: 50
  },
  __lastAccess: 1595469087389
}
[2020-07-23T03:56:43.118] [TRACE] file - Session {
  cookie: {
    path: '/',
    _expires: 2020-10-21T01:56:43.117Z,
    originalMaxAge: 7776000000,
    httpOnly: true
  },
  views: { '/': 1 },
  horodate: 2020-07-23T03:56:43.056Z,
  ip: '193.118.53.210',
  geoloc: {
    range: [ 3245748224, 3245752319 ],
    country: 'DE',
    region: '',
    eu: '1',
    timezone: 'Europe/Berlin',
    city: '',
    ll: [ 51.2993, 9.491 ],
    metro: 0,
    area: 200
  },
  __lastAccess: 1595469403117
}
[2020-07-23T03:57:45.494] [TRACE] file - Session {
  cookie: {
    path: '/',
    _expires: 2020-10-21T01:57:45.493Z,
    originalMaxAge: 7776000000,
    httpOnly: true
  },
  views: { '/': 1 },
  horodate: 2020-07-23T03:57:45.428Z,
  ip: '103.26.209.142',
  geoloc: {
    range: [ 1729810432, 1729811455 ],
    country: 'ID',
    region: 'JK',
    eu: '0',
    timezone: 'Asia/Jakarta',
    city: 'Jakarta',
    ll: [ -6.1741, 106.8296 ],
    metro: 0,
    area: 1
  },
  __lastAccess: 1595469465493
}
[2020-07-23T04:03:24.131] [TRACE] file - Session {
  cookie: {
    path: '/',
    _expires: 2020-10-21T02:03:24.130Z,
    originalMaxAge: 7776000000,
    httpOnly: true
  },
  views: { '/': 1 },
  horodate: 2020-07-23T04:03:24.079Z,
  ip: '139.155.41.161',
  geoloc: {
    range: [ 2342191104, 2342256639 ],
    country: 'CN',
    region: 'BJ',
    eu: '0',
    timezone: 'Asia/Shanghai',
    city: 'Beijing',
    ll: [ 39.9288, 116.3889 ],
    metro: 0,
    area: 50
  },
  __lastAccess: 1595469804130
}
[2020-07-23T04:30:18.022] [TRACE] file - Session {
  cookie: {
    path: '/',
    _expires: 2020-10-21T02:30:18.022Z,
    originalMaxAge: 7776000000,
    httpOnly: true
  },
  views: { '/': 1 },
  horodate: 2020-07-23T04:30:17.960Z,
  ip: '54.36.149.36',
  geoloc: {
    range: [ 908366848, 908367871 ],
    country: 'FR',
    region: '',
    eu: '1',
    timezone: 'Europe/Paris',
    city: '',
    ll: [ 48.8582, 2.3387 ],
    metro: 0,
    area: 500
  },
  __lastAccess: 1595471418022
}
[2020-07-23T04:40:23.710] [TRACE] file - Session {
  cookie: {
    path: '/',
    _expires: 2020-10-21T02:40:23.710Z,
    originalMaxAge: 7776000000,
    httpOnly: true
  },
  views: { '/': 1 },
  horodate: 2020-07-23T04:40:23.659Z,
  ip: '40.114.171.75',
  geoloc: {
    range: [ 678592512, 678608895 ],
    country: 'NL',
    region: 'NH',
    eu: '1',
    timezone: 'Europe/Amsterdam',
    city: 'Amsterdam',
    ll: [ 52.35, 4.9167 ],
    metro: 0,
    area: 1000
  },
  __lastAccess: 1595472023710
}
[2020-07-23T05:08:41.192] [TRACE] file - Session {
  cookie: {
    path: '/',
    _expires: 2020-10-21T03:08:41.191Z,
    originalMaxAge: 7776000000,
    httpOnly: true
  },
  views: { '/': 1 },
  horodate: 2020-07-23T05:08:41.134Z,
  ip: '123.23.222.115',
  geoloc: {
    range: [ 2065154048, 2065170431 ],
    country: 'VN',
    region: '',
    eu: '0',
    timezone: 'Asia/Ho_Chi_Minh',
    city: '',
    ll: [ 16, 106 ],
    metro: 0,
    area: 50
  },
  __lastAccess: 1595473721191
}
[2020-07-23T07:30:08.119] [TRACE] file - Session {
  cookie: {
    path: '/',
    _expires: 2020-10-21T05:30:08.118Z,
    originalMaxAge: 7776000000,
    httpOnly: true
  },
  views: { '/': 1 },
  horodate: 2020-07-23T07:30:08.048Z,
  ip: '2.184.134.150',
  geoloc: {
    range: [ 45645824, 45678591 ],
    country: 'IR',
    region: '',
    eu: '0',
    timezone: 'Asia/Tehran',
    city: '',
    ll: [ 35.6961, 51.4231 ],
    metro: 0,
    area: 50
  },
  __lastAccess: 1595482208118
}
[2020-07-23T07:30:08.196] [TRACE] file - Session {
  cookie: {
    path: '/',
    _expires: 2020-10-21T05:30:08.195Z,
    originalMaxAge: 7776000000,
    httpOnly: true
  },
  views: { '/': 1 },
  horodate: 2020-07-23T07:30:08.138Z,
  ip: '2.184.134.150',
  geoloc: {
    range: [ 45645824, 45678591 ],
    country: 'IR',
    region: '',
    eu: '0',
    timezone: 'Asia/Tehran',
    city: '',
    ll: [ 35.6961, 51.4231 ],
    metro: 0,
    area: 50
  },
  __lastAccess: 1595482208195
}
[2020-07-23T07:45:04.024] [TRACE] file - Session {
  cookie: {
    path: '/',
    _expires: 2020-10-21T05:45:04.024Z,
    originalMaxAge: 7776000000,
    httpOnly: true
  },
  views: { '/': 2 },
  __lastAccess: 1595483104024,
  horodate: 2020-07-23T07:45:03.976Z,
  ip: '117.36.231.22',
  geoloc: {
    range: [ 1965326336, 1965359103 ],
    country: 'CN',
    region: 'SN',
    eu: '0',
    timezone: 'Asia/Shanghai',
    city: 'Guozhen',
    ll: [ 34.3659, 107.359 ],
    metro: 0,
    area: 100
  }
}
[2020-07-23T07:59:44.942] [TRACE] file - Session {
  cookie: {
    path: '/',
    _expires: 2020-10-21T05:59:44.942Z,
    originalMaxAge: 7776000000,
    httpOnly: true
  },
  views: { '/': 67, '/cv': 32, '/adm1n': 18, '/giftedADHD': 14 },
  __lastAccess: 1595483984942,
  horodate: 2020-07-23T07:59:44.874Z,
  ip: '83.202.34.239',
  geoloc: {
    range: [ 1405755904, 1405756415 ],
    country: 'FR',
    region: 'IDF',
    eu: '1',
    timezone: 'Europe/Paris',
    city: 'Paris',
    ll: [ 48.8543, 2.3527 ],
    metro: 0,
    area: 10
  }
}
[2020-07-23T08:00:06.959] [TRACE] file - Session {
  cookie: {
    path: '/',
    _expires: 2020-10-21T06:00:06.958Z,
    originalMaxAge: 7776000000,
    httpOnly: true
  },
  views: { '/': 67, '/cv': 33, '/adm1n': 18, '/giftedADHD': 14 },
  __lastAccess: 1595484006959,
  horodate: 2020-07-23T08:00:06.903Z,
  ip: '83.202.34.239',
  geoloc: {
    range: [ 1405755904, 1405756415 ],
    country: 'FR',
    region: 'IDF',
    eu: '1',
    timezone: 'Europe/Paris',
    city: 'Paris',
    ll: [ 48.8543, 2.3527 ],
    metro: 0,
    area: 10
  }
}
[2020-07-23T08:00:13.348] [TRACE] file - Session {
  cookie: {
    path: '/',
    _expires: 2020-10-21T06:00:13.348Z,
    originalMaxAge: 7776000000,
    httpOnly: true
  },
  views: { '/': 67, '/cv': 33, '/adm1n': 18, '/giftedADHD': 15 },
  __lastAccess: 1595484013348,
  horodate: 2020-07-23T08:00:13.305Z,
  ip: '83.202.34.239',
  geoloc: {
    range: [ 1405755904, 1405756415 ],
    country: 'FR',
    region: 'IDF',
    eu: '1',
    timezone: 'Europe/Paris',
    city: 'Paris',
    ll: [ 48.8543, 2.3527 ],
    metro: 0,
    area: 10
  }
}
[2020-07-23T08:00:14.958] [TRACE] file - Session {
  cookie: {
    path: '/',
    _expires: 2020-10-21T06:00:14.958Z,
    originalMaxAge: 7776000000,
    httpOnly: true
  },
  views: { '/': 68, '/cv': 33, '/adm1n': 18, '/giftedADHD': 15 },
  __lastAccess: 1595484014958,
  horodate: 2020-07-23T08:00:14.900Z,
  ip: '83.202.34.239',
  geoloc: {
    range: [ 1405755904, 1405756415 ],
    country: 'FR',
    region: 'IDF',
    eu: '1',
    timezone: 'Europe/Paris',
    city: 'Paris',
    ll: [ 48.8543, 2.3527 ],
    metro: 0,
    area: 10
  }
}
