[2020-07-01T23:27:10.657] [TRACE] trace - Session {
  cookie: {
    path: '/',
    _expires: 2071-12-31T18:37:49.712Z,
    originalMaxAge: 1625173839059,
    httpOnly: true,
    maxage: 311040000000
  },
  views: { '/': 1 },
  sessionID: 'AiWBrJJv51ZRahNpOaWGfJNu',
  horodate: 2020-07-01T23:27:10.134Z,
  ip: '83.143.86.62',
  geoloc: {
    range: [ 1401901056, 1401903103 ],
    country: 'NO',
    region: '10',
    eu: '0',
    timezone: 'Europe/Oslo',
    city: 'Feda',
    ll: [ 58.2727, 6.8152 ],
    metro: 0,
    area: 1000
  },
  __lastAccess: 1593638830653
}
