[2020-06-25T13:47:23.974] [TRACE] trace - {
  genid: [Function: genid],
  secret: 'qwerty',
  resave: false,
  saveUninitialized: true,
  cookie: {
    path: '/',
    _expires: 2020-06-25T11:48:23.973Z,
    originalMaxAge: 60000,
    httpOnly: true
  },
  sessionID: '89bN5z8xWIDELRR-L9khxD1J',
  horodate: 2020-06-25T11:47:23.973Z,
  ip: '86.247.253.198',
  geoloc: {
    range: [ 1459091456, 1459093503 ],
    country: 'FR',
    region: 'IDF',
    eu: '1',
    timezone: 'Europe/Paris',
    city: 'Paris',
    ll: [ 48.8543, 2.3527 ],
    metro: 0,
    area: 1
  },
  pathname: '/',
  nbViews: [ '/': 1 ]
}
[2020-06-25T13:47:26.788] [TRACE] trace - cv:
[2020-06-25T13:47:29.510] [TRACE] trace - adm1n:
[2020-06-25T13:47:31.241] [TRACE] trace - giftedADHD:
[2020-06-25T13:47:33.483] [TRACE] trace - index:
[2020-06-25T13:47:34.568] [TRACE] trace - cv:
