Fri Jul 30 2021 01:35:29 GMT+0200 (GMT+02:00)[2020-07-30T01:35:33.854] [TRACE] file - 5BjcNN6vDeyMOanvRBGZer6l
[2020-07-30T01:35:33.855] [TRACE] file - Session {
  cookie: {
    path: '/',
    _expires: 2020-10-27T23:35:33.848Z,
    originalMaxAge: 7776000000,
    httpOnly: true,
    SameSite: 'none'
  },
  views: { '/': 1 },
  horodate: 2020-07-29T01:35:33.286Z,
  ip: '83.202.34.239',
  geoloc: {
    range: [ 1405755904, 1405756415 ],
    country: 'FR',
    region: 'IDF',
    eu: '1',
    timezone: 'Europe/Paris',
    city: 'Paris',
    ll: [ 48.8543, 2.3527 ],
    metro: 0,
    area: 10
  },
  __lastAccess: 1596065733849
}
[2020-07-30T01:35:36.928] [TRACE] file - 5BjcNN6vDeyMOanvRBGZer6l
[2020-07-30T01:35:36.928] [TRACE] file - Session {
  cookie: {
    path: '/',
    _expires: 2020-10-27T23:35:36.925Z,
    originalMaxAge: 7776000000,
    httpOnly: true
  },
  views: { '/': 2 },
  horodate: 2020-07-29T01:35:36.812Z,
  ip: '83.202.34.239',
  geoloc: {
    range: [ 1405755904, 1405756415 ],
    country: 'FR',
    region: 'IDF',
    eu: '1',
    timezone: 'Europe/Paris',
    city: 'Paris',
    ll: [ 48.8543, 2.3527 ],
    metro: 0,
    area: 10
  },
  __lastAccess: 1596065736926
}
[2020-07-30T01:35:42.684] [TRACE] file - 5BjcNN6vDeyMOanvRBGZer6l
[2020-07-30T01:35:42.685] [TRACE] file - Session {
  cookie: {
    path: '/',
    _expires: 2020-10-27T23:35:42.681Z,
    originalMaxAge: 7776000000,
    httpOnly: true
  },
  views: { '/': 3 },
  horodate: 2020-07-29T01:35:42.531Z,
  ip: '83.202.34.239',
  geoloc: {
    range: [ 1405755904, 1405756415 ],
    country: 'FR',
    region: 'IDF',
    eu: '1',
    timezone: 'Europe/Paris',
    city: 'Paris',
    ll: [ 48.8543, 2.3527 ],
    metro: 0,
    area: 10
  },
  __lastAccess: 1596065742682
}
