[2020-06-29T10:38:09.086] [TRACE] trace - Session {
  cookie: {
    path: '/',
    _expires: 2071-12-26T17:16:14.558Z,
    originalMaxAge: 1624955885476,
    httpOnly: true,
    maxage: 1656491885476
  },
  views: { '/': 1 },
  sessionID: 'GbjU1HKcmFNYyeZTFfQAp-bM',
  horodate: 2020-06-29T10:38:08.560Z,
  ip: '86.247.253.198',
  geoloc: {
    range: [ 1459091456, 1459093503 ],
    country: 'FR',
    region: 'IDF',
    eu: '1',
    timezone: 'Europe/Paris',
    city: 'Paris',
    ll: [ 48.8543, 2.3527 ],
    metro: 0,
    area: 1
  }
}
[2020-06-29T10:38:16.719] [TRACE] trace - /giftedADHD: 1
[2020-06-29T10:38:30.642] [TRACE] trace - /adm1n: 1
[2020-06-29T10:38:31.832] [TRACE] trace - /cv: 1
[2020-06-29T10:38:34.215] [TRACE] trace - Session {
  cookie: {
    path: '/',
    _expires: 2071-12-26T17:16:39.690Z,
    originalMaxAge: 1624955885476,
    httpOnly: true
  },
  views: { '/': 2, '/giftedADHD': 1, '/adm1n': 1, '/cv': 1 },
  sessionID: 'GbjU1HKcmFNYyeZTFfQAp-bM',
  horodate: 2020-06-29T10:38:34.134Z,
  ip: '86.247.253.198',
  geoloc: {
    range: [ 1459091456, 1459093503 ],
    country: 'FR',
    region: 'IDF',
    eu: '1',
    timezone: 'Europe/Paris',
    city: 'Paris',
    ll: [ 48.8543, 2.3527 ],
    metro: 0,
    area: 1
  }
}
[2020-06-29T10:38:38.987] [TRACE] trace - Session {
  cookie: {
    path: '/',
    _expires: 2071-12-26T17:16:44.463Z,
    originalMaxAge: 1624955885476,
    httpOnly: true,
    maxage: 1656491885476
  },
  views: { '/': 1 },
  sessionID: 'T11D-P3F1Rvq9En5KvGUbDqe',
  horodate: 2020-06-29T10:38:38.912Z,
  ip: '86.247.253.198',
  geoloc: {
    range: [ 1459091456, 1459093503 ],
    country: 'FR',
    region: 'IDF',
    eu: '1',
    timezone: 'Europe/Paris',
    city: 'Paris',
    ll: [ 48.8543, 2.3527 ],
    metro: 0,
    area: 1
  }
}
[2020-06-29T10:38:57.236] [TRACE] trace - /giftedADHD: 1
[2020-06-29T10:38:59.939] [TRACE] trace - Session {
  cookie: {
    path: '/',
    _expires: 2071-12-26T17:17:05.414Z,
    originalMaxAge: 1624955885476,
    httpOnly: true
  },
  views: { '/': 2, '/giftedADHD': 1 },
  sessionID: 'T11D-P3F1Rvq9En5KvGUbDqe',
  horodate: 2020-06-29T10:38:59.868Z,
  ip: '86.247.253.198',
  geoloc: {
    range: [ 1459091456, 1459093503 ],
    country: 'FR',
    region: 'IDF',
    eu: '1',
    timezone: 'Europe/Paris',
    city: 'Paris',
    ll: [ 48.8543, 2.3527 ],
    metro: 0,
    area: 1
  }
}
[2020-06-29T10:39:34.371] [TRACE] trace - /adm1n: 1
[2020-06-29T10:39:47.278] [TRACE] trace - /cv: 1
[2020-06-29T10:39:49.998] [TRACE] trace - Session {
  cookie: {
    path: '/',
    _expires: 2071-12-26T17:17:55.474Z,
    originalMaxAge: 1624955885476,
    httpOnly: true
  },
  views: { '/': 3, '/giftedADHD': 1, '/adm1n': 1, '/cv': 1 },
  sessionID: 'T11D-P3F1Rvq9En5KvGUbDqe',
  horodate: 2020-06-29T10:39:49.948Z,
  ip: '92.184.107.80',
  geoloc: {
    range: [ 1555589120, 1555590143 ],
    country: 'FR',
    region: 'IDF',
    eu: '1',
    timezone: 'Europe/Paris',
    city: 'Paris',
    ll: [ 48.8543, 2.3527 ],
    metro: 0,
    area: 200
  }
}
