Sun Jul 25 2021 20:09:56 GMT+0200 (GMT+02:00)[2020-07-25T20:10:00.133] [TRACE] file - Session {
  cookie: {
    path: '/',
    _expires: 2020-10-23T18:10:00.128Z,
    originalMaxAge: 7775999998,
    httpOnly: true
  },
  __lastAccess: 1595700600130,
  views: { '/': 191, '/cv': 29, '/giftedADHD': 21 },
  horodate: 2020-07-25T20:09:59.626Z,
  ip: '83.202.34.239',
  geoloc: {
    range: [ 1405755904, 1405756415 ],
    country: 'FR',
    region: 'IDF',
    eu: '1',
    timezone: 'Europe/Paris',
    city: 'Paris',
    ll: [ 48.8543, 2.3527 ],
    metro: 0,
    area: 10
  }
}
[2020-07-25T20:12:16.483] [TRACE] file - Session {
  cookie: {
    path: '/',
    _expires: 2020-10-23T18:12:16.479Z,
    originalMaxAge: 7775999998,
    httpOnly: true
  },
  __lastAccess: 1595700736481,
  views: { '/': 192, '/cv': 29, '/giftedADHD': 21 },
  horodate: 2020-07-25T20:12:16.325Z,
  ip: '83.202.34.239',
  geoloc: {
    range: [ 1405755904, 1405756415 ],
    country: 'FR',
    region: 'IDF',
    eu: '1',
    timezone: 'Europe/Paris',
    city: 'Paris',
    ll: [ 48.8543, 2.3527 ],
    metro: 0,
    area: 10
  }
}
[2020-07-25T20:13:30.510] [TRACE] file - Session {
  cookie: {
    path: '/',
    _expires: 2020-10-23T18:13:30.507Z,
    originalMaxAge: 7775999998,
    httpOnly: true
  },
  __lastAccess: 1595700810509,
  views: { '/': 193, '/cv': 29, '/giftedADHD': 21 },
  horodate: 2020-07-25T20:13:30.419Z,
  ip: '83.202.34.239',
  geoloc: {
    range: [ 1405755904, 1405756415 ],
    country: 'FR',
    region: 'IDF',
    eu: '1',
    timezone: 'Europe/Paris',
    city: 'Paris',
    ll: [ 48.8543, 2.3527 ],
    metro: 0,
    area: 10
  }
}
[2020-07-25T20:15:17.802] [TRACE] file - Session {
  cookie: {
    path: '/',
    _expires: 2020-10-23T18:15:17.799Z,
    originalMaxAge: 7775999998,
    httpOnly: true
  },
  __lastAccess: 1595700917801,
  views: { '/': 194, '/cv': 29, '/giftedADHD': 21 },
  horodate: 2020-07-25T20:15:17.714Z,
  ip: '83.202.34.239',
  geoloc: {
    range: [ 1405755904, 1405756415 ],
    country: 'FR',
    region: 'IDF',
    eu: '1',
    timezone: 'Europe/Paris',
    city: 'Paris',
    ll: [ 48.8543, 2.3527 ],
    metro: 0,
    area: 10
  }
}
[2020-07-25T20:15:57.054] [TRACE] file - Session {
  cookie: {
    path: '/',
    _expires: 2020-10-23T18:15:57.052Z,
    originalMaxAge: 7775999998,
    httpOnly: true
  },
  __lastAccess: 1595700957054,
  views: { '/': 195, '/cv': 29, '/giftedADHD': 21 },
  horodate: 2020-07-25T20:15:56.966Z,
  ip: '83.202.34.239',
  geoloc: {
    range: [ 1405755904, 1405756415 ],
    country: 'FR',
    region: 'IDF',
    eu: '1',
    timezone: 'Europe/Paris',
    city: 'Paris',
    ll: [ 48.8543, 2.3527 ],
    metro: 0,
    area: 10
  }
}
[2020-07-25T20:16:27.075] [TRACE] file - Session {
  cookie: {
    path: '/',
    _expires: 2020-10-23T18:16:27.073Z,
    originalMaxAge: 7775999998,
    httpOnly: true
  },
  __lastAccess: 1595700987075,
  views: { '/': 196, '/cv': 29, '/giftedADHD': 21 },
  horodate: 2020-07-25T20:16:27.001Z,
  ip: '83.202.34.239',
  geoloc: {
    range: [ 1405755904, 1405756415 ],
    country: 'FR',
    region: 'IDF',
    eu: '1',
    timezone: 'Europe/Paris',
    city: 'Paris',
    ll: [ 48.8543, 2.3527 ],
    metro: 0,
    area: 10
  }
}
[2020-07-25T20:16:49.313] [TRACE] file - Session {
  cookie: {
    path: '/',
    _expires: 2020-10-23T18:16:49.311Z,
    originalMaxAge: 7775999998,
    httpOnly: true
  },
  __lastAccess: 1595701009313,
  views: { '/': 197, '/cv': 29, '/giftedADHD': 21 },
  horodate: 2020-07-25T20:16:49.234Z,
  ip: '83.202.34.239',
  geoloc: {
    range: [ 1405755904, 1405756415 ],
    country: 'FR',
    region: 'IDF',
    eu: '1',
    timezone: 'Europe/Paris',
    city: 'Paris',
    ll: [ 48.8543, 2.3527 ],
    metro: 0,
    area: 10
  }
}
[2020-07-25T20:17:19.796] [TRACE] file - Session {
  cookie: {
    path: '/',
    _expires: 2020-10-23T18:17:19.794Z,
    originalMaxAge: 7775999998,
    httpOnly: true
  },
  __lastAccess: 1595701039796,
  views: { '/': 198, '/cv': 29, '/giftedADHD': 21 },
  horodate: 2020-07-25T20:17:19.721Z,
  ip: '83.202.34.239',
  geoloc: {
    range: [ 1405755904, 1405756415 ],
    country: 'FR',
    region: 'IDF',
    eu: '1',
    timezone: 'Europe/Paris',
    city: 'Paris',
    ll: [ 48.8543, 2.3527 ],
    metro: 0,
    area: 10
  }
}
[2020-07-25T20:18:37.344] [TRACE] file - Session {
  cookie: {
    path: '/',
    _expires: 2020-10-23T18:18:37.342Z,
    originalMaxAge: 7775999998,
    httpOnly: true
  },
  __lastAccess: 1595701117344,
  views: { '/': 199, '/cv': 29, '/giftedADHD': 21 },
  horodate: 2020-07-25T20:18:37.262Z,
  ip: '83.202.34.239',
  geoloc: {
    range: [ 1405755904, 1405756415 ],
    country: 'FR',
    region: 'IDF',
    eu: '1',
    timezone: 'Europe/Paris',
    city: 'Paris',
    ll: [ 48.8543, 2.3527 ],
    metro: 0,
    area: 10
  }
}
[2020-07-25T20:18:54.892] [TRACE] file - Session {
  cookie: {
    path: '/',
    _expires: 2020-10-23T18:18:54.890Z,
    originalMaxAge: 7775999998,
    httpOnly: true
  },
  __lastAccess: 1595701134892,
  views: { '/': 200, '/cv': 29, '/giftedADHD': 21 },
  horodate: 2020-07-25T20:18:54.820Z,
  ip: '83.202.34.239',
  geoloc: {
    range: [ 1405755904, 1405756415 ],
    country: 'FR',
    region: 'IDF',
    eu: '1',
    timezone: 'Europe/Paris',
    city: 'Paris',
    ll: [ 48.8543, 2.3527 ],
    metro: 0,
    area: 10
  }
}
[2020-07-25T20:19:48.800] [TRACE] file - Session {
  cookie: {
    path: '/',
    _expires: 2020-10-23T18:19:48.797Z,
    originalMaxAge: 7775999998,
    httpOnly: true
  },
  __lastAccess: 1595701188800,
  views: { '/': 201, '/cv': 29, '/giftedADHD': 21 },
  horodate: 2020-07-25T20:19:48.723Z,
  ip: '83.202.34.239',
  geoloc: {
    range: [ 1405755904, 1405756415 ],
    country: 'FR',
    region: 'IDF',
    eu: '1',
    timezone: 'Europe/Paris',
    city: 'Paris',
    ll: [ 48.8543, 2.3527 ],
    metro: 0,
    area: 10
  }
}
[2020-07-25T20:20:14.799] [TRACE] file - Session {
  cookie: {
    path: '/',
    _expires: 2020-10-23T18:20:14.797Z,
    originalMaxAge: 7775999998,
    httpOnly: true
  },
  __lastAccess: 1595701214799,
  views: { '/': 202, '/cv': 29, '/giftedADHD': 21 },
  horodate: 2020-07-25T20:20:14.737Z,
  ip: '83.202.34.239',
  geoloc: {
    range: [ 1405755904, 1405756415 ],
    country: 'FR',
    region: 'IDF',
    eu: '1',
    timezone: 'Europe/Paris',
    city: 'Paris',
    ll: [ 48.8543, 2.3527 ],
    metro: 0,
    area: 10
  }
}
[2020-07-25T20:20:34.472] [TRACE] file - Session {
  cookie: {
    path: '/',
    _expires: 2020-10-23T18:20:34.469Z,
    originalMaxAge: 7775999998,
    httpOnly: true
  },
  __lastAccess: 1595701234472,
  views: { '/': 203, '/cv': 29, '/giftedADHD': 21 },
  horodate: 2020-07-25T20:20:34.406Z,
  ip: '83.202.34.239',
  geoloc: {
    range: [ 1405755904, 1405756415 ],
    country: 'FR',
    region: 'IDF',
    eu: '1',
    timezone: 'Europe/Paris',
    city: 'Paris',
    ll: [ 48.8543, 2.3527 ],
    metro: 0,
    area: 10
  }
}
[2020-07-25T20:21:10.174] [TRACE] file - Session {
  cookie: {
    path: '/',
    _expires: 2020-10-23T18:21:10.172Z,
    originalMaxAge: 7775999998,
    httpOnly: true
  },
  __lastAccess: 1595701270174,
  views: { '/': 204, '/cv': 29, '/giftedADHD': 21 },
  horodate: 2020-07-25T20:21:10.102Z,
  ip: '83.202.34.239',
  geoloc: {
    range: [ 1405755904, 1405756415 ],
    country: 'FR',
    region: 'IDF',
    eu: '1',
    timezone: 'Europe/Paris',
    city: 'Paris',
    ll: [ 48.8543, 2.3527 ],
    metro: 0,
    area: 10
  }
}
[2020-07-25T20:25:56.267] [TRACE] file - Session {
  cookie: {
    path: '/',
    _expires: 2020-10-23T18:25:56.265Z,
    originalMaxAge: 7775999998,
    httpOnly: true
  },
  __lastAccess: 1595701556267,
  views: { '/': 205, '/cv': 29, '/giftedADHD': 21 },
  horodate: 2020-07-25T20:25:56.206Z,
  ip: '83.202.34.239',
  geoloc: {
    range: [ 1405755904, 1405756415 ],
    country: 'FR',
    region: 'IDF',
    eu: '1',
    timezone: 'Europe/Paris',
    city: 'Paris',
    ll: [ 48.8543, 2.3527 ],
    metro: 0,
    area: 10
  }
}
[2020-07-25T20:27:15.518] [TRACE] file - Session {
  cookie: {
    path: '/',
    _expires: 2020-10-23T18:27:15.516Z,
    originalMaxAge: 7775999998,
    httpOnly: true
  },
  __lastAccess: 1595701635518,
  views: { '/': 206, '/cv': 29, '/giftedADHD': 21 },
  horodate: 2020-07-25T20:27:15.457Z,
  ip: '83.202.34.239',
  geoloc: {
    range: [ 1405755904, 1405756415 ],
    country: 'FR',
    region: 'IDF',
    eu: '1',
    timezone: 'Europe/Paris',
    city: 'Paris',
    ll: [ 48.8543, 2.3527 ],
    metro: 0,
    area: 10
  }
}
[2020-07-25T20:27:39.312] [TRACE] file - Session {
  cookie: {
    path: '/',
    _expires: 2020-10-23T18:27:39.309Z,
    originalMaxAge: 7775999998,
    httpOnly: true
  },
  __lastAccess: 1595701659311,
  views: { '/': 207, '/cv': 29, '/giftedADHD': 21 },
  horodate: 2020-07-25T20:27:39.246Z,
  ip: '83.202.34.239',
  geoloc: {
    range: [ 1405755904, 1405756415 ],
    country: 'FR',
    region: 'IDF',
    eu: '1',
    timezone: 'Europe/Paris',
    city: 'Paris',
    ll: [ 48.8543, 2.3527 ],
    metro: 0,
    area: 10
  }
}
[2020-07-25T20:28:02.312] [TRACE] file - Session {
  cookie: {
    path: '/',
    _expires: 2020-10-23T18:28:02.310Z,
    originalMaxAge: 7775999998,
    httpOnly: true
  },
  __lastAccess: 1595701682312,
  views: { '/': 208, '/cv': 29, '/giftedADHD': 21 },
  horodate: 2020-07-25T20:28:02.249Z,
  ip: '83.202.34.239',
  geoloc: {
    range: [ 1405755904, 1405756415 ],
    country: 'FR',
    region: 'IDF',
    eu: '1',
    timezone: 'Europe/Paris',
    city: 'Paris',
    ll: [ 48.8543, 2.3527 ],
    metro: 0,
    area: 10
  }
}
[2020-07-25T20:28:56.266] [TRACE] file - Session {
  cookie: {
    path: '/',
    _expires: 2020-10-23T18:28:56.263Z,
    originalMaxAge: 7775999998,
    httpOnly: true
  },
  __lastAccess: 1595701736265,
  views: { '/': 209, '/cv': 29, '/giftedADHD': 21 },
  horodate: 2020-07-25T20:28:56.199Z,
  ip: '83.202.34.239',
  geoloc: {
    range: [ 1405755904, 1405756415 ],
    country: 'FR',
    region: 'IDF',
    eu: '1',
    timezone: 'Europe/Paris',
    city: 'Paris',
    ll: [ 48.8543, 2.3527 ],
    metro: 0,
    area: 10
  }
}
[2020-07-25T20:29:35.675] [TRACE] file - Session {
  cookie: {
    path: '/',
    _expires: 2020-10-23T18:29:35.672Z,
    originalMaxAge: 7775999998,
    httpOnly: true
  },
  __lastAccess: 1595701775674,
  views: { '/': 210, '/cv': 29, '/giftedADHD': 21 },
  horodate: 2020-07-25T20:29:35.613Z,
  ip: '83.202.34.239',
  geoloc: {
    range: [ 1405755904, 1405756415 ],
    country: 'FR',
    region: 'IDF',
    eu: '1',
    timezone: 'Europe/Paris',
    city: 'Paris',
    ll: [ 48.8543, 2.3527 ],
    metro: 0,
    area: 10
  }
}
[2020-07-25T20:30:14.022] [TRACE] file - Session {
  cookie: {
    path: '/',
    _expires: 2020-10-23T18:30:14.020Z,
    originalMaxAge: 7775999998,
    httpOnly: true
  },
  __lastAccess: 1595701814022,
  views: { '/': 211, '/cv': 29, '/giftedADHD': 21 },
  horodate: 2020-07-25T20:30:13.953Z,
  ip: '83.202.34.239',
  geoloc: {
    range: [ 1405755904, 1405756415 ],
    country: 'FR',
    region: 'IDF',
    eu: '1',
    timezone: 'Europe/Paris',
    city: 'Paris',
    ll: [ 48.8543, 2.3527 ],
    metro: 0,
    area: 10
  }
}
[2020-07-25T20:31:04.539] [TRACE] file - Session {
  cookie: {
    path: '/',
    _expires: 2020-10-23T18:31:04.536Z,
    originalMaxAge: 7775999998,
    httpOnly: true
  },
  __lastAccess: 1595701864539,
  views: { '/': 212, '/cv': 29, '/giftedADHD': 21 },
  horodate: 2020-07-25T20:31:04.484Z,
  ip: '83.202.34.239',
  geoloc: {
    range: [ 1405755904, 1405756415 ],
    country: 'FR',
    region: 'IDF',
    eu: '1',
    timezone: 'Europe/Paris',
    city: 'Paris',
    ll: [ 48.8543, 2.3527 ],
    metro: 0,
    area: 10
  }
}
