Fri Jul 30 2021 01:30:25 GMT+0200 (GMT+02:00)[2020-07-30T01:30:30.185] [TRACE] file - yHPMjnwkMFu1Rw5pVNQx3z6z
[2020-07-30T01:30:30.186] [TRACE] file - Session {
  cookie: {
    path: '/',
    _expires: 2020-10-27T23:30:30.181Z,
    originalMaxAge: 7776000000,
    httpOnly: true,
    SameSite: 'Lax',
    secure: true
  },
  views: { '/': 1 },
  horodate: 2020-07-29T01:30:29.626Z,
  ip: undefined,
  geoloc: null,
  __lastAccess: 1596065430182
}
[2020-07-30T01:30:30.317] [TRACE] file - JaJOnFfFumlBsf6UdVBND_1m
[2020-07-30T01:30:30.317] [TRACE] file - Session {
  cookie: {
    path: '/',
    _expires: 2020-10-27T23:30:30.315Z,
    originalMaxAge: 7776000000,
    httpOnly: true,
    SameSite: 'Lax',
    secure: true
  },
  views: { '/': 1 },
  horodate: 2020-07-29T01:30:30.195Z,
  ip: '83.202.34.239',
  geoloc: {
    range: [ 1405755904, 1405756415 ],
    country: 'FR',
    region: 'IDF',
    eu: '1',
    timezone: 'Europe/Paris',
    city: 'Paris',
    ll: [ 48.8543, 2.3527 ],
    metro: 0,
    area: 10
  },
  __lastAccess: 1596065430316
}
[2020-07-30T01:30:42.164] [TRACE] file - IMCRpFnPEFElKUt2Nv4b3cNV
[2020-07-30T01:30:42.165] [TRACE] file - Session {
  cookie: {
    path: '/',
    _expires: 2020-10-27T23:30:42.162Z,
    originalMaxAge: 7776000000,
    httpOnly: true,
    SameSite: 'Lax',
    secure: true
  },
  views: { '/': 1 },
  horodate: 2020-07-29T01:30:42.004Z,
  ip: '83.202.34.239',
  geoloc: {
    range: [ 1405755904, 1405756415 ],
    country: 'FR',
    region: 'IDF',
    eu: '1',
    timezone: 'Europe/Paris',
    city: 'Paris',
    ll: [ 48.8543, 2.3527 ],
    metro: 0,
    area: 10
  },
  __lastAccess: 1596065442163
}
[2020-07-30T01:30:44.499] [TRACE] file - KUOawybZ-EKVTpv4eWFYDquH
[2020-07-30T01:30:44.499] [TRACE] file - Session {
  cookie: {
    path: '/',
    _expires: 2020-10-27T23:30:44.497Z,
    originalMaxAge: 7776000000,
    httpOnly: true,
    SameSite: 'Lax',
    secure: true
  },
  views: { '/': 1 },
  horodate: 2020-07-29T01:30:44.412Z,
  ip: '83.202.34.239',
  geoloc: {
    range: [ 1405755904, 1405756415 ],
    country: 'FR',
    region: 'IDF',
    eu: '1',
    timezone: 'Europe/Paris',
    city: 'Paris',
    ll: [ 48.8543, 2.3527 ],
    metro: 0,
    area: 10
  },
  __lastAccess: 1596065444498
}
[2020-07-30T01:30:47.102] [TRACE] file - Session {
  cookie: {
    path: '/',
    _expires: 2020-10-27T23:30:47.100Z,
    originalMaxAge: 7776000000,
    httpOnly: true,
    SameSite: 'Lax',
    secure: true
  },
  views: { '/cv': 1 },
  horodate: 2020-07-29T01:30:47.003Z,
  __lastAccess: 1596065447101
}
