[2020-06-27T21:17:10.873] [TRACE] trace - Session {
  cookie: {
    path: '/',
    _expires: 2071-12-23T14:34:19.195Z,
    originalMaxAge: 1624821428326,
    httpOnly: true,
    maxage: 1656357428326
  },
  views: { '/': 1 },
  sessionID: 'k_t114FqfI1H8S9oGeBCuFzJ',
  horodate: 2020-06-27T21:17:10.336Z,
  ip: '86.247.253.198',
  geoloc: {
    range: [ 1459091456, 1459093503 ],
    country: 'FR',
    region: 'IDF',
    eu: '1',
    timezone: 'Europe/Paris',
    city: 'Paris',
    ll: [ 48.8543, 2.3527 ],
    metro: 0,
    area: 1
  }
}
[2020-06-27T21:17:16.204] [TRACE] trace - cv:1
[2020-06-27T21:17:18.709] [TRACE] trace - giftedADHD:1
[2020-06-27T21:17:21.638] [TRACE] trace - index:1
[2020-06-27T21:17:23.891] [TRACE] trace - cv:2
[2020-06-27T21:17:24.941] [TRACE] trace - giftedADHD:2
[2020-06-27T21:17:30.950] [TRACE] trace - Session {
  cookie: {
    path: '/',
    _expires: 2071-12-23T14:34:39.276Z,
    originalMaxAge: 1624821428326,
    httpOnly: true
  },
  views: { '/': 2, cv: 2, giftedADHD: 2, index: 1 },
  sessionID: 'k_t114FqfI1H8S9oGeBCuFzJ',
  horodate: 2020-06-27T21:17:30.855Z,
  ip: '86.247.253.198',
  geoloc: {
    range: [ 1459091456, 1459093503 ],
    country: 'FR',
    region: 'IDF',
    eu: '1',
    timezone: 'Europe/Paris',
    city: 'Paris',
    ll: [ 48.8543, 2.3527 ],
    metro: 0,
    area: 1
  }
}
[2020-06-27T21:17:34.926] [TRACE] trace - Session {
  cookie: {
    path: '/',
    _expires: 2071-12-23T14:34:43.252Z,
    originalMaxAge: 1624821428326,
    httpOnly: true,
    maxage: 1656357428326
  },
  views: { '/': 1 },
  sessionID: 'yCDSJdATpMiQLYyBHZmZ8yoW',
  horodate: 2020-06-27T21:17:34.856Z,
  ip: '86.247.253.198',
  geoloc: {
    range: [ 1459091456, 1459093503 ],
    country: 'FR',
    region: 'IDF',
    eu: '1',
    timezone: 'Europe/Paris',
    city: 'Paris',
    ll: [ 48.8543, 2.3527 ],
    metro: 0,
    area: 1
  }
}
[2020-06-27T21:17:37.489] [TRACE] trace - giftedADHD:1
[2020-06-27T21:17:40.738] [TRACE] trace - Session {
  cookie: {
    path: '/',
    _expires: 2071-12-23T14:34:49.064Z,
    originalMaxAge: 1624821428326,
    httpOnly: true
  },
  views: { '/': 2, giftedADHD: 1 },
  sessionID: 'yCDSJdATpMiQLYyBHZmZ8yoW',
  horodate: 2020-06-27T21:17:40.683Z,
  ip: '86.247.253.198',
  geoloc: {
    range: [ 1459091456, 1459093503 ],
    country: 'FR',
    region: 'IDF',
    eu: '1',
    timezone: 'Europe/Paris',
    city: 'Paris',
    ll: [ 48.8543, 2.3527 ],
    metro: 0,
    area: 1
  }
}
