[2020-06-24T17:46:32.892] [TRACE] trace - {
  horodate: 2020-06-24T15:46:32.891Z,
  ip: '90.92.102.225',
  geoloc: {
    range: [ 1516003328, 1516005375 ],
    country: 'FR',
    region: 'IDF',
    eu: '1',
    timezone: 'Europe/Paris',
    city: 'Paris',
    ll: [ 48.8543, 2.3527 ],
    metro: 0,
    area: 5
  },
  cookie: { path: '/', _expires: null, originalMaxAge: null, httpOnly: true }
}
[2020-06-24T17:50:23.431] [TRACE] trace - {
  horodate: 2020-06-24T15:50:23.431Z,
  ip: '90.92.102.225',
  geoloc: {
    range: [ 1516003328, 1516005375 ],
    country: 'FR',
    region: 'IDF',
    eu: '1',
    timezone: 'Europe/Paris',
    city: 'Paris',
    ll: [ 48.8543, 2.3527 ],
    metro: 0,
    area: 5
  },
  cookie: { path: '/', _expires: null, originalMaxAge: null, httpOnly: true }
}
[2020-06-24T17:56:22.224] [TRACE] trace - {
  horodate: 2020-06-24T15:56:22.224Z,
  ip: '92.184.97.43',
  geoloc: {
    range: [ 1555587072, 1555588095 ],
    country: 'FR',
    region: 'IDF',
    eu: '1',
    timezone: 'Europe/Paris',
    city: 'Paris',
    ll: [ 48.8649, 2.2752 ],
    metro: 0,
    area: 200
  },
  cookie: { path: '/', _expires: null, originalMaxAge: null, httpOnly: true }
}
[2020-06-24T18:11:52.184] [TRACE] trace - {
  horodate: 2020-06-24T16:11:52.183Z,
  ip: '66.102.9.131',
  geoloc: {
    range: [ 1113983360, 1113983363 ],
    country: 'US',
    region: '',
    eu: '0',
    timezone: 'America/Chicago',
    city: '',
    ll: [ 37.751, -97.822 ],
    metro: 0,
    area: 1000
  },
  cookie: { path: '/', _expires: null, originalMaxAge: null, httpOnly: true }
}
[2020-06-24T18:11:53.158] [TRACE] trace - {
  horodate: 2020-06-24T16:11:53.158Z,
  ip: '66.249.81.195',
  geoloc: {
    range: [ 1123635648, 1123635655 ],
    country: '',
    region: '',
    eu: '0',
    timezone: 'Europe/Vaduz',
    city: '',
    ll: [ 47, 8 ],
    metro: 0,
    area: 1000
  },
  cookie: { path: '/', _expires: null, originalMaxAge: null, httpOnly: true }
}
[2020-06-24T18:11:58.124] [TRACE] trace - {
  horodate: 2020-06-24T16:11:58.124Z,
  ip: '66.102.9.137',
  geoloc: {
    range: [ 1113983368, 1113983375 ],
    country: 'US',
    region: '',
    eu: '0',
    timezone: 'America/Chicago',
    city: '',
    ll: [ 37.751, -97.822 ],
    metro: 0,
    area: 1000
  },
  cookie: { path: '/', _expires: null, originalMaxAge: null, httpOnly: true }
}
[2020-06-24T18:11:58.744] [TRACE] trace - {
  horodate: 2020-06-24T16:11:58.744Z,
  ip: '66.249.81.195',
  geoloc: {
    range: [ 1123635648, 1123635655 ],
    country: '',
    region: '',
    eu: '0',
    timezone: 'Europe/Vaduz',
    city: '',
    ll: [ 47, 8 ],
    metro: 0,
    area: 1000
  },
  cookie: { path: '/', _expires: null, originalMaxAge: null, httpOnly: true }
}
[2020-06-24T18:12:01.614] [TRACE] trace - {
  horodate: 2020-06-24T16:12:01.613Z,
  ip: '66.249.81.195',
  geoloc: {
    range: [ 1123635648, 1123635655 ],
    country: '',
    region: '',
    eu: '0',
    timezone: 'Europe/Vaduz',
    city: '',
    ll: [ 47, 8 ],
    metro: 0,
    area: 1000
  },
  cookie: { path: '/', _expires: null, originalMaxAge: null, httpOnly: true }
}
[2020-06-24T18:12:02.359] [TRACE] trace - {
  horodate: 2020-06-24T16:12:02.358Z,
  ip: '66.102.9.131',
  geoloc: {
    range: [ 1113983360, 1113983363 ],
    country: 'US',
    region: '',
    eu: '0',
    timezone: 'America/Chicago',
    city: '',
    ll: [ 37.751, -97.822 ],
    metro: 0,
    area: 1000
  },
  cookie: { path: '/', _expires: null, originalMaxAge: null, httpOnly: true }
}
[2020-06-24T18:12:02.626] [TRACE] trace - {
  horodate: 2020-06-24T16:12:02.626Z,
  ip: '66.249.81.201',
  geoloc: {
    range: [ 1123635656, 1123635659 ],
    country: '',
    region: '',
    eu: '0',
    timezone: 'Europe/Vaduz',
    city: '',
    ll: [ 47, 8 ],
    metro: 0,
    area: 1000
  },
  cookie: { path: '/', _expires: null, originalMaxAge: null, httpOnly: true }
}
[2020-06-24T18:12:02.790] [TRACE] trace - {
  horodate: 2020-06-24T16:12:02.790Z,
  ip: '66.249.81.199',
  geoloc: {
    range: [ 1123635648, 1123635655 ],
    country: '',
    region: '',
    eu: '0',
    timezone: 'Europe/Vaduz',
    city: '',
    ll: [ 47, 8 ],
    metro: 0,
    area: 1000
  },
  cookie: { path: '/', _expires: null, originalMaxAge: null, httpOnly: true }
}
[2020-06-24T18:12:04.166] [TRACE] trace - {
  horodate: 2020-06-24T16:12:04.166Z,
  ip: '66.102.9.135',
  geoloc: {
    range: [ 1113983366, 1113983367 ],
    country: 'US',
    region: '',
    eu: '0',
    timezone: 'America/Chicago',
    city: '',
    ll: [ 37.751, -97.822 ],
    metro: 0,
    area: 1000
  },
  cookie: { path: '/', _expires: null, originalMaxAge: null, httpOnly: true }
}
[2020-06-24T18:12:04.408] [TRACE] trace - {
  horodate: 2020-06-24T16:12:04.408Z,
  ip: '66.102.9.137',
  geoloc: {
    range: [ 1113983368, 1113983375 ],
    country: 'US',
    region: '',
    eu: '0',
    timezone: 'America/Chicago',
    city: '',
    ll: [ 37.751, -97.822 ],
    metro: 0,
    area: 1000
  },
  cookie: { path: '/', _expires: null, originalMaxAge: null, httpOnly: true }
}
[2020-06-24T18:12:04.791] [TRACE] trace - {
  horodate: 2020-06-24T16:12:04.791Z,
  ip: '74.125.212.35',
  geoloc: {
    range: [ 1249755136, 1249771519 ],
    country: 'US',
    region: '',
    eu: '0',
    timezone: 'America/Chicago',
    city: '',
    ll: [ 37.751, -97.822 ],
    metro: 0,
    area: 1000
  },
  cookie: { path: '/', _expires: null, originalMaxAge: null, httpOnly: true }
}
[2020-06-24T18:12:08.809] [TRACE] trace - {
  horodate: 2020-06-24T16:12:08.809Z,
  ip: '74.125.212.35',
  geoloc: {
    range: [ 1249755136, 1249771519 ],
    country: 'US',
    region: '',
    eu: '0',
    timezone: 'America/Chicago',
    city: '',
    ll: [ 37.751, -97.822 ],
    metro: 0,
    area: 1000
  },
  cookie: { path: '/', _expires: null, originalMaxAge: null, httpOnly: true }
}
[2020-06-24T18:12:10.847] [TRACE] trace - {
  horodate: 2020-06-24T16:12:10.847Z,
  ip: '74.125.212.41',
  geoloc: {
    range: [ 1249755136, 1249771519 ],
    country: 'US',
    region: '',
    eu: '0',
    timezone: 'America/Chicago',
    city: '',
    ll: [ 37.751, -97.822 ],
    metro: 0,
    area: 1000
  },
  cookie: { path: '/', _expires: null, originalMaxAge: null, httpOnly: true }
}
[2020-06-24T18:12:14.967] [TRACE] trace - {
  horodate: 2020-06-24T16:12:14.967Z,
  ip: '74.125.212.41',
  geoloc: {
    range: [ 1249755136, 1249771519 ],
    country: 'US',
    region: '',
    eu: '0',
    timezone: 'America/Chicago',
    city: '',
    ll: [ 37.751, -97.822 ],
    metro: 0,
    area: 1000
  },
  cookie: { path: '/', _expires: null, originalMaxAge: null, httpOnly: true }
}
[2020-06-24T18:12:15.043] [TRACE] trace - {
  horodate: 2020-06-24T16:12:15.043Z,
  ip: '74.125.212.39',
  geoloc: {
    range: [ 1249755136, 1249771519 ],
    country: 'US',
    region: '',
    eu: '0',
    timezone: 'America/Chicago',
    city: '',
    ll: [ 37.751, -97.822 ],
    metro: 0,
    area: 1000
  },
  cookie: { path: '/', _expires: null, originalMaxAge: null, httpOnly: true }
}
[2020-06-24T18:12:15.973] [TRACE] trace - {
  horodate: 2020-06-24T16:12:15.973Z,
  ip: '74.125.212.35',
  geoloc: {
    range: [ 1249755136, 1249771519 ],
    country: 'US',
    region: '',
    eu: '0',
    timezone: 'America/Chicago',
    city: '',
    ll: [ 37.751, -97.822 ],
    metro: 0,
    area: 1000
  },
  cookie: { path: '/', _expires: null, originalMaxAge: null, httpOnly: true }
}
[2020-06-24T18:12:16.409] [TRACE] trace - {
  horodate: 2020-06-24T16:12:16.409Z,
  ip: '74.125.212.39',
  geoloc: {
    range: [ 1249755136, 1249771519 ],
    country: 'US',
    region: '',
    eu: '0',
    timezone: 'America/Chicago',
    city: '',
    ll: [ 37.751, -97.822 ],
    metro: 0,
    area: 1000
  },
  cookie: { path: '/', _expires: null, originalMaxAge: null, httpOnly: true }
}
[2020-06-24T18:12:19.301] [TRACE] trace - {
  horodate: 2020-06-24T16:12:19.301Z,
  ip: '74.125.212.41',
  geoloc: {
    range: [ 1249755136, 1249771519 ],
    country: 'US',
    region: '',
    eu: '0',
    timezone: 'America/Chicago',
    city: '',
    ll: [ 37.751, -97.822 ],
    metro: 0,
    area: 1000
  },
  cookie: { path: '/', _expires: null, originalMaxAge: null, httpOnly: true }
}
[2020-06-24T18:12:20.318] [TRACE] trace - {
  horodate: 2020-06-24T16:12:20.318Z,
  ip: '74.125.212.41',
  geoloc: {
    range: [ 1249755136, 1249771519 ],
    country: 'US',
    region: '',
    eu: '0',
    timezone: 'America/Chicago',
    city: '',
    ll: [ 37.751, -97.822 ],
    metro: 0,
    area: 1000
  },
  cookie: { path: '/', _expires: null, originalMaxAge: null, httpOnly: true }
}
[2020-06-24T18:12:20.792] [TRACE] trace - {
  horodate: 2020-06-24T16:12:20.792Z,
  ip: '74.125.212.35',
  geoloc: {
    range: [ 1249755136, 1249771519 ],
    country: 'US',
    region: '',
    eu: '0',
    timezone: 'America/Chicago',
    city: '',
    ll: [ 37.751, -97.822 ],
    metro: 0,
    area: 1000
  },
  cookie: { path: '/', _expires: null, originalMaxAge: null, httpOnly: true }
}
[2020-06-24T18:54:26.610] [TRACE] trace - {
  horodate: 2020-06-24T16:54:26.610Z,
  ip: '186.251.231.38',
  geoloc: {
    range: [ 3137070080, 3137071103 ],
    country: 'BR',
    region: 'PR',
    eu: '0',
    timezone: 'America/Sao_Paulo',
    city: 'Marquinho',
    ll: [ -25.1167, -52.2833 ],
    metro: 0,
    area: 100
  },
  cookie: { path: '/', _expires: null, originalMaxAge: null, httpOnly: true }
}
[2020-06-24T19:13:09.113] [TRACE] trace - {
  horodate: 2020-06-24T17:13:09.113Z,
  ip: '103.245.206.50',
  geoloc: {
    range: [ 1744161792, 1744162815 ],
    country: 'BD',
    region: 'C',
    eu: '0',
    timezone: 'Asia/Dhaka',
    city: 'Dhaka',
    ll: [ 23.7908, 90.4109 ],
    metro: 0,
    area: 5
  },
  cookie: { path: '/', _expires: null, originalMaxAge: null, httpOnly: true }
}
[2020-06-24T19:15:36.017] [TRACE] trace - {
  horodate: 2020-06-24T17:15:36.017Z,
  ip: '92.184.97.39',
  geoloc: {
    range: [ 1555587072, 1555588095 ],
    country: 'FR',
    region: 'IDF',
    eu: '1',
    timezone: 'Europe/Paris',
    city: 'Paris',
    ll: [ 48.8649, 2.2752 ],
    metro: 0,
    area: 200
  },
  cookie: { path: '/', _expires: null, originalMaxAge: null, httpOnly: true }
}
[2020-06-24T19:15:46.453] [TRACE] trace - {
  horodate: 2020-06-24T17:15:46.453Z,
  ip: '92.184.97.39',
  geoloc: {
    range: [ 1555587072, 1555588095 ],
    country: 'FR',
    region: 'IDF',
    eu: '1',
    timezone: 'Europe/Paris',
    city: 'Paris',
    ll: [ 48.8649, 2.2752 ],
    metro: 0,
    area: 200
  },
  cookie: { path: '/', _expires: null, originalMaxAge: null, httpOnly: true }
}
[2020-06-24T19:22:45.488] [TRACE] trace - {
  horodate: 2020-06-24T17:22:45.488Z,
  ip: '125.64.94.132',
  geoloc: {
    range: [ 2101346304, 2101411839 ],
    country: 'CN',
    region: 'SC',
    eu: '0',
    timezone: 'Asia/Shanghai',
    city: '',
    ll: [ 30.6667, 104.0667 ],
    metro: 0,
    area: 50
  },
  cookie: { path: '/', _expires: null, originalMaxAge: null, httpOnly: true }
}
[2020-06-24T19:28:50.919] [TRACE] trace - {
  horodate: 2020-06-24T17:28:50.919Z,
  ip: '205.185.114.231',
  geoloc: {
    range: [ 3451482112, 3451484159 ],
    country: 'US',
    region: 'CA',
    eu: '0',
    timezone: 'America/Los_Angeles',
    city: 'San Jose',
    ll: [ 37.3387, -121.8914 ],
    metro: 807,
    area: 1000
  },
  cookie: { path: '/', _expires: null, originalMaxAge: null, httpOnly: true }
}
[2020-06-24T20:14:50.516] [TRACE] trace - {
  horodate: 2020-06-24T18:14:50.516Z,
  ip: '90.92.102.225',
  geoloc: {
    range: [ 1516003328, 1516005375 ],
    country: 'FR',
    region: 'IDF',
    eu: '1',
    timezone: 'Europe/Paris',
    city: 'Paris',
    ll: [ 48.8543, 2.3527 ],
    metro: 0,
    area: 5
  },
  cookie: { path: '/', _expires: null, originalMaxAge: null, httpOnly: true }
}
[2020-06-24T20:21:07.363] [TRACE] trace - {
  horodate: 2020-06-24T18:21:07.363Z,
  ip: '213.32.122.81',
  geoloc: {
    range: [ 3575675456, 3575675519 ],
    country: 'FR',
    region: '',
    eu: '1',
    timezone: 'Europe/Paris',
    city: '',
    ll: [ 48.8582, 2.3387 ],
    metro: 0,
    area: 500
  },
  cookie: { path: '/', _expires: null, originalMaxAge: null, httpOnly: true }
}
