[2020-06-25T09:16:05.144] [TRACE] trace - {
  secret: 'qwerty',
  resave: false,
  saveUninitialized: true,
  cookie: { path: '/', _expires: null, originalMaxAge: null, httpOnly: true },
  horodate: 2020-06-25T07:16:05.144Z,
  ip: '90.92.102.225',
  geoloc: {
    range: [ 1516003328, 1516005375 ],
    country: 'FR',
    region: 'IDF',
    eu: '1',
    timezone: 'Europe/Paris',
    city: 'Paris',
    ll: [ 48.8543, 2.3527 ],
    metro: 0,
    area: 5
  }
}
[2020-06-25T09:20:13.666] [TRACE] trace - {
  secret: 'qwerty',
  resave: false,
  saveUninitialized: true,
  cookie: { path: '/', _expires: null, originalMaxAge: null, httpOnly: true },
  horodate: 2020-06-25T07:20:13.665Z,
  ip: '185.107.80.34',
  geoloc: {
    range: [ 3110817792, 3110818303 ],
    country: 'NL',
    region: 'ZH',
    eu: '1',
    timezone: 'Europe/Amsterdam',
    city: 'Leiden',
    ll: [ 52.1693, 4.4732 ],
    metro: 0,
    area: 200
  }
}
[2020-06-25T09:21:01.310] [TRACE] trace - {
  secret: 'qwerty',
  resave: false,
  saveUninitialized: true,
  cookie: { path: '/', _expires: null, originalMaxAge: null, httpOnly: true },
  horodate: 2020-06-25T07:21:01.310Z,
  ip: '78.217.163.8',
  geoloc: {
    range: [ 1322885888, 1322886143 ],
    country: 'FR',
    region: 'OCC',
    eu: '1',
    timezone: 'Europe/Paris',
    city: 'Limoux',
    ll: [ 43.0549, 2.2217 ],
    metro: 0,
    area: 5
  }
}
