[2020-06-25T13:40:55.358] [TRACE] trace - {
  genid: [Function: genid],
  secret: 'qwerty',
  resave: false,
  saveUninitialized: true,
  cookie: {
    path: '/',
    _expires: 2020-06-25T11:41:55.355Z,
    originalMaxAge: 60000,
    httpOnly: true
  },
  sessionID: 'YrH06dyqMp2kSQKzCNVD6JBI',
  horodate: 2020-06-25T11:40:55.357Z,
  ip: '86.247.253.198',
  geoloc: {
    range: [ 1459091456, 1459093503 ],
    country: 'FR',
    region: 'IDF',
    eu: '1',
    timezone: 'Europe/Paris',
    city: 'Paris',
    ll: [ 48.8543, 2.3527 ],
    metro: 0,
    area: 1
  },
  pathname: '/',
  nbViews: [ '/': 1 ]
}
[2020-06-25T13:42:30.859] [TRACE] trace - {
  genid: [Function: genid],
  secret: 'qwerty',
  resave: false,
  saveUninitialized: true,
  cookie: {
    path: '/',
    _expires: 2020-06-25T11:43:30.858Z,
    originalMaxAge: 60000,
    httpOnly: true
  },
  sessionID: '7oCf66Ob5MgkhvZwnAl3gs06',
  horodate: 2020-06-25T11:42:30.859Z,
  ip: '86.247.253.198',
  geoloc: {
    range: [ 1459091456, 1459093503 ],
    country: 'FR',
    region: 'IDF',
    eu: '1',
    timezone: 'Europe/Paris',
    city: 'Paris',
    ll: [ 48.8543, 2.3527 ],
    metro: 0,
    area: 1
  },
  pathname: '/',
  nbViews: [ '/': 1 ]
}
[2020-06-25T13:42:56.431] [TRACE] trace - {
  genid: [Function: genid],
  secret: 'qwerty',
  resave: false,
  saveUninitialized: true,
  cookie: {
    path: '/',
    _expires: 2020-06-25T11:43:30.980Z,
    originalMaxAge: 60000,
    httpOnly: true
  },
  sessionID: '7oCf66Ob5MgkhvZwnAl3gs06',
  horodate: 2020-06-25T11:42:30.859Z,
  ip: '86.247.253.198',
  geoloc: {
    range: [ 1459091456, 1459093503 ],
    country: 'FR',
    region: 'IDF',
    eu: '1',
    timezone: 'Europe/Paris',
    city: 'Paris',
    ll: [ 48.8543, 2.3527 ],
    metro: 0,
    area: 1
  },
  pathname: 'cv',
  nbViews: [ '/': 1, cv: 1 ]
}
[2020-06-25T13:42:58.514] [TRACE] trace - {
  genid: [Function: genid],
  secret: 'qwerty',
  resave: false,
  saveUninitialized: true,
  cookie: {
    path: '/',
    _expires: 2020-06-25T11:43:30.980Z,
    originalMaxAge: 60000,
    httpOnly: true
  },
  sessionID: '7oCf66Ob5MgkhvZwnAl3gs06',
  horodate: 2020-06-25T11:42:30.859Z,
  ip: '86.247.253.198',
  geoloc: {
    range: [ 1459091456, 1459093503 ],
    country: 'FR',
    region: 'IDF',
    eu: '1',
    timezone: 'Europe/Paris',
    city: 'Paris',
    ll: [ 48.8543, 2.3527 ],
    metro: 0,
    area: 1
  },
  pathname: 'adm1n',
  nbViews: [ '/': 1, cv: 1, adm1n: 1 ]
}
[2020-06-25T13:43:00.833] [TRACE] trace - {
  genid: [Function: genid],
  secret: 'qwerty',
  resave: false,
  saveUninitialized: true,
  cookie: {
    path: '/',
    _expires: 2020-06-25T11:43:30.980Z,
    originalMaxAge: 60000,
    httpOnly: true
  },
  sessionID: '7oCf66Ob5MgkhvZwnAl3gs06',
  horodate: 2020-06-25T11:42:30.859Z,
  ip: '86.247.253.198',
  geoloc: {
    range: [ 1459091456, 1459093503 ],
    country: 'FR',
    region: 'IDF',
    eu: '1',
    timezone: 'Europe/Paris',
    city: 'Paris',
    ll: [ 48.8543, 2.3527 ],
    metro: 0,
    area: 1
  },
  pathname: 'giftedADHD',
  nbViews: [ '/': 1, cv: 1, adm1n: 1, giftedADHD: 1 ]
}
[2020-06-25T13:43:42.583] [TRACE] trace - {
  genid: [Function: genid],
  secret: 'qwerty',
  resave: false,
  saveUninitialized: true,
  cookie: {
    path: '/',
    _expires: 2020-06-25T11:43:30.980Z,
    originalMaxAge: 60000,
    httpOnly: true
  },
  sessionID: '7oCf66Ob5MgkhvZwnAl3gs06',
  horodate: 2020-06-25T11:42:30.859Z,
  ip: '86.247.253.198',
  geoloc: {
    range: [ 1459091456, 1459093503 ],
    country: 'FR',
    region: 'IDF',
    eu: '1',
    timezone: 'Europe/Paris',
    city: 'Paris',
    ll: [ 48.8543, 2.3527 ],
    metro: 0,
    area: 1
  },
  pathname: 'giftedADHD',
  nbViews: [ '/': 1, cv: 1, adm1n: 1, giftedADHD: 2 ]
}
