[2020-07-01T12:32:41.868] [TRACE] trace - Session {
  cookie: {
    path: '/',
    _expires: 2071-12-29T03:27:56.468Z,
    originalMaxAge: 1624985714601,
    httpOnly: true
  },
  views: { '/': 5, '/cv': 1 },
  sessionID: 'wisnIZ9gimMe2OmTSP1MdDkl',
  horodate: 2020-07-01T12:32:41.378Z,
  ip: '127.0.0.1',
  geoloc: null,
  __lastAccess: 1593599561867
}
[2020-07-01T12:36:34.219] [TRACE] trace - Session {
  cookie: {
    path: '/',
    _expires: 2071-12-28T19:48:52.187Z,
    originalMaxAge: 1624957937968,
    httpOnly: true
  },
  views: { '/': 69, '/cv': 33, '/adm1n': 14, '/giftedADHD': 18 },
  sessionID: 'R5fFgf2MY5GywsnD_EjXqJmF',
  horodate: 2020-07-01T12:36:34.069Z,
  geoloc: {
    range: [ 1459091456, 1459093503 ],
    country: 'FR',
    region: 'IDF',
    eu: '1',
    timezone: 'Europe/Paris',
    city: 'Paris',
    ll: [ 48.8543, 2.3527 ],
    metro: 0,
    area: 1
  },
  __lastAccess: 1593599794219,
  ip: '86.247.253.198'
}
[2020-07-01T12:38:33.375] [TRACE] trace - Session {
  cookie: {
    path: '/',
    _expires: 2071-12-30T21:11:10.084Z,
    originalMaxAge: 1625135556712,
    httpOnly: true,
    maxage: 311040000000
  },
  views: { '/': 1 },
  sessionID: 'a6pGTVup_tl-2Ls0NACuH8G3',
  horodate: 2020-07-01T12:38:33.269Z,
  ip: '172.104.108.109',
  geoloc: {
    range: [ 2892513280, 2892529663 ],
    country: 'JP',
    region: '13',
    eu: '0',
    timezone: 'Asia/Tokyo',
    city: 'Tokyo',
    ll: [ 35.6882, 139.7532 ],
    metro: 0,
    area: 1000
  },
  __lastAccess: 1593599913372
}
[2020-07-01T12:40:53.191] [TRACE] trace - Session {
  cookie: {
    path: '/',
    _expires: 2071-12-30T21:13:29.902Z,
    originalMaxAge: 1625135556712,
    httpOnly: true,
    maxage: 311040000000
  },
  views: { '/': 1 },
  sessionID: 'aqJ8eCtwe5XGlFfdBfucqJWr',
  horodate: 2020-07-01T12:40:53.114Z,
  ip: '5.200.86.81',
  geoloc: {
    range: [ 97009664, 97026047 ],
    country: 'IR',
    region: '',
    eu: '0',
    timezone: 'Asia/Tehran',
    city: '',
    ll: [ 35.6961, 51.4231 ],
    metro: 0,
    area: 50
  },
  __lastAccess: 1593600053190
}
[2020-07-01T12:44:18.509] [TRACE] trace - Session {
  cookie: {
    path: '/',
    _expires: 2071-12-29T03:39:33.110Z,
    originalMaxAge: 1624985714601,
    httpOnly: true
  },
  views: { '/': 6, '/cv': 1 },
  sessionID: 'wisnIZ9gimMe2OmTSP1MdDkl',
  horodate: 2020-07-01T12:44:18.427Z,
  ip: '127.0.0.1',
  geoloc: null,
  __lastAccess: 1593600258509
}
[2020-07-01T12:44:23.700] [TRACE] trace - Session {
  cookie: {
    path: '/',
    _expires: 2071-12-28T19:56:41.667Z,
    originalMaxAge: 1624957937968,
    httpOnly: true
  },
  views: { '/': 70, '/cv': 33, '/adm1n': 14, '/giftedADHD': 18 },
  sessionID: 'R5fFgf2MY5GywsnD_EjXqJmF',
  horodate: 2020-07-01T12:44:23.634Z,
  geoloc: {
    range: [ 1459091456, 1459093503 ],
    country: 'FR',
    region: 'IDF',
    eu: '1',
    timezone: 'Europe/Paris',
    city: 'Paris',
    ll: [ 48.8543, 2.3527 ],
    metro: 0,
    area: 1
  },
  __lastAccess: 1593600263699,
  ip: '86.247.253.198'
}
[2020-07-01T12:59:47.055] [TRACE] trace - Session {
  cookie: {
    path: '/',
    _expires: 2071-12-29T03:55:01.655Z,
    originalMaxAge: 1624985714601,
    httpOnly: true
  },
  views: { '/': 6, '/adm1n': 5, '/cv': 1, '/giftedADHD': 1 },
  sessionID: '51fUadjJAqpuKh3n2ayjtzB0',
  horodate: 2020-07-01T12:59:46.977Z,
  ip: '91.175.159.123',
  geoloc: {
    range: [ 1537998848, 1538260991 ],
    country: 'FR',
    region: '',
    eu: '1',
    timezone: 'Europe/Paris',
    city: '',
    ll: [ 48.8582, 2.3387 ],
    metro: 0,
    area: 500
  },
  __lastAccess: 1593601187054
}
[2020-07-01T13:04:18.434] [TRACE] trace - /cv: 2
[2020-07-01T13:04:28.505] [TRACE] trace - /adm1n: 6
[2020-07-01T13:17:37.915] [TRACE] trace - Session {
  cookie: {
    path: '/',
    _expires: 2071-12-30T21:50:14.627Z,
    originalMaxAge: 1625135556712,
    httpOnly: true,
    maxage: 311040000000
  },
  views: { '/': 1 },
  sessionID: 'v--sV8G5-FCHahjgdyS619ev',
  horodate: 2020-07-01T13:17:37.854Z,
  ip: '114.33.172.46',
  geoloc: {
    range: [ 1914809344, 1914810367 ],
    country: 'TW',
    region: 'TNN',
    eu: '0',
    timezone: 'Asia/Taipei',
    city: 'Tainan City',
    ll: [ 22.9908, 120.2133 ],
    metro: 0,
    area: 1
  },
  __lastAccess: 1593602257915
}
[2020-07-01T13:44:10.554] [TRACE] trace - Session {
  cookie: {
    path: '/',
    _expires: 2071-12-30T22:16:47.265Z,
    originalMaxAge: 1625135556712,
    httpOnly: true,
    maxage: 311040000000
  },
  views: { '/': 1 },
  sessionID: 'l6GGP7CFP6ryq7-peUfEkXi2',
  horodate: 2020-07-01T13:44:10.501Z,
  ip: '54.149.21.151',
  geoloc: {
    range: [ 915734528, 915750911 ],
    country: 'US',
    region: 'OR',
    eu: '0',
    timezone: 'America/Los_Angeles',
    city: 'Boardman',
    ll: [ 45.8491, -119.7143 ],
    metro: 810,
    area: 1000
  },
  __lastAccess: 1593603850554
}
[2020-07-01T13:49:21.078] [TRACE] trace - Session {
  cookie: {
    path: '/',
    _expires: 2071-12-30T22:21:57.790Z,
    originalMaxAge: 1625135556712,
    httpOnly: true,
    maxage: 311040000000
  },
  views: { '/': 1 },
  sessionID: 'wqMR8Z6PsrCLvnQ1eqcGicPi',
  horodate: 2020-07-01T13:49:21.018Z,
  ip: '185.173.35.21',
  geoloc: {
    range: [ 3115131392, 3115131903 ],
    country: 'DE',
    region: '',
    eu: '1',
    timezone: 'Europe/Berlin',
    city: '',
    ll: [ 51.2993, 9.491 ],
    metro: 0,
    area: 200
  },
  __lastAccess: 1593604161078
}
[2020-07-01T14:25:48.824] [TRACE] trace - Session {
  cookie: {
    path: '/',
    _expires: 2071-12-30T22:58:25.535Z,
    originalMaxAge: 1625135556712,
    httpOnly: true,
    maxage: 311040000000
  },
  views: { '/': 1 },
  sessionID: '8mUnz1dqHwl7774yFtOZwzz_',
  horodate: 2020-07-01T14:25:48.764Z,
  ip: '46.191.249.169',
  geoloc: {
    range: [ 784332800, 784333823 ],
    country: 'RU',
    region: 'ORE',
    eu: '0',
    timezone: 'Asia/Yekaterinburg',
    city: 'Orenburg',
    ll: [ 51.7847, 55.0986 ],
    metro: 0,
    area: 1000
  },
  __lastAccess: 1593606348823
}
[2020-07-01T14:59:33.338] [TRACE] trace - Session {
  cookie: {
    path: '/',
    _expires: 2071-12-30T23:32:10.050Z,
    originalMaxAge: 1625135556712,
    httpOnly: true,
    maxage: 311040000000
  },
  views: { '/': 1 },
  sessionID: 'CPgR7DJocjOha7mU0GNhkK8k',
  horodate: 2020-07-01T14:59:33.281Z,
  ip: '83.97.20.29',
  geoloc: {
    range: [ 1398871040, 1398871295 ],
    country: 'RO',
    region: 'B',
    eu: '1',
    timezone: 'Europe/Bucharest',
    city: 'Bucharest',
    ll: [ 44.418, 26.1691 ],
    metro: 0,
    area: 200
  },
  __lastAccess: 1593608373338
}
[2020-07-01T15:00:03.406] [TRACE] trace - Session {
  cookie: {
    path: '/',
    _expires: 2071-12-30T23:32:40.117Z,
    originalMaxAge: 1625135556712,
    httpOnly: true,
    maxage: 311040000000
  },
  views: { '/': 1 },
  sessionID: 'Zp2u8IRkAE15WdovBj9GUVGJ',
  horodate: 2020-07-01T15:00:03.351Z,
  ip: '80.82.70.140',
  geoloc: {
    range: [ 1347569280, 1347569311 ],
    country: 'SC',
    region: '01',
    eu: '0',
    timezone: 'Indian/Mahe',
    city: 'Anse aux Pins',
    ll: [ -4.7034, 55.5206 ],
    metro: 0,
    area: 100
  },
  __lastAccess: 1593608403405
}
[2020-07-01T15:08:18.202] [TRACE] trace - Session {
  cookie: {
    path: '/',
    _expires: 2071-12-30T23:40:54.914Z,
    originalMaxAge: 1625135556712,
    httpOnly: true,
    maxage: 311040000000
  },
  views: { '/': 1 },
  sessionID: 'TjOF62toqhP25aWtxSLr3YU8',
  horodate: 2020-07-01T15:08:18.149Z,
  ip: '72.175.198.196',
  geoloc: {
    range: [ 1219477504, 1219479551 ],
    country: 'US',
    region: 'MT',
    eu: '0',
    timezone: 'America/Denver',
    city: 'Billings',
    ll: [ 45.7815, -108.5706 ],
    metro: 756,
    area: 5
  },
  __lastAccess: 1593608898202
}
[2020-07-01T15:16:04.676] [TRACE] trace - Session {
  cookie: {
    path: '/',
    _expires: 2071-12-30T23:48:41.388Z,
    originalMaxAge: 1625135556712,
    httpOnly: true,
    maxage: 311040000000
  },
  views: { '/': 1 },
  sessionID: 'laPeWt6Ou-Bp8bsKTLq4_uUX',
  horodate: 2020-07-01T15:16:04.604Z,
  ip: '151.54.164.254',
  geoloc: {
    range: [ 2536940736, 2536940799 ],
    country: 'IT',
    region: '82',
    eu: '1',
    timezone: 'Europe/Rome',
    city: 'Belpasso',
    ll: [ 37.5919, 14.9799 ],
    metro: 0,
    area: 100
  },
  __lastAccess: 1593609364676
}
[2020-07-01T15:50:33.694] [TRACE] trace - Session {
  cookie: {
    path: '/',
    _expires: 2071-12-31T00:23:10.406Z,
    originalMaxAge: 1625135556712,
    httpOnly: true,
    maxage: 311040000000
  },
  views: { '/': 1 },
  sessionID: 'HTIJ9ycsjvzPj2djwqzi8gLM',
  horodate: 2020-07-01T15:50:33.627Z,
  ip: '185.39.11.105',
  geoloc: {
    range: [ 3106342912, 3106343935 ],
    country: 'CH',
    region: '',
    eu: '0',
    timezone: 'Europe/Zurich',
    city: '',
    ll: [ 47.1449, 8.1551 ],
    metro: 0,
    area: 100
  },
  __lastAccess: 1593611433694
}
[2020-07-01T15:54:48.572] [TRACE] trace - Session {
  cookie: {
    path: '/',
    _expires: 2071-12-31T00:27:25.283Z,
    originalMaxAge: 1625135556712,
    httpOnly: true,
    maxage: 311040000000
  },
  views: { '/': 1 },
  sessionID: 't7c5AY9bnmvJAkrZTvZEDbJK',
  horodate: 2020-07-01T15:54:48.517Z,
  ip: '103.253.42.34',
  geoloc: {
    range: [ 1744644096, 1744645119 ],
    country: 'HK',
    region: '',
    eu: '0',
    timezone: 'Asia/Hong_Kong',
    city: '',
    ll: [ 22.25, 114.1667 ],
    metro: 0,
    area: 50
  },
  __lastAccess: 1593611688571
}
[2020-07-01T16:04:49.366] [TRACE] trace - Session {
  cookie: {
    path: '/',
    _expires: 2071-12-31T00:37:26.078Z,
    originalMaxAge: 1625135556712,
    httpOnly: true,
    maxage: 311040000000
  },
  views: { '/': 1 },
  sessionID: 'tfy8OqZjhnRcxe_7Ff4rjsWe',
  horodate: 2020-07-01T16:04:49.300Z,
  ip: '220.132.94.251',
  geoloc: {
    range: [ 3699661824, 3699662847 ],
    country: 'TW',
    region: 'HSQ',
    eu: '0',
    timezone: 'Asia/Taipei',
    city: 'Hsinchu',
    ll: [ 24.8065, 120.9706 ],
    metro: 0,
    area: 5
  },
  __lastAccess: 1593612289366
}
[2020-07-01T16:13:29.471] [TRACE] trace - Session {
  cookie: {
    path: '/',
    _expires: 2071-12-31T00:46:06.183Z,
    originalMaxAge: 1625135556712,
    httpOnly: true,
    maxage: 311040000000
  },
  views: { '/': 1 },
  sessionID: '5lau5mBlKHwVRcCRapiFlKBG',
  horodate: 2020-07-01T16:13:29.407Z,
  ip: '220.133.56.62',
  geoloc: {
    range: [ 3699718144, 3699720191 ],
    country: 'TW',
    region: 'TXG',
    eu: '0',
    timezone: 'Asia/Taipei',
    city: 'Taichung',
    ll: [ 24.1469, 120.6839 ],
    metro: 0,
    area: 100
  },
  __lastAccess: 1593612809471
}
[2020-07-01T16:19:26.804] [TRACE] trace - Session {
  cookie: {
    path: '/',
    _expires: 2071-12-31T00:52:03.516Z,
    originalMaxAge: 1625135556712,
    httpOnly: true,
    maxage: 311040000000
  },
  views: { '/': 1 },
  sessionID: 'lllglBJwLYSAopLIbNloCAX4',
  horodate: 2020-07-01T16:19:26.750Z,
  ip: '122.116.30.27',
  geoloc: {
    range: [ 2054428672, 2054430719 ],
    country: 'TW',
    region: 'TPE',
    eu: '0',
    timezone: 'Asia/Taipei',
    city: 'Taipei',
    ll: [ 25.0478, 121.5318 ],
    metro: 0,
    area: 5
  },
  __lastAccess: 1593613166804
}
[2020-07-01T16:24:47.153] [TRACE] trace - Session {
  cookie: {
    path: '/',
    _expires: 2071-12-31T00:57:23.864Z,
    originalMaxAge: 1625135556712,
    httpOnly: true,
    maxage: 311040000000
  },
  views: { '/': 1 },
  sessionID: '-M9L6Sc19ks0h4_osopnpTCP',
  horodate: 2020-07-01T16:24:47.098Z,
  ip: '1.34.101.158',
  geoloc: {
    range: [ 19031040, 19032063 ],
    country: 'TW',
    region: 'HSQ',
    eu: '0',
    timezone: 'Asia/Taipei',
    city: 'Hsinchu',
    ll: [ 24.8065, 120.9706 ],
    metro: 0,
    area: 50
  },
  __lastAccess: 1593613487153
}
[2020-07-01T16:33:38.568] [TRACE] trace - Session {
  cookie: {
    path: '/',
    _expires: 2071-12-31T01:06:15.280Z,
    originalMaxAge: 1625135556712,
    httpOnly: true,
    maxage: 311040000000
  },
  views: { '/': 1 },
  sessionID: 'mc9zlNMkWCQuL6Q937X-4PwY',
  horodate: 2020-07-01T16:33:38.509Z,
  ip: '171.239.183.73',
  geoloc: {
    range: [ 2884599808, 2884632575 ],
    country: 'VN',
    region: '',
    eu: '0',
    timezone: 'Asia/Ho_Chi_Minh',
    city: '',
    ll: [ 16, 106 ],
    metro: 0,
    area: 50
  },
  __lastAccess: 1593614018568
}
[2020-07-01T17:10:57.674] [TRACE] trace - Session {
  cookie: {
    path: '/',
    _expires: 2071-12-29T00:23:15.642Z,
    originalMaxAge: 1624957937968,
    httpOnly: true
  },
  views: { '/': 71, '/cv': 33, '/adm1n': 14, '/giftedADHD': 18 },
  sessionID: 'R5fFgf2MY5GywsnD_EjXqJmF',
  horodate: 2020-07-01T17:10:57.626Z,
  geoloc: {
    range: [ 1459091456, 1459093503 ],
    country: 'FR',
    region: 'IDF',
    eu: '1',
    timezone: 'Europe/Paris',
    city: 'Paris',
    ll: [ 48.8543, 2.3527 ],
    metro: 0,
    area: 1
  },
  __lastAccess: 1593616257674,
  ip: '86.247.253.198'
}
[2020-07-01T17:16:49.386] [TRACE] trace - Session {
  cookie: {
    path: '/',
    _expires: 2071-12-29T00:29:07.354Z,
    originalMaxAge: 1624957937968,
    httpOnly: true
  },
  views: { '/': 72, '/cv': 33, '/adm1n': 14, '/giftedADHD': 18 },
  sessionID: 'R5fFgf2MY5GywsnD_EjXqJmF',
  horodate: 2020-07-01T17:16:49.334Z,
  geoloc: {
    range: [ 1459091456, 1459093503 ],
    country: 'FR',
    region: 'IDF',
    eu: '1',
    timezone: 'Europe/Paris',
    city: 'Paris',
    ll: [ 48.8543, 2.3527 ],
    metro: 0,
    area: 1
  },
  __lastAccess: 1593616609386,
  ip: '86.247.253.198'
}
[2020-07-01T17:19:14.842] [TRACE] trace - Session {
  cookie: {
    path: '/',
    _expires: 2071-12-31T01:51:51.554Z,
    originalMaxAge: 1625135556712,
    httpOnly: true,
    maxage: 311040000000
  },
  views: { '/': 1 },
  sessionID: 'oDGoDMYxeGlFNZfQDbsG-U0X',
  horodate: 2020-07-01T17:19:14.790Z,
  ip: '59.127.177.57',
  geoloc: {
    range: [ 998224128, 998224383 ],
    country: 'TW',
    region: 'KHH',
    eu: '0',
    timezone: 'Asia/Taipei',
    city: 'Kaohsiung City',
    ll: [ 22.6148, 120.3139 ],
    metro: 0,
    area: 200
  },
  __lastAccess: 1593616754842
}
[2020-07-01T17:19:33.678] [TRACE] trace - Session {
  cookie: {
    path: '/',
    _expires: 2071-12-31T01:52:10.390Z,
    originalMaxAge: 1625135556712,
    httpOnly: true,
    maxage: 311040000000
  },
  views: { '/': 1 },
  sessionID: '_UtTL0kF7aLGKia-daIthUZ6',
  horodate: 2020-07-01T17:19:33.624Z,
  ip: '59.127.177.57',
  geoloc: {
    range: [ 998224128, 998224383 ],
    country: 'TW',
    region: 'KHH',
    eu: '0',
    timezone: 'Asia/Taipei',
    city: 'Kaohsiung City',
    ll: [ 22.6148, 120.3139 ],
    metro: 0,
    area: 200
  },
  __lastAccess: 1593616773678
}
[2020-07-01T17:20:01.456] [TRACE] trace - Session {
  cookie: {
    path: '/',
    _expires: 2071-12-31T01:52:38.168Z,
    originalMaxAge: 1625135556712,
    httpOnly: true,
    maxage: 311040000000
  },
  views: { '/': 1 },
  sessionID: '0mvhbC48vLeaTzM9Bk_G_X5U',
  horodate: 2020-07-01T17:20:01.386Z,
  ip: '59.127.177.57',
  geoloc: {
    range: [ 998224128, 998224383 ],
    country: 'TW',
    region: 'KHH',
    eu: '0',
    timezone: 'Asia/Taipei',
    city: 'Kaohsiung City',
    ll: [ 22.6148, 120.3139 ],
    metro: 0,
    area: 200
  },
  __lastAccess: 1593616801456
}
[2020-07-01T17:50:34.812] [TRACE] trace - Session {
  cookie: {
    path: '/',
    _expires: 2071-12-31T02:23:11.523Z,
    originalMaxAge: 1625135556712,
    httpOnly: true,
    maxage: 311040000000
  },
  views: { '/': 1 },
  sessionID: '4r1G7uGevM-i_fo3DiLAHS5d',
  horodate: 2020-07-01T17:50:34.759Z,
  ip: '195.54.160.135',
  geoloc: null,
  __lastAccess: 1593618634811
}
[2020-07-01T17:55:23.571] [TRACE] trace - Session {
  cookie: {
    path: '/',
    _expires: 2071-12-31T02:28:00.283Z,
    originalMaxAge: 1625135556712,
    httpOnly: true,
    maxage: 311040000000
  },
  views: { '/': 1 },
  sessionID: 'bXMh2LKpGCwD71d0Low0X7cR',
  horodate: 2020-07-01T17:55:23.520Z,
  ip: '195.54.160.135',
  geoloc: null,
  __lastAccess: 1593618923571
}
[2020-07-01T18:24:11.343] [TRACE] trace - Session {
  cookie: {
    path: '/',
    _expires: 2071-12-31T02:56:48.055Z,
    originalMaxAge: 1625135556712,
    httpOnly: true,
    maxage: 311040000000
  },
  views: { '/': 1 },
  sessionID: 'XUxzIK05qm5xCNXvKv0vEaY6',
  horodate: 2020-07-01T18:24:11.281Z,
  ip: '218.161.40.186',
  geoloc: {
    range: [ 3667994624, 3667996671 ],
    country: 'TW',
    region: 'TPE',
    eu: '0',
    timezone: 'Asia/Taipei',
    city: 'Taipei',
    ll: [ 25.0478, 121.5318 ],
    metro: 0,
    area: 1
  },
  __lastAccess: 1593620651343
}
[2020-07-01T18:29:53.112] [TRACE] trace - Session {
  cookie: {
    path: '/',
    _expires: 2071-12-31T03:02:29.824Z,
    originalMaxAge: 1625135556712,
    httpOnly: true,
    maxage: 311040000000
  },
  views: { '/': 1 },
  sessionID: 'XheCzzX_tZzBqrAYUzYsKROE',
  horodate: 2020-07-01T18:29:53.057Z,
  ip: '114.34.234.82',
  geoloc: {
    range: [ 1914890240, 1914892287 ],
    country: 'TW',
    region: 'TPE',
    eu: '0',
    timezone: 'Asia/Taipei',
    city: 'Taipei',
    ll: [ 25.0478, 121.5318 ],
    metro: 0,
    area: 50
  },
  __lastAccess: 1593620993112
}
[2020-07-01T18:41:03.253] [TRACE] trace - Session {
  cookie: {
    path: '/',
    _expires: 2071-12-29T01:53:21.220Z,
    originalMaxAge: 1624957937968,
    httpOnly: true
  },
  views: { '/': 73, '/cv': 33, '/adm1n': 14, '/giftedADHD': 18 },
  sessionID: 'R5fFgf2MY5GywsnD_EjXqJmF',
  horodate: 2020-07-01T18:41:03.198Z,
  geoloc: {
    range: [ 1459091456, 1459093503 ],
    country: 'FR',
    region: 'IDF',
    eu: '1',
    timezone: 'Europe/Paris',
    city: 'Paris',
    ll: [ 48.8543, 2.3527 ],
    metro: 0,
    area: 1
  },
  __lastAccess: 1593621663253,
  ip: '86.247.253.198'
}
[2020-07-01T18:48:10.579] [TRACE] trace - Session {
  cookie: {
    path: '/',
    _expires: 2071-12-31T03:20:47.291Z,
    originalMaxAge: 1625135556712,
    httpOnly: true,
    maxage: 311040000000
  },
  views: { '/': 1 },
  sessionID: 'prL3WgBPhoaLMT9HabDzzpX3',
  horodate: 2020-07-01T18:48:10.529Z,
  ip: '103.9.134.196',
  geoloc: {
    range: [ 1728676864, 1728677887 ],
    country: 'BD',
    region: '',
    eu: '0',
    timezone: 'Asia/Dhaka',
    city: '',
    ll: [ 23.7, 90.375 ],
    metro: 0,
    area: 200
  },
  __lastAccess: 1593622090579
}
[2020-07-01T19:19:19.313] [TRACE] trace - Session {
  cookie: {
    path: '/',
    _expires: 2071-12-31T03:51:56.025Z,
    originalMaxAge: 1625135556712,
    httpOnly: true,
    maxage: 311040000000
  },
  views: { '/': 1 },
  sessionID: 'iV9dNXdJ6YGSXlaijz9PmaHn',
  horodate: 2020-07-01T19:19:19.263Z,
  ip: '80.82.70.140',
  geoloc: {
    range: [ 1347569280, 1347569311 ],
    country: 'SC',
    region: '01',
    eu: '0',
    timezone: 'Indian/Mahe',
    city: 'Anse aux Pins',
    ll: [ -4.7034, 55.5206 ],
    metro: 0,
    area: 100
  },
  __lastAccess: 1593623959313
}
[2020-07-01T19:56:53.259] [TRACE] trace - Session {
  cookie: {
    path: '/',
    _expires: 2071-12-29T03:09:11.227Z,
    originalMaxAge: 1624957937968,
    httpOnly: true
  },
  views: { '/': 74, '/cv': 33, '/adm1n': 14, '/giftedADHD': 18 },
  sessionID: 'R5fFgf2MY5GywsnD_EjXqJmF',
  horodate: 2020-07-01T19:56:53.207Z,
  geoloc: {
    range: [ 1459091456, 1459093503 ],
    country: 'FR',
    region: 'IDF',
    eu: '1',
    timezone: 'Europe/Paris',
    city: 'Paris',
    ll: [ 48.8543, 2.3527 ],
    metro: 0,
    area: 1
  },
  __lastAccess: 1593626213259,
  ip: '86.247.253.198'
}
