Fri Jul 23 2021 10:01:03 GMT+0200 (GMT+02:00)[2020-07-23T10:01:07.547] [TRACE] file - Session {
  cookie: {
    path: '/',
    _expires: 2020-10-21T08:01:07.544Z,
    originalMaxAge: 7775999998,
    httpOnly: true
  },
  views: { '/': 37, '/cv': 18, '/adm1n': 7, '/giftedADHD': 8 },
  __lastAccess: 1595491267546,
  horodate: 2020-07-23T10:01:07.001Z,
  ip: '83.202.34.239',
  geoloc: {
    range: [ 1405755904, 1405756415 ],
    country: 'FR',
    region: 'IDF',
    eu: '1',
    timezone: 'Europe/Paris',
    city: 'Paris',
    ll: [ 48.8543, 2.3527 ],
    metro: 0,
    area: 10
  }
}
[2020-07-23T10:01:39.004] [TRACE] file - Session {
  cookie: {
    path: '/',
    _expires: 2020-10-21T08:01:39.003Z,
    originalMaxAge: 7776000000,
    httpOnly: true
  },
  __lastAccess: 1595491299003,
  views: { '/': 1 },
  horodate: 2020-07-23T10:01:38.875Z,
  ip: '83.202.34.239',
  geoloc: {
    range: [ 1405755904, 1405756415 ],
    country: 'FR',
    region: 'IDF',
    eu: '1',
    timezone: 'Europe/Paris',
    city: 'Paris',
    ll: [ 48.8543, 2.3527 ],
    metro: 0,
    area: 10
  }
}
[2020-07-23T10:02:21.424] [TRACE] file - Session {
  cookie: {
    path: '/',
    _expires: 2020-10-21T08:02:21.422Z,
    originalMaxAge: 7775999999,
    httpOnly: true
  },
  views: { '/': 102, '/cv': 43, '/adm1n': 21, '/giftedADHD': 17 },
  __lastAccess: 1595491341424,
  horodate: 2020-07-23T10:02:21.293Z,
  ip: '83.202.34.239',
  geoloc: {
    range: [ 1405755904, 1405756415 ],
    country: 'FR',
    region: 'IDF',
    eu: '1',
    timezone: 'Europe/Paris',
    city: 'Paris',
    ll: [ 48.8543, 2.3527 ],
    metro: 0,
    area: 10
  }
}
[2020-07-23T10:02:27.223] [TRACE] file - Session {
  cookie: {
    path: '/',
    _expires: 2020-10-21T08:02:27.222Z,
    originalMaxAge: 7775999999,
    httpOnly: true
  },
  views: { '/': 102, '/cv': 44, '/adm1n': 21, '/giftedADHD': 17 },
  __lastAccess: 1595491347223,
  horodate: 2020-07-23T10:02:27.159Z,
  ip: '83.202.34.239',
  geoloc: {
    range: [ 1405755904, 1405756415 ],
    country: 'FR',
    region: 'IDF',
    eu: '1',
    timezone: 'Europe/Paris',
    city: 'Paris',
    ll: [ 48.8543, 2.3527 ],
    metro: 0,
    area: 10
  }
}
[2020-07-23T10:02:32.220] [TRACE] file - Session {
  cookie: {
    path: '/',
    _expires: 2020-10-21T08:02:32.220Z,
    originalMaxAge: 7776000000,
    httpOnly: true
  },
  __lastAccess: 1595491352220,
  views: { '/': 1, '/cv': 1 },
  horodate: 2020-07-23T10:02:32.145Z,
  ip: '83.202.34.239',
  geoloc: {
    range: [ 1405755904, 1405756415 ],
    country: 'FR',
    region: 'IDF',
    eu: '1',
    timezone: 'Europe/Paris',
    city: 'Paris',
    ll: [ 48.8543, 2.3527 ],
    metro: 0,
    area: 10
  }
}
[2020-07-23T10:03:40.373] [TRACE] file - Session {
  cookie: {
    path: '/',
    _expires: 2020-10-21T08:03:40.372Z,
    originalMaxAge: 7775999999,
    httpOnly: true
  },
  views: { '/': 102, '/cv': 44, '/adm1n': 22, '/giftedADHD': 17 },
  __lastAccess: 1595491420373,
  horodate: 2020-07-23T10:03:40.293Z,
  ip: '83.202.34.239',
  geoloc: {
    range: [ 1405755904, 1405756415 ],
    country: 'FR',
    region: 'IDF',
    eu: '1',
    timezone: 'Europe/Paris',
    city: 'Paris',
    ll: [ 48.8543, 2.3527 ],
    metro: 0,
    area: 10
  }
}
[2020-07-23T10:06:14.182] [TRACE] file - Session {
  cookie: {
    path: '/',
    _expires: 2020-10-21T08:06:14.180Z,
    originalMaxAge: 7775999999,
    httpOnly: true
  },
  views: { '/': 103, '/cv': 44, '/adm1n': 22, '/giftedADHD': 17 },
  __lastAccess: 1595491574181,
  horodate: 2020-07-23T10:06:14.113Z,
  ip: '83.202.34.239',
  geoloc: {
    range: [ 1405755904, 1405756415 ],
    country: 'FR',
    region: 'IDF',
    eu: '1',
    timezone: 'Europe/Paris',
    city: 'Paris',
    ll: [ 48.8543, 2.3527 ],
    metro: 0,
    area: 10
  }
}
[2020-07-23T10:06:20.561] [TRACE] file - Session {
  cookie: {
    path: '/',
    _expires: 2020-10-21T08:06:20.559Z,
    originalMaxAge: 7775999999,
    httpOnly: true
  },
  views: { '/': 103, '/cv': 45, '/adm1n': 22, '/giftedADHD': 17 },
  __lastAccess: 1595491580560,
  horodate: 2020-07-23T10:06:20.501Z,
  ip: '83.202.34.239',
  geoloc: {
    range: [ 1405755904, 1405756415 ],
    country: 'FR',
    region: 'IDF',
    eu: '1',
    timezone: 'Europe/Paris',
    city: 'Paris',
    ll: [ 48.8543, 2.3527 ],
    metro: 0,
    area: 10
  }
}
[2020-07-23T10:06:25.746] [TRACE] file - Session {
  cookie: {
    path: '/',
    _expires: 2020-10-21T08:06:25.746Z,
    originalMaxAge: 7776000000,
    httpOnly: true
  },
  __lastAccess: 1595491585746,
  views: { '/': 1, '/cv': 2 },
  horodate: 2020-07-23T10:06:25.689Z,
  ip: '83.202.34.239',
  geoloc: {
    range: [ 1405755904, 1405756415 ],
    country: 'FR',
    region: 'IDF',
    eu: '1',
    timezone: 'Europe/Paris',
    city: 'Paris',
    ll: [ 48.8543, 2.3527 ],
    metro: 0,
    area: 10
  }
}
[2020-07-23T10:06:32.052] [TRACE] file - Session {
  cookie: {
    path: '/',
    _expires: 2020-10-21T08:06:32.052Z,
    originalMaxAge: 7776000000,
    httpOnly: true
  },
  __lastAccess: 1595491592052,
  views: { '/': 2, '/cv': 2 },
  horodate: 2020-07-23T10:06:31.991Z,
  ip: '83.202.34.239',
  geoloc: {
    range: [ 1405755904, 1405756415 ],
    country: 'FR',
    region: 'IDF',
    eu: '1',
    timezone: 'Europe/Paris',
    city: 'Paris',
    ll: [ 48.8543, 2.3527 ],
    metro: 0,
    area: 10
  }
}
[2020-07-23T10:06:46.555] [TRACE] file - Session {
  cookie: {
    path: '/',
    _expires: 2020-10-21T08:06:46.553Z,
    originalMaxAge: 7775999998,
    httpOnly: true
  },
  views: { '/': 38, '/cv': 18, '/adm1n': 7, '/giftedADHD': 8 },
  __lastAccess: 1595491606555,
  horodate: 2020-07-23T10:06:46.500Z,
  ip: '83.202.34.239',
  geoloc: {
    range: [ 1405755904, 1405756415 ],
    country: 'FR',
    region: 'IDF',
    eu: '1',
    timezone: 'Europe/Paris',
    city: 'Paris',
    ll: [ 48.8543, 2.3527 ],
    metro: 0,
    area: 10
  }
}
[2020-07-23T10:06:49.273] [TRACE] file - Session {
  cookie: {
    path: '/',
    _expires: 2020-10-21T08:06:49.271Z,
    originalMaxAge: 7775999998,
    httpOnly: true
  },
  views: { '/': 39, '/cv': 18, '/adm1n': 7, '/giftedADHD': 8 },
  __lastAccess: 1595491609273,
  horodate: 2020-07-23T10:06:49.222Z,
  ip: '83.202.34.239',
  geoloc: {
    range: [ 1405755904, 1405756415 ],
    country: 'FR',
    region: 'IDF',
    eu: '1',
    timezone: 'Europe/Paris',
    city: 'Paris',
    ll: [ 48.8543, 2.3527 ],
    metro: 0,
    area: 10
  }
}
[2020-07-23T10:32:46.538] [TRACE] file - Session {
  cookie: {
    path: '/',
    _expires: 2020-10-21T08:32:46.538Z,
    originalMaxAge: 7776000000,
    httpOnly: true
  },
  views: { '/': 1 },
  horodate: 2020-07-23T10:32:46.484Z,
  ip: '87.10.244.16',
  geoloc: {
    range: [ 1460335616, 1460335871 ],
    country: 'IT',
    region: '45',
    eu: '1',
    timezone: 'Europe/Rome',
    city: 'San Lazzaro di Savena',
    ll: [ 44.4705, 11.4085 ],
    metro: 0,
    area: 100
  },
  __lastAccess: 1595493166538
}
[2020-07-23T10:45:18.937] [TRACE] file - Session {
  cookie: {
    path: '/',
    _expires: 2020-10-21T08:45:18.937Z,
    originalMaxAge: 7776000000,
    httpOnly: true
  },
  views: { '/': 1 },
  horodate: 2020-07-23T10:45:18.877Z,
  ip: '195.54.160.21',
  geoloc: null,
  __lastAccess: 1595493918937
}
[2020-07-23T10:45:19.180] [TRACE] file - Session {
  cookie: {
    path: '/',
    _expires: 2020-10-21T08:45:19.180Z,
    originalMaxAge: 7776000000,
    httpOnly: true
  },
  views: { '/': 1 },
  horodate: 2020-07-23T10:45:19.136Z,
  ip: '195.54.160.21',
  geoloc: null,
  __lastAccess: 1595493919180
}
[2020-07-23T11:45:04.289] [TRACE] file - Session {
  cookie: {
    path: '/',
    _expires: 2020-10-21T09:45:04.289Z,
    originalMaxAge: 7776000000,
    httpOnly: true
  },
  views: { '/': 1 },
  horodate: 2020-07-23T11:45:04.233Z,
  ip: '93.174.93.139',
  geoloc: {
    range: [ 1571708288, 1571708319 ],
    country: 'NL',
    region: '',
    eu: '1',
    timezone: 'Europe/Amsterdam',
    city: '',
    ll: [ 52.3824, 4.8995 ],
    metro: 0,
    area: 1000
  },
  __lastAccess: 1595497504289
}
[2020-07-23T11:45:04.343] [TRACE] file - Session {
  cookie: {
    path: '/',
    _expires: 2020-10-21T09:45:04.343Z,
    originalMaxAge: 7776000000,
    httpOnly: true
  },
  views: { '/': 1 },
  horodate: 2020-07-23T11:45:04.297Z,
  ip: '60.191.125.35',
  geoloc: {
    range: [ 1019181056, 1019183103 ],
    country: 'CN',
    region: 'ZJ',
    eu: '0',
    timezone: 'Asia/Shanghai',
    city: '',
    ll: [ 30.294, 120.1619 ],
    metro: 0,
    area: 50
  },
  __lastAccess: 1595497504343
}
[2020-07-23T11:45:04.394] [TRACE] file - Session {
  cookie: {
    path: '/',
    _expires: 2020-10-21T09:45:04.394Z,
    originalMaxAge: 7776000000,
    httpOnly: true
  },
  views: { '/': 1 },
  horodate: 2020-07-23T11:45:04.347Z,
  ip: '103.70.146.119',
  geoloc: {
    range: [ 1732678144, 1732678655 ],
    country: 'IN',
    region: 'UP',
    eu: '0',
    timezone: 'Asia/Kolkata',
    city: 'Mathura',
    ll: [ 27.5035, 77.6721 ],
    metro: 0,
    area: 100
  },
  __lastAccess: 1595497504394
}
[2020-07-23T11:45:04.452] [TRACE] file - Session {
  cookie: {
    path: '/',
    _expires: 2020-10-21T09:45:04.452Z,
    originalMaxAge: 7776000000,
    httpOnly: true
  },
  views: { '/': 1 },
  horodate: 2020-07-23T11:45:04.398Z,
  ip: '79.144.101.229',
  geoloc: {
    range: [ 1334862848, 1334863871 ],
    country: 'ES',
    region: 'CL',
    eu: '1',
    timezone: 'Europe/Madrid',
    city: 'Ponferrada',
    ll: [ 42.5466, -6.5962 ],
    metro: 0,
    area: 5
  },
  __lastAccess: 1595497504452
}
[2020-07-23T11:45:04.524] [TRACE] file - Session {
  cookie: {
    path: '/',
    _expires: 2020-10-21T09:45:04.522Z,
    originalMaxAge: 7775999999,
    httpOnly: true
  },
  views: { '/': 103, '/cv': 46, '/adm1n': 22, '/giftedADHD': 17 },
  __lastAccess: 1595497504524,
  horodate: 2020-07-23T11:45:04.462Z,
  ip: '83.202.34.239',
  geoloc: {
    range: [ 1405755904, 1405756415 ],
    country: 'FR',
    region: 'IDF',
    eu: '1',
    timezone: 'Europe/Paris',
    city: 'Paris',
    ll: [ 48.8543, 2.3527 ],
    metro: 0,
    area: 10
  }
}
[2020-07-23T11:45:04.572] [TRACE] file - Session {
  cookie: {
    path: '/',
    _expires: 2020-10-21T09:45:04.571Z,
    originalMaxAge: 7775999999,
    httpOnly: true
  },
  views: { '/': 104, '/cv': 45, '/adm1n': 22, '/giftedADHD': 17 },
  __lastAccess: 1595497504572,
  horodate: 2020-07-23T11:45:04.525Z,
  ip: undefined,
  geoloc: null
}
[2020-07-23T11:45:04.615] [TRACE] file - Session {
  cookie: {
    path: '/',
    _expires: 2020-10-21T09:45:04.614Z,
    originalMaxAge: 7775999999,
    httpOnly: true
  },
  views: { '/': 104, '/cv': 45, '/adm1n': 22, '/giftedADHD': 17 },
  __lastAccess: 1595497504615,
  horodate: 2020-07-23T11:45:04.573Z,
  ip: '83.202.34.239',
  geoloc: {
    range: [ 1405755904, 1405756415 ],
    country: 'FR',
    region: 'IDF',
    eu: '1',
    timezone: 'Europe/Paris',
    city: 'Paris',
    ll: [ 48.8543, 2.3527 ],
    metro: 0,
    area: 10
  }
}
[2020-07-23T11:45:41.127] [TRACE] file - Session {
  cookie: {
    path: '/',
    _expires: 2020-10-21T09:45:41.126Z,
    originalMaxAge: 7775999999,
    httpOnly: true
  },
  views: { '/': 105, '/cv': 45, '/adm1n': 22, '/giftedADHD': 17 },
  __lastAccess: 1595497541127,
  horodate: 2020-07-23T11:45:41.070Z,
  geoloc: {
    range: [ 1405755904, 1405756415 ],
    country: 'FR',
    region: 'IDF',
    eu: '1',
    timezone: 'Europe/Paris',
    city: 'Paris',
    ll: [ 48.8543, 2.3527 ],
    metro: 0,
    area: 10
  },
  ip: '83.202.34.239'
}
[2020-07-23T11:46:59.485] [TRACE] file - Session {
  cookie: {
    path: '/',
    _expires: 2020-10-21T09:46:59.484Z,
    originalMaxAge: 7775999999,
    httpOnly: true
  },
  views: { '/': 106, '/cv': 45, '/adm1n': 22, '/giftedADHD': 17 },
  __lastAccess: 1595497619485,
  horodate: 2020-07-23T11:46:59.421Z,
  geoloc: {
    range: [ 1405755904, 1405756415 ],
    country: 'FR',
    region: 'IDF',
    eu: '1',
    timezone: 'Europe/Paris',
    city: 'Paris',
    ll: [ 48.8543, 2.3527 ],
    metro: 0,
    area: 10
  },
  ip: '83.202.34.239'
}
[2020-07-23T11:47:16.377] [TRACE] file - Session {
  cookie: {
    path: '/',
    _expires: 2020-10-21T09:47:16.375Z,
    originalMaxAge: 7775999999,
    httpOnly: true
  },
  views: { '/': 106, '/cv': 46, '/adm1n': 22, '/giftedADHD': 17 },
  __lastAccess: 1595497636376,
  horodate: 2020-07-23T11:47:16.313Z,
  geoloc: {
    range: [ 1405755904, 1405756415 ],
    country: 'FR',
    region: 'IDF',
    eu: '1',
    timezone: 'Europe/Paris',
    city: 'Paris',
    ll: [ 48.8543, 2.3527 ],
    metro: 0,
    area: 10
  },
  ip: '83.202.34.239'
}
[2020-07-23T11:48:20.903] [TRACE] file - Session {
  cookie: {
    path: '/',
    _expires: 2020-10-21T09:48:20.902Z,
    originalMaxAge: 7775999999,
    httpOnly: true
  },
  views: { '/': 106, '/cv': 47, '/adm1n': 22, '/giftedADHD': 17 },
  __lastAccess: 1595497700903,
  horodate: 2020-07-23T11:48:20.841Z,
  geoloc: {
    range: [ 1405755904, 1405756415 ],
    country: 'FR',
    region: 'IDF',
    eu: '1',
    timezone: 'Europe/Paris',
    city: 'Paris',
    ll: [ 48.8543, 2.3527 ],
    metro: 0,
    area: 10
  },
  ip: '83.202.34.239'
}
[2020-07-23T11:48:24.636] [TRACE] file - Session {
  cookie: {
    path: '/',
    _expires: 2020-10-21T09:48:24.634Z,
    originalMaxAge: 7775999999,
    httpOnly: true
  },
  views: { '/': 107, '/cv': 47, '/adm1n': 22, '/giftedADHD': 17 },
  __lastAccess: 1595497704635,
  horodate: 2020-07-23T11:48:24.579Z,
  geoloc: {
    range: [ 1405755904, 1405756415 ],
    country: 'FR',
    region: 'IDF',
    eu: '1',
    timezone: 'Europe/Paris',
    city: 'Paris',
    ll: [ 48.8543, 2.3527 ],
    metro: 0,
    area: 10
  },
  ip: '83.202.34.239'
}
[2020-07-23T11:50:08.958] [TRACE] file - Session {
  cookie: {
    path: '/',
    _expires: 2020-10-21T09:50:08.956Z,
    originalMaxAge: 7775999999,
    httpOnly: true
  },
  views: { '/': 108, '/cv': 47, '/adm1n': 22, '/giftedADHD': 17 },
  __lastAccess: 1595497808957,
  horodate: 2020-07-23T11:50:08.888Z,
  geoloc: {
    range: [ 1405755904, 1405756415 ],
    country: 'FR',
    region: 'IDF',
    eu: '1',
    timezone: 'Europe/Paris',
    city: 'Paris',
    ll: [ 48.8543, 2.3527 ],
    metro: 0,
    area: 10
  },
  ip: '83.202.34.239'
}
[2020-07-23T11:50:16.761] [TRACE] file - Session {
  cookie: {
    path: '/',
    _expires: 2020-10-21T09:50:16.760Z,
    originalMaxAge: 7775999999,
    httpOnly: true
  },
  views: { '/': 109, '/cv': 47, '/adm1n': 22, '/giftedADHD': 17 },
  __lastAccess: 1595497816761,
  horodate: 2020-07-23T11:50:16.654Z,
  geoloc: {
    range: [ 1405755904, 1405756415 ],
    country: 'FR',
    region: 'IDF',
    eu: '1',
    timezone: 'Europe/Paris',
    city: 'Paris',
    ll: [ 48.8543, 2.3527 ],
    metro: 0,
    area: 10
  },
  ip: '83.202.34.239'
}
[2020-07-23T11:50:20.249] [TRACE] file - Session {
  cookie: {
    path: '/',
    _expires: 2020-10-21T09:50:20.248Z,
    originalMaxAge: 7775999999,
    httpOnly: true
  },
  views: { '/': 109, '/cv': 48, '/adm1n': 22, '/giftedADHD': 17 },
  __lastAccess: 1595497820249,
  horodate: 2020-07-23T11:50:20.198Z,
  geoloc: {
    range: [ 1405755904, 1405756415 ],
    country: 'FR',
    region: 'IDF',
    eu: '1',
    timezone: 'Europe/Paris',
    city: 'Paris',
    ll: [ 48.8543, 2.3527 ],
    metro: 0,
    area: 10
  },
  ip: '83.202.34.239'
}
[2020-07-23T11:52:16.628] [TRACE] file - Session {
  cookie: {
    path: '/',
    _expires: 2020-10-21T09:52:16.627Z,
    originalMaxAge: 7775999999,
    httpOnly: true
  },
  views: { '/': 109, '/cv': 49, '/adm1n': 22, '/giftedADHD': 17 },
  __lastAccess: 1595497936628,
  horodate: 2020-07-23T11:52:16.574Z,
  geoloc: {
    range: [ 1405755904, 1405756415 ],
    country: 'FR',
    region: 'IDF',
    eu: '1',
    timezone: 'Europe/Paris',
    city: 'Paris',
    ll: [ 48.8543, 2.3527 ],
    metro: 0,
    area: 10
  },
  ip: '83.202.34.239'
}
[2020-07-23T11:54:23.018] [TRACE] file - Session {
  cookie: {
    path: '/',
    _expires: 2020-10-21T09:54:23.017Z,
    originalMaxAge: 7775999999,
    httpOnly: true
  },
  views: { '/': 109, '/cv': 50, '/adm1n': 22, '/giftedADHD': 17 },
  __lastAccess: 1595498063018,
  horodate: 2020-07-23T11:54:22.966Z,
  geoloc: {
    range: [ 1405755904, 1405756415 ],
    country: 'FR',
    region: 'IDF',
    eu: '1',
    timezone: 'Europe/Paris',
    city: 'Paris',
    ll: [ 48.8543, 2.3527 ],
    metro: 0,
    area: 10
  },
  ip: '83.202.34.239'
}
[2020-07-23T11:54:28.837] [TRACE] file - Session {
  cookie: {
    path: '/',
    _expires: 2020-10-21T09:54:28.836Z,
    originalMaxAge: 7775999999,
    httpOnly: true
  },
  views: { '/': 110, '/cv': 50, '/adm1n': 22, '/giftedADHD': 17 },
  __lastAccess: 1595498068837,
  horodate: 2020-07-23T11:54:28.774Z,
  geoloc: {
    range: [ 1405755904, 1405756415 ],
    country: 'FR',
    region: 'IDF',
    eu: '1',
    timezone: 'Europe/Paris',
    city: 'Paris',
    ll: [ 48.8543, 2.3527 ],
    metro: 0,
    area: 10
  },
  ip: '83.202.34.239'
}
[2020-07-23T11:55:30.121] [TRACE] file - Session {
  cookie: {
    path: '/',
    _expires: 2020-10-21T09:55:30.120Z,
    originalMaxAge: 7775999999,
    httpOnly: true
  },
  views: { '/': 111, '/cv': 50, '/adm1n': 22, '/giftedADHD': 17 },
  __lastAccess: 1595498130121,
  horodate: 2020-07-23T11:55:30.045Z,
  geoloc: {
    range: [ 1405755904, 1405756415 ],
    country: 'FR',
    region: 'IDF',
    eu: '1',
    timezone: 'Europe/Paris',
    city: 'Paris',
    ll: [ 48.8543, 2.3527 ],
    metro: 0,
    area: 10
  },
  ip: '83.202.34.239'
}
[2020-07-23T11:59:30.989] [TRACE] file - Session {
  cookie: {
    path: '/',
    _expires: 2020-10-21T09:59:30.988Z,
    originalMaxAge: 7775999999,
    httpOnly: true
  },
  views: { '/': 111, '/cv': 51, '/adm1n': 22, '/giftedADHD': 17 },
  __lastAccess: 1595498370989,
  horodate: 2020-07-23T11:59:30.917Z,
  geoloc: {
    range: [ 1405755904, 1405756415 ],
    country: 'FR',
    region: 'IDF',
    eu: '1',
    timezone: 'Europe/Paris',
    city: 'Paris',
    ll: [ 48.8543, 2.3527 ],
    metro: 0,
    area: 10
  },
  ip: '83.202.34.239'
}
[2020-07-23T12:01:03.307] [TRACE] file - Session {
  cookie: {
    path: '/',
    _expires: 2020-10-21T10:01:03.305Z,
    originalMaxAge: 7775999999,
    httpOnly: true
  },
  views: { '/': 111, '/cv': 52, '/adm1n': 22, '/giftedADHD': 17 },
  __lastAccess: 1595498463306,
  horodate: 2020-07-23T12:01:03.252Z,
  geoloc: {
    range: [ 1405755904, 1405756415 ],
    country: 'FR',
    region: 'IDF',
    eu: '1',
    timezone: 'Europe/Paris',
    city: 'Paris',
    ll: [ 48.8543, 2.3527 ],
    metro: 0,
    area: 10
  },
  ip: '83.202.34.239'
}
[2020-07-23T12:02:00.098] [TRACE] file - Session {
  cookie: {
    path: '/',
    _expires: 2020-10-21T10:02:00.096Z,
    originalMaxAge: 7775999998,
    httpOnly: true
  },
  views: { '/': 111, '/cv': 53, '/adm1n': 22, '/giftedADHD': 17 },
  __lastAccess: 1595498520098,
  horodate: 2020-07-23T12:02:00.006Z,
  geoloc: {
    range: [ 1405755904, 1405756415 ],
    country: 'FR',
    region: 'IDF',
    eu: '1',
    timezone: 'Europe/Paris',
    city: 'Paris',
    ll: [ 48.8543, 2.3527 ],
    metro: 0,
    area: 10
  },
  ip: '83.202.34.239'
}
[2020-07-23T12:02:08.891] [TRACE] file - Session {
  cookie: {
    path: '/',
    _expires: 2020-10-21T10:02:08.889Z,
    originalMaxAge: 7775999998,
    httpOnly: true
  },
  views: { '/': 111, '/cv': 54, '/adm1n': 22, '/giftedADHD': 17 },
  __lastAccess: 1595498528891,
  horodate: 2020-07-23T12:02:08.765Z,
  geoloc: {
    range: [ 1405755904, 1405756415 ],
    country: 'FR',
    region: 'IDF',
    eu: '1',
    timezone: 'Europe/Paris',
    city: 'Paris',
    ll: [ 48.8543, 2.3527 ],
    metro: 0,
    area: 10
  },
  ip: '83.202.34.239'
}
[2020-07-23T12:02:35.807] [TRACE] file - Session {
  cookie: {
    path: '/',
    _expires: 2020-10-21T10:02:35.805Z,
    originalMaxAge: 7775999998,
    httpOnly: true
  },
  views: { '/': 111, '/cv': 55, '/adm1n': 22, '/giftedADHD': 17 },
  __lastAccess: 1595498555807,
  horodate: 2020-07-23T12:02:35.680Z,
  geoloc: {
    range: [ 1405755904, 1405756415 ],
    country: 'FR',
    region: 'IDF',
    eu: '1',
    timezone: 'Europe/Paris',
    city: 'Paris',
    ll: [ 48.8543, 2.3527 ],
    metro: 0,
    area: 10
  },
  ip: '83.202.34.239'
}
[2020-07-23T12:03:45.673] [TRACE] file - Session {
  cookie: {
    path: '/',
    _expires: 2020-10-21T10:03:45.670Z,
    originalMaxAge: 7775999998,
    httpOnly: true
  },
  views: { '/': 111, '/cv': 56, '/adm1n': 22, '/giftedADHD': 17 },
  __lastAccess: 1595498625672,
  horodate: 2020-07-23T12:03:45.547Z,
  geoloc: {
    range: [ 1405755904, 1405756415 ],
    country: 'FR',
    region: 'IDF',
    eu: '1',
    timezone: 'Europe/Paris',
    city: 'Paris',
    ll: [ 48.8543, 2.3527 ],
    metro: 0,
    area: 10
  },
  ip: '83.202.34.239'
}
[2020-07-23T12:04:34.911] [TRACE] file - Session {
  cookie: {
    path: '/',
    _expires: 2020-10-21T10:04:34.908Z,
    originalMaxAge: 7775999998,
    httpOnly: true
  },
  views: { '/': 111, '/cv': 57, '/adm1n': 22, '/giftedADHD': 17 },
  __lastAccess: 1595498674910,
  horodate: 2020-07-23T12:04:34.814Z,
  geoloc: {
    range: [ 1405755904, 1405756415 ],
    country: 'FR',
    region: 'IDF',
    eu: '1',
    timezone: 'Europe/Paris',
    city: 'Paris',
    ll: [ 48.8543, 2.3527 ],
    metro: 0,
    area: 10
  },
  ip: '83.202.34.239'
}
[2020-07-23T12:04:44.028] [TRACE] file - Session {
  cookie: {
    path: '/',
    _expires: 2020-10-21T10:04:44.024Z,
    originalMaxAge: 7775999998,
    httpOnly: true
  },
  views: { '/': 111, '/cv': 58, '/adm1n': 22, '/giftedADHD': 17 },
  __lastAccess: 1595498684027,
  horodate: 2020-07-23T12:04:43.871Z,
  geoloc: {
    range: [ 1405755904, 1405756415 ],
    country: 'FR',
    region: 'IDF',
    eu: '1',
    timezone: 'Europe/Paris',
    city: 'Paris',
    ll: [ 48.8543, 2.3527 ],
    metro: 0,
    area: 10
  },
  ip: '83.202.34.239'
}
[2020-07-23T12:04:45.108] [TRACE] file - Session {
  cookie: {
    path: '/',
    _expires: 2020-10-21T10:04:45.105Z,
    originalMaxAge: 7775999998,
    httpOnly: true
  },
  views: { '/': 112, '/cv': 58, '/adm1n': 22, '/giftedADHD': 17 },
  __lastAccess: 1595498685107,
  horodate: 2020-07-23T12:04:45.010Z,
  geoloc: {
    range: [ 1405755904, 1405756415 ],
    country: 'FR',
    region: 'IDF',
    eu: '1',
    timezone: 'Europe/Paris',
    city: 'Paris',
    ll: [ 48.8543, 2.3527 ],
    metro: 0,
    area: 10
  },
  ip: '83.202.34.239'
}
[2020-07-23T12:04:52.333] [TRACE] file - Session {
  cookie: {
    path: '/',
    _expires: 2020-10-21T10:04:52.330Z,
    originalMaxAge: 7775999998,
    httpOnly: true
  },
  views: { '/': 112, '/cv': 59, '/adm1n': 22, '/giftedADHD': 17 },
  __lastAccess: 1595498692332,
  horodate: 2020-07-23T12:04:52.194Z,
  geoloc: {
    range: [ 1405755904, 1405756415 ],
    country: 'FR',
    region: 'IDF',
    eu: '1',
    timezone: 'Europe/Paris',
    city: 'Paris',
    ll: [ 48.8543, 2.3527 ],
    metro: 0,
    area: 10
  },
  ip: '83.202.34.239'
}
[2020-07-23T12:05:11.731] [TRACE] file - Session {
  cookie: {
    path: '/',
    _expires: 2020-10-21T10:05:11.729Z,
    originalMaxAge: 7775999998,
    httpOnly: true
  },
  views: { '/': 112, '/cv': 60, '/adm1n': 22, '/giftedADHD': 17 },
  __lastAccess: 1595498711731,
  horodate: 2020-07-23T12:05:11.665Z,
  geoloc: {
    range: [ 1405755904, 1405756415 ],
    country: 'FR',
    region: 'IDF',
    eu: '1',
    timezone: 'Europe/Paris',
    city: 'Paris',
    ll: [ 48.8543, 2.3527 ],
    metro: 0,
    area: 10
  },
  ip: '83.202.34.239'
}
[2020-07-23T12:07:52.430] [TRACE] file - Session {
  cookie: {
    path: '/',
    _expires: 2020-10-21T10:07:52.428Z,
    originalMaxAge: 7775999998,
    httpOnly: true
  },
  views: { '/': 112, '/cv': 61, '/adm1n': 22, '/giftedADHD': 17 },
  __lastAccess: 1595498872430,
  horodate: 2020-07-23T12:07:52.354Z,
  geoloc: {
    range: [ 1405755904, 1405756415 ],
    country: 'FR',
    region: 'IDF',
    eu: '1',
    timezone: 'Europe/Paris',
    city: 'Paris',
    ll: [ 48.8543, 2.3527 ],
    metro: 0,
    area: 10
  },
  ip: '83.202.34.239'
}
[2020-07-23T12:07:56.421] [TRACE] file - Session {
  cookie: {
    path: '/',
    _expires: 2020-10-21T10:07:56.418Z,
    originalMaxAge: 7775999998,
    httpOnly: true
  },
  views: { '/': 113, '/cv': 61, '/adm1n': 22, '/giftedADHD': 17 },
  __lastAccess: 1595498876420,
  horodate: 2020-07-23T12:07:56.360Z,
  geoloc: {
    range: [ 1405755904, 1405756415 ],
    country: 'FR',
    region: 'IDF',
    eu: '1',
    timezone: 'Europe/Paris',
    city: 'Paris',
    ll: [ 48.8543, 2.3527 ],
    metro: 0,
    area: 10
  },
  ip: '83.202.34.239'
}
[2020-07-23T12:08:00.131] [TRACE] file - Session {
  cookie: {
    path: '/',
    _expires: 2020-10-21T10:08:00.129Z,
    originalMaxAge: 7775999998,
    httpOnly: true
  },
  views: { '/': 113, '/cv': 62, '/adm1n': 22, '/giftedADHD': 17 },
  __lastAccess: 1595498880131,
  horodate: 2020-07-23T12:08:00.017Z,
  geoloc: {
    range: [ 1405755904, 1405756415 ],
    country: 'FR',
    region: 'IDF',
    eu: '1',
    timezone: 'Europe/Paris',
    city: 'Paris',
    ll: [ 48.8543, 2.3527 ],
    metro: 0,
    area: 10
  },
  ip: '83.202.34.239'
}
[2020-07-23T12:09:05.443] [TRACE] file - Session {
  cookie: {
    path: '/',
    _expires: 2020-10-21T10:09:05.443Z,
    originalMaxAge: 7776000000,
    httpOnly: true
  },
  views: { '/': 3, '/cv': 2, '/adm1n': 2 },
  __lastAccess: 1595498945443,
  horodate: 2020-07-23T12:09:05.372Z,
  ip: '91.175.159.123',
  geoloc: {
    range: [ 1537998848, 1538260991 ],
    country: 'FR',
    region: '',
    eu: '1',
    timezone: 'Europe/Paris',
    city: '',
    ll: [ 48.8582, 2.3387 ],
    metro: 0,
    area: 500
  }
}
[2020-07-23T12:09:45.443] [TRACE] file - Session {
  cookie: {
    path: '/',
    _expires: 2020-10-21T10:09:45.441Z,
    originalMaxAge: 7775999998,
    httpOnly: true
  },
  views: { '/': 113, '/cv': 63, '/adm1n': 22, '/giftedADHD': 17 },
  __lastAccess: 1595498985443,
  horodate: 2020-07-23T12:09:45.378Z,
  geoloc: {
    range: [ 1405755904, 1405756415 ],
    country: 'FR',
    region: 'IDF',
    eu: '1',
    timezone: 'Europe/Paris',
    city: 'Paris',
    ll: [ 48.8543, 2.3527 ],
    metro: 0,
    area: 10
  },
  ip: '83.202.34.239'
}
[2020-07-23T12:09:53.089] [TRACE] file - Session {
  cookie: {
    path: '/',
    _expires: 2020-10-21T10:09:53.086Z,
    originalMaxAge: 7775999998,
    httpOnly: true
  },
  views: { '/': 113, '/cv': 64, '/adm1n': 22, '/giftedADHD': 17 },
  __lastAccess: 1595498993089,
  horodate: 2020-07-23T12:09:53.018Z,
  geoloc: {
    range: [ 1405755904, 1405756415 ],
    country: 'FR',
    region: 'IDF',
    eu: '1',
    timezone: 'Europe/Paris',
    city: 'Paris',
    ll: [ 48.8543, 2.3527 ],
    metro: 0,
    area: 10
  },
  ip: '83.202.34.239'
}
[2020-07-23T12:10:03.515] [TRACE] file - Session {
  cookie: {
    path: '/',
    _expires: 2020-10-21T10:10:03.513Z,
    originalMaxAge: 7775999998,
    httpOnly: true
  },
  views: { '/': 113, '/cv': 65, '/adm1n': 22, '/giftedADHD': 17 },
  __lastAccess: 1595499003515,
  horodate: 2020-07-23T12:10:03.452Z,
  geoloc: {
    range: [ 1405755904, 1405756415 ],
    country: 'FR',
    region: 'IDF',
    eu: '1',
    timezone: 'Europe/Paris',
    city: 'Paris',
    ll: [ 48.8543, 2.3527 ],
    metro: 0,
    area: 10
  },
  ip: '83.202.34.239'
}
[2020-07-23T12:10:20.145] [TRACE] file - Session {
  cookie: {
    path: '/',
    _expires: 2020-10-21T10:10:20.143Z,
    originalMaxAge: 7775999998,
    httpOnly: true
  },
  views: { '/': 113, '/cv': 66, '/adm1n': 22, '/giftedADHD': 17 },
  __lastAccess: 1595499020145,
  horodate: 2020-07-23T12:10:20.081Z,
  geoloc: {
    range: [ 1405755904, 1405756415 ],
    country: 'FR',
    region: 'IDF',
    eu: '1',
    timezone: 'Europe/Paris',
    city: 'Paris',
    ll: [ 48.8543, 2.3527 ],
    metro: 0,
    area: 10
  },
  ip: '83.202.34.239'
}
[2020-07-23T12:11:07.212] [TRACE] file - Session {
  cookie: {
    path: '/',
    _expires: 2020-10-21T10:11:07.211Z,
    originalMaxAge: 7776000000,
    httpOnly: true
  },
  views: { '/': 1 },
  horodate: 2020-07-23T12:11:07.142Z,
  ip: '176.48.141.254',
  geoloc: {
    range: [ 2955971584, 2955972607 ],
    country: 'RU',
    region: 'IRK',
    eu: '0',
    timezone: 'Asia/Irkutsk',
    city: 'Irkutsk',
    ll: [ 52.2978, 104.2964 ],
    metro: 0,
    area: 200
  },
  __lastAccess: 1595499067211
}
[2020-07-23T12:12:10.345] [TRACE] file - Session {
  cookie: {
    path: '/',
    _expires: 2020-10-21T10:12:10.342Z,
    originalMaxAge: 7775999998,
    httpOnly: true
  },
  views: { '/': 113, '/cv': 67, '/adm1n': 22, '/giftedADHD': 17 },
  __lastAccess: 1595499130344,
  horodate: 2020-07-23T12:12:10.283Z,
  geoloc: {
    range: [ 1405755904, 1405756415 ],
    country: 'FR',
    region: 'IDF',
    eu: '1',
    timezone: 'Europe/Paris',
    city: 'Paris',
    ll: [ 48.8543, 2.3527 ],
    metro: 0,
    area: 10
  },
  ip: '83.202.34.239'
}
[2020-07-23T12:12:58.268] [TRACE] file - Session {
  cookie: {
    path: '/',
    _expires: 2020-10-21T10:12:58.265Z,
    originalMaxAge: 7775999998,
    httpOnly: true
  },
  views: { '/': 113, '/cv': 68, '/adm1n': 22, '/giftedADHD': 17 },
  __lastAccess: 1595499178267,
  horodate: 2020-07-23T12:12:58.211Z,
  geoloc: {
    range: [ 1405755904, 1405756415 ],
    country: 'FR',
    region: 'IDF',
    eu: '1',
    timezone: 'Europe/Paris',
    city: 'Paris',
    ll: [ 48.8543, 2.3527 ],
    metro: 0,
    area: 10
  },
  ip: '83.202.34.239'
}
[2020-07-23T12:13:23.098] [TRACE] file - Session {
  cookie: {
    path: '/',
    _expires: 2020-10-21T10:13:23.096Z,
    originalMaxAge: 7775999998,
    httpOnly: true
  },
  views: { '/': 113, '/cv': 69, '/adm1n': 22, '/giftedADHD': 17 },
  __lastAccess: 1595499203098,
  horodate: 2020-07-23T12:13:23.045Z,
  geoloc: {
    range: [ 1405755904, 1405756415 ],
    country: 'FR',
    region: 'IDF',
    eu: '1',
    timezone: 'Europe/Paris',
    city: 'Paris',
    ll: [ 48.8543, 2.3527 ],
    metro: 0,
    area: 10
  },
  ip: '83.202.34.239'
}
[2020-07-23T12:13:27.976] [TRACE] file - Session {
  cookie: {
    path: '/',
    _expires: 2020-10-21T10:13:27.974Z,
    originalMaxAge: 7775999998,
    httpOnly: true
  },
  views: { '/': 114, '/cv': 69, '/adm1n': 22, '/giftedADHD': 17 },
  __lastAccess: 1595499207976,
  horodate: 2020-07-23T12:13:27.923Z,
  geoloc: {
    range: [ 1405755904, 1405756415 ],
    country: 'FR',
    region: 'IDF',
    eu: '1',
    timezone: 'Europe/Paris',
    city: 'Paris',
    ll: [ 48.8543, 2.3527 ],
    metro: 0,
    area: 10
  },
  ip: '83.202.34.239'
}
[2020-07-23T12:13:36.691] [TRACE] file - Session {
  cookie: {
    path: '/',
    _expires: 2020-10-21T10:13:36.689Z,
    originalMaxAge: 7775999998,
    httpOnly: true
  },
  views: { '/': 115, '/cv': 69, '/adm1n': 22, '/giftedADHD': 17 },
  __lastAccess: 1595499216691,
  horodate: 2020-07-23T12:13:36.607Z,
  geoloc: {
    range: [ 1405755904, 1405756415 ],
    country: 'FR',
    region: 'IDF',
    eu: '1',
    timezone: 'Europe/Paris',
    city: 'Paris',
    ll: [ 48.8543, 2.3527 ],
    metro: 0,
    area: 10
  },
  ip: '83.202.34.239'
}
[2020-07-23T12:15:15.312] [TRACE] file - Session {
  cookie: {
    path: '/',
    _expires: 2020-10-21T10:15:15.310Z,
    originalMaxAge: 7775999998,
    httpOnly: true
  },
  views: { '/': 116, '/cv': 69, '/adm1n': 22, '/giftedADHD': 17 },
  __lastAccess: 1595499315312,
  horodate: 2020-07-23T12:15:15.238Z,
  geoloc: {
    range: [ 1405755904, 1405756415 ],
    country: 'FR',
    region: 'IDF',
    eu: '1',
    timezone: 'Europe/Paris',
    city: 'Paris',
    ll: [ 48.8543, 2.3527 ],
    metro: 0,
    area: 10
  },
  ip: '83.202.34.239'
}
[2020-07-23T12:16:02.315] [TRACE] file - Session {
  cookie: {
    path: '/',
    _expires: 2020-10-21T10:16:02.313Z,
    originalMaxAge: 7775999998,
    httpOnly: true
  },
  views: { '/': 117, '/cv': 69, '/adm1n': 22, '/giftedADHD': 17 },
  __lastAccess: 1595499362315,
  horodate: 2020-07-23T12:16:02.226Z,
  geoloc: {
    range: [ 1405755904, 1405756415 ],
    country: 'FR',
    region: 'IDF',
    eu: '1',
    timezone: 'Europe/Paris',
    city: 'Paris',
    ll: [ 48.8543, 2.3527 ],
    metro: 0,
    area: 10
  },
  ip: '83.202.34.239'
}
[2020-07-23T12:16:24.707] [TRACE] file - Session {
  cookie: {
    path: '/',
    _expires: 2020-10-21T10:16:24.705Z,
    originalMaxAge: 7775999998,
    httpOnly: true
  },
  views: { '/': 118, '/cv': 69, '/adm1n': 22, '/giftedADHD': 17 },
  __lastAccess: 1595499384707,
  horodate: 2020-07-23T12:16:24.637Z,
  geoloc: {
    range: [ 1405755904, 1405756415 ],
    country: 'FR',
    region: 'IDF',
    eu: '1',
    timezone: 'Europe/Paris',
    city: 'Paris',
    ll: [ 48.8543, 2.3527 ],
    metro: 0,
    area: 10
  },
  ip: '83.202.34.239'
}
[2020-07-23T12:16:34.659] [TRACE] file - Session {
  cookie: {
    path: '/',
    _expires: 2020-10-21T10:16:34.657Z,
    originalMaxAge: 7775999998,
    httpOnly: true
  },
  views: { '/': 118, '/cv': 70, '/adm1n': 22, '/giftedADHD': 17 },
  __lastAccess: 1595499394659,
  horodate: 2020-07-23T12:16:34.588Z,
  geoloc: {
    range: [ 1405755904, 1405756415 ],
    country: 'FR',
    region: 'IDF',
    eu: '1',
    timezone: 'Europe/Paris',
    city: 'Paris',
    ll: [ 48.8543, 2.3527 ],
    metro: 0,
    area: 10
  },
  ip: '83.202.34.239'
}
[2020-07-23T12:16:41.122] [TRACE] file - Session {
  cookie: {
    path: '/',
    _expires: 2020-10-21T10:16:41.120Z,
    originalMaxAge: 7775999998,
    httpOnly: true
  },
  views: { '/': 118, '/cv': 70, '/adm1n': 23, '/giftedADHD': 17 },
  __lastAccess: 1595499401122,
  horodate: 2020-07-23T12:16:41.061Z,
  geoloc: {
    range: [ 1405755904, 1405756415 ],
    country: 'FR',
    region: 'IDF',
    eu: '1',
    timezone: 'Europe/Paris',
    city: 'Paris',
    ll: [ 48.8543, 2.3527 ],
    metro: 0,
    area: 10
  },
  ip: '83.202.34.239'
}
[2020-07-23T12:16:50.429] [TRACE] file - Session {
  cookie: {
    path: '/',
    _expires: 2020-10-21T10:16:50.426Z,
    originalMaxAge: 7775999998,
    httpOnly: true
  },
  views: { '/': 118, '/cv': 70, '/adm1n': 23, '/giftedADHD': 18 },
  __lastAccess: 1595499410428,
  horodate: 2020-07-23T12:16:50.389Z,
  geoloc: {
    range: [ 1405755904, 1405756415 ],
    country: 'FR',
    region: 'IDF',
    eu: '1',
    timezone: 'Europe/Paris',
    city: 'Paris',
    ll: [ 48.8543, 2.3527 ],
    metro: 0,
    area: 10
  },
  ip: '83.202.34.239'
}
[2020-07-23T12:17:24.400] [TRACE] file - Session {
  cookie: {
    path: '/',
    _expires: 2020-10-21T10:17:24.398Z,
    originalMaxAge: 7775999998,
    httpOnly: true
  },
  views: { '/': 119, '/cv': 70, '/adm1n': 23, '/giftedADHD': 18 },
  __lastAccess: 1595499444400,
  horodate: 2020-07-23T12:17:24.330Z,
  geoloc: {
    range: [ 1405755904, 1405756415 ],
    country: 'FR',
    region: 'IDF',
    eu: '1',
    timezone: 'Europe/Paris',
    city: 'Paris',
    ll: [ 48.8543, 2.3527 ],
    metro: 0,
    area: 10
  },
  ip: '83.202.34.239'
}
[2020-07-23T12:17:28.284] [TRACE] file - Session {
  cookie: {
    path: '/',
    _expires: 2020-10-21T10:17:28.282Z,
    originalMaxAge: 7775999998,
    httpOnly: true
  },
  views: { '/': 119, '/cv': 71, '/adm1n': 23, '/giftedADHD': 18 },
  __lastAccess: 1595499448284,
  horodate: 2020-07-23T12:17:28.225Z,
  geoloc: {
    range: [ 1405755904, 1405756415 ],
    country: 'FR',
    region: 'IDF',
    eu: '1',
    timezone: 'Europe/Paris',
    city: 'Paris',
    ll: [ 48.8543, 2.3527 ],
    metro: 0,
    area: 10
  },
  ip: '83.202.34.239'
}
[2020-07-23T12:18:01.393] [TRACE] file - Session {
  cookie: {
    path: '/',
    _expires: 2020-10-21T10:18:01.391Z,
    originalMaxAge: 7775999998,
    httpOnly: true
  },
  views: { '/': 119, '/cv': 72, '/adm1n': 23, '/giftedADHD': 18 },
  __lastAccess: 1595499481393,
  horodate: 2020-07-23T12:18:01.330Z,
  geoloc: {
    range: [ 1405755904, 1405756415 ],
    country: 'FR',
    region: 'IDF',
    eu: '1',
    timezone: 'Europe/Paris',
    city: 'Paris',
    ll: [ 48.8543, 2.3527 ],
    metro: 0,
    area: 10
  },
  ip: '83.202.34.239'
}
[2020-07-23T12:18:16.293] [TRACE] file - Session {
  cookie: {
    path: '/',
    _expires: 2020-10-21T10:18:16.291Z,
    originalMaxAge: 7775999998,
    httpOnly: true
  },
  views: { '/': 119, '/cv': 73, '/adm1n': 23, '/giftedADHD': 18 },
  __lastAccess: 1595499496293,
  horodate: 2020-07-23T12:18:16.227Z,
  geoloc: {
    range: [ 1405755904, 1405756415 ],
    country: 'FR',
    region: 'IDF',
    eu: '1',
    timezone: 'Europe/Paris',
    city: 'Paris',
    ll: [ 48.8543, 2.3527 ],
    metro: 0,
    area: 10
  },
  ip: '83.202.34.239'
}
[2020-07-23T12:18:29.686] [TRACE] file - Session {
  cookie: {
    path: '/',
    _expires: 2020-10-21T10:18:29.684Z,
    originalMaxAge: 7775999998,
    httpOnly: true
  },
  views: { '/': 119, '/cv': 74, '/adm1n': 23, '/giftedADHD': 18 },
  __lastAccess: 1595499509686,
  horodate: 2020-07-23T12:18:29.638Z,
  geoloc: {
    range: [ 1405755904, 1405756415 ],
    country: 'FR',
    region: 'IDF',
    eu: '1',
    timezone: 'Europe/Paris',
    city: 'Paris',
    ll: [ 48.8543, 2.3527 ],
    metro: 0,
    area: 10
  },
  ip: '83.202.34.239'
}
[2020-07-23T12:18:39.242] [TRACE] file - Session {
  cookie: {
    path: '/',
    _expires: 2020-10-21T10:18:39.240Z,
    originalMaxAge: 7775999998,
    httpOnly: true
  },
  views: { '/': 119, '/cv': 75, '/adm1n': 23, '/giftedADHD': 18 },
  __lastAccess: 1595499519242,
  horodate: 2020-07-23T12:18:39.193Z,
  geoloc: {
    range: [ 1405755904, 1405756415 ],
    country: 'FR',
    region: 'IDF',
    eu: '1',
    timezone: 'Europe/Paris',
    city: 'Paris',
    ll: [ 48.8543, 2.3527 ],
    metro: 0,
    area: 10
  },
  ip: '83.202.34.239'
}
[2020-07-23T12:18:47.877] [TRACE] file - Session {
  cookie: {
    path: '/',
    _expires: 2020-10-21T10:18:47.875Z,
    originalMaxAge: 7775999998,
    httpOnly: true
  },
  views: { '/': 119, '/cv': 76, '/adm1n': 23, '/giftedADHD': 18 },
  __lastAccess: 1595499527877,
  horodate: 2020-07-23T12:18:47.822Z,
  geoloc: {
    range: [ 1405755904, 1405756415 ],
    country: 'FR',
    region: 'IDF',
    eu: '1',
    timezone: 'Europe/Paris',
    city: 'Paris',
    ll: [ 48.8543, 2.3527 ],
    metro: 0,
    area: 10
  },
  ip: '83.202.34.239'
}
[2020-07-23T12:22:12.333] [TRACE] file - Session {
  cookie: {
    path: '/',
    _expires: 2020-10-21T10:22:12.331Z,
    originalMaxAge: 7775999998,
    httpOnly: true
  },
  views: { '/': 119, '/cv': 77, '/adm1n': 23, '/giftedADHD': 18 },
  __lastAccess: 1595499732333,
  horodate: 2020-07-23T12:22:12.274Z,
  geoloc: {
    range: [ 1405755904, 1405756415 ],
    country: 'FR',
    region: 'IDF',
    eu: '1',
    timezone: 'Europe/Paris',
    city: 'Paris',
    ll: [ 48.8543, 2.3527 ],
    metro: 0,
    area: 10
  },
  ip: '83.202.34.239'
}
[2020-07-23T12:22:18.776] [TRACE] file - Session {
  cookie: {
    path: '/',
    _expires: 2020-10-21T10:22:18.773Z,
    originalMaxAge: 7775999998,
    httpOnly: true
  },
  views: { '/': 120, '/cv': 77, '/adm1n': 23, '/giftedADHD': 18 },
  __lastAccess: 1595499738775,
  horodate: 2020-07-23T12:22:18.698Z,
  geoloc: {
    range: [ 1405755904, 1405756415 ],
    country: 'FR',
    region: 'IDF',
    eu: '1',
    timezone: 'Europe/Paris',
    city: 'Paris',
    ll: [ 48.8543, 2.3527 ],
    metro: 0,
    area: 10
  },
  ip: '83.202.34.239'
}
[2020-07-23T12:23:30.899] [TRACE] file - Session {
  cookie: {
    path: '/',
    _expires: 2020-10-21T10:23:30.897Z,
    originalMaxAge: 7775999998,
    httpOnly: true
  },
  views: { '/': 121, '/cv': 77, '/adm1n': 23, '/giftedADHD': 18 },
  __lastAccess: 1595499810899,
  horodate: 2020-07-23T12:23:30.839Z,
  geoloc: {
    range: [ 1405755904, 1405756415 ],
    country: 'FR',
    region: 'IDF',
    eu: '1',
    timezone: 'Europe/Paris',
    city: 'Paris',
    ll: [ 48.8543, 2.3527 ],
    metro: 0,
    area: 10
  },
  ip: '83.202.34.239'
}
[2020-07-23T12:23:57.400] [TRACE] file - Session {
  cookie: {
    path: '/',
    _expires: 2020-10-21T10:23:57.398Z,
    originalMaxAge: 7775999998,
    httpOnly: true
  },
  views: { '/': 122, '/cv': 77, '/adm1n': 23, '/giftedADHD': 18 },
  __lastAccess: 1595499837400,
  horodate: 2020-07-23T12:23:57.330Z,
  geoloc: {
    range: [ 1405755904, 1405756415 ],
    country: 'FR',
    region: 'IDF',
    eu: '1',
    timezone: 'Europe/Paris',
    city: 'Paris',
    ll: [ 48.8543, 2.3527 ],
    metro: 0,
    area: 10
  },
  ip: '83.202.34.239'
}
[2020-07-23T12:24:06.268] [TRACE] file - Session {
  cookie: {
    path: '/',
    _expires: 2020-10-21T10:24:06.265Z,
    originalMaxAge: 7775999998,
    httpOnly: true
  },
  views: { '/': 122, '/cv': 78, '/adm1n': 23, '/giftedADHD': 18 },
  __lastAccess: 1595499846267,
  horodate: 2020-07-23T12:24:06.203Z,
  geoloc: {
    range: [ 1405755904, 1405756415 ],
    country: 'FR',
    region: 'IDF',
    eu: '1',
    timezone: 'Europe/Paris',
    city: 'Paris',
    ll: [ 48.8543, 2.3527 ],
    metro: 0,
    area: 10
  },
  ip: '83.202.34.239'
}
[2020-07-23T12:24:13.703] [TRACE] file - Session {
  cookie: {
    path: '/',
    _expires: 2020-10-21T10:24:13.700Z,
    originalMaxAge: 7775999998,
    httpOnly: true
  },
  views: { '/': 122, '/cv': 78, '/adm1n': 24, '/giftedADHD': 18 },
  __lastAccess: 1595499853702,
  horodate: 2020-07-23T12:24:13.650Z,
  geoloc: {
    range: [ 1405755904, 1405756415 ],
    country: 'FR',
    region: 'IDF',
    eu: '1',
    timezone: 'Europe/Paris',
    city: 'Paris',
    ll: [ 48.8543, 2.3527 ],
    metro: 0,
    area: 10
  },
  ip: '83.202.34.239'
}
[2020-07-23T12:24:17.164] [TRACE] file - Session {
  cookie: {
    path: '/',
    _expires: 2020-10-21T10:24:17.161Z,
    originalMaxAge: 7775999998,
    httpOnly: true
  },
  views: { '/': 122, '/cv': 78, '/adm1n': 24, '/giftedADHD': 19 },
  __lastAccess: 1595499857163,
  horodate: 2020-07-23T12:24:17.123Z,
  geoloc: {
    range: [ 1405755904, 1405756415 ],
    country: 'FR',
    region: 'IDF',
    eu: '1',
    timezone: 'Europe/Paris',
    city: 'Paris',
    ll: [ 48.8543, 2.3527 ],
    metro: 0,
    area: 10
  },
  ip: '83.202.34.239'
}
[2020-07-23T12:24:19.003] [TRACE] file - Session {
  cookie: {
    path: '/',
    _expires: 2020-10-21T10:24:19.001Z,
    originalMaxAge: 7775999998,
    httpOnly: true
  },
  views: { '/': 123, '/cv': 78, '/adm1n': 24, '/giftedADHD': 19 },
  __lastAccess: 1595499859003,
  horodate: 2020-07-23T12:24:18.941Z,
  geoloc: {
    range: [ 1405755904, 1405756415 ],
    country: 'FR',
    region: 'IDF',
    eu: '1',
    timezone: 'Europe/Paris',
    city: 'Paris',
    ll: [ 48.8543, 2.3527 ],
    metro: 0,
    area: 10
  },
  ip: '83.202.34.239'
}
[2020-07-23T12:24:42.071] [TRACE] file - Session {
  cookie: {
    path: '/',
    _expires: 2020-10-21T10:24:42.069Z,
    originalMaxAge: 7775999998,
    httpOnly: true
  },
  views: { '/': 124, '/cv': 78, '/adm1n': 24, '/giftedADHD': 19 },
  __lastAccess: 1595499882071,
  horodate: 2020-07-23T12:24:41.988Z,
  geoloc: {
    range: [ 1405755904, 1405756415 ],
    country: 'FR',
    region: 'IDF',
    eu: '1',
    timezone: 'Europe/Paris',
    city: 'Paris',
    ll: [ 48.8543, 2.3527 ],
    metro: 0,
    area: 10
  },
  ip: '83.202.34.239'
}
[2020-07-23T12:24:51.387] [TRACE] file - Session {
  cookie: {
    path: '/',
    _expires: 2020-10-21T10:24:51.384Z,
    originalMaxAge: 7775999998,
    httpOnly: true
  },
  views: { '/': 124, '/cv': 79, '/adm1n': 24, '/giftedADHD': 19 },
  __lastAccess: 1595499891386,
  horodate: 2020-07-23T12:24:51.334Z,
  geoloc: {
    range: [ 1405755904, 1405756415 ],
    country: 'FR',
    region: 'IDF',
    eu: '1',
    timezone: 'Europe/Paris',
    city: 'Paris',
    ll: [ 48.8543, 2.3527 ],
    metro: 0,
    area: 10
  },
  ip: '83.202.34.239'
}
[2020-07-23T12:24:55.923] [TRACE] file - Session {
  cookie: {
    path: '/',
    _expires: 2020-10-21T10:24:55.921Z,
    originalMaxAge: 7775999998,
    httpOnly: true
  },
  views: { '/': 124, '/cv': 79, '/adm1n': 25, '/giftedADHD': 19 },
  __lastAccess: 1595499895923,
  horodate: 2020-07-23T12:24:55.876Z,
  geoloc: {
    range: [ 1405755904, 1405756415 ],
    country: 'FR',
    region: 'IDF',
    eu: '1',
    timezone: 'Europe/Paris',
    city: 'Paris',
    ll: [ 48.8543, 2.3527 ],
    metro: 0,
    area: 10
  },
  ip: '83.202.34.239'
}
[2020-07-23T12:25:04.025] [TRACE] file - Session {
  cookie: {
    path: '/',
    _expires: 2020-10-21T10:25:04.022Z,
    originalMaxAge: 7775999998,
    httpOnly: true
  },
  views: { '/': 124, '/cv': 79, '/adm1n': 25, '/giftedADHD': 20 },
  __lastAccess: 1595499904024,
  horodate: 2020-07-23T12:25:03.988Z,
  geoloc: {
    range: [ 1405755904, 1405756415 ],
    country: 'FR',
    region: 'IDF',
    eu: '1',
    timezone: 'Europe/Paris',
    city: 'Paris',
    ll: [ 48.8543, 2.3527 ],
    metro: 0,
    area: 10
  },
  ip: '83.202.34.239'
}
[2020-07-23T12:26:58.168] [TRACE] file - Session {
  cookie: {
    path: '/',
    _expires: 2020-10-21T10:26:58.166Z,
    originalMaxAge: 7775999998,
    httpOnly: true
  },
  views: { '/': 124, '/cv': 79, '/adm1n': 25, '/giftedADHD': 21 },
  __lastAccess: 1595500018168,
  horodate: 2020-07-23T12:26:58.113Z,
  geoloc: {
    range: [ 1405755904, 1405756415 ],
    country: 'FR',
    region: 'IDF',
    eu: '1',
    timezone: 'Europe/Paris',
    city: 'Paris',
    ll: [ 48.8543, 2.3527 ],
    metro: 0,
    area: 10
  },
  ip: '83.202.34.239'
}
[2020-07-23T12:27:16.778] [TRACE] file - Session {
  cookie: {
    path: '/',
    _expires: 2020-10-21T10:27:16.776Z,
    originalMaxAge: 7775999998,
    httpOnly: true
  },
  views: { '/': 124, '/cv': 79, '/adm1n': 25, '/giftedADHD': 22 },
  __lastAccess: 1595500036778,
  horodate: 2020-07-23T12:27:16.727Z,
  geoloc: {
    range: [ 1405755904, 1405756415 ],
    country: 'FR',
    region: 'IDF',
    eu: '1',
    timezone: 'Europe/Paris',
    city: 'Paris',
    ll: [ 48.8543, 2.3527 ],
    metro: 0,
    area: 10
  },
  ip: '83.202.34.239'
}
[2020-07-23T12:27:40.153] [TRACE] file - Session {
  cookie: {
    path: '/',
    _expires: 2020-10-21T10:27:40.151Z,
    originalMaxAge: 7775999998,
    httpOnly: true
  },
  views: { '/': 124, '/cv': 79, '/adm1n': 25, '/giftedADHD': 23 },
  __lastAccess: 1595500060153,
  horodate: 2020-07-23T12:27:40.107Z,
  geoloc: {
    range: [ 1405755904, 1405756415 ],
    country: 'FR',
    region: 'IDF',
    eu: '1',
    timezone: 'Europe/Paris',
    city: 'Paris',
    ll: [ 48.8543, 2.3527 ],
    metro: 0,
    area: 10
  },
  ip: '83.202.34.239'
}
[2020-07-23T12:27:53.357] [TRACE] file - Session {
  cookie: {
    path: '/',
    _expires: 2020-10-21T10:27:53.355Z,
    originalMaxAge: 7775999998,
    httpOnly: true
  },
  views: { '/': 124, '/cv': 79, '/adm1n': 25, '/giftedADHD': 24 },
  __lastAccess: 1595500073357,
  horodate: 2020-07-23T12:27:53.317Z,
  geoloc: {
    range: [ 1405755904, 1405756415 ],
    country: 'FR',
    region: 'IDF',
    eu: '1',
    timezone: 'Europe/Paris',
    city: 'Paris',
    ll: [ 48.8543, 2.3527 ],
    metro: 0,
    area: 10
  },
  ip: '83.202.34.239'
}
[2020-07-23T12:28:14.488] [TRACE] file - Session {
  cookie: {
    path: '/',
    _expires: 2020-10-21T10:28:14.485Z,
    originalMaxAge: 7775999998,
    httpOnly: true
  },
  views: { '/': 124, '/cv': 79, '/adm1n': 25, '/giftedADHD': 25 },
  __lastAccess: 1595500094487,
  horodate: 2020-07-23T12:28:14.440Z,
  geoloc: {
    range: [ 1405755904, 1405756415 ],
    country: 'FR',
    region: 'IDF',
    eu: '1',
    timezone: 'Europe/Paris',
    city: 'Paris',
    ll: [ 48.8543, 2.3527 ],
    metro: 0,
    area: 10
  },
  ip: '83.202.34.239'
}
[2020-07-23T12:28:18.533] [TRACE] file - Session {
  cookie: {
    path: '/',
    _expires: 2020-10-21T10:28:18.531Z,
    originalMaxAge: 7775999998,
    httpOnly: true
  },
  views: { '/': 124, '/cv': 79, '/adm1n': 25, '/giftedADHD': 26 },
  __lastAccess: 1595500098533,
  horodate: 2020-07-23T12:28:18.503Z,
  geoloc: {
    range: [ 1405755904, 1405756415 ],
    country: 'FR',
    region: 'IDF',
    eu: '1',
    timezone: 'Europe/Paris',
    city: 'Paris',
    ll: [ 48.8543, 2.3527 ],
    metro: 0,
    area: 10
  },
  ip: '83.202.34.239'
}
[2020-07-23T12:28:51.166] [TRACE] file - Session {
  cookie: {
    path: '/',
    _expires: 2020-10-21T10:28:51.164Z,
    originalMaxAge: 7775999998,
    httpOnly: true
  },
  views: { '/': 124, '/cv': 79, '/adm1n': 25, '/giftedADHD': 27 },
  __lastAccess: 1595500131166,
  horodate: 2020-07-23T12:28:51.120Z,
  geoloc: {
    range: [ 1405755904, 1405756415 ],
    country: 'FR',
    region: 'IDF',
    eu: '1',
    timezone: 'Europe/Paris',
    city: 'Paris',
    ll: [ 48.8543, 2.3527 ],
    metro: 0,
    area: 10
  },
  ip: '83.202.34.239'
}
[2020-07-23T12:28:55.447] [TRACE] file - Session {
  cookie: {
    path: '/',
    _expires: 2020-10-21T10:28:55.445Z,
    originalMaxAge: 7775999998,
    httpOnly: true
  },
  views: { '/': 124, '/cv': 79, '/adm1n': 25, '/giftedADHD': 28 },
  __lastAccess: 1595500135447,
  horodate: 2020-07-23T12:28:55.416Z,
  geoloc: {
    range: [ 1405755904, 1405756415 ],
    country: 'FR',
    region: 'IDF',
    eu: '1',
    timezone: 'Europe/Paris',
    city: 'Paris',
    ll: [ 48.8543, 2.3527 ],
    metro: 0,
    area: 10
  },
  ip: '83.202.34.239'
}
[2020-07-23T12:28:59.414] [TRACE] file - Session {
  cookie: {
    path: '/',
    _expires: 2020-10-21T10:28:59.412Z,
    originalMaxAge: 7775999998,
    httpOnly: true
  },
  views: { '/': 125, '/cv': 79, '/adm1n': 25, '/giftedADHD': 28 },
  __lastAccess: 1595500139414,
  horodate: 2020-07-23T12:28:59.356Z,
  geoloc: {
    range: [ 1405755904, 1405756415 ],
    country: 'FR',
    region: 'IDF',
    eu: '1',
    timezone: 'Europe/Paris',
    city: 'Paris',
    ll: [ 48.8543, 2.3527 ],
    metro: 0,
    area: 10
  },
  ip: '83.202.34.239'
}
[2020-07-23T12:29:02.957] [TRACE] file - Session {
  cookie: {
    path: '/',
    _expires: 2020-10-21T10:29:02.954Z,
    originalMaxAge: 7775999998,
    httpOnly: true
  },
  views: { '/': 126, '/cv': 79, '/adm1n': 25, '/giftedADHD': 28 },
  __lastAccess: 1595500142956,
  horodate: 2020-07-23T12:29:02.900Z,
  geoloc: {
    range: [ 1405755904, 1405756415 ],
    country: 'FR',
    region: 'IDF',
    eu: '1',
    timezone: 'Europe/Paris',
    city: 'Paris',
    ll: [ 48.8543, 2.3527 ],
    metro: 0,
    area: 10
  },
  ip: '83.202.34.239'
}
[2020-07-23T12:29:25.899] [TRACE] file - Session {
  cookie: {
    path: '/',
    _expires: 2020-10-21T10:29:25.896Z,
    originalMaxAge: 7775999998,
    httpOnly: true
  },
  views: { '/': 127, '/cv': 79, '/adm1n': 25, '/giftedADHD': 28 },
  __lastAccess: 1595500165898,
  horodate: 2020-07-23T12:29:25.843Z,
  geoloc: {
    range: [ 1405755904, 1405756415 ],
    country: 'FR',
    region: 'IDF',
    eu: '1',
    timezone: 'Europe/Paris',
    city: 'Paris',
    ll: [ 48.8543, 2.3527 ],
    metro: 0,
    area: 10
  },
  ip: '83.202.34.239'
}
[2020-07-23T12:30:07.651] [TRACE] file - Session {
  cookie: {
    path: '/',
    _expires: 2020-10-21T10:30:07.649Z,
    originalMaxAge: 7775999998,
    httpOnly: true
  },
  views: { '/': 128, '/cv': 79, '/adm1n': 25, '/giftedADHD': 28 },
  __lastAccess: 1595500207651,
  horodate: 2020-07-23T12:30:07.591Z,
  geoloc: {
    range: [ 1405755904, 1405756415 ],
    country: 'FR',
    region: 'IDF',
    eu: '1',
    timezone: 'Europe/Paris',
    city: 'Paris',
    ll: [ 48.8543, 2.3527 ],
    metro: 0,
    area: 10
  },
  ip: '83.202.34.239'
}
[2020-07-23T12:30:10.498] [TRACE] file - Session {
  cookie: {
    path: '/',
    _expires: 2020-10-21T10:30:10.496Z,
    originalMaxAge: 7775999998,
    httpOnly: true
  },
  views: { '/': 129, '/cv': 79, '/adm1n': 25, '/giftedADHD': 28 },
  __lastAccess: 1595500210498,
  horodate: 2020-07-23T12:30:10.452Z,
  geoloc: {
    range: [ 1405755904, 1405756415 ],
    country: 'FR',
    region: 'IDF',
    eu: '1',
    timezone: 'Europe/Paris',
    city: 'Paris',
    ll: [ 48.8543, 2.3527 ],
    metro: 0,
    area: 10
  },
  ip: '83.202.34.239'
}
[2020-07-23T12:30:53.819] [TRACE] file - Session {
  cookie: {
    path: '/',
    _expires: 2020-10-21T10:30:53.817Z,
    originalMaxAge: 7775999998,
    httpOnly: true
  },
  views: { '/': 130, '/cv': 79, '/adm1n': 25, '/giftedADHD': 28 },
  __lastAccess: 1595500253819,
  horodate: 2020-07-23T12:30:53.723Z,
  geoloc: {
    range: [ 1405755904, 1405756415 ],
    country: 'FR',
    region: 'IDF',
    eu: '1',
    timezone: 'Europe/Paris',
    city: 'Paris',
    ll: [ 48.8543, 2.3527 ],
    metro: 0,
    area: 10
  },
  ip: '83.202.34.239'
}
[2020-07-23T12:31:06.437] [TRACE] file - Session {
  cookie: {
    path: '/',
    _expires: 2020-10-21T10:31:06.434Z,
    originalMaxAge: 7775999998,
    httpOnly: true
  },
  views: { '/': 131, '/cv': 79, '/adm1n': 25, '/giftedADHD': 28 },
  __lastAccess: 1595500266436,
  horodate: 2020-07-23T12:31:06.377Z,
  geoloc: {
    range: [ 1405755904, 1405756415 ],
    country: 'FR',
    region: 'IDF',
    eu: '1',
    timezone: 'Europe/Paris',
    city: 'Paris',
    ll: [ 48.8543, 2.3527 ],
    metro: 0,
    area: 10
  },
  ip: '83.202.34.239'
}
[2020-07-23T12:31:34.375] [TRACE] file - Session {
  cookie: {
    path: '/',
    _expires: 2020-10-21T10:31:34.372Z,
    originalMaxAge: 7775999998,
    httpOnly: true
  },
  views: { '/': 132, '/cv': 79, '/adm1n': 25, '/giftedADHD': 28 },
  __lastAccess: 1595500294374,
  horodate: 2020-07-23T12:31:34.313Z,
  geoloc: {
    range: [ 1405755904, 1405756415 ],
    country: 'FR',
    region: 'IDF',
    eu: '1',
    timezone: 'Europe/Paris',
    city: 'Paris',
    ll: [ 48.8543, 2.3527 ],
    metro: 0,
    area: 10
  },
  ip: '83.202.34.239'
}
[2020-07-23T12:31:58.678] [TRACE] file - Session {
  cookie: {
    path: '/',
    _expires: 2020-10-21T10:31:58.676Z,
    originalMaxAge: 7775999998,
    httpOnly: true
  },
  views: { '/': 133, '/cv': 79, '/adm1n': 25, '/giftedADHD': 28 },
  __lastAccess: 1595500318678,
  horodate: 2020-07-23T12:31:58.611Z,
  geoloc: {
    range: [ 1405755904, 1405756415 ],
    country: 'FR',
    region: 'IDF',
    eu: '1',
    timezone: 'Europe/Paris',
    city: 'Paris',
    ll: [ 48.8543, 2.3527 ],
    metro: 0,
    area: 10
  },
  ip: '83.202.34.239'
}
[2020-07-23T12:32:46.425] [TRACE] file - Session {
  cookie: {
    path: '/',
    _expires: 2020-10-21T10:32:46.422Z,
    originalMaxAge: 7775999998,
    httpOnly: true
  },
  views: { '/': 134, '/cv': 79, '/adm1n': 25, '/giftedADHD': 28 },
  __lastAccess: 1595500366424,
  horodate: 2020-07-23T12:32:46.330Z,
  geoloc: {
    range: [ 1405755904, 1405756415 ],
    country: 'FR',
    region: 'IDF',
    eu: '1',
    timezone: 'Europe/Paris',
    city: 'Paris',
    ll: [ 48.8543, 2.3527 ],
    metro: 0,
    area: 10
  },
  ip: '83.202.34.239'
}
[2020-07-23T12:33:02.631] [TRACE] file - Session {
  cookie: {
    path: '/',
    _expires: 2020-10-21T10:33:02.629Z,
    originalMaxAge: 7775999998,
    httpOnly: true
  },
  views: { '/': 135, '/cv': 79, '/adm1n': 25, '/giftedADHD': 28 },
  __lastAccess: 1595500382631,
  horodate: 2020-07-23T12:33:02.563Z,
  geoloc: {
    range: [ 1405755904, 1405756415 ],
    country: 'FR',
    region: 'IDF',
    eu: '1',
    timezone: 'Europe/Paris',
    city: 'Paris',
    ll: [ 48.8543, 2.3527 ],
    metro: 0,
    area: 10
  },
  ip: '83.202.34.239'
}
[2020-07-23T12:33:12.791] [TRACE] file - Session {
  cookie: {
    path: '/',
    _expires: 2020-10-21T10:33:12.789Z,
    originalMaxAge: 7775999998,
    httpOnly: true
  },
  views: { '/': 135, '/cv': 80, '/adm1n': 25, '/giftedADHD': 28 },
  __lastAccess: 1595500392791,
  horodate: 2020-07-23T12:33:12.728Z,
  geoloc: {
    range: [ 1405755904, 1405756415 ],
    country: 'FR',
    region: 'IDF',
    eu: '1',
    timezone: 'Europe/Paris',
    city: 'Paris',
    ll: [ 48.8543, 2.3527 ],
    metro: 0,
    area: 10
  },
  ip: '83.202.34.239'
}
[2020-07-23T12:33:18.209] [TRACE] file - Session {
  cookie: {
    path: '/',
    _expires: 2020-10-21T10:33:18.207Z,
    originalMaxAge: 7775999998,
    httpOnly: true
  },
  views: { '/': 135, '/cv': 80, '/adm1n': 26, '/giftedADHD': 28 },
  __lastAccess: 1595500398209,
  horodate: 2020-07-23T12:33:18.157Z,
  geoloc: {
    range: [ 1405755904, 1405756415 ],
    country: 'FR',
    region: 'IDF',
    eu: '1',
    timezone: 'Europe/Paris',
    city: 'Paris',
    ll: [ 48.8543, 2.3527 ],
    metro: 0,
    area: 10
  },
  ip: '83.202.34.239'
}
[2020-07-23T12:34:24.898] [TRACE] file - Session {
  cookie: {
    path: '/',
    _expires: 2020-10-21T10:34:24.896Z,
    originalMaxAge: 7775999998,
    httpOnly: true
  },
  views: { '/': 136, '/cv': 80, '/adm1n': 26, '/giftedADHD': 28 },
  __lastAccess: 1595500464898,
  horodate: 2020-07-23T12:34:24.824Z,
  geoloc: {
    range: [ 1405755904, 1405756415 ],
    country: 'FR',
    region: 'IDF',
    eu: '1',
    timezone: 'Europe/Paris',
    city: 'Paris',
    ll: [ 48.8543, 2.3527 ],
    metro: 0,
    area: 10
  },
  ip: '83.202.34.239'
}
[2020-07-23T12:34:31.701] [TRACE] file - Session {
  cookie: {
    path: '/',
    _expires: 2020-10-21T10:34:31.699Z,
    originalMaxAge: 7775999998,
    httpOnly: true
  },
  views: { '/': 136, '/cv': 81, '/adm1n': 26, '/giftedADHD': 28 },
  __lastAccess: 1595500471701,
  horodate: 2020-07-23T12:34:31.647Z,
  geoloc: {
    range: [ 1405755904, 1405756415 ],
    country: 'FR',
    region: 'IDF',
    eu: '1',
    timezone: 'Europe/Paris',
    city: 'Paris',
    ll: [ 48.8543, 2.3527 ],
    metro: 0,
    area: 10
  },
  ip: '83.202.34.239'
}
[2020-07-23T12:34:41.727] [TRACE] file - Session {
  cookie: {
    path: '/',
    _expires: 2020-10-21T10:34:41.724Z,
    originalMaxAge: 7775999998,
    httpOnly: true
  },
  views: { '/': 136, '/cv': 81, '/adm1n': 26, '/giftedADHD': 29 },
  __lastAccess: 1595500481727,
  horodate: 2020-07-23T12:34:41.693Z,
  geoloc: {
    range: [ 1405755904, 1405756415 ],
    country: 'FR',
    region: 'IDF',
    eu: '1',
    timezone: 'Europe/Paris',
    city: 'Paris',
    ll: [ 48.8543, 2.3527 ],
    metro: 0,
    area: 10
  },
  ip: '83.202.34.239'
}
[2020-07-23T12:34:43.277] [TRACE] file - Session {
  cookie: {
    path: '/',
    _expires: 2020-10-21T10:34:43.275Z,
    originalMaxAge: 7775999998,
    httpOnly: true
  },
  views: { '/': 136, '/cv': 82, '/adm1n': 26, '/giftedADHD': 29 },
  __lastAccess: 1595500483277,
  horodate: 2020-07-23T12:34:43.233Z,
  geoloc: {
    range: [ 1405755904, 1405756415 ],
    country: 'FR',
    region: 'IDF',
    eu: '1',
    timezone: 'Europe/Paris',
    city: 'Paris',
    ll: [ 48.8543, 2.3527 ],
    metro: 0,
    area: 10
  },
  ip: '83.202.34.239'
}
[2020-07-23T12:35:08.604] [TRACE] file - Session {
  cookie: {
    path: '/',
    _expires: 2020-10-21T10:35:08.602Z,
    originalMaxAge: 7775999998,
    httpOnly: true
  },
  views: { '/': 136, '/cv': 83, '/adm1n': 26, '/giftedADHD': 29 },
  __lastAccess: 1595500508604,
  horodate: 2020-07-23T12:35:08.551Z,
  geoloc: {
    range: [ 1405755904, 1405756415 ],
    country: 'FR',
    region: 'IDF',
    eu: '1',
    timezone: 'Europe/Paris',
    city: 'Paris',
    ll: [ 48.8543, 2.3527 ],
    metro: 0,
    area: 10
  },
  ip: '83.202.34.239'
}
[2020-07-23T12:35:31.654] [TRACE] file - Session {
  cookie: {
    path: '/',
    _expires: 2020-10-21T10:35:31.651Z,
    originalMaxAge: 7775999998,
    httpOnly: true
  },
  views: { '/': 136, '/cv': 84, '/adm1n': 26, '/giftedADHD': 29 },
  __lastAccess: 1595500531654,
  horodate: 2020-07-23T12:35:31.588Z,
  geoloc: {
    range: [ 1405755904, 1405756415 ],
    country: 'FR',
    region: 'IDF',
    eu: '1',
    timezone: 'Europe/Paris',
    city: 'Paris',
    ll: [ 48.8543, 2.3527 ],
    metro: 0,
    area: 10
  },
  ip: '83.202.34.239'
}
[2020-07-23T12:35:33.528] [TRACE] file - Session {
  cookie: {
    path: '/',
    _expires: 2020-10-21T10:35:33.525Z,
    originalMaxAge: 7775999998,
    httpOnly: true
  },
  views: { '/': 136, '/cv': 84, '/adm1n': 26, '/giftedADHD': 30 },
  __lastAccess: 1595500533528,
  horodate: 2020-07-23T12:35:33.486Z,
  geoloc: {
    range: [ 1405755904, 1405756415 ],
    country: 'FR',
    region: 'IDF',
    eu: '1',
    timezone: 'Europe/Paris',
    city: 'Paris',
    ll: [ 48.8543, 2.3527 ],
    metro: 0,
    area: 10
  },
  ip: '83.202.34.239'
}
[2020-07-23T12:35:46.929] [TRACE] file - Session {
  cookie: {
    path: '/',
    _expires: 2020-10-21T10:35:46.926Z,
    originalMaxAge: 7775999998,
    httpOnly: true
  },
  views: { '/': 136, '/cv': 84, '/adm1n': 26, '/giftedADHD': 31 },
  __lastAccess: 1595500546928,
  horodate: 2020-07-23T12:35:46.878Z,
  geoloc: {
    range: [ 1405755904, 1405756415 ],
    country: 'FR',
    region: 'IDF',
    eu: '1',
    timezone: 'Europe/Paris',
    city: 'Paris',
    ll: [ 48.8543, 2.3527 ],
    metro: 0,
    area: 10
  },
  ip: '83.202.34.239'
}
[2020-07-23T12:35:53.324] [TRACE] file - Session {
  cookie: {
    path: '/',
    _expires: 2020-10-21T10:35:53.321Z,
    originalMaxAge: 7775999998,
    httpOnly: true
  },
  views: { '/': 137, '/cv': 84, '/adm1n': 26, '/giftedADHD': 31 },
  __lastAccess: 1595500553323,
  horodate: 2020-07-23T12:35:53.227Z,
  geoloc: {
    range: [ 1405755904, 1405756415 ],
    country: 'FR',
    region: 'IDF',
    eu: '1',
    timezone: 'Europe/Paris',
    city: 'Paris',
    ll: [ 48.8543, 2.3527 ],
    metro: 0,
    area: 10
  },
  ip: '83.202.34.239'
}
[2020-07-23T12:36:10.587] [TRACE] file - Session {
  cookie: {
    path: '/',
    _expires: 2020-10-21T10:36:10.584Z,
    originalMaxAge: 7775999998,
    httpOnly: true
  },
  views: { '/': 138, '/cv': 84, '/adm1n': 26, '/giftedADHD': 31 },
  __lastAccess: 1595500570586,
  horodate: 2020-07-23T12:36:10.527Z,
  geoloc: {
    range: [ 1405755904, 1405756415 ],
    country: 'FR',
    region: 'IDF',
    eu: '1',
    timezone: 'Europe/Paris',
    city: 'Paris',
    ll: [ 48.8543, 2.3527 ],
    metro: 0,
    area: 10
  },
  ip: '83.202.34.239'
}
[2020-07-23T12:36:15.404] [TRACE] file - Session {
  cookie: {
    path: '/',
    _expires: 2020-10-21T10:36:15.401Z,
    originalMaxAge: 7775999998,
    httpOnly: true
  },
  views: { '/': 138, '/cv': 85, '/adm1n': 26, '/giftedADHD': 31 },
  __lastAccess: 1595500575403,
  horodate: 2020-07-23T12:36:15.357Z,
  geoloc: {
    range: [ 1405755904, 1405756415 ],
    country: 'FR',
    region: 'IDF',
    eu: '1',
    timezone: 'Europe/Paris',
    city: 'Paris',
    ll: [ 48.8543, 2.3527 ],
    metro: 0,
    area: 10
  },
  ip: '83.202.34.239'
}
[2020-07-23T12:36:17.825] [TRACE] file - Session {
  cookie: {
    path: '/',
    _expires: 2020-10-21T10:36:17.822Z,
    originalMaxAge: 7775999998,
    httpOnly: true
  },
  views: { '/': 138, '/cv': 85, '/adm1n': 26, '/giftedADHD': 32 },
  __lastAccess: 1595500577824,
  horodate: 2020-07-23T12:36:17.794Z,
  geoloc: {
    range: [ 1405755904, 1405756415 ],
    country: 'FR',
    region: 'IDF',
    eu: '1',
    timezone: 'Europe/Paris',
    city: 'Paris',
    ll: [ 48.8543, 2.3527 ],
    metro: 0,
    area: 10
  },
  ip: '83.202.34.239'
}
[2020-07-23T12:36:35.906] [TRACE] file - Session {
  cookie: {
    path: '/',
    _expires: 2020-10-21T10:36:35.903Z,
    originalMaxAge: 7775999998,
    httpOnly: true
  },
  views: { '/': 138, '/cv': 85, '/adm1n': 26, '/giftedADHD': 33 },
  __lastAccess: 1595500595905,
  horodate: 2020-07-23T12:36:35.868Z,
  geoloc: {
    range: [ 1405755904, 1405756415 ],
    country: 'FR',
    region: 'IDF',
    eu: '1',
    timezone: 'Europe/Paris',
    city: 'Paris',
    ll: [ 48.8543, 2.3527 ],
    metro: 0,
    area: 10
  },
  ip: '83.202.34.239'
}
[2020-07-23T12:38:20.217] [TRACE] file - Session {
  cookie: {
    path: '/',
    _expires: 2020-10-21T10:38:20.214Z,
    originalMaxAge: 7775999998,
    httpOnly: true
  },
  views: { '/': 138, '/cv': 85, '/adm1n': 26, '/giftedADHD': 34 },
  __lastAccess: 1595500700217,
  horodate: 2020-07-23T12:38:20.182Z,
  geoloc: {
    range: [ 1405755904, 1405756415 ],
    country: 'FR',
    region: 'IDF',
    eu: '1',
    timezone: 'Europe/Paris',
    city: 'Paris',
    ll: [ 48.8543, 2.3527 ],
    metro: 0,
    area: 10
  },
  ip: '83.202.34.239'
}
[2020-07-23T12:39:19.285] [TRACE] file - Session {
  cookie: {
    path: '/',
    _expires: 2020-10-21T10:39:19.283Z,
    originalMaxAge: 7775999998,
    httpOnly: true
  },
  views: { '/': 138, '/cv': 85, '/adm1n': 26, '/giftedADHD': 35 },
  __lastAccess: 1595500759285,
  horodate: 2020-07-23T12:39:19.239Z,
  geoloc: {
    range: [ 1405755904, 1405756415 ],
    country: 'FR',
    region: 'IDF',
    eu: '1',
    timezone: 'Europe/Paris',
    city: 'Paris',
    ll: [ 48.8543, 2.3527 ],
    metro: 0,
    area: 10
  },
  ip: '83.202.34.239'
}
[2020-07-23T12:39:28.097] [TRACE] file - Session {
  cookie: {
    path: '/',
    _expires: 2020-10-21T10:39:28.094Z,
    originalMaxAge: 7775999998,
    httpOnly: true
  },
  views: { '/': 138, '/cv': 85, '/adm1n': 26, '/giftedADHD': 36 },
  __lastAccess: 1595500768096,
  horodate: 2020-07-23T12:39:28.058Z,
  geoloc: {
    range: [ 1405755904, 1405756415 ],
    country: 'FR',
    region: 'IDF',
    eu: '1',
    timezone: 'Europe/Paris',
    city: 'Paris',
    ll: [ 48.8543, 2.3527 ],
    metro: 0,
    area: 10
  },
  ip: '83.202.34.239'
}
[2020-07-23T12:39:36.478] [TRACE] file - Session {
  cookie: {
    path: '/',
    _expires: 2020-10-21T10:39:36.476Z,
    originalMaxAge: 7775999998,
    httpOnly: true
  },
  views: { '/': 138, '/cv': 85, '/adm1n': 26, '/giftedADHD': 37 },
  __lastAccess: 1595500776478,
  horodate: 2020-07-23T12:39:36.438Z,
  geoloc: {
    range: [ 1405755904, 1405756415 ],
    country: 'FR',
    region: 'IDF',
    eu: '1',
    timezone: 'Europe/Paris',
    city: 'Paris',
    ll: [ 48.8543, 2.3527 ],
    metro: 0,
    area: 10
  },
  ip: '83.202.34.239'
}
[2020-07-23T12:39:46.215] [TRACE] file - Session {
  cookie: {
    path: '/',
    _expires: 2020-10-21T10:39:46.212Z,
    originalMaxAge: 7775999998,
    httpOnly: true
  },
  views: { '/': 138, '/cv': 85, '/adm1n': 26, '/giftedADHD': 38 },
  __lastAccess: 1595500786214,
  horodate: 2020-07-23T12:39:46.165Z,
  geoloc: {
    range: [ 1405755904, 1405756415 ],
    country: 'FR',
    region: 'IDF',
    eu: '1',
    timezone: 'Europe/Paris',
    city: 'Paris',
    ll: [ 48.8543, 2.3527 ],
    metro: 0,
    area: 10
  },
  ip: '83.202.34.239'
}
[2020-07-23T12:39:56.676] [TRACE] file - Session {
  cookie: {
    path: '/',
    _expires: 2020-10-21T10:39:56.674Z,
    originalMaxAge: 7775999998,
    httpOnly: true
  },
  views: { '/': 138, '/cv': 85, '/adm1n': 26, '/giftedADHD': 39 },
  __lastAccess: 1595500796676,
  horodate: 2020-07-23T12:39:56.622Z,
  geoloc: {
    range: [ 1405755904, 1405756415 ],
    country: 'FR',
    region: 'IDF',
    eu: '1',
    timezone: 'Europe/Paris',
    city: 'Paris',
    ll: [ 48.8543, 2.3527 ],
    metro: 0,
    area: 10
  },
  ip: '83.202.34.239'
}
[2020-07-23T12:40:25.666] [TRACE] file - Session {
  cookie: {
    path: '/',
    _expires: 2020-10-21T10:40:25.663Z,
    originalMaxAge: 7775999998,
    httpOnly: true
  },
  views: { '/': 138, '/cv': 85, '/adm1n': 26, '/giftedADHD': 40 },
  __lastAccess: 1595500825666,
  horodate: 2020-07-23T12:40:25.619Z,
  geoloc: {
    range: [ 1405755904, 1405756415 ],
    country: 'FR',
    region: 'IDF',
    eu: '1',
    timezone: 'Europe/Paris',
    city: 'Paris',
    ll: [ 48.8543, 2.3527 ],
    metro: 0,
    area: 10
  },
  ip: '83.202.34.239'
}
[2020-07-23T12:40:40.420] [TRACE] file - Session {
  cookie: {
    path: '/',
    _expires: 2020-10-21T10:40:40.418Z,
    originalMaxAge: 7775999998,
    httpOnly: true
  },
  views: { '/': 138, '/cv': 85, '/adm1n': 27, '/giftedADHD': 40 },
  __lastAccess: 1595500840420,
  horodate: 2020-07-23T12:40:40.360Z,
  geoloc: {
    range: [ 1405755904, 1405756415 ],
    country: 'FR',
    region: 'IDF',
    eu: '1',
    timezone: 'Europe/Paris',
    city: 'Paris',
    ll: [ 48.8543, 2.3527 ],
    metro: 0,
    area: 10
  },
  ip: '83.202.34.239'
}
[2020-07-23T12:41:04.450] [TRACE] file - Session {
  cookie: {
    path: '/',
    _expires: 2020-10-21T10:41:04.447Z,
    originalMaxAge: 7775999998,
    httpOnly: true
  },
  views: { '/': 138, '/cv': 86, '/adm1n': 27, '/giftedADHD': 40 },
  __lastAccess: 1595500864449,
  horodate: 2020-07-23T12:41:04.386Z,
  geoloc: {
    range: [ 1405755904, 1405756415 ],
    country: 'FR',
    region: 'IDF',
    eu: '1',
    timezone: 'Europe/Paris',
    city: 'Paris',
    ll: [ 48.8543, 2.3527 ],
    metro: 0,
    area: 10
  },
  ip: '83.202.34.239'
}
[2020-07-23T12:42:52.621] [TRACE] file - Session {
  cookie: {
    path: '/',
    _expires: 2020-10-21T10:42:52.619Z,
    originalMaxAge: 7775999998,
    httpOnly: true
  },
  views: { '/': 138, '/cv': 87, '/adm1n': 27, '/giftedADHD': 40 },
  __lastAccess: 1595500972621,
  horodate: 2020-07-23T12:42:52.555Z,
  geoloc: {
    range: [ 1405755904, 1405756415 ],
    country: 'FR',
    region: 'IDF',
    eu: '1',
    timezone: 'Europe/Paris',
    city: 'Paris',
    ll: [ 48.8543, 2.3527 ],
    metro: 0,
    area: 10
  },
  ip: '83.202.34.239'
}
[2020-07-23T12:42:56.069] [TRACE] file - Session {
  cookie: {
    path: '/',
    _expires: 2020-10-21T10:42:56.067Z,
    originalMaxAge: 7775999998,
    httpOnly: true
  },
  views: { '/': 138, '/cv': 87, '/adm1n': 28, '/giftedADHD': 40 },
  __lastAccess: 1595500976069,
  horodate: 2020-07-23T12:42:56.024Z,
  geoloc: {
    range: [ 1405755904, 1405756415 ],
    country: 'FR',
    region: 'IDF',
    eu: '1',
    timezone: 'Europe/Paris',
    city: 'Paris',
    ll: [ 48.8543, 2.3527 ],
    metro: 0,
    area: 10
  },
  ip: '83.202.34.239'
}
[2020-07-23T12:43:15.468] [TRACE] file - Session {
  cookie: {
    path: '/',
    _expires: 2020-10-21T10:43:15.464Z,
    originalMaxAge: 7775999998,
    httpOnly: true
  },
  views: { '/': 139, '/cv': 87, '/adm1n': 28, '/giftedADHD': 40 },
  __lastAccess: 1595500995467,
  horodate: 2020-07-23T12:43:15.402Z,
  geoloc: {
    range: [ 1405755904, 1405756415 ],
    country: 'FR',
    region: 'IDF',
    eu: '1',
    timezone: 'Europe/Paris',
    city: 'Paris',
    ll: [ 48.8543, 2.3527 ],
    metro: 0,
    area: 10
  },
  ip: '83.202.34.239'
}
[2020-07-23T12:43:26.484] [TRACE] file - Session {
  cookie: {
    path: '/',
    _expires: 2020-10-21T10:43:26.482Z,
    originalMaxAge: 7775999998,
    httpOnly: true
  },
  views: { '/': 40, '/cv': 18, '/adm1n': 7, '/giftedADHD': 8 },
  __lastAccess: 1595501006484,
  horodate: 2020-07-23T12:43:26.426Z,
  ip: '83.202.34.239',
  geoloc: {
    range: [ 1405755904, 1405756415 ],
    country: 'FR',
    region: 'IDF',
    eu: '1',
    timezone: 'Europe/Paris',
    city: 'Paris',
    ll: [ 48.8543, 2.3527 ],
    metro: 0,
    area: 10
  }
}
[2020-07-23T12:43:31.439] [TRACE] file - Session {
  cookie: {
    path: '/',
    _expires: 2020-10-21T10:43:31.436Z,
    originalMaxAge: 7775999998,
    httpOnly: true
  },
  views: { '/': 40, '/cv': 19, '/adm1n': 7, '/giftedADHD': 8 },
  __lastAccess: 1595501011438,
  horodate: 2020-07-23T12:43:31.395Z,
  ip: '83.202.34.239',
  geoloc: {
    range: [ 1405755904, 1405756415 ],
    country: 'FR',
    region: 'IDF',
    eu: '1',
    timezone: 'Europe/Paris',
    city: 'Paris',
    ll: [ 48.8543, 2.3527 ],
    metro: 0,
    area: 10
  }
}
[2020-07-23T12:43:38.355] [TRACE] file - Session {
  cookie: {
    path: '/',
    _expires: 2020-10-21T10:43:38.353Z,
    originalMaxAge: 7775999998,
    httpOnly: true
  },
  views: { '/': 40, '/cv': 20, '/adm1n': 7, '/giftedADHD': 8 },
  __lastAccess: 1595501018355,
  horodate: 2020-07-23T12:43:38.305Z,
  ip: '83.202.34.239',
  geoloc: {
    range: [ 1405755904, 1405756415 ],
    country: 'FR',
    region: 'IDF',
    eu: '1',
    timezone: 'Europe/Paris',
    city: 'Paris',
    ll: [ 48.8543, 2.3527 ],
    metro: 0,
    area: 10
  }
}
[2020-07-23T12:43:45.015] [TRACE] file - Session {
  cookie: {
    path: '/',
    _expires: 2020-10-21T10:43:45.012Z,
    originalMaxAge: 7775999998,
    httpOnly: true
  },
  views: { '/': 40, '/cv': 20, '/adm1n': 7, '/giftedADHD': 9 },
  __lastAccess: 1595501025014,
  horodate: 2020-07-23T12:43:44.978Z,
  ip: '83.202.34.239',
  geoloc: {
    range: [ 1405755904, 1405756415 ],
    country: 'FR',
    region: 'IDF',
    eu: '1',
    timezone: 'Europe/Paris',
    city: 'Paris',
    ll: [ 48.8543, 2.3527 ],
    metro: 0,
    area: 10
  }
}
[2020-07-23T12:45:03.327] [TRACE] file - Session {
  cookie: {
    path: '/',
    _expires: 2020-10-21T10:45:03.327Z,
    originalMaxAge: 7776000000,
    httpOnly: true
  },
  views: { '/': 1 },
  horodate: 2020-07-23T12:45:03.271Z,
  ip: '83.202.34.239',
  geoloc: {
    range: [ 1405755904, 1405756415 ],
    country: 'FR',
    region: 'IDF',
    eu: '1',
    timezone: 'Europe/Paris',
    city: 'Paris',
    ll: [ 48.8543, 2.3527 ],
    metro: 0,
    area: 10
  },
  __lastAccess: 1595501103327
}
[2020-07-23T12:45:13.826] [TRACE] file - Session {
  cookie: {
    path: '/',
    _expires: 2020-10-21T10:45:13.826Z,
    originalMaxAge: 7776000000,
    httpOnly: true
  },
  views: { '/': 1, '/cv': 1 },
  horodate: 2020-07-23T12:45:13.781Z,
  ip: '83.202.34.239',
  geoloc: {
    range: [ 1405755904, 1405756415 ],
    country: 'FR',
    region: 'IDF',
    eu: '1',
    timezone: 'Europe/Paris',
    city: 'Paris',
    ll: [ 48.8543, 2.3527 ],
    metro: 0,
    area: 10
  },
  __lastAccess: 1595501113826
}
[2020-07-23T12:45:35.735] [TRACE] file - Session {
  cookie: {
    path: '/',
    _expires: 2020-10-21T10:45:35.735Z,
    originalMaxAge: 7776000000,
    httpOnly: true
  },
  views: { '/': 1, '/cv': 2 },
  horodate: 2020-07-23T12:45:35.678Z,
  ip: '83.202.34.239',
  geoloc: {
    range: [ 1405755904, 1405756415 ],
    country: 'FR',
    region: 'IDF',
    eu: '1',
    timezone: 'Europe/Paris',
    city: 'Paris',
    ll: [ 48.8543, 2.3527 ],
    metro: 0,
    area: 10
  },
  __lastAccess: 1595501135735
}
[2020-07-23T12:45:42.085] [TRACE] file - Session {
  cookie: {
    path: '/',
    _expires: 2020-10-21T10:45:42.084Z,
    originalMaxAge: 7775999999,
    httpOnly: true
  },
  views: { '/': 1, '/cv': 2, '/giftedADHD': 1 },
  horodate: 2020-07-23T12:45:42.049Z,
  ip: '83.202.34.239',
  geoloc: {
    range: [ 1405755904, 1405756415 ],
    country: 'FR',
    region: 'IDF',
    eu: '1',
    timezone: 'Europe/Paris',
    city: 'Paris',
    ll: [ 48.8543, 2.3527 ],
    metro: 0,
    area: 10
  },
  __lastAccess: 1595501142085
}
[2020-07-23T12:45:50.350] [TRACE] file - Session {
  cookie: {
    path: '/',
    _expires: 2020-10-21T10:45:50.348Z,
    originalMaxAge: 7775999999,
    httpOnly: true
  },
  views: { '/': 1, '/cv': 2, '/giftedADHD': 1, '/adm1n': 1 },
  horodate: 2020-07-23T12:45:50.298Z,
  ip: '83.202.34.239',
  geoloc: {
    range: [ 1405755904, 1405756415 ],
    country: 'FR',
    region: 'IDF',
    eu: '1',
    timezone: 'Europe/Paris',
    city: 'Paris',
    ll: [ 48.8543, 2.3527 ],
    metro: 0,
    area: 10
  },
  __lastAccess: 1595501150349
}
[2020-07-23T12:46:10.483] [TRACE] file - Session {
  cookie: {
    path: '/',
    _expires: 2020-10-21T10:46:10.482Z,
    originalMaxAge: 7775999999,
    httpOnly: true
  },
  views: { '/': 1, '/cv': 2, '/giftedADHD': 1, '/adm1n': 2 },
  horodate: 2020-07-23T12:46:10.421Z,
  ip: '83.202.34.239',
  geoloc: {
    range: [ 1405755904, 1405756415 ],
    country: 'FR',
    region: 'IDF',
    eu: '1',
    timezone: 'Europe/Paris',
    city: 'Paris',
    ll: [ 48.8543, 2.3527 ],
    metro: 0,
    area: 10
  },
  __lastAccess: 1595501170483
}
[2020-07-23T12:46:42.955] [TRACE] file - Session {
  cookie: {
    path: '/',
    _expires: 2020-10-21T10:46:42.953Z,
    originalMaxAge: 7775999998,
    httpOnly: true
  },
  views: { '/': 140, '/cv': 87, '/adm1n': 28, '/giftedADHD': 40 },
  __lastAccess: 1595501202955,
  horodate: 2020-07-23T12:46:42.893Z,
  geoloc: {
    range: [ 1405755904, 1405756415 ],
    country: 'FR',
    region: 'IDF',
    eu: '1',
    timezone: 'Europe/Paris',
    city: 'Paris',
    ll: [ 48.8543, 2.3527 ],
    metro: 0,
    area: 10
  },
  ip: '83.202.34.239'
}
[2020-07-23T12:46:46.350] [TRACE] file - Session {
  cookie: {
    path: '/',
    _expires: 2020-10-21T10:46:46.349Z,
    originalMaxAge: 7775999999,
    httpOnly: true
  },
  views: { '/': 1, '/cv': 2, '/giftedADHD': 1, '/adm1n': 3 },
  horodate: 2020-07-23T12:46:46.307Z,
  ip: '83.202.34.239',
  geoloc: {
    range: [ 1405755904, 1405756415 ],
    country: 'FR',
    region: 'IDF',
    eu: '1',
    timezone: 'Europe/Paris',
    city: 'Paris',
    ll: [ 48.8543, 2.3527 ],
    metro: 0,
    area: 10
  },
  __lastAccess: 1595501206350
}
[2020-07-23T12:47:56.876] [TRACE] file - Session {
  cookie: {
    path: '/',
    _expires: 2020-10-21T10:47:56.874Z,
    originalMaxAge: 7775999999,
    httpOnly: true
  },
  views: { '/': 2, '/cv': 2, '/giftedADHD': 1, '/adm1n': 3 },
  horodate: 2020-07-23T12:47:56.779Z,
  ip: '83.202.34.239',
  geoloc: {
    range: [ 1405755904, 1405756415 ],
    country: 'FR',
    region: 'IDF',
    eu: '1',
    timezone: 'Europe/Paris',
    city: 'Paris',
    ll: [ 48.8543, 2.3527 ],
    metro: 0,
    area: 10
  },
  __lastAccess: 1595501276875
}
[2020-07-23T12:48:06.799] [TRACE] file - Session {
  cookie: {
    path: '/',
    _expires: 2020-10-21T10:48:06.797Z,
    originalMaxAge: 7775999998,
    httpOnly: true
  },
  views: { '/': 140, '/cv': 87, '/adm1n': 29, '/giftedADHD': 40 },
  __lastAccess: 1595501286799,
  horodate: 2020-07-23T12:48:06.751Z,
  geoloc: {
    range: [ 1405755904, 1405756415 ],
    country: 'FR',
    region: 'IDF',
    eu: '1',
    timezone: 'Europe/Paris',
    city: 'Paris',
    ll: [ 48.8543, 2.3527 ],
    metro: 0,
    area: 10
  },
  ip: '83.202.34.239'
}
[2020-07-23T12:48:15.454] [TRACE] file - Session {
  cookie: {
    path: '/',
    _expires: 2020-10-21T10:48:15.452Z,
    originalMaxAge: 7775999999,
    httpOnly: true
  },
  views: { '/': 3, '/cv': 2, '/giftedADHD': 1, '/adm1n': 3 },
  horodate: 2020-07-23T12:48:15.381Z,
  ip: '83.202.34.239',
  geoloc: {
    range: [ 1405755904, 1405756415 ],
    country: 'FR',
    region: 'IDF',
    eu: '1',
    timezone: 'Europe/Paris',
    city: 'Paris',
    ll: [ 48.8543, 2.3527 ],
    metro: 0,
    area: 10
  },
  __lastAccess: 1595501295453
}
[2020-07-23T12:48:17.236] [TRACE] file - Session {
  cookie: {
    path: '/',
    _expires: 2020-10-21T10:48:17.235Z,
    originalMaxAge: 7775999999,
    httpOnly: true
  },
  views: { '/': 3, '/cv': 2, '/giftedADHD': 1, '/adm1n': 4 },
  horodate: 2020-07-23T12:48:17.175Z,
  ip: '83.202.34.239',
  geoloc: {
    range: [ 1405755904, 1405756415 ],
    country: 'FR',
    region: 'IDF',
    eu: '1',
    timezone: 'Europe/Paris',
    city: 'Paris',
    ll: [ 48.8543, 2.3527 ],
    metro: 0,
    area: 10
  },
  __lastAccess: 1595501297236
}
[2020-07-23T12:48:25.845] [TRACE] file - Session {
  cookie: {
    path: '/',
    _expires: 2020-10-21T10:48:25.844Z,
    originalMaxAge: 7775999999,
    httpOnly: true
  },
  views: { '/': 3, '/cv': 2, '/giftedADHD': 2, '/adm1n': 4 },
  horodate: 2020-07-23T12:48:25.809Z,
  ip: '83.202.34.239',
  geoloc: {
    range: [ 1405755904, 1405756415 ],
    country: 'FR',
    region: 'IDF',
    eu: '1',
    timezone: 'Europe/Paris',
    city: 'Paris',
    ll: [ 48.8543, 2.3527 ],
    metro: 0,
    area: 10
  },
  __lastAccess: 1595501305845
}
[2020-07-23T12:48:33.898] [TRACE] file - Session {
  cookie: {
    path: '/',
    _expires: 2020-10-21T10:48:33.897Z,
    originalMaxAge: 7775999999,
    httpOnly: true
  },
  views: { '/': 3, '/cv': 3, '/giftedADHD': 2, '/adm1n': 4 },
  horodate: 2020-07-23T12:48:33.851Z,
  ip: '83.202.34.239',
  geoloc: {
    range: [ 1405755904, 1405756415 ],
    country: 'FR',
    region: 'IDF',
    eu: '1',
    timezone: 'Europe/Paris',
    city: 'Paris',
    ll: [ 48.8543, 2.3527 ],
    metro: 0,
    area: 10
  },
  __lastAccess: 1595501313898
}
[2020-07-23T12:48:38.342] [TRACE] file - Session {
  cookie: {
    path: '/',
    _expires: 2020-10-21T10:48:38.341Z,
    originalMaxAge: 7775999999,
    httpOnly: true
  },
  views: { '/': 3, '/cv': 3, '/giftedADHD': 3, '/adm1n': 4 },
  horodate: 2020-07-23T12:48:38.315Z,
  ip: '83.202.34.239',
  geoloc: {
    range: [ 1405755904, 1405756415 ],
    country: 'FR',
    region: 'IDF',
    eu: '1',
    timezone: 'Europe/Paris',
    city: 'Paris',
    ll: [ 48.8543, 2.3527 ],
    metro: 0,
    area: 10
  },
  __lastAccess: 1595501318342
}
[2020-07-23T12:48:40.351] [TRACE] file - Session {
  cookie: {
    path: '/',
    _expires: 2020-10-21T10:48:40.350Z,
    originalMaxAge: 7775999999,
    httpOnly: true
  },
  views: { '/': 4, '/cv': 3, '/giftedADHD': 3, '/adm1n': 4 },
  horodate: 2020-07-23T12:48:40.300Z,
  ip: '83.202.34.239',
  geoloc: {
    range: [ 1405755904, 1405756415 ],
    country: 'FR',
    region: 'IDF',
    eu: '1',
    timezone: 'Europe/Paris',
    city: 'Paris',
    ll: [ 48.8543, 2.3527 ],
    metro: 0,
    area: 10
  },
  __lastAccess: 1595501320351
}
[2020-07-23T12:48:46.839] [TRACE] file - Session {
  cookie: {
    path: '/',
    _expires: 2020-10-21T10:48:46.837Z,
    originalMaxAge: 7775999998,
    httpOnly: true
  },
  views: { '/': 141, '/cv': 87, '/adm1n': 29, '/giftedADHD': 40 },
  __lastAccess: 1595501326839,
  horodate: 2020-07-23T12:48:46.779Z,
  geoloc: {
    range: [ 1405755904, 1405756415 ],
    country: 'FR',
    region: 'IDF',
    eu: '1',
    timezone: 'Europe/Paris',
    city: 'Paris',
    ll: [ 48.8543, 2.3527 ],
    metro: 0,
    area: 10
  },
  ip: '83.202.34.239'
}
[2020-07-23T12:48:52.746] [TRACE] file - Session {
  cookie: {
    path: '/',
    _expires: 2020-10-21T10:48:52.743Z,
    originalMaxAge: 7775999998,
    httpOnly: true
  },
  views: { '/': 141, '/cv': 88, '/adm1n': 29, '/giftedADHD': 40 },
  __lastAccess: 1595501332746,
  horodate: 2020-07-23T12:48:52.697Z,
  geoloc: {
    range: [ 1405755904, 1405756415 ],
    country: 'FR',
    region: 'IDF',
    eu: '1',
    timezone: 'Europe/Paris',
    city: 'Paris',
    ll: [ 48.8543, 2.3527 ],
    metro: 0,
    area: 10
  },
  ip: '83.202.34.239'
}
[2020-07-23T12:49:09.119] [TRACE] file - Session {
  cookie: {
    path: '/',
    _expires: 2020-10-21T10:49:09.117Z,
    originalMaxAge: 7775999998,
    httpOnly: true
  },
  views: { '/': 141, '/cv': 88, '/adm1n': 29, '/giftedADHD': 41 },
  __lastAccess: 1595501349119,
  horodate: 2020-07-23T12:49:09.072Z,
  geoloc: {
    range: [ 1405755904, 1405756415 ],
    country: 'FR',
    region: 'IDF',
    eu: '1',
    timezone: 'Europe/Paris',
    city: 'Paris',
    ll: [ 48.8543, 2.3527 ],
    metro: 0,
    area: 10
  },
  ip: '83.202.34.239'
}
[2020-07-23T12:49:17.033] [TRACE] file - Session {
  cookie: {
    path: '/',
    _expires: 2020-10-21T10:49:17.031Z,
    originalMaxAge: 7775999998,
    httpOnly: true
  },
  views: { '/': 141, '/cv': 88, '/adm1n': 30, '/giftedADHD': 41 },
  __lastAccess: 1595501357033,
  horodate: 2020-07-23T12:49:16.976Z,
  geoloc: {
    range: [ 1405755904, 1405756415 ],
    country: 'FR',
    region: 'IDF',
    eu: '1',
    timezone: 'Europe/Paris',
    city: 'Paris',
    ll: [ 48.8543, 2.3527 ],
    metro: 0,
    area: 10
  },
  ip: '83.202.34.239'
}
[2020-07-23T12:49:20.100] [TRACE] file - Session {
  cookie: {
    path: '/',
    _expires: 2020-10-21T10:49:20.098Z,
    originalMaxAge: 7775999998,
    httpOnly: true
  },
  views: { '/': 141, '/cv': 89, '/adm1n': 30, '/giftedADHD': 41 },
  __lastAccess: 1595501360100,
  horodate: 2020-07-23T12:49:20.027Z,
  geoloc: {
    range: [ 1405755904, 1405756415 ],
    country: 'FR',
    region: 'IDF',
    eu: '1',
    timezone: 'Europe/Paris',
    city: 'Paris',
    ll: [ 48.8543, 2.3527 ],
    metro: 0,
    area: 10
  },
  ip: '83.202.34.239'
}
[2020-07-23T12:49:38.076] [TRACE] file - Session {
  cookie: {
    path: '/',
    _expires: 2020-10-21T10:49:38.074Z,
    originalMaxAge: 7775999998,
    httpOnly: true
  },
  views: { '/': 141, '/cv': 90, '/adm1n': 30, '/giftedADHD': 41 },
  __lastAccess: 1595501378076,
  horodate: 2020-07-23T12:49:38.015Z,
  geoloc: {
    range: [ 1405755904, 1405756415 ],
    country: 'FR',
    region: 'IDF',
    eu: '1',
    timezone: 'Europe/Paris',
    city: 'Paris',
    ll: [ 48.8543, 2.3527 ],
    metro: 0,
    area: 10
  },
  ip: '83.202.34.239'
}
[2020-07-23T12:49:44.620] [TRACE] file - Session {
  cookie: {
    path: '/',
    _expires: 2020-10-21T10:49:44.618Z,
    originalMaxAge: 7775999998,
    httpOnly: true
  },
  views: { '/': 141, '/cv': 91, '/adm1n': 30, '/giftedADHD': 41 },
  __lastAccess: 1595501384620,
  horodate: 2020-07-23T12:49:44.569Z,
  geoloc: {
    range: [ 1405755904, 1405756415 ],
    country: 'FR',
    region: 'IDF',
    eu: '1',
    timezone: 'Europe/Paris',
    city: 'Paris',
    ll: [ 48.8543, 2.3527 ],
    metro: 0,
    area: 10
  },
  ip: '83.202.34.239'
}
[2020-07-23T12:50:14.315] [TRACE] file - Session {
  cookie: {
    path: '/',
    _expires: 2020-10-21T10:50:14.313Z,
    originalMaxAge: 7775999998,
    httpOnly: true
  },
  views: { '/': 141, '/cv': 91, '/adm1n': 31, '/giftedADHD': 41 },
  __lastAccess: 1595501414315,
  horodate: 2020-07-23T12:50:14.186Z,
  geoloc: {
    range: [ 1405755904, 1405756415 ],
    country: 'FR',
    region: 'IDF',
    eu: '1',
    timezone: 'Europe/Paris',
    city: 'Paris',
    ll: [ 48.8543, 2.3527 ],
    metro: 0,
    area: 10
  },
  ip: '83.202.34.239'
}
[2020-07-23T12:50:17.256] [TRACE] file - Session {
  cookie: {
    path: '/',
    _expires: 2020-10-21T10:50:17.254Z,
    originalMaxAge: 7775999998,
    httpOnly: true
  },
  views: { '/': 141, '/cv': 91, '/adm1n': 31, '/giftedADHD': 42 },
  __lastAccess: 1595501417256,
  horodate: 2020-07-23T12:50:17.175Z,
  geoloc: {
    range: [ 1405755904, 1405756415 ],
    country: 'FR',
    region: 'IDF',
    eu: '1',
    timezone: 'Europe/Paris',
    city: 'Paris',
    ll: [ 48.8543, 2.3527 ],
    metro: 0,
    area: 10
  },
  ip: '83.202.34.239'
}
[2020-07-23T12:50:19.241] [TRACE] file - Session {
  cookie: {
    path: '/',
    _expires: 2020-10-21T10:50:19.237Z,
    originalMaxAge: 7775999998,
    httpOnly: true
  },
  views: { '/': 141, '/cv': 92, '/adm1n': 31, '/giftedADHD': 42 },
  __lastAccess: 1595501419240,
  horodate: 2020-07-23T12:50:19.122Z,
  geoloc: {
    range: [ 1405755904, 1405756415 ],
    country: 'FR',
    region: 'IDF',
    eu: '1',
    timezone: 'Europe/Paris',
    city: 'Paris',
    ll: [ 48.8543, 2.3527 ],
    metro: 0,
    area: 10
  },
  ip: '83.202.34.239'
}
[2020-07-23T12:50:20.597] [TRACE] file - Session {
  cookie: {
    path: '/',
    _expires: 2020-10-21T10:50:20.595Z,
    originalMaxAge: 7775999998,
    httpOnly: true
  },
  views: { '/': 142, '/cv': 92, '/adm1n': 31, '/giftedADHD': 42 },
  __lastAccess: 1595501420597,
  horodate: 2020-07-23T12:50:20.470Z,
  geoloc: {
    range: [ 1405755904, 1405756415 ],
    country: 'FR',
    region: 'IDF',
    eu: '1',
    timezone: 'Europe/Paris',
    city: 'Paris',
    ll: [ 48.8543, 2.3527 ],
    metro: 0,
    area: 10
  },
  ip: '83.202.34.239'
}
[2020-07-23T12:50:30.109] [TRACE] file - Session {
  cookie: {
    path: '/',
    _expires: 2020-10-21T10:50:30.108Z,
    originalMaxAge: 7775999999,
    httpOnly: true
  },
  views: { '/': 5, '/cv': 3, '/giftedADHD': 3, '/adm1n': 4 },
  horodate: 2020-07-23T12:50:30.021Z,
  ip: '83.202.34.239',
  geoloc: {
    range: [ 1405755904, 1405756415 ],
    country: 'FR',
    region: 'IDF',
    eu: '1',
    timezone: 'Europe/Paris',
    city: 'Paris',
    ll: [ 48.8543, 2.3527 ],
    metro: 0,
    area: 10
  },
  __lastAccess: 1595501430109
}
[2020-07-23T12:51:35.276] [TRACE] file - Session {
  cookie: {
    path: '/',
    _expires: 2020-10-21T10:51:35.276Z,
    originalMaxAge: 7776000000,
    httpOnly: true
  },
  views: { '/': 1 },
  horodate: 2020-07-23T12:51:35.198Z,
  ip: '83.202.34.239',
  geoloc: {
    range: [ 1405755904, 1405756415 ],
    country: 'FR',
    region: 'IDF',
    eu: '1',
    timezone: 'Europe/Paris',
    city: 'Paris',
    ll: [ 48.8543, 2.3527 ],
    metro: 0,
    area: 10
  },
  __lastAccess: 1595501495276
}
[2020-07-23T12:51:43.007] [TRACE] file - Session {
  cookie: {
    path: '/',
    _expires: 2020-10-21T10:51:43.007Z,
    originalMaxAge: 7776000000,
    httpOnly: true
  },
  views: { '/': 1, '/cv': 1 },
  horodate: 2020-07-23T12:51:42.950Z,
  ip: '83.202.34.239',
  geoloc: {
    range: [ 1405755904, 1405756415 ],
    country: 'FR',
    region: 'IDF',
    eu: '1',
    timezone: 'Europe/Paris',
    city: 'Paris',
    ll: [ 48.8543, 2.3527 ],
    metro: 0,
    area: 10
  },
  __lastAccess: 1595501503007
}
[2020-07-23T12:52:04.923] [TRACE] file - Session {
  cookie: {
    path: '/',
    _expires: 2020-10-21T10:52:04.922Z,
    originalMaxAge: 7776000000,
    httpOnly: true
  },
  views: { '/': 1, '/cv': 1, '/adm1n': 1 },
  horodate: 2020-07-23T12:52:04.861Z,
  ip: '83.202.34.239',
  geoloc: {
    range: [ 1405755904, 1405756415 ],
    country: 'FR',
    region: 'IDF',
    eu: '1',
    timezone: 'Europe/Paris',
    city: 'Paris',
    ll: [ 48.8543, 2.3527 ],
    metro: 0,
    area: 10
  },
  __lastAccess: 1595501524922
}
[2020-07-23T12:52:08.651] [TRACE] file - Session {
  cookie: {
    path: '/',
    _expires: 2020-10-21T10:52:08.650Z,
    originalMaxAge: 7776000000,
    httpOnly: true
  },
  views: { '/': 1, '/cv': 1, '/adm1n': 1, '/giftedADHD': 1 },
  horodate: 2020-07-23T12:52:08.613Z,
  ip: '83.202.34.239',
  geoloc: {
    range: [ 1405755904, 1405756415 ],
    country: 'FR',
    region: 'IDF',
    eu: '1',
    timezone: 'Europe/Paris',
    city: 'Paris',
    ll: [ 48.8543, 2.3527 ],
    metro: 0,
    area: 10
  },
  __lastAccess: 1595501528650
}
[2020-07-23T12:52:20.014] [TRACE] file - Session {
  cookie: {
    path: '/',
    _expires: 2020-10-21T10:52:20.014Z,
    originalMaxAge: 7776000000,
    httpOnly: true
  },
  views: { '/': 2, '/cv': 1, '/adm1n': 1, '/giftedADHD': 1 },
  horodate: 2020-07-23T12:52:19.951Z,
  ip: '83.202.34.239',
  geoloc: {
    range: [ 1405755904, 1405756415 ],
    country: 'FR',
    region: 'IDF',
    eu: '1',
    timezone: 'Europe/Paris',
    city: 'Paris',
    ll: [ 48.8543, 2.3527 ],
    metro: 0,
    area: 10
  },
  __lastAccess: 1595501540014
}
[2020-07-23T12:52:25.458] [TRACE] file - Session {
  cookie: {
    path: '/',
    _expires: 2020-10-21T10:52:25.455Z,
    originalMaxAge: 7775999998,
    httpOnly: true
  },
  views: { '/': 142, '/cv': 93, '/adm1n': 31, '/giftedADHD': 42 },
  __lastAccess: 1595501545457,
  horodate: 2020-07-23T12:52:25.385Z,
  geoloc: {
    range: [ 1405755904, 1405756415 ],
    country: 'FR',
    region: 'IDF',
    eu: '1',
    timezone: 'Europe/Paris',
    city: 'Paris',
    ll: [ 48.8543, 2.3527 ],
    metro: 0,
    area: 10
  },
  ip: '83.202.34.239'
}
[2020-07-23T12:52:28.941] [TRACE] file - Session {
  cookie: {
    path: '/',
    _expires: 2020-10-21T10:52:28.939Z,
    originalMaxAge: 7775999998,
    httpOnly: true
  },
  views: { '/': 142, '/cv': 93, '/adm1n': 31, '/giftedADHD': 43 },
  __lastAccess: 1595501548941,
  horodate: 2020-07-23T12:52:28.905Z,
  geoloc: {
    range: [ 1405755904, 1405756415 ],
    country: 'FR',
    region: 'IDF',
    eu: '1',
    timezone: 'Europe/Paris',
    city: 'Paris',
    ll: [ 48.8543, 2.3527 ],
    metro: 0,
    area: 10
  },
  ip: '83.202.34.239'
}
[2020-07-23T12:52:30.117] [TRACE] file - Session {
  cookie: {
    path: '/',
    _expires: 2020-10-21T10:52:30.117Z,
    originalMaxAge: 7776000000,
    httpOnly: true
  },
  views: { '/': 2, '/cv': 2, '/adm1n': 1, '/giftedADHD': 1 },
  horodate: 2020-07-23T12:52:30.071Z,
  ip: '83.202.34.239',
  geoloc: {
    range: [ 1405755904, 1405756415 ],
    country: 'FR',
    region: 'IDF',
    eu: '1',
    timezone: 'Europe/Paris',
    city: 'Paris',
    ll: [ 48.8543, 2.3527 ],
    metro: 0,
    area: 10
  },
  __lastAccess: 1595501550117
}
[2020-07-23T12:52:39.774] [TRACE] file - Session {
  cookie: {
    path: '/',
    _expires: 2020-10-21T10:52:39.774Z,
    originalMaxAge: 7776000000,
    httpOnly: true
  },
  views: { '/': 2, '/cv': 3, '/adm1n': 1, '/giftedADHD': 1 },
  horodate: 2020-07-23T12:52:39.725Z,
  ip: '83.202.34.239',
  geoloc: {
    range: [ 1405755904, 1405756415 ],
    country: 'FR',
    region: 'IDF',
    eu: '1',
    timezone: 'Europe/Paris',
    city: 'Paris',
    ll: [ 48.8543, 2.3527 ],
    metro: 0,
    area: 10
  },
  __lastAccess: 1595501559774
}
[2020-07-23T12:52:46.866] [TRACE] file - Session {
  cookie: {
    path: '/',
    _expires: 2020-10-21T10:52:46.866Z,
    originalMaxAge: 7776000000,
    httpOnly: true
  },
  views: { '/': 2, '/cv': 3, '/adm1n': 1, '/giftedADHD': 2 },
  horodate: 2020-07-23T12:52:46.825Z,
  ip: '83.202.34.239',
  geoloc: {
    range: [ 1405755904, 1405756415 ],
    country: 'FR',
    region: 'IDF',
    eu: '1',
    timezone: 'Europe/Paris',
    city: 'Paris',
    ll: [ 48.8543, 2.3527 ],
    metro: 0,
    area: 10
  },
  __lastAccess: 1595501566866
}
[2020-07-23T12:52:56.236] [TRACE] file - Session {
  cookie: {
    path: '/',
    _expires: 2020-10-21T10:52:56.236Z,
    originalMaxAge: 7776000000,
    httpOnly: true
  },
  views: { '/': 2, '/cv': 4, '/adm1n': 1, '/giftedADHD': 2 },
  horodate: 2020-07-23T12:52:56.170Z,
  ip: '83.202.34.239',
  geoloc: {
    range: [ 1405755904, 1405756415 ],
    country: 'FR',
    region: 'IDF',
    eu: '1',
    timezone: 'Europe/Paris',
    city: 'Paris',
    ll: [ 48.8543, 2.3527 ],
    metro: 0,
    area: 10
  },
  __lastAccess: 1595501576236
}
[2020-07-23T12:54:22.281] [TRACE] file - Session {
  cookie: {
    path: '/',
    _expires: 2020-10-21T10:54:22.278Z,
    originalMaxAge: 7775999998,
    httpOnly: true
  },
  views: { '/': 142, '/cv': 94, '/adm1n': 31, '/giftedADHD': 43 },
  __lastAccess: 1595501662280,
  horodate: 2020-07-23T12:54:22.226Z,
  geoloc: {
    range: [ 1405755904, 1405756415 ],
    country: 'FR',
    region: 'IDF',
    eu: '1',
    timezone: 'Europe/Paris',
    city: 'Paris',
    ll: [ 48.8543, 2.3527 ],
    metro: 0,
    area: 10
  },
  ip: '83.202.34.239'
}
[2020-07-23T12:54:27.949] [TRACE] file - Session {
  cookie: {
    path: '/',
    _expires: 2020-10-21T10:54:27.949Z,
    originalMaxAge: 7776000000,
    httpOnly: true
  },
  views: { '/': 2, '/cv': 5, '/adm1n': 1, '/giftedADHD': 2 },
  horodate: 2020-07-23T12:54:27.899Z,
  ip: '83.202.34.239',
  geoloc: {
    range: [ 1405755904, 1405756415 ],
    country: 'FR',
    region: 'IDF',
    eu: '1',
    timezone: 'Europe/Paris',
    city: 'Paris',
    ll: [ 48.8543, 2.3527 ],
    metro: 0,
    area: 10
  },
  __lastAccess: 1595501667949
}
[2020-07-23T12:54:33.900] [TRACE] file - Session {
  cookie: {
    path: '/',
    _expires: 2020-10-21T10:54:33.900Z,
    originalMaxAge: 7776000000,
    httpOnly: true
  },
  views: { '/': 2, '/cv': 6, '/adm1n': 1, '/giftedADHD': 2 },
  horodate: 2020-07-23T12:54:33.843Z,
  ip: '83.202.34.239',
  geoloc: {
    range: [ 1405755904, 1405756415 ],
    country: 'FR',
    region: 'IDF',
    eu: '1',
    timezone: 'Europe/Paris',
    city: 'Paris',
    ll: [ 48.8543, 2.3527 ],
    metro: 0,
    area: 10
  },
  __lastAccess: 1595501673900
}
[2020-07-23T12:55:39.199] [TRACE] file - Session {
  cookie: {
    path: '/',
    _expires: 2020-10-21T10:55:39.197Z,
    originalMaxAge: 7775999998,
    httpOnly: true
  },
  views: { '/': 142, '/cv': 95, '/adm1n': 31, '/giftedADHD': 43 },
  __lastAccess: 1595501739199,
  horodate: 2020-07-23T12:55:39.136Z,
  geoloc: {
    range: [ 1405755904, 1405756415 ],
    country: 'FR',
    region: 'IDF',
    eu: '1',
    timezone: 'Europe/Paris',
    city: 'Paris',
    ll: [ 48.8543, 2.3527 ],
    metro: 0,
    area: 10
  },
  ip: '83.202.34.239'
}
[2020-07-23T12:55:42.635] [TRACE] file - Session {
  cookie: {
    path: '/',
    _expires: 2020-10-21T10:55:42.633Z,
    originalMaxAge: 7775999998,
    httpOnly: true
  },
  views: { '/': 142, '/cv': 95, '/adm1n': 31, '/giftedADHD': 44 },
  __lastAccess: 1595501742635,
  horodate: 2020-07-23T12:55:42.595Z,
  geoloc: {
    range: [ 1405755904, 1405756415 ],
    country: 'FR',
    region: 'IDF',
    eu: '1',
    timezone: 'Europe/Paris',
    city: 'Paris',
    ll: [ 48.8543, 2.3527 ],
    metro: 0,
    area: 10
  },
  ip: '83.202.34.239'
}
[2020-07-23T12:55:46.410] [TRACE] file - Session {
  cookie: {
    path: '/',
    _expires: 2020-10-21T10:55:46.408Z,
    originalMaxAge: 7775999998,
    httpOnly: true
  },
  views: { '/': 142, '/cv': 96, '/adm1n': 31, '/giftedADHD': 44 },
  __lastAccess: 1595501746410,
  horodate: 2020-07-23T12:55:46.368Z,
  geoloc: {
    range: [ 1405755904, 1405756415 ],
    country: 'FR',
    region: 'IDF',
    eu: '1',
    timezone: 'Europe/Paris',
    city: 'Paris',
    ll: [ 48.8543, 2.3527 ],
    metro: 0,
    area: 10
  },
  ip: '83.202.34.239'
}
[2020-07-23T12:55:47.687] [TRACE] file - Session {
  cookie: {
    path: '/',
    _expires: 2020-10-21T10:55:47.685Z,
    originalMaxAge: 7775999998,
    httpOnly: true
  },
  views: { '/': 143, '/cv': 96, '/adm1n': 31, '/giftedADHD': 44 },
  __lastAccess: 1595501747687,
  horodate: 2020-07-23T12:55:47.630Z,
  geoloc: {
    range: [ 1405755904, 1405756415 ],
    country: 'FR',
    region: 'IDF',
    eu: '1',
    timezone: 'Europe/Paris',
    city: 'Paris',
    ll: [ 48.8543, 2.3527 ],
    metro: 0,
    area: 10
  },
  ip: '83.202.34.239'
}
[2020-07-23T12:55:49.111] [TRACE] file - Session {
  cookie: {
    path: '/',
    _expires: 2020-10-21T10:55:49.108Z,
    originalMaxAge: 7775999998,
    httpOnly: true
  },
  views: { '/': 143, '/cv': 96, '/adm1n': 32, '/giftedADHD': 44 },
  __lastAccess: 1595501749110,
  horodate: 2020-07-23T12:55:49.062Z,
  geoloc: {
    range: [ 1405755904, 1405756415 ],
    country: 'FR',
    region: 'IDF',
    eu: '1',
    timezone: 'Europe/Paris',
    city: 'Paris',
    ll: [ 48.8543, 2.3527 ],
    metro: 0,
    area: 10
  },
  ip: '83.202.34.239'
}
[2020-07-23T12:55:51.714] [TRACE] file - Session {
  cookie: {
    path: '/',
    _expires: 2020-10-21T10:55:51.712Z,
    originalMaxAge: 7775999998,
    httpOnly: true
  },
  views: { '/': 143, '/cv': 97, '/adm1n': 32, '/giftedADHD': 44 },
  __lastAccess: 1595501751714,
  horodate: 2020-07-23T12:55:51.665Z,
  geoloc: {
    range: [ 1405755904, 1405756415 ],
    country: 'FR',
    region: 'IDF',
    eu: '1',
    timezone: 'Europe/Paris',
    city: 'Paris',
    ll: [ 48.8543, 2.3527 ],
    metro: 0,
    area: 10
  },
  ip: '83.202.34.239'
}
[2020-07-23T12:56:00.375] [TRACE] file - Session {
  cookie: {
    path: '/',
    _expires: 2020-10-21T10:56:00.373Z,
    originalMaxAge: 7775999998,
    httpOnly: true
  },
  views: { '/': 143, '/cv': 97, '/adm1n': 32, '/giftedADHD': 45 },
  __lastAccess: 1595501760375,
  horodate: 2020-07-23T12:56:00.341Z,
  geoloc: {
    range: [ 1405755904, 1405756415 ],
    country: 'FR',
    region: 'IDF',
    eu: '1',
    timezone: 'Europe/Paris',
    city: 'Paris',
    ll: [ 48.8543, 2.3527 ],
    metro: 0,
    area: 10
  },
  ip: '83.202.34.239'
}
[2020-07-23T12:56:05.551] [TRACE] file - Session {
  cookie: {
    path: '/',
    _expires: 2020-10-21T10:56:05.548Z,
    originalMaxAge: 7775999998,
    httpOnly: true
  },
  views: { '/': 143, '/cv': 97, '/adm1n': 33, '/giftedADHD': 45 },
  __lastAccess: 1595501765551,
  horodate: 2020-07-23T12:56:05.499Z,
  geoloc: {
    range: [ 1405755904, 1405756415 ],
    country: 'FR',
    region: 'IDF',
    eu: '1',
    timezone: 'Europe/Paris',
    city: 'Paris',
    ll: [ 48.8543, 2.3527 ],
    metro: 0,
    area: 10
  },
  ip: '83.202.34.239'
}
[2020-07-23T12:56:10.608] [TRACE] file - Session {
  cookie: {
    path: '/',
    _expires: 2020-10-21T10:56:10.606Z,
    originalMaxAge: 7775999998,
    httpOnly: true
  },
  views: { '/': 144, '/cv': 97, '/adm1n': 33, '/giftedADHD': 45 },
  __lastAccess: 1595501770608,
  horodate: 2020-07-23T12:56:10.536Z,
  geoloc: {
    range: [ 1405755904, 1405756415 ],
    country: 'FR',
    region: 'IDF',
    eu: '1',
    timezone: 'Europe/Paris',
    city: 'Paris',
    ll: [ 48.8543, 2.3527 ],
    metro: 0,
    area: 10
  },
  ip: '83.202.34.239'
}
