[2020-07-03T18:39:00.437] [TRACE] trace - Session {
  cookie: {
    path: '/',
    _expires: 2071-12-31T01:51:18.403Z,
    originalMaxAge: 1624957937967,
    httpOnly: true
  },
  views: { '/': 134, '/cv': 45, '/adm1n': 40, '/giftedADHD': 31 },
  sessionID: 'R5fFgf2MY5GywsnD_EjXqJmF',
  horodate: '2020-07-03T17:18:25.834Z',
  geoloc: {
    range: [ 1405755904, 1405756415 ],
    country: 'FR',
    region: 'IDF',
    eu: '1',
    timezone: 'Europe/Paris',
    city: 'Paris',
    ll: [ 48.8543, 2.3527 ],
    metro: 0,
    area: 10
  },
  __lastAccess: 1593794313912,
  ip: '83.202.34.239'
}
[2020-07-03T18:39:02.800] [TRACE] trace - /cv: 45
[2020-07-03T18:39:04.609] [TRACE] trace - /adm1n: 40
[2020-07-03T18:39:07.004] [TRACE] trace - /giftedADHD: 1
