[2020-07-03T18:46:34.092] [TRACE] trace - Session {
  cookie: {
    path: '/',
    _expires: 2072-01-02T22:53:40.813Z,
    originalMaxAge: 1625206026725,
    httpOnly: true
  },
  views: { '/': 1 },
  horodate: '2020-07-02T08:08:16.031Z',
  ip: '83.202.34.239',
  geoloc: {
    range: [ 1405755904, 1405756415 ],
    country: 'FR',
    region: 'IDF',
    eu: '1',
    timezone: 'Europe/Paris',
    city: 'Paris',
    ll: [ 48.8543, 2.3527 ],
    metro: 0,
    area: 10
  },
  __lastAccess: 1593794747631
}
[2020-07-03T18:46:36.314] [TRACE] trace - Session {
  cookie: {
    path: '/',
    _expires: 2072-01-02T22:53:43.039Z,
    originalMaxAge: 1625206026725,
    httpOnly: true
  },
  views: { '/': 1 },
  horodate: '2020-07-02T08:08:16.031Z',
  ip: '83.202.34.239',
  geoloc: {
    range: [ 1405755904, 1405756415 ],
    country: 'FR',
    region: 'IDF',
    eu: '1',
    timezone: 'Europe/Paris',
    city: 'Paris',
    ll: [ 48.8543, 2.3527 ],
    metro: 0,
    area: 10
  },
  __lastAccess: 1593794794103
}
[2020-07-03T18:46:37.279] [TRACE] trace - Session {
  cookie: {
    path: '/',
    _expires: 2072-01-02T22:53:44.004Z,
    originalMaxAge: 1625206026725,
    httpOnly: true
  },
  views: { '/': 1 },
  horodate: '2020-07-02T08:08:16.031Z',
  ip: '83.202.34.239',
  geoloc: {
    range: [ 1405755904, 1405756415 ],
    country: 'FR',
    region: 'IDF',
    eu: '1',
    timezone: 'Europe/Paris',
    city: 'Paris',
    ll: [ 48.8543, 2.3527 ],
    metro: 0,
    area: 10
  },
  __lastAccess: 1593794796318
}
[2020-07-03T18:46:38.991] [TRACE] trace - /cv: undefined
[2020-07-03T18:46:43.298] [TRACE] trace - Session {
  cookie: {
    path: '/',
    _expires: 2072-01-02T22:53:50.023Z,
    originalMaxAge: 1625206026725,
    httpOnly: true
  },
  views: { '/': 1 },
  horodate: '2020-07-02T08:08:16.031Z',
  ip: '83.202.34.239',
  geoloc: {
    range: [ 1405755904, 1405756415 ],
    country: 'FR',
    region: 'IDF',
    eu: '1',
    timezone: 'Europe/Paris',
    city: 'Paris',
    ll: [ 48.8543, 2.3527 ],
    metro: 0,
    area: 10
  },
  __lastAccess: 1593794798994
}
[2020-07-03T18:46:45.274] [TRACE] trace - /cv: undefined
[2020-07-03T18:46:46.656] [TRACE] trace - Session {
  cookie: {
    path: '/',
    _expires: 2072-01-02T22:53:53.380Z,
    originalMaxAge: 1625206026725,
    httpOnly: true
  },
  views: { '/': 1 },
  horodate: '2020-07-02T08:08:16.031Z',
  ip: '83.202.34.239',
  geoloc: {
    range: [ 1405755904, 1405756415 ],
    country: 'FR',
    region: 'IDF',
    eu: '1',
    timezone: 'Europe/Paris',
    city: 'Paris',
    ll: [ 48.8543, 2.3527 ],
    metro: 0,
    area: 10
  },
  __lastAccess: 1593794805274
}
