[2020-06-27T17:06:40.117] [TRACE] trace - {
  genid: [Function: genid],
  secret: 'qwerty',
  resave: false,
  saveUninitialized: true,
  cookie: {
    path: '/',
    _expires: 1624806386730,
    originalMaxAge: 1624806386730,
    httpOnly: true
  },
  sessionID: 'pETzgtdW0ItBpBGjCM9NW-us',
  horodate: 2020-06-27T17:06:40.117Z,
  ip: '86.247.253.198',
  geoloc: {
    range: [ 1459091456, 1459093503 ],
    country: 'FR',
    region: 'IDF',
    eu: '1',
    timezone: 'Europe/Paris',
    city: 'Paris',
    ll: [ 48.8543, 2.3527 ],
    metro: 0,
    area: 1
  },
  pathname: '/',
  nbViews: [ '/': 1 ]
}
[2020-06-27T17:07:54.768] [TRACE] trace - cv:1
[2020-06-27T17:07:59.291] [TRACE] trace - {
  genid: [Function: genid],
  secret: 'qwerty',
  resave: false,
  saveUninitialized: true,
  cookie: {
    path: '/',
    _expires: 2071-12-23T06:14:21.622Z,
    originalMaxAge: 1624806386730,
    httpOnly: true
  },
  sessionID: 'pETzgtdW0ItBpBGjCM9NW-us',
  horodate: 2020-06-27T17:07:59.290Z,
  ip: '86.247.253.198',
  geoloc: {
    range: [ 1459091456, 1459093503 ],
    country: 'FR',
    region: 'IDF',
    eu: '1',
    timezone: 'Europe/Paris',
    city: 'Paris',
    ll: [ 48.8543, 2.3527 ],
    metro: 0,
    area: 1
  },
  pathname: '/',
  nbViews: [ '/': 2, cv: 1 ]
}
[2020-06-27T17:08:20.120] [TRACE] trace - {
  genid: [Function: genid],
  secret: 'qwerty',
  resave: false,
  saveUninitialized: true,
  cookie: {
    path: '/',
    _expires: 1624806386730,
    originalMaxAge: 1624806386730,
    httpOnly: true
  },
  sessionID: 'ZPd8yDHtgEQ8b452slvqCzL2',
  horodate: 2020-06-27T17:08:20.120Z,
  ip: '86.247.253.198',
  geoloc: {
    range: [ 1459091456, 1459093503 ],
    country: 'FR',
    region: 'IDF',
    eu: '1',
    timezone: 'Europe/Paris',
    city: 'Paris',
    ll: [ 48.8543, 2.3527 ],
    metro: 0,
    area: 1
  },
  pathname: '/',
  nbViews: [ '/': 1, cv: 1 ]
}
[2020-06-27T17:08:23.829] [TRACE] trace - {
  genid: [Function: genid],
  secret: 'qwerty',
  resave: false,
  saveUninitialized: true,
  cookie: {
    path: '/',
    _expires: 1624806386730,
    originalMaxAge: 1624806386730,
    httpOnly: true
  },
  sessionID: '-itdYhSlSBC31NcxS5ly6VFY',
  horodate: 2020-06-27T17:08:23.829Z,
  ip: '86.247.253.198',
  geoloc: {
    range: [ 1459091456, 1459093503 ],
    country: 'FR',
    region: 'IDF',
    eu: '1',
    timezone: 'Europe/Paris',
    city: 'Paris',
    ll: [ 48.8543, 2.3527 ],
    metro: 0,
    area: 1
  },
  pathname: '/',
  nbViews: [ '/': 1, cv: 1 ]
}
[2020-06-27T17:09:43.125] [TRACE] trace - {
  genid: [Function: genid],
  secret: 'qwerty',
  resave: false,
  saveUninitialized: true,
  cookie: {
    path: '/',
    _expires: 1624806386730,
    originalMaxAge: 1624806386730,
    httpOnly: true
  },
  sessionID: 'A-GNEjMifn5gIjGl77lWwnym',
  horodate: 2020-06-27T17:09:43.125Z,
  ip: '86.247.253.198',
  geoloc: {
    range: [ 1459091456, 1459093503 ],
    country: 'FR',
    region: 'IDF',
    eu: '1',
    timezone: 'Europe/Paris',
    city: 'Paris',
    ll: [ 48.8543, 2.3527 ],
    metro: 0,
    area: 1
  },
  pathname: '/',
  nbViews: [ '/': 1, cv: 1 ]
}
[2020-06-27T17:10:35.238] [TRACE] trace - {
  genid: [Function: genid],
  secret: 'qwerty',
  resave: false,
  saveUninitialized: true,
  cookie: {
    path: '/',
    _expires: 2071-12-23T06:14:50.641Z,
    originalMaxAge: 1624806386730,
    httpOnly: true
  },
  sessionID: '-itdYhSlSBC31NcxS5ly6VFY',
  horodate: 2020-06-27T17:10:35.238Z,
  ip: '86.247.253.198',
  geoloc: {
    range: [ 1459091456, 1459093503 ],
    country: 'FR',
    region: 'IDF',
    eu: '1',
    timezone: 'Europe/Paris',
    city: 'Paris',
    ll: [ 48.8543, 2.3527 ],
    metro: 0,
    area: 1
  },
  pathname: '/',
  nbViews: [ '/': 2, cv: 1 ]
}
[2020-06-27T17:10:39.956] [TRACE] trace - cv:1
[2020-06-27T17:10:48.023] [TRACE] trace - {
  genid: [Function: genid],
  secret: 'qwerty',
  resave: false,
  saveUninitialized: true,
  cookie: {
    path: '/',
    _expires: 2071-12-23T06:17:06.744Z,
    originalMaxAge: 1624806386730,
    httpOnly: true
  },
  sessionID: '-itdYhSlSBC31NcxS5ly6VFY',
  horodate: 2020-06-27T17:10:48.023Z,
  ip: '86.247.253.198',
  geoloc: {
    range: [ 1459091456, 1459093503 ],
    country: 'FR',
    region: 'IDF',
    eu: '1',
    timezone: 'Europe/Paris',
    city: 'Paris',
    ll: [ 48.8543, 2.3527 ],
    metro: 0,
    area: 1
  },
  pathname: '/',
  nbViews: [ '/': 3, cv: 1 ]
}
[2020-06-27T17:10:51.115] [TRACE] trace - cv:2
[2020-06-27T17:10:59.287] [TRACE] trace - giftedADHD:1
[2020-06-27T17:11:01.473] [TRACE] trace - cv:3
[2020-06-27T17:11:05.329] [TRACE] trace - {
  genid: [Function: genid],
  secret: 'qwerty',
  resave: false,
  saveUninitialized: true,
  cookie: {
    path: '/',
    _expires: 2071-12-23T06:17:28.258Z,
    originalMaxAge: 1624806386730,
    httpOnly: true
  },
  sessionID: '-itdYhSlSBC31NcxS5ly6VFY',
  horodate: 2020-06-27T17:11:05.329Z,
  ip: '86.247.253.198',
  geoloc: {
    range: [ 1459091456, 1459093503 ],
    country: 'FR',
    region: 'IDF',
    eu: '1',
    timezone: 'Europe/Paris',
    city: 'Paris',
    ll: [ 48.8543, 2.3527 ],
    metro: 0,
    area: 1
  },
  pathname: '/',
  nbViews: [ '/': 4, cv: 3, giftedADHD: 1 ]
}
[2020-06-27T17:11:15.867] [TRACE] trace - {
  genid: [Function: genid],
  secret: 'qwerty',
  resave: false,
  saveUninitialized: true,
  cookie: {
    path: '/',
    _expires: 2071-12-23T06:14:26.122Z,
    originalMaxAge: 1624806386730,
    httpOnly: true
  },
  sessionID: 'pETzgtdW0ItBpBGjCM9NW-us',
  horodate: 2020-06-27T17:11:15.867Z,
  ip: '86.247.253.198',
  geoloc: {
    range: [ 1459091456, 1459093503 ],
    country: 'FR',
    region: 'IDF',
    eu: '1',
    timezone: 'Europe/Paris',
    city: 'Paris',
    ll: [ 48.8543, 2.3527 ],
    metro: 0,
    area: 1
  },
  pathname: '/',
  nbViews: [ '/': 3, cv: 3, giftedADHD: 1 ]
}
[2020-06-27T17:11:21.701] [TRACE] trace - cv:2
[2020-06-27T17:12:10.410] [TRACE] trace - index:1
[2020-06-27T17:15:00.042] [TRACE] trace - {
  genid: [Function: genid],
  secret: 'qwerty',
  resave: false,
  saveUninitialized: true,
  cookie: {
    path: '/',
    _expires: 2071-12-23T06:18:37.192Z,
    originalMaxAge: 1624806386730,
    httpOnly: true
  },
  sessionID: 'pETzgtdW0ItBpBGjCM9NW-us',
  horodate: 2020-06-27T17:15:00.042Z,
  ip: '86.247.253.198',
  geoloc: {
    range: [ 1459091456, 1459093503 ],
    country: 'FR',
    region: 'IDF',
    eu: '1',
    timezone: 'Europe/Paris',
    city: 'Paris',
    ll: [ 48.8543, 2.3527 ],
    metro: 0,
    area: 1
  },
  pathname: '/',
  nbViews: [ '/': 4, cv: 2, giftedADHD: 1, index: 1 ]
}
[2020-06-27T17:15:09.666] [TRACE] trace - cv:3
[2020-06-27T17:15:14.411] [TRACE] trace - giftedADHD:1
[2020-06-27T17:15:20.182] [TRACE] trace - index:2
[2020-06-27T17:15:23.605] [TRACE] trace - giftedADHD:2
[2020-06-27T17:15:27.436] [TRACE] trace - cv:4
[2020-06-27T17:15:29.363] [TRACE] trace - giftedADHD:3
[2020-06-27T17:15:32.898] [TRACE] trace - index:3
[2020-06-27T17:15:42.756] [TRACE] trace - {
  genid: [Function: genid],
  secret: 'qwerty',
  resave: false,
  saveUninitialized: true,
  cookie: {
    path: '/',
    _expires: 2071-12-23T06:21:59.671Z,
    originalMaxAge: 1624806386730,
    httpOnly: true
  },
  sessionID: 'pETzgtdW0ItBpBGjCM9NW-us',
  horodate: 2020-06-27T17:15:42.756Z,
  ip: '86.247.253.198',
  geoloc: {
    range: [ 1459091456, 1459093503 ],
    country: 'FR',
    region: 'IDF',
    eu: '1',
    timezone: 'Europe/Paris',
    city: 'Paris',
    ll: [ 48.8543, 2.3527 ],
    metro: 0,
    area: 1
  },
  pathname: '/',
  nbViews: [ '/': 5, cv: 4, giftedADHD: 3, index: 3 ]
}
[2020-06-27T17:15:50.418] [TRACE] trace - cv:5
[2020-06-27T17:15:55.170] [TRACE] trace - giftedADHD:4
[2020-06-27T17:15:58.314] [TRACE] trace - index:4
[2020-06-27T17:16:14.413] [TRACE] trace - {
  genid: [Function: genid],
  secret: 'qwerty',
  resave: false,
  saveUninitialized: true,
  cookie: {
    path: '/',
    _expires: 1624806386730,
    originalMaxAge: 1624806386730,
    httpOnly: true
  },
  sessionID: '8sV67605IWz5QmepgXpEc6s6',
  horodate: 2020-06-27T17:16:14.413Z,
  ip: '127.0.0.1',
  geoloc: null,
  pathname: '/',
  nbViews: [ '/': 1, cv: 5, giftedADHD: 4, index: 4 ]
}
[2020-06-27T17:16:44.859] [TRACE] trace - {
  genid: [Function: genid],
  secret: 'qwerty',
  resave: false,
  saveUninitialized: true,
  cookie: {
    path: '/',
    _expires: 2071-12-23T06:22:25.085Z,
    originalMaxAge: 1624806386730,
    httpOnly: true
  },
  sessionID: 'pETzgtdW0ItBpBGjCM9NW-us',
  horodate: 2020-06-27T17:16:44.859Z,
  ip: '86.247.253.198',
  geoloc: {
    range: [ 1459091456, 1459093503 ],
    country: 'FR',
    region: 'IDF',
    eu: '1',
    timezone: 'Europe/Paris',
    city: 'Paris',
    ll: [ 48.8543, 2.3527 ],
    metro: 0,
    area: 1
  },
  pathname: '/',
  nbViews: [ '/': 6, cv: 5, giftedADHD: 4, index: 4 ]
}
[2020-06-27T17:18:14.399] [TRACE] trace - giftedADHD:1
[2020-06-27T17:19:09.695] [TRACE] trace - index:1
[2020-06-27T17:31:29.809] [TRACE] trace - {
  genid: [Function: genid],
  secret: 'qwerty',
  resave: false,
  saveUninitialized: true,
  cookie: {
    path: '/',
    _expires: 2071-12-23T06:23:11.654Z,
    originalMaxAge: 1624806386730,
    httpOnly: true
  },
  sessionID: 'pETzgtdW0ItBpBGjCM9NW-us',
  horodate: 2020-06-27T17:31:29.809Z,
  ip: '86.247.253.198',
  geoloc: {
    range: [ 1459091456, 1459093503 ],
    country: 'FR',
    region: 'IDF',
    eu: '1',
    timezone: 'Europe/Paris',
    city: 'Paris',
    ll: [ 48.8543, 2.3527 ],
    metro: 0,
    area: 1
  },
  pathname: '/',
  nbViews: [ '/': 7, cv: 5, giftedADHD: 1, index: 1 ]
}
[2020-06-27T17:31:36.930] [TRACE] trace - index:5
[2020-06-27T17:31:57.828] [TRACE] trace - giftedADHD:5
[2020-06-27T17:32:47.865] [TRACE] trace - {
  genid: [Function: genid],
  secret: 'qwerty',
  resave: false,
  saveUninitialized: true,
  cookie: {
    path: '/',
    _expires: 2071-12-23T06:38:24.597Z,
    originalMaxAge: 1624806386730,
    httpOnly: true
  },
  sessionID: 'pETzgtdW0ItBpBGjCM9NW-us',
  horodate: 2020-06-27T17:32:47.865Z,
  ip: '86.247.253.198',
  geoloc: {
    range: [ 1459091456, 1459093503 ],
    country: 'FR',
    region: 'IDF',
    eu: '1',
    timezone: 'Europe/Paris',
    city: 'Paris',
    ll: [ 48.8543, 2.3527 ],
    metro: 0,
    area: 1
  },
  pathname: '/',
  nbViews: [ '/': 8, cv: 5, giftedADHD: 5, index: 5 ]
}
[2020-06-27T17:33:02.147] [TRACE] trace - {
  genid: [Function: genid],
  secret: 'qwerty',
  resave: false,
  saveUninitialized: true,
  cookie: {
    path: '/',
    _expires: 1624806386730,
    originalMaxAge: 1624806386730,
    httpOnly: true
  },
  sessionID: 'tL3kGPMXT_ngqM7C6GiepB29',
  horodate: 2020-06-27T17:33:02.147Z,
  ip: '86.247.253.198',
  geoloc: {
    range: [ 1459091456, 1459093503 ],
    country: 'FR',
    region: 'IDF',
    eu: '1',
    timezone: 'Europe/Paris',
    city: 'Paris',
    ll: [ 48.8543, 2.3527 ],
    metro: 0,
    area: 1
  },
  pathname: '/',
  nbViews: [ '/': 1, cv: 5, giftedADHD: 5, index: 5 ]
}
[2020-06-27T17:33:17.992] [TRACE] trace - {
  genid: [Function: genid],
  secret: 'qwerty',
  resave: false,
  saveUninitialized: true,
  cookie: {
    path: '/',
    _expires: 2071-12-23T06:39:28.931Z,
    originalMaxAge: 1624806386730,
    httpOnly: true
  },
  sessionID: 'tL3kGPMXT_ngqM7C6GiepB29',
  horodate: 2020-06-27T17:33:17.992Z,
  ip: '86.247.253.198',
  geoloc: {
    range: [ 1459091456, 1459093503 ],
    country: 'FR',
    region: 'IDF',
    eu: '1',
    timezone: 'Europe/Paris',
    city: 'Paris',
    ll: [ 48.8543, 2.3527 ],
    metro: 0,
    area: 1
  },
  pathname: '/',
  nbViews: [ '/': 2, cv: 5, giftedADHD: 5, index: 5 ]
}
