[2020-06-29T07:19:15.687] [TRACE] trace - Session {
  cookie: {
    path: '/',
    _expires: 2071-12-26T10:38:16.188Z,
    originalMaxAge: 1624943940502,
    httpOnly: true
  },
  views: { '/': 1 },
  sessionID: 'UvSJKhEgm1TtoetZ3ckCwroa',
  horodate: 2020-06-29T07:19:15.134Z,
  ip: '86.247.253.198',
  geoloc: {
    range: [ 1459091456, 1459093503 ],
    country: 'FR',
    region: 'IDF',
    eu: '1',
    timezone: 'Europe/Paris',
    city: 'Paris',
    ll: [ 48.8543, 2.3527 ],
    metro: 0,
    area: 1
  }
}
[2020-06-29T07:19:18.765] [TRACE] trace - /adm1n: 1
[2020-06-29T07:20:58.254] [TRACE] trace - /giftedADHD: 1
[2020-06-29T07:21:00.844] [TRACE] trace - /adm1n: 2
[2020-06-29T07:21:18.676] [TRACE] trace - /cv: 1
[2020-06-29T07:21:27.242] [TRACE] trace - Session {
  cookie: {
    path: '/',
    _expires: 2071-12-26T10:40:27.744Z,
    originalMaxAge: 1624943940502,
    httpOnly: true
  },
  views: { '/': 2, '/adm1n': 2, '/giftedADHD': 1, '/cv': 1 },
  sessionID: 'UvSJKhEgm1TtoetZ3ckCwroa',
  horodate: 2020-06-29T07:21:27.176Z,
  ip: '86.247.253.198',
  geoloc: {
    range: [ 1459091456, 1459093503 ],
    country: 'FR',
    region: 'IDF',
    eu: '1',
    timezone: 'Europe/Paris',
    city: 'Paris',
    ll: [ 48.8543, 2.3527 ],
    metro: 0,
    area: 1
  }
}
[2020-06-29T07:21:39.706] [TRACE] trace - /cv: 2
[2020-06-29T07:21:40.739] [TRACE] trace - /adm1n: 3
[2020-06-29T07:21:42.367] [TRACE] trace - /giftedADHD: 2
[2020-06-29T07:21:44.572] [TRACE] trace - /cv: 3
[2020-06-29T07:21:45.665] [TRACE] trace - Session {
  cookie: {
    path: '/',
    _expires: 2071-12-26T10:40:46.167Z,
    originalMaxAge: 1624943940502,
    httpOnly: true
  },
  views: { '/': 3, '/adm1n': 3, '/giftedADHD': 2, '/cv': 3 },
  sessionID: 'UvSJKhEgm1TtoetZ3ckCwroa',
  horodate: 2020-06-29T07:21:45.613Z,
  ip: '86.247.253.198',
  geoloc: {
    range: [ 1459091456, 1459093503 ],
    country: 'FR',
    region: 'IDF',
    eu: '1',
    timezone: 'Europe/Paris',
    city: 'Paris',
    ll: [ 48.8543, 2.3527 ],
    metro: 0,
    area: 1
  }
}
[2020-06-29T07:22:55.055] [TRACE] trace - Session {
  cookie: {
    path: '/',
    _expires: 2071-12-26T10:41:55.556Z,
    originalMaxAge: 1624943940502,
    httpOnly: true
  },
  views: { '/': 4, '/adm1n': 3, '/giftedADHD': 2, '/cv': 3 },
  sessionID: 'UvSJKhEgm1TtoetZ3ckCwroa',
  horodate: 2020-06-29T07:22:54.901Z,
  ip: '86.247.253.198',
  geoloc: {
    range: [ 1459091456, 1459093503 ],
    country: 'FR',
    region: 'IDF',
    eu: '1',
    timezone: 'Europe/Paris',
    city: 'Paris',
    ll: [ 48.8543, 2.3527 ],
    metro: 0,
    area: 1
  }
}
[2020-06-29T07:23:24.666] [TRACE] trace - Session {
  cookie: {
    path: '/',
    _expires: 2071-12-26T10:42:25.168Z,
    originalMaxAge: 1624943940502,
    httpOnly: true
  },
  views: { '/': 5, '/adm1n': 3, '/giftedADHD': 2, '/cv': 3 },
  sessionID: 'UvSJKhEgm1TtoetZ3ckCwroa',
  horodate: 2020-06-29T07:23:24.558Z,
  ip: '86.247.253.198',
  geoloc: {
    range: [ 1459091456, 1459093503 ],
    country: 'FR',
    region: 'IDF',
    eu: '1',
    timezone: 'Europe/Paris',
    city: 'Paris',
    ll: [ 48.8543, 2.3527 ],
    metro: 0,
    area: 1
  }
}
[2020-06-29T07:24:36.158] [TRACE] trace - Session {
  cookie: {
    path: '/',
    _expires: 2071-12-26T10:43:36.660Z,
    originalMaxAge: 1624943940502,
    httpOnly: true
  },
  views: { '/': 6, '/adm1n': 3, '/giftedADHD': 2, '/cv': 3 },
  sessionID: 'UvSJKhEgm1TtoetZ3ckCwroa',
  horodate: 2020-06-29T07:24:36.084Z,
  ip: '86.247.253.198',
  geoloc: {
    range: [ 1459091456, 1459093503 ],
    country: 'FR',
    region: 'IDF',
    eu: '1',
    timezone: 'Europe/Paris',
    city: 'Paris',
    ll: [ 48.8543, 2.3527 ],
    metro: 0,
    area: 1
  }
}
[2020-06-29T07:25:29.064] [TRACE] trace - Session {
  cookie: {
    path: '/',
    _expires: 2071-12-26T10:44:29.565Z,
    originalMaxAge: 1624943940502,
    httpOnly: true
  },
  views: { '/': 7, '/adm1n': 3, '/giftedADHD': 2, '/cv': 3 },
  sessionID: 'UvSJKhEgm1TtoetZ3ckCwroa',
  horodate: 2020-06-29T07:25:28.988Z,
  ip: '86.247.253.198',
  geoloc: {
    range: [ 1459091456, 1459093503 ],
    country: 'FR',
    region: 'IDF',
    eu: '1',
    timezone: 'Europe/Paris',
    city: 'Paris',
    ll: [ 48.8543, 2.3527 ],
    metro: 0,
    area: 1
  }
}
[2020-06-29T07:25:48.282] [TRACE] trace - Session {
  cookie: {
    path: '/',
    _expires: 2071-12-26T10:44:48.783Z,
    originalMaxAge: 1624943940502,
    httpOnly: true
  },
  views: { '/': 8, '/adm1n': 3, '/giftedADHD': 2, '/cv': 3 },
  sessionID: 'UvSJKhEgm1TtoetZ3ckCwroa',
  horodate: 2020-06-29T07:25:48.211Z,
  ip: '86.247.253.198',
  geoloc: {
    range: [ 1459091456, 1459093503 ],
    country: 'FR',
    region: 'IDF',
    eu: '1',
    timezone: 'Europe/Paris',
    city: 'Paris',
    ll: [ 48.8543, 2.3527 ],
    metro: 0,
    area: 1
  }
}
[2020-06-29T07:28:08.099] [TRACE] trace - Session {
  cookie: {
    path: '/',
    _expires: 2071-12-26T10:47:08.600Z,
    originalMaxAge: 1624943940502,
    httpOnly: true
  },
  views: { '/': 9, '/adm1n': 3, '/giftedADHD': 2, '/cv': 3 },
  sessionID: 'UvSJKhEgm1TtoetZ3ckCwroa',
  horodate: 2020-06-29T07:28:08.026Z,
  ip: '86.247.253.198',
  geoloc: {
    range: [ 1459091456, 1459093503 ],
    country: 'FR',
    region: 'IDF',
    eu: '1',
    timezone: 'Europe/Paris',
    city: 'Paris',
    ll: [ 48.8543, 2.3527 ],
    metro: 0,
    area: 1
  }
}
[2020-06-29T07:28:32.475] [TRACE] trace - Session {
  cookie: {
    path: '/',
    _expires: 2071-12-26T10:47:32.977Z,
    originalMaxAge: 1624943940502,
    httpOnly: true
  },
  views: { '/': 10, '/adm1n': 3, '/giftedADHD': 2, '/cv': 3 },
  sessionID: 'UvSJKhEgm1TtoetZ3ckCwroa',
  horodate: 2020-06-29T07:28:32.398Z,
  ip: '86.247.253.198',
  geoloc: {
    range: [ 1459091456, 1459093503 ],
    country: 'FR',
    region: 'IDF',
    eu: '1',
    timezone: 'Europe/Paris',
    city: 'Paris',
    ll: [ 48.8543, 2.3527 ],
    metro: 0,
    area: 1
  }
}
[2020-06-29T07:28:48.101] [TRACE] trace - Session {
  cookie: {
    path: '/',
    _expires: 2071-12-26T10:47:48.603Z,
    originalMaxAge: 1624943940502,
    httpOnly: true
  },
  views: { '/': 11, '/adm1n': 3, '/giftedADHD': 2, '/cv': 3 },
  sessionID: 'UvSJKhEgm1TtoetZ3ckCwroa',
  horodate: 2020-06-29T07:28:48.037Z,
  ip: '86.247.253.198',
  geoloc: {
    range: [ 1459091456, 1459093503 ],
    country: 'FR',
    region: 'IDF',
    eu: '1',
    timezone: 'Europe/Paris',
    city: 'Paris',
    ll: [ 48.8543, 2.3527 ],
    metro: 0,
    area: 1
  }
}
[2020-06-29T07:29:21.818] [TRACE] trace - Session {
  cookie: {
    path: '/',
    _expires: 2071-12-26T10:48:22.320Z,
    originalMaxAge: 1624943940502,
    httpOnly: true
  },
  views: { '/': 12, '/adm1n': 3, '/giftedADHD': 2, '/cv': 3 },
  sessionID: 'UvSJKhEgm1TtoetZ3ckCwroa',
  horodate: 2020-06-29T07:29:21.738Z,
  ip: '86.247.253.198',
  geoloc: {
    range: [ 1459091456, 1459093503 ],
    country: 'FR',
    region: 'IDF',
    eu: '1',
    timezone: 'Europe/Paris',
    city: 'Paris',
    ll: [ 48.8543, 2.3527 ],
    metro: 0,
    area: 1
  }
}
[2020-06-29T07:29:47.157] [TRACE] trace - Session {
  cookie: {
    path: '/',
    _expires: 2071-12-26T10:48:47.659Z,
    originalMaxAge: 1624943940502,
    httpOnly: true
  },
  views: { '/': 13, '/adm1n': 3, '/giftedADHD': 2, '/cv': 3 },
  sessionID: 'UvSJKhEgm1TtoetZ3ckCwroa',
  horodate: 2020-06-29T07:29:47.087Z,
  ip: '86.247.253.198',
  geoloc: {
    range: [ 1459091456, 1459093503 ],
    country: 'FR',
    region: 'IDF',
    eu: '1',
    timezone: 'Europe/Paris',
    city: 'Paris',
    ll: [ 48.8543, 2.3527 ],
    metro: 0,
    area: 1
  }
}
[2020-06-29T07:30:04.373] [TRACE] trace - Session {
  cookie: {
    path: '/',
    _expires: 2071-12-26T10:49:04.875Z,
    originalMaxAge: 1624943940502,
    httpOnly: true
  },
  views: { '/': 14, '/adm1n': 3, '/giftedADHD': 2, '/cv': 3 },
  sessionID: 'UvSJKhEgm1TtoetZ3ckCwroa',
  horodate: 2020-06-29T07:30:04.286Z,
  ip: '86.247.253.198',
  geoloc: {
    range: [ 1459091456, 1459093503 ],
    country: 'FR',
    region: 'IDF',
    eu: '1',
    timezone: 'Europe/Paris',
    city: 'Paris',
    ll: [ 48.8543, 2.3527 ],
    metro: 0,
    area: 1
  }
}
[2020-06-29T07:30:17.452] [TRACE] trace - Session {
  cookie: {
    path: '/',
    _expires: 2071-12-26T10:49:17.954Z,
    originalMaxAge: 1624943940502,
    httpOnly: true
  },
  views: { '/': 15, '/adm1n': 3, '/giftedADHD': 2, '/cv': 3 },
  sessionID: 'UvSJKhEgm1TtoetZ3ckCwroa',
  horodate: 2020-06-29T07:30:17.384Z,
  ip: '86.247.253.198',
  geoloc: {
    range: [ 1459091456, 1459093503 ],
    country: 'FR',
    region: 'IDF',
    eu: '1',
    timezone: 'Europe/Paris',
    city: 'Paris',
    ll: [ 48.8543, 2.3527 ],
    metro: 0,
    area: 1
  }
}
[2020-06-29T07:30:33.640] [TRACE] trace - Session {
  cookie: {
    path: '/',
    _expires: 2071-12-26T10:49:34.141Z,
    originalMaxAge: 1624943940502,
    httpOnly: true
  },
  views: { '/': 16, '/adm1n': 3, '/giftedADHD': 2, '/cv': 3 },
  sessionID: 'UvSJKhEgm1TtoetZ3ckCwroa',
  horodate: 2020-06-29T07:30:33.578Z,
  ip: '86.247.253.198',
  geoloc: {
    range: [ 1459091456, 1459093503 ],
    country: 'FR',
    region: 'IDF',
    eu: '1',
    timezone: 'Europe/Paris',
    city: 'Paris',
    ll: [ 48.8543, 2.3527 ],
    metro: 0,
    area: 1
  }
}
[2020-06-29T07:32:30.230] [TRACE] trace - Session {
  cookie: {
    path: '/',
    _expires: 2071-12-26T10:51:30.732Z,
    originalMaxAge: 1624943940502,
    httpOnly: true,
    maxage: 1656479940502
  },
  views: { '/': 1 },
  sessionID: 'dqbFIERAQoLRebRNqIlORJ8b',
  horodate: 2020-06-29T07:32:30.175Z,
  ip: '86.247.253.198',
  geoloc: {
    range: [ 1459091456, 1459093503 ],
    country: 'FR',
    region: 'IDF',
    eu: '1',
    timezone: 'Europe/Paris',
    city: 'Paris',
    ll: [ 48.8543, 2.3527 ],
    metro: 0,
    area: 1
  }
}
[2020-06-29T07:37:16.517] [TRACE] trace - Session {
  cookie: {
    path: '/',
    _expires: 2071-12-26T10:56:17.019Z,
    originalMaxAge: 1624943940502,
    httpOnly: true
  },
  views: { '/': 2 },
  sessionID: 'dqbFIERAQoLRebRNqIlORJ8b',
  horodate: 2020-06-29T07:37:16.465Z,
  ip: '86.247.253.198',
  geoloc: {
    range: [ 1459091456, 1459093503 ],
    country: 'FR',
    region: 'IDF',
    eu: '1',
    timezone: 'Europe/Paris',
    city: 'Paris',
    ll: [ 48.8543, 2.3527 ],
    metro: 0,
    area: 1
  }
}
[2020-06-29T07:38:03.364] [TRACE] trace - Session {
  cookie: {
    path: '/',
    _expires: 2071-12-26T10:57:03.866Z,
    originalMaxAge: 1624943940502,
    httpOnly: true
  },
  views: { '/': 3 },
  sessionID: 'dqbFIERAQoLRebRNqIlORJ8b',
  horodate: 2020-06-29T07:38:03.311Z,
  ip: '86.247.253.198',
  geoloc: {
    range: [ 1459091456, 1459093503 ],
    country: 'FR',
    region: 'IDF',
    eu: '1',
    timezone: 'Europe/Paris',
    city: 'Paris',
    ll: [ 48.8543, 2.3527 ],
    metro: 0,
    area: 1
  }
}
[2020-06-29T07:38:10.005] [TRACE] trace - Session {
  cookie: {
    path: '/',
    _expires: 2071-12-26T10:57:10.507Z,
    originalMaxAge: 1624943940502,
    httpOnly: true
  },
  views: { '/': 4 },
  sessionID: 'dqbFIERAQoLRebRNqIlORJ8b',
  horodate: 2020-06-29T07:38:09.956Z,
  ip: '86.247.253.198',
  geoloc: {
    range: [ 1459091456, 1459093503 ],
    country: 'FR',
    region: 'IDF',
    eu: '1',
    timezone: 'Europe/Paris',
    city: 'Paris',
    ll: [ 48.8543, 2.3527 ],
    metro: 0,
    area: 1
  }
}
[2020-06-29T07:38:18.392] [TRACE] trace - Session {
  cookie: {
    path: '/',
    _expires: 2071-12-26T10:57:18.894Z,
    originalMaxAge: 1624943940502,
    httpOnly: true
  },
  views: { '/': 5 },
  sessionID: 'dqbFIERAQoLRebRNqIlORJ8b',
  horodate: 2020-06-29T07:38:18.340Z,
  ip: '86.247.253.198',
  geoloc: {
    range: [ 1459091456, 1459093503 ],
    country: 'FR',
    region: 'IDF',
    eu: '1',
    timezone: 'Europe/Paris',
    city: 'Paris',
    ll: [ 48.8543, 2.3527 ],
    metro: 0,
    area: 1
  }
}
[2020-06-29T07:38:38.585] [TRACE] trace - Session {
  cookie: {
    path: '/',
    _expires: 2071-12-26T10:57:39.087Z,
    originalMaxAge: 1624943940502,
    httpOnly: true
  },
  views: { '/': 6 },
  sessionID: 'dqbFIERAQoLRebRNqIlORJ8b',
  horodate: 2020-06-29T07:38:38.523Z,
  ip: '86.247.253.198',
  geoloc: {
    range: [ 1459091456, 1459093503 ],
    country: 'FR',
    region: 'IDF',
    eu: '1',
    timezone: 'Europe/Paris',
    city: 'Paris',
    ll: [ 48.8543, 2.3527 ],
    metro: 0,
    area: 1
  }
}
[2020-06-29T07:38:52.856] [TRACE] trace - Session {
  cookie: {
    path: '/',
    _expires: 2071-12-26T10:57:53.357Z,
    originalMaxAge: 1624943940502,
    httpOnly: true
  },
  views: { '/': 7 },
  sessionID: 'dqbFIERAQoLRebRNqIlORJ8b',
  horodate: 2020-06-29T07:38:52.784Z,
  ip: '86.247.253.198',
  geoloc: {
    range: [ 1459091456, 1459093503 ],
    country: 'FR',
    region: 'IDF',
    eu: '1',
    timezone: 'Europe/Paris',
    city: 'Paris',
    ll: [ 48.8543, 2.3527 ],
    metro: 0,
    area: 1
  }
}
[2020-06-29T07:39:04.331] [TRACE] trace - Session {
  cookie: {
    path: '/',
    _expires: 2071-12-26T10:58:04.833Z,
    originalMaxAge: 1624943940502,
    httpOnly: true
  },
  views: { '/': 8 },
  sessionID: 'dqbFIERAQoLRebRNqIlORJ8b',
  horodate: 2020-06-29T07:39:04.271Z,
  ip: '86.247.253.198',
  geoloc: {
    range: [ 1459091456, 1459093503 ],
    country: 'FR',
    region: 'IDF',
    eu: '1',
    timezone: 'Europe/Paris',
    city: 'Paris',
    ll: [ 48.8543, 2.3527 ],
    metro: 0,
    area: 1
  }
}
[2020-06-29T07:39:09.804] [TRACE] trace - Session {
  cookie: {
    path: '/',
    _expires: 2071-12-26T10:58:10.305Z,
    originalMaxAge: 1624943940502,
    httpOnly: true
  },
  views: { '/': 9 },
  sessionID: 'dqbFIERAQoLRebRNqIlORJ8b',
  horodate: 2020-06-29T07:39:09.758Z,
  ip: '86.247.253.198',
  geoloc: {
    range: [ 1459091456, 1459093503 ],
    country: 'FR',
    region: 'IDF',
    eu: '1',
    timezone: 'Europe/Paris',
    city: 'Paris',
    ll: [ 48.8543, 2.3527 ],
    metro: 0,
    area: 1
  }
}
[2020-06-29T07:39:18.092] [TRACE] trace - Session {
  cookie: {
    path: '/',
    _expires: 2071-12-26T10:58:18.594Z,
    originalMaxAge: 1624943940502,
    httpOnly: true
  },
  views: { '/': 10 },
  sessionID: 'dqbFIERAQoLRebRNqIlORJ8b',
  horodate: 2020-06-29T07:39:18.024Z,
  ip: '86.247.253.198',
  geoloc: {
    range: [ 1459091456, 1459093503 ],
    country: 'FR',
    region: 'IDF',
    eu: '1',
    timezone: 'Europe/Paris',
    city: 'Paris',
    ll: [ 48.8543, 2.3527 ],
    metro: 0,
    area: 1
  }
}
[2020-06-29T07:39:28.421] [TRACE] trace - /cv: 1
[2020-06-29T07:39:40.209] [TRACE] trace - /cv: 2
[2020-06-29T07:39:52.184] [TRACE] trace - /cv: 3
[2020-06-29T07:39:56.394] [TRACE] trace - Session {
  cookie: {
    path: '/',
    _expires: 2071-12-26T10:58:56.896Z,
    originalMaxAge: 1624943940502,
    httpOnly: true
  },
  views: { '/': 11, '/cv': 3 },
  sessionID: 'dqbFIERAQoLRebRNqIlORJ8b',
  horodate: 2020-06-29T07:39:56.350Z,
  ip: '86.247.253.198',
  geoloc: {
    range: [ 1459091456, 1459093503 ],
    country: 'FR',
    region: 'IDF',
    eu: '1',
    timezone: 'Europe/Paris',
    city: 'Paris',
    ll: [ 48.8543, 2.3527 ],
    metro: 0,
    area: 1
  }
}
[2020-06-29T07:42:54.150] [TRACE] trace - Session {
  cookie: {
    path: '/',
    _expires: 2071-12-26T11:01:54.652Z,
    originalMaxAge: 1624943940502,
    httpOnly: true
  },
  views: { '/': 17, '/adm1n': 3, '/giftedADHD': 2, '/cv': 3 },
  sessionID: 'UvSJKhEgm1TtoetZ3ckCwroa',
  horodate: 2020-06-29T07:42:54.096Z,
  ip: '86.247.253.198',
  geoloc: {
    range: [ 1459091456, 1459093503 ],
    country: 'FR',
    region: 'IDF',
    eu: '1',
    timezone: 'Europe/Paris',
    city: 'Paris',
    ll: [ 48.8543, 2.3527 ],
    metro: 0,
    area: 1
  }
}
[2020-06-29T07:42:58.451] [TRACE] trace - Session {
  cookie: {
    path: '/',
    _expires: 2071-12-26T11:01:58.953Z,
    originalMaxAge: 1624943940502,
    httpOnly: true
  },
  views: { '/': 12, '/cv': 3 },
  sessionID: 'dqbFIERAQoLRebRNqIlORJ8b',
  horodate: 2020-06-29T07:42:58.407Z,
  ip: '86.247.253.198',
  geoloc: {
    range: [ 1459091456, 1459093503 ],
    country: 'FR',
    region: 'IDF',
    eu: '1',
    timezone: 'Europe/Paris',
    city: 'Paris',
    ll: [ 48.8543, 2.3527 ],
    metro: 0,
    area: 1
  }
}
[2020-06-29T07:46:18.184] [TRACE] trace - Session {
  cookie: {
    path: '/',
    _expires: 2071-12-26T11:05:18.686Z,
    originalMaxAge: 1624943940502,
    httpOnly: true
  },
  views: { '/': 13, '/cv': 3 },
  sessionID: 'dqbFIERAQoLRebRNqIlORJ8b',
  horodate: 2020-06-29T07:46:18.135Z,
  ip: '86.247.253.198',
  geoloc: {
    range: [ 1459091456, 1459093503 ],
    country: 'FR',
    region: 'IDF',
    eu: '1',
    timezone: 'Europe/Paris',
    city: 'Paris',
    ll: [ 48.8543, 2.3527 ],
    metro: 0,
    area: 1
  }
}
[2020-06-29T07:46:38.864] [TRACE] trace - /cv: 4
[2020-06-29T07:46:42.849] [TRACE] trace - Session {
  cookie: {
    path: '/',
    _expires: 2071-12-26T11:05:43.351Z,
    originalMaxAge: 1624943940502,
    httpOnly: true
  },
  views: { '/': 14, '/cv': 4 },
  sessionID: 'dqbFIERAQoLRebRNqIlORJ8b',
  horodate: 2020-06-29T07:46:42.806Z,
  ip: '86.247.253.198',
  geoloc: {
    range: [ 1459091456, 1459093503 ],
    country: 'FR',
    region: 'IDF',
    eu: '1',
    timezone: 'Europe/Paris',
    city: 'Paris',
    ll: [ 48.8543, 2.3527 ],
    metro: 0,
    area: 1
  }
}
[2020-06-29T07:46:47.984] [TRACE] trace - /cv: 5
[2020-06-29T07:46:53.863] [TRACE] trace - Session {
  cookie: {
    path: '/',
    _expires: 2071-12-26T11:05:54.364Z,
    originalMaxAge: 1624943940502,
    httpOnly: true
  },
  views: { '/': 15, '/cv': 5 },
  sessionID: 'dqbFIERAQoLRebRNqIlORJ8b',
  horodate: 2020-06-29T07:46:53.816Z,
  ip: '86.247.253.198',
  geoloc: {
    range: [ 1459091456, 1459093503 ],
    country: 'FR',
    region: 'IDF',
    eu: '1',
    timezone: 'Europe/Paris',
    city: 'Paris',
    ll: [ 48.8543, 2.3527 ],
    metro: 0,
    area: 1
  }
}
[2020-06-29T07:46:55.693] [TRACE] trace - /cv: 6
[2020-06-29T07:47:26.927] [TRACE] trace - /cv: 7
[2020-06-29T07:47:28.072] [TRACE] trace - Session {
  cookie: {
    path: '/',
    _expires: 2071-12-26T11:06:28.574Z,
    originalMaxAge: 1624943940502,
    httpOnly: true
  },
  views: { '/': 16, '/cv': 7 },
  sessionID: 'dqbFIERAQoLRebRNqIlORJ8b',
  horodate: 2020-06-29T07:47:28.027Z,
  ip: '86.247.253.198',
  geoloc: {
    range: [ 1459091456, 1459093503 ],
    country: 'FR',
    region: 'IDF',
    eu: '1',
    timezone: 'Europe/Paris',
    city: 'Paris',
    ll: [ 48.8543, 2.3527 ],
    metro: 0,
    area: 1
  }
}
[2020-06-29T07:48:31.169] [TRACE] trace - Session {
  cookie: {
    path: '/',
    _expires: 2071-12-26T11:07:31.671Z,
    originalMaxAge: 1624943940502,
    httpOnly: true
  },
  views: { '/': 17, '/cv': 7 },
  sessionID: 'dqbFIERAQoLRebRNqIlORJ8b',
  horodate: 2020-06-29T07:48:31.107Z,
  ip: '86.247.253.198',
  geoloc: {
    range: [ 1459091456, 1459093503 ],
    country: 'FR',
    region: 'IDF',
    eu: '1',
    timezone: 'Europe/Paris',
    city: 'Paris',
    ll: [ 48.8543, 2.3527 ],
    metro: 0,
    area: 1
  }
}
[2020-06-29T07:48:50.653] [TRACE] trace - Session {
  cookie: {
    path: '/',
    _expires: 2071-12-26T11:07:51.155Z,
    originalMaxAge: 1624943940502,
    httpOnly: true
  },
  views: { '/': 18, '/cv': 7 },
  sessionID: 'dqbFIERAQoLRebRNqIlORJ8b',
  horodate: 2020-06-29T07:48:50.596Z,
  ip: '86.247.253.198',
  geoloc: {
    range: [ 1459091456, 1459093503 ],
    country: 'FR',
    region: 'IDF',
    eu: '1',
    timezone: 'Europe/Paris',
    city: 'Paris',
    ll: [ 48.8543, 2.3527 ],
    metro: 0,
    area: 1
  }
}
[2020-06-29T07:49:00.359] [TRACE] trace - Session {
  cookie: {
    path: '/',
    _expires: 2071-12-26T11:08:00.861Z,
    originalMaxAge: 1624943940502,
    httpOnly: true
  },
  views: { '/': 19, '/cv': 7 },
  sessionID: 'dqbFIERAQoLRebRNqIlORJ8b',
  horodate: 2020-06-29T07:49:00.303Z,
  ip: '86.247.253.198',
  geoloc: {
    range: [ 1459091456, 1459093503 ],
    country: 'FR',
    region: 'IDF',
    eu: '1',
    timezone: 'Europe/Paris',
    city: 'Paris',
    ll: [ 48.8543, 2.3527 ],
    metro: 0,
    area: 1
  }
}
[2020-06-29T07:49:09.589] [TRACE] trace - /cv: 8
[2020-06-29T07:49:12.011] [TRACE] trace - Session {
  cookie: {
    path: '/',
    _expires: 2071-12-26T11:08:12.512Z,
    originalMaxAge: 1624943940502,
    httpOnly: true
  },
  views: { '/': 20, '/cv': 8 },
  sessionID: 'dqbFIERAQoLRebRNqIlORJ8b',
  horodate: 2020-06-29T07:49:11.968Z,
  ip: '86.247.253.198',
  geoloc: {
    range: [ 1459091456, 1459093503 ],
    country: 'FR',
    region: 'IDF',
    eu: '1',
    timezone: 'Europe/Paris',
    city: 'Paris',
    ll: [ 48.8543, 2.3527 ],
    metro: 0,
    area: 1
  }
}
[2020-06-29T07:49:14.043] [TRACE] trace - /adm1n: 1
[2020-06-29T07:50:09.970] [TRACE] trace - /adm1n: 2
[2020-06-29T07:51:56.577] [TRACE] trace - /adm1n: 3
[2020-06-29T07:52:43.156] [TRACE] trace - /adm1n: 4
[2020-06-29T07:54:46.362] [TRACE] trace - /adm1n: 5
[2020-06-29T07:56:05.225] [TRACE] trace - /adm1n: 6
[2020-06-29T07:56:06.721] [TRACE] trace - /adm1n: 7
[2020-06-29T07:56:20.799] [TRACE] trace - /adm1n: 8
[2020-06-29T07:56:55.166] [TRACE] trace - /adm1n: 9
[2020-06-29T07:57:47.606] [TRACE] trace - /adm1n: 10
[2020-06-29T07:58:45.886] [TRACE] trace - /adm1n: 11
[2020-06-29T07:59:27.714] [TRACE] trace - Session {
  cookie: {
    path: '/',
    _expires: 2071-12-26T11:18:28.216Z,
    originalMaxAge: 1624943940502,
    httpOnly: true,
    maxage: 1656479940502
  },
  views: { '/': 1 },
  sessionID: 'SeH5o-Rw8qhcZJM08k1dCTcg',
  horodate: 2020-06-29T07:59:27.654Z,
  ip: '37.57.0.212',
  geoloc: {
    range: [ 624492544, 624492799 ],
    country: 'UA',
    region: '63',
    eu: '0',
    timezone: 'Europe/Kiev',
    city: 'Kharkiv',
    ll: [ 49.982, 36.2566 ],
    metro: 0,
    area: 1
  }
}
[2020-06-29T07:59:40.978] [TRACE] trace - /adm1n: 4
[2020-06-29T08:01:50.027] [TRACE] trace - /adm1n: 5
[2020-06-29T08:08:56.669] [TRACE] trace - /adm1n: 6
[2020-06-29T08:09:53.675] [TRACE] trace - /adm1n: 7
[2020-06-29T08:10:23.641] [TRACE] trace - /adm1n: 12
[2020-06-29T08:12:36.419] [TRACE] trace - /adm1n: 13
[2020-06-29T08:15:16.250] [TRACE] trace - /adm1n: 14
[2020-06-29T08:18:32.570] [TRACE] trace - /giftedADHD: 1
[2020-06-29T08:18:36.696] [TRACE] trace - /cv: 9
[2020-06-29T08:18:40.634] [TRACE] trace - Session {
  cookie: {
    path: '/',
    _expires: 2071-12-26T11:37:41.136Z,
    originalMaxAge: 1624943940502,
    httpOnly: true
  },
  views: { '/': 21, '/cv': 9, '/adm1n': 14, '/giftedADHD': 1 },
  sessionID: 'dqbFIERAQoLRebRNqIlORJ8b',
  horodate: 2020-06-29T08:18:40.583Z,
  ip: '86.247.253.198',
  geoloc: {
    range: [ 1459091456, 1459093503 ],
    country: 'FR',
    region: 'IDF',
    eu: '1',
    timezone: 'Europe/Paris',
    city: 'Paris',
    ll: [ 48.8543, 2.3527 ],
    metro: 0,
    area: 1
  }
}
[2020-06-29T08:20:56.339] [TRACE] trace - Session {
  cookie: {
    path: '/',
    _expires: 2071-12-26T11:39:56.841Z,
    originalMaxAge: 1624943940502,
    httpOnly: true
  },
  views: { '/': 18, '/adm1n': 7, '/giftedADHD': 2, '/cv': 3 },
  sessionID: 'UvSJKhEgm1TtoetZ3ckCwroa',
  horodate: 2020-06-29T08:20:56.288Z,
  ip: '86.247.253.198',
  geoloc: {
    range: [ 1459091456, 1459093503 ],
    country: 'FR',
    region: 'IDF',
    eu: '1',
    timezone: 'Europe/Paris',
    city: 'Paris',
    ll: [ 48.8543, 2.3527 ],
    metro: 0,
    area: 1
  }
}
[2020-06-29T08:21:00.903] [TRACE] trace - Session {
  cookie: {
    path: '/',
    _expires: 2071-12-26T11:40:01.405Z,
    originalMaxAge: 1624943940502,
    httpOnly: true
  },
  views: { '/': 19, '/adm1n': 7, '/giftedADHD': 2, '/cv': 3 },
  sessionID: 'UvSJKhEgm1TtoetZ3ckCwroa',
  horodate: 2020-06-29T08:21:00.853Z,
  ip: '86.247.253.198',
  geoloc: {
    range: [ 1459091456, 1459093503 ],
    country: 'FR',
    region: 'IDF',
    eu: '1',
    timezone: 'Europe/Paris',
    city: 'Paris',
    ll: [ 48.8543, 2.3527 ],
    metro: 0,
    area: 1
  }
}
[2020-06-29T08:21:17.672] [TRACE] trace - Session {
  cookie: {
    path: '/',
    _expires: 2071-12-26T11:40:18.174Z,
    originalMaxAge: 1624943940502,
    httpOnly: true
  },
  views: { '/': 20, '/adm1n': 7, '/giftedADHD': 2, '/cv': 3 },
  sessionID: 'UvSJKhEgm1TtoetZ3ckCwroa',
  horodate: 2020-06-29T08:21:17.621Z,
  ip: '86.247.253.198',
  geoloc: {
    range: [ 1459091456, 1459093503 ],
    country: 'FR',
    region: 'IDF',
    eu: '1',
    timezone: 'Europe/Paris',
    city: 'Paris',
    ll: [ 48.8543, 2.3527 ],
    metro: 0,
    area: 1
  }
}
[2020-06-29T08:21:22.051] [TRACE] trace - /cv: 4
[2020-06-29T08:21:23.951] [TRACE] trace - /adm1n: 8
[2020-06-29T08:21:26.301] [TRACE] trace - /giftedADHD: 3
[2020-06-29T08:21:28.645] [TRACE] trace - /adm1n: 9
[2020-06-29T08:21:30.315] [TRACE] trace - /giftedADHD: 4
[2020-06-29T08:21:32.351] [TRACE] trace - /adm1n: 10
[2020-06-29T08:21:36.423] [TRACE] trace - /giftedADHD: 5
[2020-06-29T08:21:37.535] [TRACE] trace - /adm1n: 11
[2020-06-29T08:42:01.487] [TRACE] trace - Session {
  cookie: {
    path: '/',
    _expires: 2071-12-26T12:01:01.989Z,
    originalMaxAge: 1624943940502,
    httpOnly: true
  },
  views: { '/': 21, '/adm1n': 11, '/giftedADHD': 5, '/cv': 4 },
  sessionID: 'UvSJKhEgm1TtoetZ3ckCwroa',
  horodate: 2020-06-29T08:42:01.435Z,
  ip: '86.247.253.198',
  geoloc: {
    range: [ 1459091456, 1459093503 ],
    country: 'FR',
    region: 'IDF',
    eu: '1',
    timezone: 'Europe/Paris',
    city: 'Paris',
    ll: [ 48.8543, 2.3527 ],
    metro: 0,
    area: 1
  }
}
[2020-06-29T08:42:08.743] [TRACE] trace - /cv: 5
[2020-06-29T08:42:10.946] [TRACE] trace - Session {
  cookie: {
    path: '/',
    _expires: 2071-12-26T12:01:11.448Z,
    originalMaxAge: 1624943940502,
    httpOnly: true
  },
  views: { '/': 22, '/adm1n': 11, '/giftedADHD': 5, '/cv': 5 },
  sessionID: 'UvSJKhEgm1TtoetZ3ckCwroa',
  horodate: 2020-06-29T08:42:10.907Z,
  ip: '86.247.253.198',
  geoloc: {
    range: [ 1459091456, 1459093503 ],
    country: 'FR',
    region: 'IDF',
    eu: '1',
    timezone: 'Europe/Paris',
    city: 'Paris',
    ll: [ 48.8543, 2.3527 ],
    metro: 0,
    area: 1
  }
}
[2020-06-29T08:42:16.908] [TRACE] trace - /cv: 6
[2020-06-29T08:42:19.329] [TRACE] trace - Session {
  cookie: {
    path: '/',
    _expires: 2071-12-26T12:01:19.831Z,
    originalMaxAge: 1624943940502,
    httpOnly: true
  },
  views: { '/': 23, '/adm1n': 11, '/giftedADHD': 5, '/cv': 6 },
  sessionID: 'UvSJKhEgm1TtoetZ3ckCwroa',
  horodate: 2020-06-29T08:42:19.290Z,
  ip: '86.247.253.198',
  geoloc: {
    range: [ 1459091456, 1459093503 ],
    country: 'FR',
    region: 'IDF',
    eu: '1',
    timezone: 'Europe/Paris',
    city: 'Paris',
    ll: [ 48.8543, 2.3527 ],
    metro: 0,
    area: 1
  }
}
[2020-06-29T08:42:53.216] [TRACE] trace - Session {
  cookie: {
    path: '/',
    _expires: 2071-12-26T12:01:53.718Z,
    originalMaxAge: 1624943940502,
    httpOnly: true
  },
  views: { '/': 24, '/adm1n': 11, '/giftedADHD': 5, '/cv': 6 },
  sessionID: 'UvSJKhEgm1TtoetZ3ckCwroa',
  horodate: 2020-06-29T08:42:53.156Z,
  ip: '86.247.253.198',
  geoloc: {
    range: [ 1459091456, 1459093503 ],
    country: 'FR',
    region: 'IDF',
    eu: '1',
    timezone: 'Europe/Paris',
    city: 'Paris',
    ll: [ 48.8543, 2.3527 ],
    metro: 0,
    area: 1
  }
}
