Fri Jul 30 2021 01:39:54 GMT+0200 (GMT+02:00)[2020-07-30T01:39:59.562] [TRACE] file - LIS8hKbdE7__0nAq7aKsiYvu
[2020-07-30T01:39:59.563] [TRACE] file - Session {
  cookie: {
    path: '/',
    _expires: 2020-10-27T23:39:59.559Z,
    originalMaxAge: 7776000000,
    httpOnly: true,
    SameSite: 'Lax'
  },
  views: { '/': 1 },
  horodate: 2020-07-29T01:39:58.976Z,
  ip: '83.202.34.239',
  geoloc: {
    range: [ 1405755904, 1405756415 ],
    country: 'FR',
    region: 'IDF',
    eu: '1',
    timezone: 'Europe/Paris',
    city: 'Paris',
    ll: [ 48.8543, 2.3527 ],
    metro: 0,
    area: 10
  },
  __lastAccess: 1596065999560
}
[2020-07-30T01:40:05.233] [TRACE] file - Session {
  cookie: {
    path: '/',
    _expires: 2020-10-27T23:40:05.231Z,
    originalMaxAge: 7776000000,
    httpOnly: true
  },
  views: { '/': 1, '/cv': 1 },
  horodate: 2020-07-29T01:40:05.117Z,
  ip: '83.202.34.239',
  geoloc: {
    range: [ 1405755904, 1405756415 ],
    country: 'FR',
    region: 'IDF',
    eu: '1',
    timezone: 'Europe/Paris',
    city: 'Paris',
    ll: [ 48.8543, 2.3527 ],
    metro: 0,
    area: 10
  },
  __lastAccess: 1596066005232
}
[2020-07-30T01:40:07.213] [TRACE] file - Session {
  cookie: {
    path: '/',
    _expires: 2020-10-27T23:40:07.210Z,
    originalMaxAge: 7776000000,
    httpOnly: true
  },
  views: { '/': 1, '/cv': 1, '/giftedADHD': 1 },
  horodate: 2020-07-29T01:40:07.152Z,
  ip: '83.202.34.239',
  geoloc: {
    range: [ 1405755904, 1405756415 ],
    country: 'FR',
    region: 'IDF',
    eu: '1',
    timezone: 'Europe/Paris',
    city: 'Paris',
    ll: [ 48.8543, 2.3527 ],
    metro: 0,
    area: 10
  },
  __lastAccess: 1596066007211
}
[2020-07-30T01:40:13.703] [TRACE] file - LIS8hKbdE7__0nAq7aKsiYvu
[2020-07-30T01:40:13.703] [TRACE] file - Session {
  cookie: {
    path: '/',
    _expires: 2020-10-27T23:40:13.700Z,
    originalMaxAge: 7776000000,
    httpOnly: true
  },
  views: { '/': 2, '/cv': 1, '/giftedADHD': 1 },
  horodate: 2020-07-29T01:40:13.540Z,
  ip: '83.202.34.239',
  geoloc: {
    range: [ 1405755904, 1405756415 ],
    country: 'FR',
    region: 'IDF',
    eu: '1',
    timezone: 'Europe/Paris',
    city: 'Paris',
    ll: [ 48.8543, 2.3527 ],
    metro: 0,
    area: 10
  },
  __lastAccess: 1596066013701
}
[2020-07-30T01:40:14.698] [TRACE] file - Session {
  cookie: {
    path: '/',
    _expires: 2020-10-27T23:40:14.695Z,
    originalMaxAge: 7776000000,
    httpOnly: true
  },
  views: { '/': 2, '/cv': 2, '/giftedADHD': 1 },
  horodate: 2020-07-29T01:40:14.590Z,
  ip: '83.202.34.239',
  geoloc: {
    range: [ 1405755904, 1405756415 ],
    country: 'FR',
    region: 'IDF',
    eu: '1',
    timezone: 'Europe/Paris',
    city: 'Paris',
    ll: [ 48.8543, 2.3527 ],
    metro: 0,
    area: 10
  },
  __lastAccess: 1596066014696
}
[2020-07-30T01:40:15.580] [TRACE] file - Session {
  cookie: {
    path: '/',
    _expires: 2020-10-27T23:40:15.578Z,
    originalMaxAge: 7776000000,
    httpOnly: true
  },
  views: { '/': 2, '/cv': 2, '/giftedADHD': 2 },
  horodate: 2020-07-29T01:40:15.528Z,
  ip: '83.202.34.239',
  geoloc: {
    range: [ 1405755904, 1405756415 ],
    country: 'FR',
    region: 'IDF',
    eu: '1',
    timezone: 'Europe/Paris',
    city: 'Paris',
    ll: [ 48.8543, 2.3527 ],
    metro: 0,
    area: 10
  },
  __lastAccess: 1596066015579
}
[2020-07-30T01:40:21.883] [TRACE] file - oTIBz4kPdOpug5vNbuR9Ry2T
[2020-07-30T01:40:21.883] [TRACE] file - Session {
  cookie: {
    path: '/',
    _expires: 2020-10-27T23:40:21.881Z,
    originalMaxAge: 7776000000,
    httpOnly: true,
    SameSite: 'Lax'
  },
  views: { '/': 1 },
  horodate: 2020-07-29T01:40:21.809Z,
  ip: '92.184.96.250',
  geoloc: {
    range: [ 1555587072, 1555588095 ],
    country: 'FR',
    region: 'IDF',
    eu: '1',
    timezone: 'Europe/Paris',
    city: 'Paris',
    ll: [ 48.8649, 2.2752 ],
    metro: 0,
    area: 200
  },
  __lastAccess: 1596066021882
}
[2020-07-30T01:40:27.102] [TRACE] file - LIS8hKbdE7__0nAq7aKsiYvu
[2020-07-30T01:40:27.102] [TRACE] file - Session {
  cookie: {
    path: '/',
    _expires: 2020-10-27T23:40:27.099Z,
    originalMaxAge: 7776000000,
    httpOnly: true
  },
  views: { '/': 3, '/cv': 2, '/giftedADHD': 2 },
  horodate: 2020-07-29T01:40:27.029Z,
  ip: '83.202.34.239',
  geoloc: {
    range: [ 1405755904, 1405756415 ],
    country: 'FR',
    region: 'IDF',
    eu: '1',
    timezone: 'Europe/Paris',
    city: 'Paris',
    ll: [ 48.8543, 2.3527 ],
    metro: 0,
    area: 10
  },
  __lastAccess: 1596066027100
}
[2020-07-30T01:42:47.620] [TRACE] file - AsxUQp1A8MAiXd3xug6ZpUf0
[2020-07-30T01:42:47.620] [TRACE] file - Session {
  cookie: {
    path: '/',
    _expires: 2020-10-27T23:42:47.614Z,
    originalMaxAge: 7776000000,
    httpOnly: true,
    SameSite: 'Lax'
  },
  views: { '/': 1 },
  horodate: 2020-07-29T01:42:47.543Z,
  ip: '80.82.77.240',
  geoloc: {
    range: [ 1347571072, 1347571199 ],
    country: 'NL',
    region: '',
    eu: '1',
    timezone: 'Europe/Amsterdam',
    city: '',
    ll: [ 52.3824, 4.8995 ],
    metro: 0,
    area: 100
  },
  __lastAccess: 1596066167615
}
[2020-07-30T01:42:47.681] [TRACE] file - 9Mpn6ZnSTqxygPZOb112fWZu
[2020-07-30T01:42:47.681] [TRACE] file - Session {
  cookie: {
    path: '/',
    _expires: 2020-10-27T23:42:47.678Z,
    originalMaxAge: 7776000000,
    httpOnly: true,
    SameSite: 'Lax'
  },
  views: { '/': 1 },
  horodate: 2020-07-29T01:42:47.630Z,
  ip: '80.82.77.240',
  geoloc: {
    range: [ 1347571072, 1347571199 ],
    country: 'NL',
    region: '',
    eu: '1',
    timezone: 'Europe/Amsterdam',
    city: '',
    ll: [ 52.3824, 4.8995 ],
    metro: 0,
    area: 100
  },
  __lastAccess: 1596066167679
}
[2020-07-30T01:42:47.741] [TRACE] file - oTIBz4kPdOpug5vNbuR9Ry2T
[2020-07-30T01:42:47.741] [TRACE] file - Session {
  cookie: {
    path: '/',
    _expires: 2020-10-27T23:42:47.739Z,
    originalMaxAge: 7776000000,
    httpOnly: true
  },
  views: { '/': 2 },
  horodate: 2020-07-29T01:42:47.693Z,
  ip: '92.184.96.250',
  geoloc: {
    range: [ 1555587072, 1555588095 ],
    country: 'FR',
    region: 'IDF',
    eu: '1',
    timezone: 'Europe/Paris',
    city: 'Paris',
    ll: [ 48.8649, 2.2752 ],
    metro: 0,
    area: 200
  },
  __lastAccess: 1596066167740
}
[2020-07-30T01:43:10.822] [TRACE] file - JVOYFRrfpHgyLtbKMojSZmjd
[2020-07-30T01:43:10.822] [TRACE] file - Session {
  cookie: {
    path: '/',
    _expires: 2020-10-27T23:43:10.819Z,
    originalMaxAge: 7776000000,
    httpOnly: true,
    SameSite: 'Lax'
  },
  views: { '/': 1 },
  horodate: 2020-07-29T01:43:10.758Z,
  ip: '92.184.96.250',
  geoloc: {
    range: [ 1555587072, 1555588095 ],
    country: 'FR',
    region: 'IDF',
    eu: '1',
    timezone: 'Europe/Paris',
    city: 'Paris',
    ll: [ 48.8649, 2.2752 ],
    metro: 0,
    area: 200
  },
  __lastAccess: 1596066190819
}
[2020-07-30T01:50:18.557] [TRACE] file - oTIBz4kPdOpug5vNbuR9Ry2T
[2020-07-30T01:50:18.557] [TRACE] file - Session {
  cookie: {
    path: '/',
    _expires: 2020-10-27T23:50:18.555Z,
    originalMaxAge: 7776000000,
    httpOnly: true
  },
  views: { '/': 3 },
  horodate: 2020-07-29T01:50:18.492Z,
  ip: '92.184.96.250',
  geoloc: {
    range: [ 1555587072, 1555588095 ],
    country: 'FR',
    region: 'IDF',
    eu: '1',
    timezone: 'Europe/Paris',
    city: 'Paris',
    ll: [ 48.8649, 2.2752 ],
    metro: 0,
    area: 200
  },
  __lastAccess: 1596066618556
}
[2020-07-30T01:50:23.153] [TRACE] file - Session {
  cookie: {
    path: '/',
    _expires: 2020-10-27T23:50:23.151Z,
    originalMaxAge: 7776000000,
    httpOnly: true
  },
  views: { '/': 3, '/giftedADHD': 1 },
  horodate: 2020-07-29T01:50:23.117Z,
  ip: '92.184.96.250',
  geoloc: {
    range: [ 1555587072, 1555588095 ],
    country: 'FR',
    region: 'IDF',
    eu: '1',
    timezone: 'Europe/Paris',
    city: 'Paris',
    ll: [ 48.8649, 2.2752 ],
    metro: 0,
    area: 200
  },
  __lastAccess: 1596066623151
}
[2020-07-30T02:18:57.040] [TRACE] file - uz8-V3NOVYA4J91d05uxIYTa
[2020-07-30T02:18:57.040] [TRACE] file - Session {
  cookie: {
    path: '/',
    _expires: 2020-10-28T00:18:57.037Z,
    originalMaxAge: 7776000000,
    httpOnly: true,
    SameSite: 'Lax'
  },
  views: { '/': 1 },
  horodate: 2020-07-30T02:18:56.982Z,
  ip: '31.13.103.14',
  geoloc: {
    range: [ 520970240, 520978431 ],
    country: 'IE',
    region: '',
    eu: '1',
    timezone: 'Europe/Dublin',
    city: '',
    ll: [ 53.3472, -6.2439 ],
    metro: 0,
    area: 200
  },
  __lastAccess: 1596068337038
}
[2020-07-30T02:18:57.337] [TRACE] file - FIYAoc9TvVysx6d_UwwszLIz
[2020-07-30T02:18:57.337] [TRACE] file - Session {
  cookie: {
    path: '/',
    _expires: 2020-10-28T00:18:57.334Z,
    originalMaxAge: 7776000000,
    httpOnly: true,
    SameSite: 'Lax'
  },
  views: { '/': 1 },
  horodate: 2020-07-30T02:18:57.288Z,
  ip: '31.13.103.7',
  geoloc: {
    range: [ 520970240, 520978431 ],
    country: 'IE',
    region: '',
    eu: '1',
    timezone: 'Europe/Dublin',
    city: '',
    ll: [ 53.3472, -6.2439 ],
    metro: 0,
    area: 200
  },
  __lastAccess: 1596068337335
}
[2020-07-30T02:19:04.985] [TRACE] file - tNJUNuarCER9FNhrHsbu4HOJ
[2020-07-30T02:19:04.985] [TRACE] file - Session {
  cookie: {
    path: '/',
    _expires: 2020-10-28T00:19:04.982Z,
    originalMaxAge: 7776000000,
    httpOnly: true,
    SameSite: 'Lax'
  },
  views: { '/': 1 },
  horodate: 2020-07-30T02:19:04.925Z,
  ip: '31.13.103.9',
  geoloc: {
    range: [ 520970240, 520978431 ],
    country: 'IE',
    region: '',
    eu: '1',
    timezone: 'Europe/Dublin',
    city: '',
    ll: [ 53.3472, -6.2439 ],
    metro: 0,
    area: 200
  },
  __lastAccess: 1596068344983
}
[2020-07-30T03:50:59.192] [TRACE] file - cnVx21oW7NBySId0zwp2kjOg
[2020-07-30T03:50:59.192] [TRACE] file - Session {
  cookie: {
    path: '/',
    _expires: 2020-10-28T01:50:59.189Z,
    originalMaxAge: 7776000000,
    httpOnly: true,
    SameSite: 'Lax'
  },
  views: { '/': 1 },
  horodate: 2020-07-30T03:50:59.133Z,
  ip: '104.244.78.107',
  geoloc: {
    range: [ 1760841216, 1760841727 ],
    country: 'LU',
    region: 'ME',
    eu: '1',
    timezone: 'Europe/Luxembourg',
    city: 'Roost',
    ll: [ 49.7867, 6.0961 ],
    metro: 0,
    area: 1000
  },
  __lastAccess: 1596073859190
}
[2020-07-30T04:47:22.481] [TRACE] file - 5nTkviPjCEq3u9ULyJFVAgSd
[2020-07-30T04:47:22.481] [TRACE] file - Session {
  cookie: {
    path: '/',
    _expires: 2020-10-28T02:47:22.479Z,
    originalMaxAge: 7776000000,
    httpOnly: true,
    SameSite: 'Lax'
  },
  views: { '/': 1 },
  horodate: 2020-07-30T04:47:22.424Z,
  ip: '176.49.154.165',
  geoloc: {
    range: [ 2956040192, 2956041215 ],
    country: 'RU',
    region: 'KYA',
    eu: '0',
    timezone: 'Asia/Krasnoyarsk',
    city: 'Chastoostrovskoye',
    ll: [ 56.1986, 93.34 ],
    metro: 0,
    area: 100
  },
  __lastAccess: 1596077242480
}
[2020-07-30T05:18:48.989] [TRACE] file - Session {
  cookie: {
    path: '/',
    _expires: 2020-10-28T03:18:48.986Z,
    originalMaxAge: 7776000000,
    httpOnly: true,
    SameSite: 'Lax'
  },
  views: { '/adm1n': 1 },
  horodate: 2020-07-30T05:18:48.916Z,
  __lastAccess: 1596079128987
}
[2020-07-30T06:07:49.603] [TRACE] file - 2OrsC3tY_iSSZS3YVj1BDLDD
[2020-07-30T06:07:49.603] [TRACE] file - Session {
  cookie: {
    path: '/',
    _expires: 2020-10-28T04:07:49.600Z,
    originalMaxAge: 7776000000,
    httpOnly: true,
    SameSite: 'Lax'
  },
  views: { '/': 1 },
  horodate: 2020-07-30T06:07:49.543Z,
  ip: '168.197.153.156',
  geoloc: {
    range: [ 2831521792, 2831522303 ],
    country: 'BR',
    region: 'PA',
    eu: '0',
    timezone: 'America/Belem',
    city: 'Capitao Poco',
    ll: [ -1.9799, -47.2031 ],
    metro: 0,
    area: 100
  },
  __lastAccess: 1596082069601
}
[2020-07-30T06:18:39.540] [TRACE] file - 2gE895W5JxiAziMW6q4aUhZL
[2020-07-30T06:18:39.540] [TRACE] file - Session {
  cookie: {
    path: '/',
    _expires: 2020-10-28T04:18:39.537Z,
    originalMaxAge: 7776000000,
    httpOnly: true,
    SameSite: 'Lax'
  },
  views: { '/': 1 },
  horodate: 2020-07-30T06:18:39.483Z,
  ip: '94.102.56.151',
  geoloc: {
    range: [ 1583757312, 1583759359 ],
    country: 'NL',
    region: '',
    eu: '1',
    timezone: 'Europe/Amsterdam',
    city: '',
    ll: [ 52.3824, 4.8995 ],
    metro: 0,
    area: 100
  },
  __lastAccess: 1596082719538
}
[2020-07-30T07:32:25.892] [TRACE] file - LJXw1txLoyFEYQ8DUnVpha4E
[2020-07-30T07:32:25.892] [TRACE] file - Session {
  cookie: {
    path: '/',
    _expires: 2020-10-28T05:32:25.890Z,
    originalMaxAge: 7776000000,
    httpOnly: true,
    SameSite: 'Lax'
  },
  views: { '/': 1 },
  horodate: 2020-07-30T07:32:25.821Z,
  ip: '83.202.34.239',
  geoloc: {
    range: [ 1405755904, 1405756415 ],
    country: 'FR',
    region: 'IDF',
    eu: '1',
    timezone: 'Europe/Paris',
    city: 'Paris',
    ll: [ 48.8543, 2.3527 ],
    metro: 0,
    area: 10
  },
  __lastAccess: 1596087145890
}
[2020-07-30T07:32:38.497] [TRACE] file - Session {
  cookie: {
    path: '/',
    _expires: 2020-10-28T05:32:38.495Z,
    originalMaxAge: 7776000000,
    httpOnly: true
  },
  views: { '/': 1, '/cv': 1 },
  horodate: 2020-07-30T07:32:38.432Z,
  ip: '83.202.34.239',
  geoloc: {
    range: [ 1405755904, 1405756415 ],
    country: 'FR',
    region: 'IDF',
    eu: '1',
    timezone: 'Europe/Paris',
    city: 'Paris',
    ll: [ 48.8543, 2.3527 ],
    metro: 0,
    area: 10
  },
  __lastAccess: 1596087158496
}
[2020-07-30T08:18:22.280] [TRACE] file - 5S3PN5XXaYsn82c2NB385NL-
[2020-07-30T08:18:22.280] [TRACE] file - Session {
  cookie: {
    path: '/',
    _expires: 2020-10-28T06:18:22.277Z,
    originalMaxAge: 7776000000,
    httpOnly: true,
    SameSite: 'Lax'
  },
  views: { '/': 1 },
  horodate: 2020-07-30T08:18:22.228Z,
  ip: '178.93.6.18',
  geoloc: {
    range: [ 2992439296, 2992441343 ],
    country: 'UA',
    region: '65',
    eu: '0',
    timezone: 'Europe/Kiev',
    city: 'Kherson',
    ll: [ 46.6558, 32.6178 ],
    metro: 0,
    area: 200
  },
  __lastAccess: 1596089902278
}
