[2020-07-02T08:00:21.117] [TRACE] trace - Session {
  cookie: {
    path: '/',
    _expires: 2071-12-29T15:12:39.081Z,
    originalMaxAge: 1624957937968,
    httpOnly: true
  },
  views: { '/': 97, '/cv': 36, '/adm1n': 15, '/giftedADHD': 20 },
  sessionID: 'R5fFgf2MY5GywsnD_EjXqJmF',
  horodate: 2020-07-02T08:00:20.548Z,
  geoloc: {
    range: [ 1405755904, 1405756415 ],
    country: 'FR',
    region: 'IDF',
    eu: '1',
    timezone: 'Europe/Paris',
    city: 'Paris',
    ll: [ 48.8543, 2.3527 ],
    metro: 0,
    area: 10
  },
  __lastAccess: 1593669621113,
  ip: '83.202.34.239'
}
[2020-07-02T08:05:29.075] [TRACE] trace - Session {
  cookie: {
    path: '/',
    _expires: 2071-12-29T15:17:47.042Z,
    originalMaxAge: 1624957937968,
    httpOnly: true
  },
  views: { '/': 98, '/cv': 36, '/adm1n': 15, '/giftedADHD': 20 },
  sessionID: 'R5fFgf2MY5GywsnD_EjXqJmF',
  horodate: 2020-07-02T08:05:28.898Z,
  geoloc: {
    range: [ 1405755904, 1405756415 ],
    country: 'FR',
    region: 'IDF',
    eu: '1',
    timezone: 'Europe/Paris',
    city: 'Paris',
    ll: [ 48.8543, 2.3527 ],
    metro: 0,
    area: 10
  },
  __lastAccess: 1593669929074,
  ip: '83.202.34.239'
}
