[2020-06-25T12:37:26.522] [TRACE] trace - {
  genid: [Function: genid],
  secret: 'qwerty',
  resave: false,
  saveUninitialized: true,
  cookie: {
    path: '/',
    _expires: 2020-06-25T10:38:26.521Z,
    originalMaxAge: 60000,
    httpOnly: true
  },
  sessionID: 'llhJNwd1tDA1orAM5ZLwj2OJ',
  horodate: 2020-06-25T10:37:26.521Z,
  ip: '90.92.102.225',
  geoloc: {
    range: [ 1516003328, 1516005375 ],
    country: 'FR',
    region: 'IDF',
    eu: '1',
    timezone: 'Europe/Paris',
    city: 'Paris',
    ll: [ 48.8543, 2.3527 ],
    metro: 0,
    area: 5
  },
  pathname: '/',
  nbViews: [ '/': 1 ]
}
[2020-06-25T12:38:02.044] [TRACE] trace - {
  genid: [Function: genid],
  secret: 'qwerty',
  resave: false,
  saveUninitialized: true,
  cookie: {
    path: '/',
    _expires: 2020-06-25T10:38:27.036Z,
    originalMaxAge: 60000,
    httpOnly: true
  },
  sessionID: 'llhJNwd1tDA1orAM5ZLwj2OJ',
  horodate: 2020-06-25T10:37:26.521Z,
  ip: '90.92.102.225',
  geoloc: {
    range: [ 1516003328, 1516005375 ],
    country: 'FR',
    region: 'IDF',
    eu: '1',
    timezone: 'Europe/Paris',
    city: 'Paris',
    ll: [ 48.8543, 2.3527 ],
    metro: 0,
    area: 5
  },
  pathname: 'cv',
  nbViews: [ '/': 1, cv: 1 ]
}
[2020-06-25T12:38:04.231] [TRACE] trace - {
  genid: [Function: genid],
  secret: 'qwerty',
  resave: false,
  saveUninitialized: true,
  cookie: {
    path: '/',
    _expires: 2020-06-25T10:38:27.036Z,
    originalMaxAge: 60000,
    httpOnly: true
  },
  sessionID: 'llhJNwd1tDA1orAM5ZLwj2OJ',
  horodate: 2020-06-25T10:37:26.521Z,
  ip: '90.92.102.225',
  geoloc: {
    range: [ 1516003328, 1516005375 ],
    country: 'FR',
    region: 'IDF',
    eu: '1',
    timezone: 'Europe/Paris',
    city: 'Paris',
    ll: [ 48.8543, 2.3527 ],
    metro: 0,
    area: 5
  },
  pathname: 'adm1n',
  nbViews: [ '/': 1, cv: 1, adm1n: 1 ]
}
[2020-06-25T12:38:06.863] [TRACE] trace - {
  genid: [Function: genid],
  secret: 'qwerty',
  resave: false,
  saveUninitialized: true,
  cookie: {
    path: '/',
    _expires: 2020-06-25T10:38:27.036Z,
    originalMaxAge: 60000,
    httpOnly: true
  },
  sessionID: 'llhJNwd1tDA1orAM5ZLwj2OJ',
  horodate: 2020-06-25T10:37:26.521Z,
  ip: '90.92.102.225',
  geoloc: {
    range: [ 1516003328, 1516005375 ],
    country: 'FR',
    region: 'IDF',
    eu: '1',
    timezone: 'Europe/Paris',
    city: 'Paris',
    ll: [ 48.8543, 2.3527 ],
    metro: 0,
    area: 5
  },
  pathname: 'giftedADHD',
  nbViews: [ '/': 1, cv: 1, adm1n: 1, giftedADHD: 1 ]
}
[2020-06-25T12:38:13.340] [TRACE] trace - {
  genid: [Function: genid],
  secret: 'qwerty',
  resave: false,
  saveUninitialized: true,
  cookie: {
    path: '/',
    _expires: 2020-06-25T10:38:27.036Z,
    originalMaxAge: 60000,
    httpOnly: true
  },
  sessionID: 'llhJNwd1tDA1orAM5ZLwj2OJ',
  horodate: 2020-06-25T10:37:26.521Z,
  ip: '90.92.102.225',
  geoloc: {
    range: [ 1516003328, 1516005375 ],
    country: 'FR',
    region: 'IDF',
    eu: '1',
    timezone: 'Europe/Paris',
    city: 'Paris',
    ll: [ 48.8543, 2.3527 ],
    metro: 0,
    area: 5
  },
  pathname: 'index',
  nbViews: [ '/': 1, cv: 1, adm1n: 1, giftedADHD: 1, index: 1 ]
}
[2020-06-25T12:38:55.954] [TRACE] trace - {
  genid: [Function: genid],
  secret: 'qwerty',
  resave: false,
  saveUninitialized: true,
  cookie: {
    path: '/',
    _expires: 2020-06-25T10:39:13.418Z,
    originalMaxAge: 60000,
    httpOnly: true
  },
  sessionID: 'llhJNwd1tDA1orAM5ZLwj2OJ',
  horodate: 2020-06-25T10:38:55.953Z,
  ip: '90.92.102.225',
  geoloc: {
    range: [ 1516003328, 1516005375 ],
    country: 'FR',
    region: 'IDF',
    eu: '1',
    timezone: 'Europe/Paris',
    city: 'Paris',
    ll: [ 48.8543, 2.3527 ],
    metro: 0,
    area: 5
  },
  pathname: '/',
  nbViews: [ '/': 2, cv: 1, adm1n: 1, giftedADHD: 1, index: 1 ]
}
