Fri Jul 30 2021 08:25:30 GMT+0200 (GMT+02:00)[2020-07-30T08:26:07.352] [TRACE] file - Session {
  cookie: {
    path: '/',
    _expires: 2020-10-28T06:26:07.349Z,
    originalMaxAge: 7776000000,
    httpOnly: true
  },
  __lastAccess: 1596090367350,
  views: { '/cv': 1 },
  horodate: 2020-07-30T08:26:07.273Z
}
[2020-07-30T08:26:10.131] [TRACE] file - Session {
  cookie: {
    path: '/',
    _expires: 2020-10-28T06:26:10.128Z,
    originalMaxAge: 7776000000,
    httpOnly: true
  },
  __lastAccess: 1596090370130,
  views: { '/cv': 1, '/giftedADHD': 1 },
  horodate: 2020-07-30T08:26:10.076Z
}
[2020-07-30T08:26:15.388] [TRACE] file - Session {
  cookie: {
    path: '/',
    _expires: 2020-10-28T06:26:15.386Z,
    originalMaxAge: 7776000000,
    httpOnly: true
  },
  __lastAccess: 1596090375387,
  views: { '/cv': 1, '/giftedADHD': 2 },
  horodate: 2020-07-30T08:26:15.347Z
}
[2020-07-30T08:26:26.834] [TRACE] file - Session {
  cookie: {
    path: '/',
    _expires: 2020-10-28T06:26:26.831Z,
    originalMaxAge: 7775999999,
    httpOnly: true
  },
  __lastAccess: 1596090386832,
  views: { '/cv': 1, '/giftedADHD': 3 },
  horodate: 2020-07-30T08:26:26.795Z
}
[2020-07-30T08:27:28.349] [TRACE] file - Session {
  cookie: {
    path: '/',
    _expires: 2020-10-28T06:27:28.346Z,
    originalMaxAge: 7775999999,
    httpOnly: true
  },
  __lastAccess: 1596090448348,
  views: { '/cv': 1, '/giftedADHD': 4 },
  horodate: 2020-07-30T08:27:28.309Z
}
[2020-07-30T08:27:29.987] [TRACE] file - Session {
  cookie: {
    path: '/',
    _expires: 2020-10-28T06:27:29.984Z,
    originalMaxAge: 7775999999,
    httpOnly: true
  },
  __lastAccess: 1596090449986,
  views: { '/cv': 2, '/giftedADHD': 4 },
  horodate: 2020-07-30T08:27:29.933Z
}
[2020-07-30T08:27:34.285] [TRACE] file - Session {
  cookie: {
    path: '/',
    _expires: 2020-10-28T06:27:34.282Z,
    originalMaxAge: 7775999999,
    httpOnly: true
  },
  __lastAccess: 1596090454284,
  views: { '/cv': 3, '/giftedADHD': 4 },
  horodate: 2020-07-30T08:27:34.227Z
}
[2020-07-30T08:27:38.034] [TRACE] file - Session {
  cookie: {
    path: '/',
    _expires: 2020-10-28T06:27:38.030Z,
    originalMaxAge: 7775999999,
    httpOnly: true
  },
  __lastAccess: 1596090458032,
  views: { '/cv': 4, '/giftedADHD': 4 },
  horodate: 2020-07-30T08:27:37.984Z
}
[2020-07-30T08:27:44.144] [TRACE] file - Session {
  cookie: {
    path: '/',
    _expires: 2020-10-28T06:27:44.141Z,
    originalMaxAge: 7775999999,
    httpOnly: true
  },
  __lastAccess: 1596090464143,
  views: { '/cv': 4, '/giftedADHD': 5 },
  horodate: 2020-07-30T08:27:44.115Z
}
[2020-07-30T08:27:45.199] [TRACE] file - Session {
  cookie: {
    path: '/',
    _expires: 2020-10-28T06:27:45.196Z,
    originalMaxAge: 7775999999,
    httpOnly: true
  },
  __lastAccess: 1596090465198,
  views: { '/cv': 5, '/giftedADHD': 5 },
  horodate: 2020-07-30T08:27:45.152Z
}
[2020-07-30T08:27:49.587] [TRACE] file - Session {
  cookie: {
    path: '/',
    _expires: 2020-10-28T06:27:49.584Z,
    originalMaxAge: 7775999999,
    httpOnly: true
  },
  __lastAccess: 1596090469586,
  views: { '/cv': 5, '/giftedADHD': 6 },
  horodate: 2020-07-30T08:27:49.559Z
}
[2020-07-30T08:27:50.563] [TRACE] file - Session {
  cookie: {
    path: '/',
    _expires: 2020-10-28T06:27:50.560Z,
    originalMaxAge: 7775999999,
    httpOnly: true
  },
  __lastAccess: 1596090470561,
  views: { '/cv': 6, '/giftedADHD': 6 },
  horodate: 2020-07-30T08:27:50.517Z
}
[2020-07-30T08:27:57.240] [TRACE] file - Session {
  cookie: {
    path: '/',
    _expires: 2020-10-28T06:27:57.237Z,
    originalMaxAge: 7775999999,
    httpOnly: true
  },
  __lastAccess: 1596090477239,
  views: { '/cv': 6, '/giftedADHD': 7 },
  horodate: 2020-07-30T08:27:57.205Z
}
[2020-07-30T08:27:58.208] [TRACE] file - Session {
  cookie: {
    path: '/',
    _expires: 2020-10-28T06:27:58.204Z,
    originalMaxAge: 7775999999,
    httpOnly: true
  },
  __lastAccess: 1596090478206,
  views: { '/cv': 7, '/giftedADHD': 7 },
  horodate: 2020-07-30T08:27:58.167Z
}
[2020-07-30T08:28:01.311] [TRACE] file - Session {
  cookie: {
    path: '/',
    _expires: 2020-10-28T06:28:01.308Z,
    originalMaxAge: 7775999999,
    httpOnly: true
  },
  __lastAccess: 1596090481310,
  views: { '/cv': 7, '/giftedADHD': 8 },
  horodate: 2020-07-30T08:28:01.284Z
}
