Sun Aug 01 2021 13:21:27 GMT+0200 (GMT+02:00)[2020-08-01T13:21:37.930] [TRACE] file - 4h0IgXdhhNz49DqDT823AXgU
[2020-08-01T13:21:37.931] [TRACE] file - Session {
  cookie: {
    path: '/',
    _expires: 2020-10-30T11:21:37.927Z,
    originalMaxAge: 7775999999,
    httpOnly: true
  },
  __lastAccess: 1596280897929,
  views: { '/cv': 67, '/giftedADHD': 23, '/': 44 },
  horodate: 2020-08-01T13:21:37.294Z,
  ip: '83.202.34.239',
  geoloc: {
    range: [ 1405755904, 1405756415 ],
    country: 'FR',
    region: 'IDF',
    eu: '1',
    timezone: 'Europe/Paris',
    city: 'Paris',
    ll: [ 48.8543, 2.3527 ],
    metro: 0,
    area: 10
  }
}
[2020-08-01T13:22:01.862] [TRACE] file - Session {
  cookie: {
    path: '/',
    _expires: 2020-10-30T11:22:01.861Z,
    originalMaxAge: 7775999999,
    httpOnly: true
  },
  __lastAccess: 1596280921862,
  views: { '/cv': 68, '/giftedADHD': 23, '/': 44 },
  horodate: 2020-08-01T13:22:01.689Z,
  ip: '83.202.34.239',
  geoloc: {
    range: [ 1405755904, 1405756415 ],
    country: 'FR',
    region: 'IDF',
    eu: '1',
    timezone: 'Europe/Paris',
    city: 'Paris',
    ll: [ 48.8543, 2.3527 ],
    metro: 0,
    area: 10
  }
}
[2020-08-01T13:23:07.784] [TRACE] file - Session {
  cookie: {
    path: '/',
    _expires: 2020-10-30T11:23:07.773Z,
    originalMaxAge: 7775999999,
    httpOnly: true
  },
  __lastAccess: 1596280987774,
  views: { '/cv': 69, '/giftedADHD': 23, '/': 44 },
  horodate: 2020-08-01T13:23:07.662Z,
  ip: '83.202.34.239',
  geoloc: {
    range: [ 1405755904, 1405756415 ],
    country: 'FR',
    region: 'IDF',
    eu: '1',
    timezone: 'Europe/Paris',
    city: 'Paris',
    ll: [ 48.8543, 2.3527 ],
    metro: 0,
    area: 10
  }
}
[2020-08-01T13:23:26.467] [TRACE] file - Session {
  cookie: {
    path: '/',
    _expires: 2020-10-30T11:23:26.466Z,
    originalMaxAge: 7775999999,
    httpOnly: true
  },
  __lastAccess: 1596281006467,
  views: { '/cv': 70, '/giftedADHD': 23, '/': 44 },
  horodate: 2020-08-01T13:23:26.390Z,
  ip: '83.202.34.239',
  geoloc: {
    range: [ 1405755904, 1405756415 ],
    country: 'FR',
    region: 'IDF',
    eu: '1',
    timezone: 'Europe/Paris',
    city: 'Paris',
    ll: [ 48.8543, 2.3527 ],
    metro: 0,
    area: 10
  }
}
[2020-08-01T13:23:52.755] [TRACE] file - Session {
  cookie: {
    path: '/',
    _expires: 2020-10-30T11:23:52.753Z,
    originalMaxAge: 7775999999,
    httpOnly: true
  },
  __lastAccess: 1596281032754,
  views: { '/cv': 71, '/giftedADHD': 23, '/': 44 },
  horodate: 2020-08-01T13:23:52.674Z,
  ip: '83.202.34.239',
  geoloc: {
    range: [ 1405755904, 1405756415 ],
    country: 'FR',
    region: 'IDF',
    eu: '1',
    timezone: 'Europe/Paris',
    city: 'Paris',
    ll: [ 48.8543, 2.3527 ],
    metro: 0,
    area: 10
  }
}
[2020-08-01T13:24:00.328] [TRACE] file - Session {
  cookie: {
    path: '/',
    _expires: 2020-10-30T11:24:00.326Z,
    originalMaxAge: 7775999999,
    httpOnly: true
  },
  __lastAccess: 1596281040328,
  views: { '/cv': 72, '/giftedADHD': 23, '/': 44 },
  horodate: 2020-08-01T13:24:00.253Z,
  ip: '83.202.34.239',
  geoloc: {
    range: [ 1405755904, 1405756415 ],
    country: 'FR',
    region: 'IDF',
    eu: '1',
    timezone: 'Europe/Paris',
    city: 'Paris',
    ll: [ 48.8543, 2.3527 ],
    metro: 0,
    area: 10
  }
}
[2020-08-01T13:24:08.288] [TRACE] file - Session {
  cookie: {
    path: '/',
    _expires: 2020-10-30T11:24:08.287Z,
    originalMaxAge: 7775999999,
    httpOnly: true
  },
  __lastAccess: 1596281048288,
  views: { '/cv': 73, '/giftedADHD': 23, '/': 44 },
  horodate: 2020-08-01T13:24:08.211Z,
  ip: '83.202.34.239',
  geoloc: {
    range: [ 1405755904, 1405756415 ],
    country: 'FR',
    region: 'IDF',
    eu: '1',
    timezone: 'Europe/Paris',
    city: 'Paris',
    ll: [ 48.8543, 2.3527 ],
    metro: 0,
    area: 10
  }
}
[2020-08-01T13:24:34.004] [TRACE] file - Session {
  cookie: {
    path: '/',
    _expires: 2020-10-30T11:24:34.003Z,
    originalMaxAge: 7775999999,
    httpOnly: true
  },
  __lastAccess: 1596281074004,
  views: { '/cv': 74, '/giftedADHD': 23, '/': 44 },
  horodate: 2020-08-01T13:24:33.848Z,
  ip: '83.202.34.239',
  geoloc: {
    range: [ 1405755904, 1405756415 ],
    country: 'FR',
    region: 'IDF',
    eu: '1',
    timezone: 'Europe/Paris',
    city: 'Paris',
    ll: [ 48.8543, 2.3527 ],
    metro: 0,
    area: 10
  }
}
[2020-08-01T13:26:08.078] [TRACE] file - Session {
  cookie: {
    path: '/',
    _expires: 2020-10-30T11:26:08.076Z,
    originalMaxAge: 7775999999,
    httpOnly: true
  },
  __lastAccess: 1596281168077,
  views: { '/cv': 75, '/giftedADHD': 23, '/': 44 },
  horodate: 2020-08-01T13:26:07.970Z,
  ip: '83.202.34.239',
  geoloc: {
    range: [ 1405755904, 1405756415 ],
    country: 'FR',
    region: 'IDF',
    eu: '1',
    timezone: 'Europe/Paris',
    city: 'Paris',
    ll: [ 48.8543, 2.3527 ],
    metro: 0,
    area: 10
  }
}
[2020-08-01T13:26:53.081] [TRACE] file - Session {
  cookie: {
    path: '/',
    _expires: 2020-10-30T11:26:53.080Z,
    originalMaxAge: 7775999999,
    httpOnly: true
  },
  __lastAccess: 1596281213081,
  views: { '/cv': 76, '/giftedADHD': 23, '/': 44 },
  horodate: 2020-08-01T13:26:52.994Z,
  ip: '83.202.34.239',
  geoloc: {
    range: [ 1405755904, 1405756415 ],
    country: 'FR',
    region: 'IDF',
    eu: '1',
    timezone: 'Europe/Paris',
    city: 'Paris',
    ll: [ 48.8543, 2.3527 ],
    metro: 0,
    area: 10
  }
}
[2020-08-01T13:28:03.149] [TRACE] file - Session {
  cookie: {
    path: '/',
    _expires: 2020-10-30T11:28:03.147Z,
    originalMaxAge: 7775999999,
    httpOnly: true
  },
  __lastAccess: 1596281283149,
  views: { '/cv': 77, '/giftedADHD': 23, '/': 44 },
  horodate: 2020-08-01T13:28:03.052Z,
  ip: '83.202.34.239',
  geoloc: {
    range: [ 1405755904, 1405756415 ],
    country: 'FR',
    region: 'IDF',
    eu: '1',
    timezone: 'Europe/Paris',
    city: 'Paris',
    ll: [ 48.8543, 2.3527 ],
    metro: 0,
    area: 10
  }
}
[2020-08-01T13:28:40.825] [TRACE] file - Session {
  cookie: {
    path: '/',
    _expires: 2020-10-30T11:28:40.823Z,
    originalMaxAge: 7775999999,
    httpOnly: true
  },
  __lastAccess: 1596281320824,
  views: { '/cv': 78, '/giftedADHD': 23, '/': 44 },
  horodate: 2020-08-01T13:28:40.750Z,
  ip: '83.202.34.239',
  geoloc: {
    range: [ 1405755904, 1405756415 ],
    country: 'FR',
    region: 'IDF',
    eu: '1',
    timezone: 'Europe/Paris',
    city: 'Paris',
    ll: [ 48.8543, 2.3527 ],
    metro: 0,
    area: 10
  }
}
[2020-08-01T13:29:02.314] [TRACE] file - 4h0IgXdhhNz49DqDT823AXgU
[2020-08-01T13:29:02.314] [TRACE] file - Session {
  cookie: {
    path: '/',
    _expires: 2020-10-30T11:29:02.312Z,
    originalMaxAge: 7775999999,
    httpOnly: true
  },
  __lastAccess: 1596281342313,
  views: { '/cv': 78, '/giftedADHD': 23, '/': 45 },
  horodate: 2020-08-01T13:29:02.207Z,
  ip: '83.202.34.239',
  geoloc: {
    range: [ 1405755904, 1405756415 ],
    country: 'FR',
    region: 'IDF',
    eu: '1',
    timezone: 'Europe/Paris',
    city: 'Paris',
    ll: [ 48.8543, 2.3527 ],
    metro: 0,
    area: 10
  }
}
[2020-08-01T13:29:27.768] [TRACE] file - 4h0IgXdhhNz49DqDT823AXgU
[2020-08-01T13:29:27.768] [TRACE] file - Session {
  cookie: {
    path: '/',
    _expires: 2020-10-30T11:29:27.767Z,
    originalMaxAge: 7775999999,
    httpOnly: true
  },
  __lastAccess: 1596281367768,
  views: { '/cv': 78, '/giftedADHD': 23, '/': 46 },
  horodate: 2020-08-01T13:29:27.677Z,
  ip: '83.202.34.239',
  geoloc: {
    range: [ 1405755904, 1405756415 ],
    country: 'FR',
    region: 'IDF',
    eu: '1',
    timezone: 'Europe/Paris',
    city: 'Paris',
    ll: [ 48.8543, 2.3527 ],
    metro: 0,
    area: 10
  }
}
[2020-08-01T13:31:04.624] [TRACE] file - 4h0IgXdhhNz49DqDT823AXgU
[2020-08-01T13:31:04.624] [TRACE] file - Session {
  cookie: {
    path: '/',
    _expires: 2020-10-30T11:31:04.623Z,
    originalMaxAge: 7775999999,
    httpOnly: true
  },
  __lastAccess: 1596281464624,
  views: { '/cv': 78, '/giftedADHD': 23, '/': 47 },
  horodate: 2020-08-01T13:31:04.549Z,
  ip: '83.202.34.239',
  geoloc: {
    range: [ 1405755904, 1405756415 ],
    country: 'FR',
    region: 'IDF',
    eu: '1',
    timezone: 'Europe/Paris',
    city: 'Paris',
    ll: [ 48.8543, 2.3527 ],
    metro: 0,
    area: 10
  }
}
[2020-08-01T13:34:00.305] [TRACE] file - 4h0IgXdhhNz49DqDT823AXgU
[2020-08-01T13:34:00.305] [TRACE] file - Session {
  cookie: {
    path: '/',
    _expires: 2020-10-30T11:34:00.304Z,
    originalMaxAge: 7775999999,
    httpOnly: true
  },
  __lastAccess: 1596281640305,
  views: { '/cv': 78, '/giftedADHD': 23, '/': 48 },
  horodate: 2020-08-01T13:34:00.244Z,
  ip: '83.202.34.239',
  geoloc: {
    range: [ 1405755904, 1405756415 ],
    country: 'FR',
    region: 'IDF',
    eu: '1',
    timezone: 'Europe/Paris',
    city: 'Paris',
    ll: [ 48.8543, 2.3527 ],
    metro: 0,
    area: 10
  }
}
[2020-08-01T13:34:15.485] [TRACE] file - 4h0IgXdhhNz49DqDT823AXgU
[2020-08-01T13:34:15.485] [TRACE] file - Session {
  cookie: {
    path: '/',
    _expires: 2020-10-30T11:34:15.483Z,
    originalMaxAge: 7775999999,
    httpOnly: true
  },
  __lastAccess: 1596281655484,
  views: { '/cv': 78, '/giftedADHD': 23, '/': 49 },
  horodate: 2020-08-01T13:34:15.399Z,
  ip: '83.202.34.239',
  geoloc: {
    range: [ 1405755904, 1405756415 ],
    country: 'FR',
    region: 'IDF',
    eu: '1',
    timezone: 'Europe/Paris',
    city: 'Paris',
    ll: [ 48.8543, 2.3527 ],
    metro: 0,
    area: 10
  }
}
[2020-08-01T13:34:38.983] [TRACE] file - Session {
  cookie: {
    path: '/',
    _expires: 2020-10-30T11:34:38.982Z,
    originalMaxAge: 7775999999,
    httpOnly: true
  },
  __lastAccess: 1596281678983,
  views: { '/cv': 79, '/giftedADHD': 23, '/': 49 },
  horodate: 2020-08-01T13:34:38.923Z,
  ip: '83.202.34.239',
  geoloc: {
    range: [ 1405755904, 1405756415 ],
    country: 'FR',
    region: 'IDF',
    eu: '1',
    timezone: 'Europe/Paris',
    city: 'Paris',
    ll: [ 48.8543, 2.3527 ],
    metro: 0,
    area: 10
  }
}
[2020-08-01T13:34:50.452] [TRACE] file - MFat7Su3knZbxWQ0BPcN_aRo
[2020-08-01T13:34:50.452] [TRACE] file - Session {
  cookie: {
    path: '/',
    _expires: 2020-10-30T11:34:50.451Z,
    originalMaxAge: 7776000000,
    httpOnly: true
  },
  views: { '/': 11, '/cv': 12, '/giftedADHD': 7 },
  horodate: 2020-08-01T13:34:50.391Z,
  ip: '83.202.34.239',
  geoloc: {
    range: [ 1405755904, 1405756415 ],
    country: 'FR',
    region: 'IDF',
    eu: '1',
    timezone: 'Europe/Paris',
    city: 'Paris',
    ll: [ 48.8543, 2.3527 ],
    metro: 0,
    area: 10
  },
  __lastAccess: 1596281690451
}
[2020-08-01T13:34:52.133] [TRACE] file - MFat7Su3knZbxWQ0BPcN_aRo
[2020-08-01T13:34:52.133] [TRACE] file - Session {
  cookie: {
    path: '/',
    _expires: 2020-10-30T11:34:52.133Z,
    originalMaxAge: 7776000000,
    httpOnly: true
  },
  views: { '/': 12, '/cv': 12, '/giftedADHD': 7 },
  horodate: 2020-08-01T13:34:52.081Z,
  ip: '83.202.34.239',
  geoloc: {
    range: [ 1405755904, 1405756415 ],
    country: 'FR',
    region: 'IDF',
    eu: '1',
    timezone: 'Europe/Paris',
    city: 'Paris',
    ll: [ 48.8543, 2.3527 ],
    metro: 0,
    area: 10
  },
  __lastAccess: 1596281692133
}
[2020-08-01T13:35:00.159] [TRACE] file - MFat7Su3knZbxWQ0BPcN_aRo
[2020-08-01T13:35:00.159] [TRACE] file - Session {
  cookie: {
    path: '/',
    _expires: 2020-10-30T11:35:00.159Z,
    originalMaxAge: 7776000000,
    httpOnly: true
  },
  views: { '/': 13, '/cv': 12, '/giftedADHD': 7 },
  horodate: 2020-08-01T13:35:00.105Z,
  ip: '83.202.34.239',
  geoloc: {
    range: [ 1405755904, 1405756415 ],
    country: 'FR',
    region: 'IDF',
    eu: '1',
    timezone: 'Europe/Paris',
    city: 'Paris',
    ll: [ 48.8543, 2.3527 ],
    metro: 0,
    area: 10
  },
  __lastAccess: 1596281700159
}
[2020-08-01T13:36:08.501] [TRACE] file - 4h0IgXdhhNz49DqDT823AXgU
[2020-08-01T13:36:08.501] [TRACE] file - Session {
  cookie: {
    path: '/',
    _expires: 2020-10-30T11:36:08.500Z,
    originalMaxAge: 7775999999,
    httpOnly: true
  },
  __lastAccess: 1596281768501,
  views: { '/cv': 79, '/giftedADHD': 23, '/': 50 },
  horodate: 2020-08-01T13:36:08.447Z,
  ip: '83.202.34.239',
  geoloc: {
    range: [ 1405755904, 1405756415 ],
    country: 'FR',
    region: 'IDF',
    eu: '1',
    timezone: 'Europe/Paris',
    city: 'Paris',
    ll: [ 48.8543, 2.3527 ],
    metro: 0,
    area: 10
  }
}
[2020-08-01T13:38:46.497] [TRACE] file - 4h0IgXdhhNz49DqDT823AXgU
[2020-08-01T13:38:46.497] [TRACE] file - Session {
  cookie: {
    path: '/',
    _expires: 2020-10-30T11:38:46.496Z,
    originalMaxAge: 7775999999,
    httpOnly: true
  },
  __lastAccess: 1596281926497,
  views: { '/cv': 79, '/giftedADHD': 23, '/': 51 },
  horodate: 2020-08-01T13:38:46.439Z,
  ip: '83.202.34.239',
  geoloc: {
    range: [ 1405755904, 1405756415 ],
    country: 'FR',
    region: 'IDF',
    eu: '1',
    timezone: 'Europe/Paris',
    city: 'Paris',
    ll: [ 48.8543, 2.3527 ],
    metro: 0,
    area: 10
  }
}
[2020-08-01T13:39:42.872] [TRACE] file - 4h0IgXdhhNz49DqDT823AXgU
[2020-08-01T13:39:42.872] [TRACE] file - Session {
  cookie: {
    path: '/',
    _expires: 2020-10-30T11:39:42.871Z,
    originalMaxAge: 7775999999,
    httpOnly: true
  },
  __lastAccess: 1596281982872,
  views: { '/cv': 79, '/giftedADHD': 23, '/': 52 },
  horodate: 2020-08-01T13:39:42.819Z,
  ip: '83.202.34.239',
  geoloc: {
    range: [ 1405755904, 1405756415 ],
    country: 'FR',
    region: 'IDF',
    eu: '1',
    timezone: 'Europe/Paris',
    city: 'Paris',
    ll: [ 48.8543, 2.3527 ],
    metro: 0,
    area: 10
  }
}
[2020-08-01T13:41:37.287] [TRACE] file - Session {
  cookie: {
    path: '/',
    _expires: 2020-10-30T11:41:37.286Z,
    originalMaxAge: 7775999999,
    httpOnly: true
  },
  __lastAccess: 1596282097287,
  views: { '/cv': 80, '/giftedADHD': 23, '/': 52 },
  horodate: 2020-08-01T13:41:37.226Z,
  ip: '83.202.34.239',
  geoloc: {
    range: [ 1405755904, 1405756415 ],
    country: 'FR',
    region: 'IDF',
    eu: '1',
    timezone: 'Europe/Paris',
    city: 'Paris',
    ll: [ 48.8543, 2.3527 ],
    metro: 0,
    area: 10
  }
}
[2020-08-01T13:41:38.853] [TRACE] file - 4h0IgXdhhNz49DqDT823AXgU
[2020-08-01T13:41:38.853] [TRACE] file - Session {
  cookie: {
    path: '/',
    _expires: 2020-10-30T11:41:38.852Z,
    originalMaxAge: 7775999999,
    httpOnly: true
  },
  __lastAccess: 1596282098853,
  views: { '/cv': 80, '/giftedADHD': 23, '/': 53 },
  horodate: 2020-08-01T13:41:38.801Z,
  ip: '83.202.34.239',
  geoloc: {
    range: [ 1405755904, 1405756415 ],
    country: 'FR',
    region: 'IDF',
    eu: '1',
    timezone: 'Europe/Paris',
    city: 'Paris',
    ll: [ 48.8543, 2.3527 ],
    metro: 0,
    area: 10
  }
}
[2020-08-01T13:42:07.453] [TRACE] file - 4h0IgXdhhNz49DqDT823AXgU
[2020-08-01T13:42:07.453] [TRACE] file - Session {
  cookie: {
    path: '/',
    _expires: 2020-10-30T11:42:07.451Z,
    originalMaxAge: 7775999999,
    httpOnly: true
  },
  __lastAccess: 1596282127452,
  views: { '/cv': 80, '/giftedADHD': 23, '/': 54 },
  horodate: 2020-08-01T13:42:07.389Z,
  ip: '83.202.34.239',
  geoloc: {
    range: [ 1405755904, 1405756415 ],
    country: 'FR',
    region: 'IDF',
    eu: '1',
    timezone: 'Europe/Paris',
    city: 'Paris',
    ll: [ 48.8543, 2.3527 ],
    metro: 0,
    area: 10
  }
}
[2020-08-01T13:42:43.987] [TRACE] file - 4h0IgXdhhNz49DqDT823AXgU
[2020-08-01T13:42:43.987] [TRACE] file - Session {
  cookie: {
    path: '/',
    _expires: 2020-10-30T11:42:43.985Z,
    originalMaxAge: 7775999999,
    httpOnly: true
  },
  __lastAccess: 1596282163987,
  views: { '/cv': 80, '/giftedADHD': 23, '/': 55 },
  horodate: 2020-08-01T13:42:43.923Z,
  ip: '83.202.34.239',
  geoloc: {
    range: [ 1405755904, 1405756415 ],
    country: 'FR',
    region: 'IDF',
    eu: '1',
    timezone: 'Europe/Paris',
    city: 'Paris',
    ll: [ 48.8543, 2.3527 ],
    metro: 0,
    area: 10
  }
}
[2020-08-01T13:42:58.801] [TRACE] file - Session {
  cookie: {
    path: '/',
    _expires: 2020-10-30T11:42:58.799Z,
    originalMaxAge: 7775999999,
    httpOnly: true
  },
  __lastAccess: 1596282178800,
  views: { '/cv': 81, '/giftedADHD': 23, '/': 55 },
  horodate: 2020-08-01T13:42:58.741Z,
  ip: '83.202.34.239',
  geoloc: {
    range: [ 1405755904, 1405756415 ],
    country: 'FR',
    region: 'IDF',
    eu: '1',
    timezone: 'Europe/Paris',
    city: 'Paris',
    ll: [ 48.8543, 2.3527 ],
    metro: 0,
    area: 10
  }
}
[2020-08-01T13:43:02.442] [TRACE] file - Session {
  cookie: {
    path: '/',
    _expires: 2020-10-30T11:43:02.440Z,
    originalMaxAge: 7775999999,
    httpOnly: true
  },
  __lastAccess: 1596282182441,
  views: { '/cv': 81, '/giftedADHD': 24, '/': 55 },
  horodate: 2020-08-01T13:43:02.402Z,
  ip: '83.202.34.239',
  geoloc: {
    range: [ 1405755904, 1405756415 ],
    country: 'FR',
    region: 'IDF',
    eu: '1',
    timezone: 'Europe/Paris',
    city: 'Paris',
    ll: [ 48.8543, 2.3527 ],
    metro: 0,
    area: 10
  }
}
[2020-08-01T13:43:04.129] [TRACE] file - 4h0IgXdhhNz49DqDT823AXgU
[2020-08-01T13:43:04.129] [TRACE] file - Session {
  cookie: {
    path: '/',
    _expires: 2020-10-30T11:43:04.128Z,
    originalMaxAge: 7775999999,
    httpOnly: true
  },
  __lastAccess: 1596282184129,
  views: { '/cv': 81, '/giftedADHD': 24, '/': 56 },
  horodate: 2020-08-01T13:43:04.083Z,
  ip: '83.202.34.239',
  geoloc: {
    range: [ 1405755904, 1405756415 ],
    country: 'FR',
    region: 'IDF',
    eu: '1',
    timezone: 'Europe/Paris',
    city: 'Paris',
    ll: [ 48.8543, 2.3527 ],
    metro: 0,
    area: 10
  }
}
[2020-08-01T13:43:22.002] [TRACE] file - 4h0IgXdhhNz49DqDT823AXgU
[2020-08-01T13:43:22.002] [TRACE] file - Session {
  cookie: {
    path: '/',
    _expires: 2020-10-30T11:43:22.001Z,
    originalMaxAge: 7775999999,
    httpOnly: true
  },
  __lastAccess: 1596282202002,
  views: { '/cv': 81, '/giftedADHD': 24, '/': 57 },
  horodate: 2020-08-01T13:43:21.941Z,
  ip: '83.202.34.239',
  geoloc: {
    range: [ 1405755904, 1405756415 ],
    country: 'FR',
    region: 'IDF',
    eu: '1',
    timezone: 'Europe/Paris',
    city: 'Paris',
    ll: [ 48.8543, 2.3527 ],
    metro: 0,
    area: 10
  }
}
[2020-08-01T13:44:21.279] [TRACE] file - 4h0IgXdhhNz49DqDT823AXgU
[2020-08-01T13:44:21.279] [TRACE] file - Session {
  cookie: {
    path: '/',
    _expires: 2020-10-30T11:44:21.278Z,
    originalMaxAge: 7775999999,
    httpOnly: true
  },
  __lastAccess: 1596282261279,
  views: { '/cv': 81, '/giftedADHD': 24, '/': 58 },
  horodate: 2020-08-01T13:44:21.221Z,
  ip: '83.202.34.239',
  geoloc: {
    range: [ 1405755904, 1405756415 ],
    country: 'FR',
    region: 'IDF',
    eu: '1',
    timezone: 'Europe/Paris',
    city: 'Paris',
    ll: [ 48.8543, 2.3527 ],
    metro: 0,
    area: 10
  }
}
[2020-08-01T13:44:40.259] [TRACE] file - 4h0IgXdhhNz49DqDT823AXgU
[2020-08-01T13:44:40.259] [TRACE] file - Session {
  cookie: {
    path: '/',
    _expires: 2020-10-30T11:44:40.257Z,
    originalMaxAge: 7775999999,
    httpOnly: true
  },
  __lastAccess: 1596282280258,
  views: { '/cv': 81, '/giftedADHD': 24, '/': 59 },
  horodate: 2020-08-01T13:44:40.184Z,
  ip: '83.202.34.239',
  geoloc: {
    range: [ 1405755904, 1405756415 ],
    country: 'FR',
    region: 'IDF',
    eu: '1',
    timezone: 'Europe/Paris',
    city: 'Paris',
    ll: [ 48.8543, 2.3527 ],
    metro: 0,
    area: 10
  }
}
[2020-08-01T13:46:36.346] [TRACE] file - Session {
  cookie: {
    path: '/',
    _expires: 2020-10-30T11:46:36.345Z,
    originalMaxAge: 7775999999,
    httpOnly: true
  },
  __lastAccess: 1596282396346,
  views: { '/cv': 82, '/giftedADHD': 24, '/': 59 },
  horodate: 2020-08-01T13:46:36.288Z,
  ip: '83.202.34.239',
  geoloc: {
    range: [ 1405755904, 1405756415 ],
    country: 'FR',
    region: 'IDF',
    eu: '1',
    timezone: 'Europe/Paris',
    city: 'Paris',
    ll: [ 48.8543, 2.3527 ],
    metro: 0,
    area: 10
  }
}
[2020-08-01T13:49:29.901] [TRACE] file - MFat7Su3knZbxWQ0BPcN_aRo
[2020-08-01T13:49:29.902] [TRACE] file - Session {
  cookie: {
    path: '/',
    _expires: 2020-10-30T11:49:29.901Z,
    originalMaxAge: 7776000000,
    httpOnly: true
  },
  views: { '/': 14, '/cv': 12, '/giftedADHD': 7 },
  horodate: 2020-08-01T13:49:29.844Z,
  ip: '83.202.34.239',
  geoloc: {
    range: [ 1405755904, 1405756415 ],
    country: 'FR',
    region: 'IDF',
    eu: '1',
    timezone: 'Europe/Paris',
    city: 'Paris',
    ll: [ 48.8543, 2.3527 ],
    metro: 0,
    area: 10
  },
  __lastAccess: 1596282569901
}
[2020-08-01T13:49:31.617] [TRACE] file - Session {
  cookie: {
    path: '/',
    _expires: 2020-10-30T11:49:31.617Z,
    originalMaxAge: 7776000000,
    httpOnly: true
  },
  views: { '/': 14, '/cv': 13, '/giftedADHD': 7 },
  horodate: 2020-08-01T13:49:31.578Z,
  ip: '83.202.34.239',
  geoloc: {
    range: [ 1405755904, 1405756415 ],
    country: 'FR',
    region: 'IDF',
    eu: '1',
    timezone: 'Europe/Paris',
    city: 'Paris',
    ll: [ 48.8543, 2.3527 ],
    metro: 0,
    area: 10
  },
  __lastAccess: 1596282571617
}
[2020-08-01T13:49:53.254] [TRACE] file - MFat7Su3knZbxWQ0BPcN_aRo
[2020-08-01T13:49:53.254] [TRACE] file - Session {
  cookie: {
    path: '/',
    _expires: 2020-10-30T11:49:53.254Z,
    originalMaxAge: 7776000000,
    httpOnly: true
  },
  views: { '/': 15, '/cv': 13, '/giftedADHD': 7 },
  horodate: 2020-08-01T13:49:53.192Z,
  ip: '83.202.34.239',
  geoloc: {
    range: [ 1405755904, 1405756415 ],
    country: 'FR',
    region: 'IDF',
    eu: '1',
    timezone: 'Europe/Paris',
    city: 'Paris',
    ll: [ 48.8543, 2.3527 ],
    metro: 0,
    area: 10
  },
  __lastAccess: 1596282593254
}
[2020-08-01T13:50:02.198] [TRACE] file - Session {
  cookie: {
    path: '/',
    _expires: 2020-10-30T11:50:02.198Z,
    originalMaxAge: 7776000000,
    httpOnly: true
  },
  views: { '/': 15, '/cv': 13, '/giftedADHD': 8 },
  horodate: 2020-08-01T13:50:02.158Z,
  ip: '83.202.34.239',
  geoloc: {
    range: [ 1405755904, 1405756415 ],
    country: 'FR',
    region: 'IDF',
    eu: '1',
    timezone: 'Europe/Paris',
    city: 'Paris',
    ll: [ 48.8543, 2.3527 ],
    metro: 0,
    area: 10
  },
  __lastAccess: 1596282602198
}
[2020-08-01T13:50:11.886] [TRACE] file - Session {
  cookie: {
    path: '/',
    _expires: 2020-10-30T11:50:11.885Z,
    originalMaxAge: 7776000000,
    httpOnly: true
  },
  views: { '/': 15, '/cv': 14, '/giftedADHD': 8 },
  horodate: 2020-08-01T13:50:11.838Z,
  ip: '83.202.34.239',
  geoloc: {
    range: [ 1405755904, 1405756415 ],
    country: 'FR',
    region: 'IDF',
    eu: '1',
    timezone: 'Europe/Paris',
    city: 'Paris',
    ll: [ 48.8543, 2.3527 ],
    metro: 0,
    area: 10
  },
  __lastAccess: 1596282611886
}
[2020-08-01T13:50:20.742] [TRACE] file - MFat7Su3knZbxWQ0BPcN_aRo
[2020-08-01T13:50:20.742] [TRACE] file - Session {
  cookie: {
    path: '/',
    _expires: 2020-10-30T11:50:20.741Z,
    originalMaxAge: 7776000000,
    httpOnly: true
  },
  views: { '/': 16, '/cv': 14, '/giftedADHD': 8 },
  horodate: 2020-08-01T13:50:20.694Z,
  ip: '83.202.34.239',
  geoloc: {
    range: [ 1405755904, 1405756415 ],
    country: 'FR',
    region: 'IDF',
    eu: '1',
    timezone: 'Europe/Paris',
    city: 'Paris',
    ll: [ 48.8543, 2.3527 ],
    metro: 0,
    area: 10
  },
  __lastAccess: 1596282620741
}
[2020-08-01T13:50:34.059] [TRACE] file - Session {
  cookie: {
    path: '/',
    _expires: 2020-10-30T11:50:34.059Z,
    originalMaxAge: 7776000000,
    httpOnly: true
  },
  views: { '/': 16, '/cv': 15, '/giftedADHD': 8 },
  horodate: 2020-08-01T13:50:34.002Z,
  ip: '83.202.34.239',
  geoloc: {
    range: [ 1405755904, 1405756415 ],
    country: 'FR',
    region: 'IDF',
    eu: '1',
    timezone: 'Europe/Paris',
    city: 'Paris',
    ll: [ 48.8543, 2.3527 ],
    metro: 0,
    area: 10
  },
  __lastAccess: 1596282634059
}
[2020-08-01T13:51:08.266] [TRACE] file - 4h0IgXdhhNz49DqDT823AXgU
[2020-08-01T13:51:08.266] [TRACE] file - Session {
  cookie: {
    path: '/',
    _expires: 2020-10-30T11:51:08.265Z,
    originalMaxAge: 7775999999,
    httpOnly: true
  },
  __lastAccess: 1596282668266,
  views: { '/cv': 82, '/giftedADHD': 24, '/': 60 },
  horodate: 2020-08-01T13:51:08.212Z,
  ip: '83.202.34.239',
  geoloc: {
    range: [ 1405755904, 1405756415 ],
    country: 'FR',
    region: 'IDF',
    eu: '1',
    timezone: 'Europe/Paris',
    city: 'Paris',
    ll: [ 48.8543, 2.3527 ],
    metro: 0,
    area: 10
  }
}
[2020-08-01T13:51:36.842] [TRACE] file - 4h0IgXdhhNz49DqDT823AXgU
[2020-08-01T13:51:36.842] [TRACE] file - Session {
  cookie: {
    path: '/',
    _expires: 2020-10-30T11:51:36.841Z,
    originalMaxAge: 7775999999,
    httpOnly: true
  },
  __lastAccess: 1596282696842,
  views: { '/cv': 82, '/giftedADHD': 24, '/': 61 },
  horodate: 2020-08-01T13:51:36.790Z,
  ip: '83.202.34.239',
  geoloc: {
    range: [ 1405755904, 1405756415 ],
    country: 'FR',
    region: 'IDF',
    eu: '1',
    timezone: 'Europe/Paris',
    city: 'Paris',
    ll: [ 48.8543, 2.3527 ],
    metro: 0,
    area: 10
  }
}
[2020-08-01T13:51:41.215] [TRACE] file - Session {
  cookie: {
    path: '/',
    _expires: 2020-10-30T11:51:41.215Z,
    originalMaxAge: 7776000000,
    httpOnly: true
  },
  views: { '/': 16, '/cv': 16, '/giftedADHD': 8 },
  horodate: 2020-08-01T13:51:41.160Z,
  ip: '83.202.34.239',
  geoloc: {
    range: [ 1405755904, 1405756415 ],
    country: 'FR',
    region: 'IDF',
    eu: '1',
    timezone: 'Europe/Paris',
    city: 'Paris',
    ll: [ 48.8543, 2.3527 ],
    metro: 0,
    area: 10
  },
  __lastAccess: 1596282701215
}
[2020-08-01T13:51:44.037] [TRACE] file - MFat7Su3knZbxWQ0BPcN_aRo
[2020-08-01T13:51:44.037] [TRACE] file - Session {
  cookie: {
    path: '/',
    _expires: 2020-10-30T11:51:44.036Z,
    originalMaxAge: 7776000000,
    httpOnly: true
  },
  views: { '/': 17, '/cv': 16, '/giftedADHD': 8 },
  horodate: 2020-08-01T13:51:43.989Z,
  ip: '83.202.34.239',
  geoloc: {
    range: [ 1405755904, 1405756415 ],
    country: 'FR',
    region: 'IDF',
    eu: '1',
    timezone: 'Europe/Paris',
    city: 'Paris',
    ll: [ 48.8543, 2.3527 ],
    metro: 0,
    area: 10
  },
  __lastAccess: 1596282704036
}
[2020-08-01T13:52:04.227] [TRACE] file - Session {
  cookie: {
    path: '/',
    _expires: 2020-10-30T11:52:04.226Z,
    originalMaxAge: 7775999999,
    httpOnly: true
  },
  __lastAccess: 1596282724227,
  views: { '/cv': 83, '/giftedADHD': 24, '/': 61 },
  horodate: 2020-08-01T13:52:04.170Z,
  ip: '83.202.34.239',
  geoloc: {
    range: [ 1405755904, 1405756415 ],
    country: 'FR',
    region: 'IDF',
    eu: '1',
    timezone: 'Europe/Paris',
    city: 'Paris',
    ll: [ 48.8543, 2.3527 ],
    metro: 0,
    area: 10
  }
}
[2020-08-01T13:56:45.898] [TRACE] file - MFat7Su3knZbxWQ0BPcN_aRo
[2020-08-01T13:56:45.898] [TRACE] file - Session {
  cookie: {
    path: '/',
    _expires: 2020-10-30T11:56:45.897Z,
    originalMaxAge: 7776000000,
    httpOnly: true
  },
  views: { '/': 18, '/cv': 16, '/giftedADHD': 8 },
  horodate: 2020-08-01T13:56:45.840Z,
  ip: '83.202.34.239',
  geoloc: {
    range: [ 1405755904, 1405756415 ],
    country: 'FR',
    region: 'IDF',
    eu: '1',
    timezone: 'Europe/Paris',
    city: 'Paris',
    ll: [ 48.8543, 2.3527 ],
    metro: 0,
    area: 10
  },
  __lastAccess: 1596283005897
}
[2020-08-01T13:56:49.707] [TRACE] file - Session {
  cookie: {
    path: '/',
    _expires: 2020-10-30T11:56:49.707Z,
    originalMaxAge: 7776000000,
    httpOnly: true
  },
  views: { '/': 18, '/cv': 17, '/giftedADHD': 8 },
  horodate: 2020-08-01T13:56:49.649Z,
  ip: '83.202.34.239',
  geoloc: {
    range: [ 1405755904, 1405756415 ],
    country: 'FR',
    region: 'IDF',
    eu: '1',
    timezone: 'Europe/Paris',
    city: 'Paris',
    ll: [ 48.8543, 2.3527 ],
    metro: 0,
    area: 10
  },
  __lastAccess: 1596283009707
}
[2020-08-01T13:57:05.449] [TRACE] file - Session {
  cookie: {
    path: '/',
    _expires: 2020-10-30T11:57:05.449Z,
    originalMaxAge: 7776000000,
    httpOnly: true
  },
  views: { '/': 18, '/cv': 17, '/giftedADHD': 9 },
  horodate: 2020-08-01T13:57:05.415Z,
  ip: '83.202.34.239',
  geoloc: {
    range: [ 1405755904, 1405756415 ],
    country: 'FR',
    region: 'IDF',
    eu: '1',
    timezone: 'Europe/Paris',
    city: 'Paris',
    ll: [ 48.8543, 2.3527 ],
    metro: 0,
    area: 10
  },
  __lastAccess: 1596283025449
}
[2020-08-01T13:57:11.459] [TRACE] file - MFat7Su3knZbxWQ0BPcN_aRo
[2020-08-01T13:57:11.459] [TRACE] file - Session {
  cookie: {
    path: '/',
    _expires: 2020-10-30T11:57:11.458Z,
    originalMaxAge: 7776000000,
    httpOnly: true
  },
  views: { '/': 19, '/cv': 17, '/giftedADHD': 9 },
  horodate: 2020-08-01T13:57:11.414Z,
  ip: '83.202.34.239',
  geoloc: {
    range: [ 1405755904, 1405756415 ],
    country: 'FR',
    region: 'IDF',
    eu: '1',
    timezone: 'Europe/Paris',
    city: 'Paris',
    ll: [ 48.8543, 2.3527 ],
    metro: 0,
    area: 10
  },
  __lastAccess: 1596283031458
}
[2020-08-01T13:57:16.671] [TRACE] file - MFat7Su3knZbxWQ0BPcN_aRo
[2020-08-01T13:57:16.671] [TRACE] file - Session {
  cookie: {
    path: '/',
    _expires: 2020-10-30T11:57:16.671Z,
    originalMaxAge: 7776000000,
    httpOnly: true
  },
  views: { '/': 20, '/cv': 17, '/giftedADHD': 9 },
  horodate: 2020-08-01T13:57:16.612Z,
  ip: '83.202.34.239',
  geoloc: {
    range: [ 1405755904, 1405756415 ],
    country: 'FR',
    region: 'IDF',
    eu: '1',
    timezone: 'Europe/Paris',
    city: 'Paris',
    ll: [ 48.8543, 2.3527 ],
    metro: 0,
    area: 10
  },
  __lastAccess: 1596283036671
}
[2020-08-01T13:58:09.633] [TRACE] file - Session {
  cookie: {
    path: '/',
    _expires: 2020-10-30T11:58:09.632Z,
    originalMaxAge: 7776000000,
    httpOnly: true
  },
  views: { '/': 20, '/cv': 18, '/giftedADHD': 9 },
  horodate: 2020-08-01T13:58:09.582Z,
  ip: '83.202.34.239',
  geoloc: {
    range: [ 1405755904, 1405756415 ],
    country: 'FR',
    region: 'IDF',
    eu: '1',
    timezone: 'Europe/Paris',
    city: 'Paris',
    ll: [ 48.8543, 2.3527 ],
    metro: 0,
    area: 10
  },
  __lastAccess: 1596283089633
}
[2020-08-01T13:59:11.044] [TRACE] file - Session {
  cookie: {
    path: '/',
    _expires: 2020-10-30T11:59:11.044Z,
    originalMaxAge: 7776000000,
    httpOnly: true
  },
  views: { '/': 20, '/cv': 19, '/giftedADHD': 9 },
  horodate: 2020-08-01T13:59:10.994Z,
  ip: '83.202.34.239',
  geoloc: {
    range: [ 1405755904, 1405756415 ],
    country: 'FR',
    region: 'IDF',
    eu: '1',
    timezone: 'Europe/Paris',
    city: 'Paris',
    ll: [ 48.8543, 2.3527 ],
    metro: 0,
    area: 10
  },
  __lastAccess: 1596283151044
}
[2020-08-01T13:59:15.338] [TRACE] file - Session {
  cookie: {
    path: '/',
    _expires: 2020-10-30T11:59:15.338Z,
    originalMaxAge: 7776000000,
    httpOnly: true
  },
  views: { '/': 20, '/cv': 19, '/giftedADHD': 10 },
  horodate: 2020-08-01T13:59:15.306Z,
  ip: '83.202.34.239',
  geoloc: {
    range: [ 1405755904, 1405756415 ],
    country: 'FR',
    region: 'IDF',
    eu: '1',
    timezone: 'Europe/Paris',
    city: 'Paris',
    ll: [ 48.8543, 2.3527 ],
    metro: 0,
    area: 10
  },
  __lastAccess: 1596283155338
}
[2020-08-01T13:59:19.188] [TRACE] file - Session {
  cookie: {
    path: '/',
    _expires: 2020-10-30T11:59:19.187Z,
    originalMaxAge: 7776000000,
    httpOnly: true
  },
  views: { '/': 20, '/cv': 20, '/giftedADHD': 10 },
  horodate: 2020-08-01T13:59:19.137Z,
  ip: '83.202.34.239',
  geoloc: {
    range: [ 1405755904, 1405756415 ],
    country: 'FR',
    region: 'IDF',
    eu: '1',
    timezone: 'Europe/Paris',
    city: 'Paris',
    ll: [ 48.8543, 2.3527 ],
    metro: 0,
    area: 10
  },
  __lastAccess: 1596283159188
}
[2020-08-01T13:59:20.580] [TRACE] file - MFat7Su3knZbxWQ0BPcN_aRo
[2020-08-01T13:59:20.580] [TRACE] file - Session {
  cookie: {
    path: '/',
    _expires: 2020-10-30T11:59:20.580Z,
    originalMaxAge: 7776000000,
    httpOnly: true
  },
  views: { '/': 21, '/cv': 20, '/giftedADHD': 10 },
  horodate: 2020-08-01T13:59:20.531Z,
  ip: '83.202.34.239',
  geoloc: {
    range: [ 1405755904, 1405756415 ],
    country: 'FR',
    region: 'IDF',
    eu: '1',
    timezone: 'Europe/Paris',
    city: 'Paris',
    ll: [ 48.8543, 2.3527 ],
    metro: 0,
    area: 10
  },
  __lastAccess: 1596283160580
}
[2020-08-01T13:59:40.697] [TRACE] file - dhWyU2koPz7LEFiek0kstGnm
[2020-08-01T13:59:40.697] [TRACE] file - Session {
  cookie: {
    path: '/',
    _expires: 2020-10-30T11:59:40.697Z,
    originalMaxAge: 7776000000,
    httpOnly: true
  },
  views: { '/': 6, '/cv': 2, '/giftedADHD': 2 },
  horodate: 2020-08-01T13:59:40.648Z,
  ip: '83.202.34.239',
  geoloc: {
    range: [ 1405755904, 1405756415 ],
    country: 'FR',
    region: 'IDF',
    eu: '1',
    timezone: 'Europe/Paris',
    city: 'Paris',
    ll: [ 48.8543, 2.3527 ],
    metro: 0,
    area: 10
  },
  __lastAccess: 1596283180697
}
[2020-08-01T13:59:42.871] [TRACE] file - dhWyU2koPz7LEFiek0kstGnm
[2020-08-01T13:59:42.871] [TRACE] file - Session {
  cookie: {
    path: '/',
    _expires: 2020-10-30T11:59:42.871Z,
    originalMaxAge: 7776000000,
    httpOnly: true
  },
  views: { '/': 7, '/cv': 2, '/giftedADHD': 2 },
  horodate: 2020-08-01T13:59:42.827Z,
  ip: '83.202.34.239',
  geoloc: {
    range: [ 1405755904, 1405756415 ],
    country: 'FR',
    region: 'IDF',
    eu: '1',
    timezone: 'Europe/Paris',
    city: 'Paris',
    ll: [ 48.8543, 2.3527 ],
    metro: 0,
    area: 10
  },
  __lastAccess: 1596283182871
}
[2020-08-01T13:59:47.490] [TRACE] file - dhWyU2koPz7LEFiek0kstGnm
[2020-08-01T13:59:47.490] [TRACE] file - Session {
  cookie: {
    path: '/',
    _expires: 2020-10-30T11:59:47.490Z,
    originalMaxAge: 7776000000,
    httpOnly: true
  },
  views: { '/': 8, '/cv': 2, '/giftedADHD': 2 },
  horodate: 2020-08-01T13:59:47.450Z,
  ip: '83.202.34.239',
  geoloc: {
    range: [ 1405755904, 1405756415 ],
    country: 'FR',
    region: 'IDF',
    eu: '1',
    timezone: 'Europe/Paris',
    city: 'Paris',
    ll: [ 48.8543, 2.3527 ],
    metro: 0,
    area: 10
  },
  __lastAccess: 1596283187490
}
[2020-08-01T14:00:48.976] [TRACE] file - Session {
  cookie: {
    path: '/',
    _expires: 2020-10-30T12:00:48.975Z,
    originalMaxAge: 7776000000,
    httpOnly: true
  },
  views: { '/': 8, '/cv': 3, '/giftedADHD': 2 },
  horodate: 2020-08-01T14:00:48.910Z,
  ip: '83.202.34.239',
  geoloc: {
    range: [ 1405755904, 1405756415 ],
    country: 'FR',
    region: 'IDF',
    eu: '1',
    timezone: 'Europe/Paris',
    city: 'Paris',
    ll: [ 48.8543, 2.3527 ],
    metro: 0,
    area: 10
  },
  __lastAccess: 1596283248976
}
[2020-08-01T14:07:09.473] [TRACE] file - V90dT54Sy5B_Xed9sqcIX0z1
[2020-08-01T14:07:09.473] [TRACE] file - Session {
  cookie: {
    path: '/',
    _expires: 2020-10-30T12:07:09.473Z,
    originalMaxAge: 7776000000,
    httpOnly: true,
    SameSite: 'Lax'
  },
  views: { '/': 1 },
  horodate: 2020-08-01T14:07:09.425Z,
  ip: '183.136.225.45',
  geoloc: {
    range: [ 3079200768, 3079204863 ],
    country: 'CN',
    region: 'ZJ',
    eu: '0',
    timezone: 'Asia/Shanghai',
    city: '',
    ll: [ 30.294, 120.1619 ],
    metro: 0,
    area: 50
  },
  __lastAccess: 1596283629473
}
[2020-08-01T14:48:41.778] [TRACE] file - JTqmPAwllJQWS2gvxKpSFaxt
[2020-08-01T14:48:41.778] [TRACE] file - Session {
  cookie: {
    path: '/',
    _expires: 2020-10-30T12:48:41.777Z,
    originalMaxAge: 7776000000,
    httpOnly: true,
    SameSite: 'Lax'
  },
  views: { '/': 1 },
  horodate: 2020-08-01T14:48:41.725Z,
  ip: '83.202.34.239',
  geoloc: {
    range: [ 1405755904, 1405756415 ],
    country: 'FR',
    region: 'IDF',
    eu: '1',
    timezone: 'Europe/Paris',
    city: 'Paris',
    ll: [ 48.8543, 2.3527 ],
    metro: 0,
    area: 10
  },
  __lastAccess: 1596286121778
}
[2020-08-01T14:48:48.465] [TRACE] file - Session {
  cookie: {
    path: '/',
    _expires: 2020-10-30T12:48:48.464Z,
    originalMaxAge: 7776000000,
    httpOnly: true
  },
  views: { '/': 1, '/cv': 1 },
  horodate: 2020-08-01T14:48:48.411Z,
  ip: '83.202.34.239',
  geoloc: {
    range: [ 1405755904, 1405756415 ],
    country: 'FR',
    region: 'IDF',
    eu: '1',
    timezone: 'Europe/Paris',
    city: 'Paris',
    ll: [ 48.8543, 2.3527 ],
    metro: 0,
    area: 10
  },
  __lastAccess: 1596286128464
}
[2020-08-01T14:49:04.488] [TRACE] file - Session {
  cookie: {
    path: '/',
    _expires: 2020-10-30T12:49:04.487Z,
    originalMaxAge: 7776000000,
    httpOnly: true
  },
  views: { '/': 1, '/cv': 1, '/giftedADHD': 1 },
  horodate: 2020-08-01T14:49:04.448Z,
  ip: '83.202.34.239',
  geoloc: {
    range: [ 1405755904, 1405756415 ],
    country: 'FR',
    region: 'IDF',
    eu: '1',
    timezone: 'Europe/Paris',
    city: 'Paris',
    ll: [ 48.8543, 2.3527 ],
    metro: 0,
    area: 10
  },
  __lastAccess: 1596286144487
}
[2020-08-01T14:49:40.750] [TRACE] file - JTqmPAwllJQWS2gvxKpSFaxt
[2020-08-01T14:49:40.750] [TRACE] file - Session {
  cookie: {
    path: '/',
    _expires: 2020-10-30T12:49:40.750Z,
    originalMaxAge: 7776000000,
    httpOnly: true
  },
  views: { '/': 2, '/cv': 1, '/giftedADHD': 1 },
  horodate: 2020-08-01T14:49:40.686Z,
  ip: '83.202.34.239',
  geoloc: {
    range: [ 1405755904, 1405756415 ],
    country: 'FR',
    region: 'IDF',
    eu: '1',
    timezone: 'Europe/Paris',
    city: 'Paris',
    ll: [ 48.8543, 2.3527 ],
    metro: 0,
    area: 10
  },
  __lastAccess: 1596286180750
}
[2020-08-01T14:49:44.828] [TRACE] file - Session {
  cookie: {
    path: '/',
    _expires: 2020-10-30T12:49:44.828Z,
    originalMaxAge: 7776000000,
    httpOnly: true
  },
  views: { '/': 2, '/cv': 2, '/giftedADHD': 1 },
  horodate: 2020-08-01T14:49:44.784Z,
  ip: '83.202.34.239',
  geoloc: {
    range: [ 1405755904, 1405756415 ],
    country: 'FR',
    region: 'IDF',
    eu: '1',
    timezone: 'Europe/Paris',
    city: 'Paris',
    ll: [ 48.8543, 2.3527 ],
    metro: 0,
    area: 10
  },
  __lastAccess: 1596286184828
}
[2020-08-01T14:49:46.212] [TRACE] file - Session {
  cookie: {
    path: '/',
    _expires: 2020-10-30T12:49:46.212Z,
    originalMaxAge: 7776000000,
    httpOnly: true
  },
  views: { '/': 2, '/cv': 2, '/giftedADHD': 2 },
  horodate: 2020-08-01T14:49:46.186Z,
  ip: '83.202.34.239',
  geoloc: {
    range: [ 1405755904, 1405756415 ],
    country: 'FR',
    region: 'IDF',
    eu: '1',
    timezone: 'Europe/Paris',
    city: 'Paris',
    ll: [ 48.8543, 2.3527 ],
    metro: 0,
    area: 10
  },
  __lastAccess: 1596286186212
}
[2020-08-01T14:49:47.741] [TRACE] file - JTqmPAwllJQWS2gvxKpSFaxt
[2020-08-01T14:49:47.741] [TRACE] file - Session {
  cookie: {
    path: '/',
    _expires: 2020-10-30T12:49:47.741Z,
    originalMaxAge: 7776000000,
    httpOnly: true
  },
  views: { '/': 3, '/cv': 2, '/giftedADHD': 2 },
  horodate: 2020-08-01T14:49:47.696Z,
  ip: '83.202.34.239',
  geoloc: {
    range: [ 1405755904, 1405756415 ],
    country: 'FR',
    region: 'IDF',
    eu: '1',
    timezone: 'Europe/Paris',
    city: 'Paris',
    ll: [ 48.8543, 2.3527 ],
    metro: 0,
    area: 10
  },
  __lastAccess: 1596286187741
}
[2020-08-01T14:50:32.936] [TRACE] file - Session {
  cookie: {
    path: '/',
    _expires: 2020-10-30T12:50:32.936Z,
    originalMaxAge: 7776000000,
    httpOnly: true
  },
  views: { '/': 3, '/cv': 3, '/giftedADHD': 2 },
  horodate: 2020-08-01T14:50:32.874Z,
  ip: '83.202.34.239',
  geoloc: {
    range: [ 1405755904, 1405756415 ],
    country: 'FR',
    region: 'IDF',
    eu: '1',
    timezone: 'Europe/Paris',
    city: 'Paris',
    ll: [ 48.8543, 2.3527 ],
    metro: 0,
    area: 10
  },
  __lastAccess: 1596286232936
}
[2020-08-01T14:51:27.721] [TRACE] file - Session {
  cookie: {
    path: '/',
    _expires: 2020-10-30T12:51:27.721Z,
    originalMaxAge: 7776000000,
    httpOnly: true
  },
  views: { '/': 3, '/cv': 3, '/giftedADHD': 3 },
  horodate: 2020-08-01T14:51:27.689Z,
  ip: '83.202.34.239',
  geoloc: {
    range: [ 1405755904, 1405756415 ],
    country: 'FR',
    region: 'IDF',
    eu: '1',
    timezone: 'Europe/Paris',
    city: 'Paris',
    ll: [ 48.8543, 2.3527 ],
    metro: 0,
    area: 10
  },
  __lastAccess: 1596286287721
}
[2020-08-01T14:51:38.710] [TRACE] file - JTqmPAwllJQWS2gvxKpSFaxt
[2020-08-01T14:51:38.710] [TRACE] file - Session {
  cookie: {
    path: '/',
    _expires: 2020-10-30T12:51:38.710Z,
    originalMaxAge: 7776000000,
    httpOnly: true
  },
  views: { '/': 4, '/cv': 3, '/giftedADHD': 3 },
  horodate: 2020-08-01T14:51:38.659Z,
  ip: '83.202.34.239',
  geoloc: {
    range: [ 1405755904, 1405756415 ],
    country: 'FR',
    region: 'IDF',
    eu: '1',
    timezone: 'Europe/Paris',
    city: 'Paris',
    ll: [ 48.8543, 2.3527 ],
    metro: 0,
    area: 10
  },
  __lastAccess: 1596286298710
}
[2020-08-01T15:36:23.958] [TRACE] file - UVn-rzpDy2R7KsQSXnZ1u-WR
[2020-08-01T15:36:23.958] [TRACE] file - Session {
  cookie: {
    path: '/',
    _expires: 2020-10-30T13:36:23.958Z,
    originalMaxAge: 7776000000,
    httpOnly: true
  },
  views: { '/': 6, '/cv': 5, '/giftedADHD': 1 },
  horodate: 2020-08-01T15:36:23.907Z,
  ip: '91.175.159.123',
  geoloc: {
    range: [ 1537998848, 1538260991 ],
    country: 'FR',
    region: '',
    eu: '1',
    timezone: 'Europe/Paris',
    city: '',
    ll: [ 48.8582, 2.3387 ],
    metro: 0,
    area: 500
  },
  __lastAccess: 1596288983958
}
[2020-08-01T15:36:40.434] [TRACE] file - Session {
  cookie: {
    path: '/',
    _expires: 2020-10-30T13:36:40.433Z,
    originalMaxAge: 7776000000,
    httpOnly: true
  },
  views: { '/': 6, '/cv': 6, '/giftedADHD': 1 },
  horodate: 2020-08-01T15:36:40.388Z,
  ip: '91.175.159.123',
  geoloc: {
    range: [ 1537998848, 1538260991 ],
    country: 'FR',
    region: '',
    eu: '1',
    timezone: 'Europe/Paris',
    city: '',
    ll: [ 48.8582, 2.3387 ],
    metro: 0,
    area: 500
  },
  __lastAccess: 1596289000433
}
[2020-08-01T16:20:34.200] [TRACE] file - EcfkBdwthpTCrLa1XMtAbZiW
[2020-08-01T16:20:34.200] [TRACE] file - Session {
  cookie: {
    path: '/',
    _expires: 2020-10-30T14:20:34.200Z,
    originalMaxAge: 7776000000,
    httpOnly: true,
    SameSite: 'Lax'
  },
  views: { '/': 1 },
  horodate: 2020-08-01T16:20:34.144Z,
  ip: '104.244.78.107',
  geoloc: {
    range: [ 1760841216, 1760841727 ],
    country: 'LU',
    region: 'ME',
    eu: '1',
    timezone: 'Europe/Luxembourg',
    city: 'Roost',
    ll: [ 49.7867, 6.0961 ],
    metro: 0,
    area: 1000
  },
  __lastAccess: 1596291634200
}
[2020-08-01T16:51:14.789] [TRACE] file - sGMrfeWodN__55AsKOp9GKQ5
[2020-08-01T16:51:14.789] [TRACE] file - Session {
  cookie: {
    path: '/',
    _expires: 2020-10-30T14:51:14.788Z,
    originalMaxAge: 7776000000,
    httpOnly: true,
    SameSite: 'Lax'
  },
  views: { '/': 1 },
  horodate: 2020-08-01T16:51:14.739Z,
  ip: '79.22.142.215',
  geoloc: {
    range: [ 1326878208, 1326878719 ],
    country: 'IT',
    region: '72',
    eu: '1',
    timezone: 'Europe/Rome',
    city: 'Naples',
    ll: [ 40.8526, 14.2685 ],
    metro: 0,
    area: 10
  },
  __lastAccess: 1596293474788
}
[2020-08-01T17:01:05.737] [TRACE] file - 8EQMoaDM2l9GVYc5AtBeBaVQ
[2020-08-01T17:01:05.738] [TRACE] file - Session {
  cookie: {
    path: '/',
    _expires: 2020-10-30T15:01:05.737Z,
    originalMaxAge: 7776000000,
    httpOnly: true,
    SameSite: 'Lax'
  },
  views: { '/': 1 },
  horodate: 2020-08-01T17:01:05.673Z,
  ip: '54.36.149.47',
  geoloc: {
    range: [ 908366848, 908367871 ],
    country: 'FR',
    region: '',
    eu: '1',
    timezone: 'Europe/Paris',
    city: '',
    ll: [ 48.8582, 2.3387 ],
    metro: 0,
    area: 500
  },
  __lastAccess: 1596294065737
}
[2020-08-01T18:26:17.288] [TRACE] file - 9JxdoAsK5rXX93zSiA4WYS2A
[2020-08-01T18:26:17.288] [TRACE] file - Session {
  cookie: {
    path: '/',
    _expires: 2020-10-30T16:26:17.288Z,
    originalMaxAge: 7776000000,
    httpOnly: true,
    SameSite: 'Lax'
  },
  views: { '/': 1 },
  horodate: 2020-08-01T18:26:17.230Z,
  ip: '41.144.140.217',
  geoloc: {
    range: [ 697337856, 697339903 ],
    country: 'ZA',
    region: 'WC',
    eu: '0',
    timezone: 'Africa/Johannesburg',
    city: 'Cape Town',
    ll: [ -33.9165, 18.4155 ],
    metro: 0,
    area: 20
  },
  __lastAccess: 1596299177288
}
[2020-08-01T18:37:18.260] [TRACE] file - 2m0Ns4Pp2LOmZgeqXt9n3MnQ
[2020-08-01T18:37:18.260] [TRACE] file - Session {
  cookie: {
    path: '/',
    _expires: 2020-10-30T16:37:18.259Z,
    originalMaxAge: 7776000000,
    httpOnly: true,
    SameSite: 'Lax'
  },
  views: { '/': 1 },
  horodate: 2020-08-01T18:37:18.204Z,
  ip: '157.55.39.201',
  geoloc: {
    range: [ 2637637376, 2637637631 ],
    country: 'US',
    region: 'WA',
    eu: '0',
    timezone: 'America/Los_Angeles',
    city: '',
    ll: [ 47.6092, -122.3314 ],
    metro: 0,
    area: 1000
  },
  __lastAccess: 1596299838259
}
[2020-08-01T19:21:24.709] [TRACE] file - yY2YhACy580B-VE-nyW0_Cm5
[2020-08-01T19:21:24.710] [TRACE] file - Session {
  cookie: {
    path: '/',
    _expires: 2020-10-30T17:21:24.709Z,
    originalMaxAge: 7776000000,
    httpOnly: true,
    SameSite: 'Lax'
  },
  views: { '/': 1 },
  horodate: 2020-08-01T19:21:24.647Z,
  ip: '213.32.122.81',
  geoloc: {
    range: [ 3575675456, 3575675519 ],
    country: 'FR',
    region: '',
    eu: '1',
    timezone: 'Europe/Paris',
    city: '',
    ll: [ 48.8582, 2.3387 ],
    metro: 0,
    area: 500
  },
  __lastAccess: 1596302484709
}
[2020-08-01T19:35:29.628] [TRACE] file - d_XeWrPf8LET5s86mBoVuBS5
[2020-08-01T19:35:29.628] [TRACE] file - Session {
  cookie: {
    path: '/',
    _expires: 2020-10-30T17:35:29.628Z,
    originalMaxAge: 7776000000,
    httpOnly: true,
    SameSite: 'Lax'
  },
  views: { '/': 1 },
  horodate: 2020-08-01T19:35:29.570Z,
  ip: '197.232.246.192',
  geoloc: {
    range: [ 3320378880, 3320379135 ],
    country: 'KE',
    region: '30',
    eu: '0',
    timezone: 'Africa/Nairobi',
    city: 'Nairobi',
    ll: [ -1.2841, 36.8155 ],
    metro: 0,
    area: 1000
  },
  __lastAccess: 1596303329628
}
[2020-08-01T20:17:09.158] [TRACE] file - NeBHiZAxQEIO59vy3ccfbCgT
[2020-08-01T20:17:09.158] [TRACE] file - Session {
  cookie: {
    path: '/',
    _expires: 2020-10-30T18:17:09.158Z,
    originalMaxAge: 7776000000,
    httpOnly: true,
    SameSite: 'Lax'
  },
  views: { '/': 1 },
  horodate: 2020-08-01T20:17:09.100Z,
  ip: '172.104.108.109',
  geoloc: {
    range: [ 2892513280, 2892529663 ],
    country: 'JP',
    region: '13',
    eu: '0',
    timezone: 'Asia/Tokyo',
    city: 'Tokyo',
    ll: [ 35.6882, 139.7532 ],
    metro: 0,
    area: 1000
  },
  __lastAccess: 1596305829158
}
[2020-08-01T20:38:09.545] [TRACE] file - 9u-bYIHOYgPjmO1emsRNTUjY
[2020-08-01T20:38:09.545] [TRACE] file - Session {
  cookie: {
    path: '/',
    _expires: 2020-10-30T18:38:09.545Z,
    originalMaxAge: 7776000000,
    httpOnly: true,
    SameSite: 'Lax'
  },
  views: { '/': 1 },
  horodate: 2020-08-01T20:38:09.485Z,
  ip: '220.133.4.101',
  geoloc: {
    range: [ 3699703808, 3699705855 ],
    country: 'TW',
    region: 'HSQ',
    eu: '0',
    timezone: 'Asia/Taipei',
    city: 'Hsinchu',
    ll: [ 24.8065, 120.9706 ],
    metro: 0,
    area: 1
  },
  __lastAccess: 1596307089545
}
[2020-08-01T21:01:31.689] [TRACE] file - bUgznQZea25Rd2_kzNttXgl5
[2020-08-01T21:01:31.689] [TRACE] file - Session {
  cookie: {
    path: '/',
    _expires: 2020-10-30T19:01:31.689Z,
    originalMaxAge: 7776000000,
    httpOnly: true,
    SameSite: 'Lax'
  },
  views: { '/': 1 },
  horodate: 2020-08-01T21:01:31.637Z,
  ip: '176.126.175.10',
  geoloc: {
    range: [ 2961092096, 2961092607 ],
    country: 'RO',
    region: '',
    eu: '1',
    timezone: 'Europe/Bucharest',
    city: '',
    ll: [ 46, 25 ],
    metro: 0,
    area: 200
  },
  __lastAccess: 1596308491689
}
[2020-08-01T23:17:19.939] [TRACE] file - 7GwtVVOdPU3VdPsck7V5_4f-
[2020-08-01T23:17:19.939] [TRACE] file - Session {
  cookie: {
    path: '/',
    _expires: 2020-10-30T21:17:19.939Z,
    originalMaxAge: 7776000000,
    httpOnly: true,
    SameSite: 'Lax'
  },
  views: { '/': 1 },
  horodate: 2020-08-01T23:17:19.893Z,
  ip: '195.54.160.21',
  geoloc: null,
  __lastAccess: 1596316639939
}
[2020-08-01T23:24:26.080] [TRACE] file - TgdLmqfWerE1c2tMLuJ_Kbn4
[2020-08-01T23:24:26.080] [TRACE] file - Session {
  cookie: {
    path: '/',
    _expires: 2020-10-30T21:24:26.079Z,
    originalMaxAge: 7776000000,
    httpOnly: true,
    SameSite: 'Lax'
  },
  views: { '/': 1 },
  horodate: 2020-08-01T23:24:26.032Z,
  ip: '195.54.160.21',
  geoloc: null,
  __lastAccess: 1596317066079
}
[2020-08-02T00:20:56.515] [TRACE] file - rh0DsXX8CO0xxvIE25q04oUI
[2020-08-02T00:20:56.515] [TRACE] file - Session {
  cookie: {
    path: '/',
    _expires: 2020-10-30T22:20:56.515Z,
    originalMaxAge: 7776000000,
    httpOnly: true,
    SameSite: 'Lax'
  },
  views: { '/': 1 },
  horodate: 2020-08-01T00:20:56.462Z,
  ip: '95.250.142.147',
  geoloc: {
    range: [ 1610255872, 1610256383 ],
    country: 'IT',
    region: '72',
    eu: '1',
    timezone: 'Europe/Rome',
    city: 'Portici',
    ll: [ 40.8156, 14.3372 ],
    metro: 0,
    area: 100
  },
  __lastAccess: 1596320456515
}
[2020-08-02T00:33:33.404] [TRACE] file - A12ccJhZ3R1850rIHyif2cnh
[2020-08-02T00:33:33.404] [TRACE] file - Session {
  cookie: {
    path: '/',
    _expires: 2020-10-30T22:33:33.404Z,
    originalMaxAge: 7776000000,
    httpOnly: true,
    SameSite: 'Lax'
  },
  views: { '/': 1 },
  horodate: 2020-08-01T00:33:33.359Z,
  ip: '88.229.150.196',
  geoloc: {
    range: [ 1491439616, 1491441663 ],
    country: 'TR',
    region: '34',
    eu: '0',
    timezone: 'Europe/Istanbul',
    city: 'Istanbul',
    ll: [ 41.0641, 28.9941 ],
    metro: 0,
    area: 20
  },
  __lastAccess: 1596321213404
}
[2020-08-02T00:38:58.667] [TRACE] file - rhBgeriJ3hpdHfdcPPjn6r1C
[2020-08-02T00:38:58.667] [TRACE] file - Session {
  cookie: {
    path: '/',
    _expires: 2020-10-30T22:38:58.667Z,
    originalMaxAge: 7776000000,
    httpOnly: true,
    SameSite: 'Lax'
  },
  views: { '/': 1 },
  horodate: 2020-08-01T00:38:58.616Z,
  ip: '92.112.36.154',
  geoloc: {
    range: [ 1550853120, 1550853631 ],
    country: 'UA',
    region: '65',
    eu: '0',
    timezone: 'Europe/Kiev',
    city: 'Kherson',
    ll: [ 46.6558, 32.6178 ],
    metro: 0,
    area: 200
  },
  __lastAccess: 1596321538667
}
[2020-08-02T01:15:13.881] [TRACE] file - 4h0IgXdhhNz49DqDT823AXgU
[2020-08-02T01:15:13.881] [TRACE] file - Session {
  cookie: {
    path: '/',
    _expires: 2020-10-30T23:15:13.880Z,
    originalMaxAge: 7775999999,
    httpOnly: true
  },
  __lastAccess: 1596323713881,
  views: { '/cv': 83, '/giftedADHD': 24, '/': 62 },
  horodate: 2020-08-01T01:15:13.835Z,
  ip: '83.202.34.239',
  geoloc: {
    range: [ 1405755904, 1405756415 ],
    country: 'FR',
    region: 'IDF',
    eu: '1',
    timezone: 'Europe/Paris',
    city: 'Paris',
    ll: [ 48.8543, 2.3527 ],
    metro: 0,
    area: 10
  }
}
[2020-08-02T01:15:21.938] [TRACE] file - Session {
  cookie: {
    path: '/',
    _expires: 2020-10-30T23:15:21.936Z,
    originalMaxAge: 7775999999,
    httpOnly: true
  },
  __lastAccess: 1596323721937,
  views: { '/cv': 84, '/giftedADHD': 24, '/': 62 },
  horodate: 2020-08-01T01:15:21.890Z,
  ip: '83.202.34.239',
  geoloc: {
    range: [ 1405755904, 1405756415 ],
    country: 'FR',
    region: 'IDF',
    eu: '1',
    timezone: 'Europe/Paris',
    city: 'Paris',
    ll: [ 48.8543, 2.3527 ],
    metro: 0,
    area: 10
  }
}
[2020-08-02T01:15:30.223] [TRACE] file - Session {
  cookie: {
    path: '/',
    _expires: 2020-10-30T23:15:30.222Z,
    originalMaxAge: 7775999999,
    httpOnly: true
  },
  __lastAccess: 1596323730223,
  views: { '/cv': 84, '/giftedADHD': 25, '/': 62 },
  horodate: 2020-08-01T01:15:30.187Z,
  ip: '83.202.34.239',
  geoloc: {
    range: [ 1405755904, 1405756415 ],
    country: 'FR',
    region: 'IDF',
    eu: '1',
    timezone: 'Europe/Paris',
    city: 'Paris',
    ll: [ 48.8543, 2.3527 ],
    metro: 0,
    area: 10
  }
}
[2020-08-02T01:15:40.217] [TRACE] file - 4h0IgXdhhNz49DqDT823AXgU
[2020-08-02T01:15:40.217] [TRACE] file - Session {
  cookie: {
    path: '/',
    _expires: 2020-10-30T23:15:40.216Z,
    originalMaxAge: 7775999999,
    httpOnly: true
  },
  __lastAccess: 1596323740217,
  views: { '/cv': 84, '/giftedADHD': 25, '/': 63 },
  horodate: 2020-08-01T01:15:40.162Z,
  ip: '83.202.34.239',
  geoloc: {
    range: [ 1405755904, 1405756415 ],
    country: 'FR',
    region: 'IDF',
    eu: '1',
    timezone: 'Europe/Paris',
    city: 'Paris',
    ll: [ 48.8543, 2.3527 ],
    metro: 0,
    area: 10
  }
}
[2020-08-02T01:17:38.604] [TRACE] file - 4h0IgXdhhNz49DqDT823AXgU
[2020-08-02T01:17:38.604] [TRACE] file - Session {
  cookie: {
    path: '/',
    _expires: 2020-10-30T23:17:38.603Z,
    originalMaxAge: 7775999999,
    httpOnly: true
  },
  __lastAccess: 1596323858604,
  views: { '/cv': 84, '/giftedADHD': 25, '/': 64 },
  horodate: 2020-08-01T01:17:38.554Z,
  ip: '83.202.34.239',
  geoloc: {
    range: [ 1405755904, 1405756415 ],
    country: 'FR',
    region: 'IDF',
    eu: '1',
    timezone: 'Europe/Paris',
    city: 'Paris',
    ll: [ 48.8543, 2.3527 ],
    metro: 0,
    area: 10
  }
}
[2020-08-02T01:17:46.282] [TRACE] file - Session {
  cookie: {
    path: '/',
    _expires: 2020-10-30T23:17:46.281Z,
    originalMaxAge: 7775999999,
    httpOnly: true
  },
  __lastAccess: 1596323866282,
  views: { '/cv': 85, '/giftedADHD': 25, '/': 64 },
  horodate: 2020-08-01T01:17:46.238Z,
  ip: '83.202.34.239',
  geoloc: {
    range: [ 1405755904, 1405756415 ],
    country: 'FR',
    region: 'IDF',
    eu: '1',
    timezone: 'Europe/Paris',
    city: 'Paris',
    ll: [ 48.8543, 2.3527 ],
    metro: 0,
    area: 10
  }
}
[2020-08-02T01:17:55.208] [TRACE] file - Session {
  cookie: {
    path: '/',
    _expires: 2020-10-30T23:17:55.207Z,
    originalMaxAge: 7775999999,
    httpOnly: true
  },
  __lastAccess: 1596323875208,
  views: { '/cv': 85, '/giftedADHD': 26, '/': 64 },
  horodate: 2020-08-01T01:17:55.173Z,
  ip: '83.202.34.239',
  geoloc: {
    range: [ 1405755904, 1405756415 ],
    country: 'FR',
    region: 'IDF',
    eu: '1',
    timezone: 'Europe/Paris',
    city: 'Paris',
    ll: [ 48.8543, 2.3527 ],
    metro: 0,
    area: 10
  }
}
[2020-08-02T01:18:04.178] [TRACE] file - 4h0IgXdhhNz49DqDT823AXgU
[2020-08-02T01:18:04.178] [TRACE] file - Session {
  cookie: {
    path: '/',
    _expires: 2020-10-30T23:18:04.177Z,
    originalMaxAge: 7775999999,
    httpOnly: true
  },
  __lastAccess: 1596323884178,
  views: { '/cv': 85, '/giftedADHD': 26, '/': 65 },
  horodate: 2020-08-01T01:18:04.123Z,
  ip: '83.202.34.239',
  geoloc: {
    range: [ 1405755904, 1405756415 ],
    country: 'FR',
    region: 'IDF',
    eu: '1',
    timezone: 'Europe/Paris',
    city: 'Paris',
    ll: [ 48.8543, 2.3527 ],
    metro: 0,
    area: 10
  }
}
[2020-08-02T01:19:43.214] [TRACE] file - 4h0IgXdhhNz49DqDT823AXgU
[2020-08-02T01:19:43.214] [TRACE] file - Session {
  cookie: {
    path: '/',
    _expires: 2020-10-30T23:19:43.213Z,
    originalMaxAge: 7775999999,
    httpOnly: true
  },
  __lastAccess: 1596323983214,
  views: { '/cv': 85, '/giftedADHD': 26, '/': 66 },
  horodate: 2020-08-01T01:19:43.162Z,
  ip: '83.202.34.239',
  geoloc: {
    range: [ 1405755904, 1405756415 ],
    country: 'FR',
    region: 'IDF',
    eu: '1',
    timezone: 'Europe/Paris',
    city: 'Paris',
    ll: [ 48.8543, 2.3527 ],
    metro: 0,
    area: 10
  }
}
[2020-08-02T01:20:33.483] [TRACE] file - 4h0IgXdhhNz49DqDT823AXgU
[2020-08-02T01:20:33.483] [TRACE] file - Session {
  cookie: {
    path: '/',
    _expires: 2020-10-30T23:20:33.481Z,
    originalMaxAge: 7775999999,
    httpOnly: true
  },
  __lastAccess: 1596324033482,
  views: { '/cv': 85, '/giftedADHD': 26, '/': 67 },
  horodate: 2020-08-01T01:20:33.433Z,
  ip: '83.202.34.239',
  geoloc: {
    range: [ 1405755904, 1405756415 ],
    country: 'FR',
    region: 'IDF',
    eu: '1',
    timezone: 'Europe/Paris',
    city: 'Paris',
    ll: [ 48.8543, 2.3527 ],
    metro: 0,
    area: 10
  }
}
[2020-08-02T01:23:10.087] [TRACE] file - 4h0IgXdhhNz49DqDT823AXgU
[2020-08-02T01:23:10.087] [TRACE] file - Session {
  cookie: {
    path: '/',
    _expires: 2020-10-30T23:23:10.086Z,
    originalMaxAge: 7775999999,
    httpOnly: true
  },
  __lastAccess: 1596324190087,
  views: { '/cv': 85, '/giftedADHD': 26, '/': 68 },
  horodate: 2020-08-01T01:23:10.032Z,
  ip: '83.202.34.239',
  geoloc: {
    range: [ 1405755904, 1405756415 ],
    country: 'FR',
    region: 'IDF',
    eu: '1',
    timezone: 'Europe/Paris',
    city: 'Paris',
    ll: [ 48.8543, 2.3527 ],
    metro: 0,
    area: 10
  }
}
[2020-08-02T01:23:23.721] [TRACE] file - 4h0IgXdhhNz49DqDT823AXgU
[2020-08-02T01:23:23.721] [TRACE] file - Session {
  cookie: {
    path: '/',
    _expires: 2020-10-30T23:23:23.720Z,
    originalMaxAge: 7775999999,
    httpOnly: true
  },
  __lastAccess: 1596324203721,
  views: { '/cv': 85, '/giftedADHD': 26, '/': 69 },
  horodate: 2020-08-01T01:23:23.664Z,
  ip: '83.202.34.239',
  geoloc: {
    range: [ 1405755904, 1405756415 ],
    country: 'FR',
    region: 'IDF',
    eu: '1',
    timezone: 'Europe/Paris',
    city: 'Paris',
    ll: [ 48.8543, 2.3527 ],
    metro: 0,
    area: 10
  }
}
[2020-08-02T01:23:33.014] [TRACE] file - Session {
  cookie: {
    path: '/',
    _expires: 2020-10-30T23:23:33.013Z,
    originalMaxAge: 7775999999,
    httpOnly: true
  },
  __lastAccess: 1596324213014,
  views: { '/cv': 86, '/giftedADHD': 26, '/': 69 },
  horodate: 2020-08-01T01:23:32.968Z,
  ip: '83.202.34.239',
  geoloc: {
    range: [ 1405755904, 1405756415 ],
    country: 'FR',
    region: 'IDF',
    eu: '1',
    timezone: 'Europe/Paris',
    city: 'Paris',
    ll: [ 48.8543, 2.3527 ],
    metro: 0,
    area: 10
  }
}
[2020-08-02T01:23:41.723] [TRACE] file - Session {
  cookie: {
    path: '/',
    _expires: 2020-10-30T23:23:41.721Z,
    originalMaxAge: 7775999999,
    httpOnly: true
  },
  __lastAccess: 1596324221723,
  views: { '/cv': 86, '/giftedADHD': 27, '/': 69 },
  horodate: 2020-08-01T01:23:41.693Z,
  ip: '83.202.34.239',
  geoloc: {
    range: [ 1405755904, 1405756415 ],
    country: 'FR',
    region: 'IDF',
    eu: '1',
    timezone: 'Europe/Paris',
    city: 'Paris',
    ll: [ 48.8543, 2.3527 ],
    metro: 0,
    area: 10
  }
}
[2020-08-02T01:25:04.795] [TRACE] file - Session {
  cookie: {
    path: '/',
    _expires: 2020-10-30T23:25:04.794Z,
    originalMaxAge: 7775999999,
    httpOnly: true
  },
  __lastAccess: 1596324304795,
  views: { '/cv': 86, '/giftedADHD': 28, '/': 69 },
  horodate: 2020-08-01T01:25:04.760Z,
  ip: '83.202.34.239',
  geoloc: {
    range: [ 1405755904, 1405756415 ],
    country: 'FR',
    region: 'IDF',
    eu: '1',
    timezone: 'Europe/Paris',
    city: 'Paris',
    ll: [ 48.8543, 2.3527 ],
    metro: 0,
    area: 10
  }
}
[2020-08-02T01:29:35.917] [TRACE] file - Session {
  cookie: {
    path: '/',
    _expires: 2020-10-30T23:29:35.915Z,
    originalMaxAge: 7775999999,
    httpOnly: true
  },
  __lastAccess: 1596324575916,
  views: { '/cv': 86, '/giftedADHD': 29, '/': 69 },
  horodate: 2020-08-01T01:29:35.808Z,
  ip: '83.202.34.239',
  geoloc: {
    range: [ 1405755904, 1405756415 ],
    country: 'FR',
    region: 'IDF',
    eu: '1',
    timezone: 'Europe/Paris',
    city: 'Paris',
    ll: [ 48.8543, 2.3527 ],
    metro: 0,
    area: 10
  }
}
[2020-08-02T01:29:51.983] [TRACE] file - 4h0IgXdhhNz49DqDT823AXgU
[2020-08-02T01:29:51.983] [TRACE] file - Session {
  cookie: {
    path: '/',
    _expires: 2020-10-30T23:29:51.982Z,
    originalMaxAge: 7775999999,
    httpOnly: true
  },
  __lastAccess: 1596324591983,
  views: { '/cv': 86, '/giftedADHD': 29, '/': 70 },
  horodate: 2020-08-01T01:29:51.872Z,
  ip: '83.202.34.239',
  geoloc: {
    range: [ 1405755904, 1405756415 ],
    country: 'FR',
    region: 'IDF',
    eu: '1',
    timezone: 'Europe/Paris',
    city: 'Paris',
    ll: [ 48.8543, 2.3527 ],
    metro: 0,
    area: 10
  }
}
[2020-08-02T01:29:53.246] [TRACE] file - Session {
  cookie: {
    path: '/',
    _expires: 2020-10-30T23:29:53.244Z,
    originalMaxAge: 7775999999,
    httpOnly: true
  },
  __lastAccess: 1596324593245,
  views: { '/cv': 87, '/giftedADHD': 29, '/': 70 },
  horodate: 2020-08-01T01:29:53.163Z,
  ip: '83.202.34.239',
  geoloc: {
    range: [ 1405755904, 1405756415 ],
    country: 'FR',
    region: 'IDF',
    eu: '1',
    timezone: 'Europe/Paris',
    city: 'Paris',
    ll: [ 48.8543, 2.3527 ],
    metro: 0,
    area: 10
  }
}
[2020-08-02T01:30:07.936] [TRACE] file - Session {
  cookie: {
    path: '/',
    _expires: 2020-10-30T23:30:07.935Z,
    originalMaxAge: 7775999999,
    httpOnly: true
  },
  __lastAccess: 1596324607936,
  views: { '/cv': 87, '/giftedADHD': 30, '/': 70 },
  horodate: 2020-08-01T01:30:07.884Z,
  ip: '83.202.34.239',
  geoloc: {
    range: [ 1405755904, 1405756415 ],
    country: 'FR',
    region: 'IDF',
    eu: '1',
    timezone: 'Europe/Paris',
    city: 'Paris',
    ll: [ 48.8543, 2.3527 ],
    metro: 0,
    area: 10
  }
}
[2020-08-02T01:30:09.865] [TRACE] file - Session {
  cookie: {
    path: '/',
    _expires: 2020-10-30T23:30:09.864Z,
    originalMaxAge: 7775999999,
    httpOnly: true
  },
  __lastAccess: 1596324609865,
  views: { '/cv': 88, '/giftedADHD': 30, '/': 70 },
  horodate: 2020-08-01T01:30:09.800Z,
  ip: '83.202.34.239',
  geoloc: {
    range: [ 1405755904, 1405756415 ],
    country: 'FR',
    region: 'IDF',
    eu: '1',
    timezone: 'Europe/Paris',
    city: 'Paris',
    ll: [ 48.8543, 2.3527 ],
    metro: 0,
    area: 10
  }
}
[2020-08-02T01:30:15.563] [TRACE] file - 4h0IgXdhhNz49DqDT823AXgU
[2020-08-02T01:30:15.563] [TRACE] file - Session {
  cookie: {
    path: '/',
    _expires: 2020-10-30T23:30:15.562Z,
    originalMaxAge: 7775999999,
    httpOnly: true
  },
  __lastAccess: 1596324615563,
  views: { '/cv': 88, '/giftedADHD': 30, '/': 71 },
  horodate: 2020-08-01T01:30:15.499Z,
  ip: '83.202.34.239',
  geoloc: {
    range: [ 1405755904, 1405756415 ],
    country: 'FR',
    region: 'IDF',
    eu: '1',
    timezone: 'Europe/Paris',
    city: 'Paris',
    ll: [ 48.8543, 2.3527 ],
    metro: 0,
    area: 10
  }
}
[2020-08-02T01:30:22.079] [TRACE] file - Session {
  cookie: {
    path: '/',
    _expires: 2020-10-30T23:30:22.078Z,
    originalMaxAge: 7775999999,
    httpOnly: true
  },
  __lastAccess: 1596324622079,
  views: { '/cv': 88, '/giftedADHD': 31, '/': 71 },
  horodate: 2020-08-01T01:30:22.039Z,
  ip: '83.202.34.239',
  geoloc: {
    range: [ 1405755904, 1405756415 ],
    country: 'FR',
    region: 'IDF',
    eu: '1',
    timezone: 'Europe/Paris',
    city: 'Paris',
    ll: [ 48.8543, 2.3527 ],
    metro: 0,
    area: 10
  }
}
[2020-08-02T01:30:55.739] [TRACE] file - 4h0IgXdhhNz49DqDT823AXgU
[2020-08-02T01:30:55.739] [TRACE] file - Session {
  cookie: {
    path: '/',
    _expires: 2020-10-30T23:30:55.738Z,
    originalMaxAge: 7775999999,
    httpOnly: true
  },
  __lastAccess: 1596324655739,
  views: { '/cv': 88, '/giftedADHD': 31, '/': 72 },
  horodate: 2020-08-01T01:30:55.685Z,
  ip: '83.202.34.239',
  geoloc: {
    range: [ 1405755904, 1405756415 ],
    country: 'FR',
    region: 'IDF',
    eu: '1',
    timezone: 'Europe/Paris',
    city: 'Paris',
    ll: [ 48.8543, 2.3527 ],
    metro: 0,
    area: 10
  }
}
[2020-08-02T01:31:00.323] [TRACE] file - Session {
  cookie: {
    path: '/',
    _expires: 2020-10-30T23:31:00.322Z,
    originalMaxAge: 7775999999,
    httpOnly: true
  },
  __lastAccess: 1596324660323,
  views: { '/cv': 89, '/giftedADHD': 31, '/': 72 },
  horodate: 2020-08-01T01:31:00.265Z,
  ip: '83.202.34.239',
  geoloc: {
    range: [ 1405755904, 1405756415 ],
    country: 'FR',
    region: 'IDF',
    eu: '1',
    timezone: 'Europe/Paris',
    city: 'Paris',
    ll: [ 48.8543, 2.3527 ],
    metro: 0,
    area: 10
  }
}
