[2020-06-25T13:48:37.320] [TRACE] trace - {
  genid: [Function: genid],
  secret: 'qwerty',
  resave: false,
  saveUninitialized: true,
  cookie: {
    path: '/',
    _expires: 2020-06-25T11:49:37.319Z,
    originalMaxAge: 60000,
    httpOnly: true
  },
  sessionID: 'CnkXebnSQ4rGWWkPimXhj0wE',
  horodate: 2020-06-25T11:48:37.320Z,
  ip: '86.247.253.198',
  geoloc: {
    range: [ 1459091456, 1459093503 ],
    country: 'FR',
    region: 'IDF',
    eu: '1',
    timezone: 'Europe/Paris',
    city: 'Paris',
    ll: [ 48.8543, 2.3527 ],
    metro: 0,
    area: 1
  },
  pathname: '/',
  nbViews: [ '/': 1 ]
}
[2020-06-25T13:48:40.988] [TRACE] trace - cv:1
[2020-06-25T13:48:44.208] [TRACE] trace - cv:2
[2020-06-25T13:48:45.679] [TRACE] trace - adm1n:1
[2020-06-25T13:48:47.319] [TRACE] trace - giftedADHD:1
[2020-06-25T13:48:49.028] [TRACE] trace - adm1n:2
[2020-06-25T13:48:50.404] [TRACE] trace - cv:3
[2020-06-25T13:48:51.564] [TRACE] trace - index:1
