[2020-06-25T12:28:48.224] [TRACE] trace - {
  genid: [Function: genid],
  secret: 'qwerty',
  resave: false,
  saveUninitialized: true,
  cookie: {
    path: '/',
    _expires: 2020-06-25T10:29:48.223Z,
    originalMaxAge: 60000,
    httpOnly: true
  },
  sessionID: 'kC3mism0f6lskQFm0UdenG4Q',
  horodate: 2020-06-25T10:28:48.223Z,
  ip: '185.107.80.34',
  geoloc: {
    range: [ 3110817792, 3110818303 ],
    country: 'NL',
    region: 'ZH',
    eu: '1',
    timezone: 'Europe/Amsterdam',
    city: 'Leiden',
    ll: [ 52.1693, 4.4732 ],
    metro: 0,
    area: 200
  },
  pathname: '/',
  nbViews: [ '/': 1 ]
}
