[2020-06-25T15:28:59.655] [TRACE] trace - {
  genid: [Function: genid],
  secret: 'qwerty',
  resave: false,
  saveUninitialized: true,
  cookie: {
    path: '/',
    _expires: 2020-06-25T13:29:59.653Z,
    originalMaxAge: 60000,
    httpOnly: true
  },
  sessionID: 'V9_Sxcy1SRbr6TNKgjUtKyd6',
  horodate: 2020-06-25T13:28:59.654Z,
  ip: '86.247.253.198',
  geoloc: {
    range: [ 1459091456, 1459093503 ],
    country: 'FR',
    region: 'IDF',
    eu: '1',
    timezone: 'Europe/Paris',
    city: 'Paris',
    ll: [ 48.8543, 2.3527 ],
    metro: 0,
    area: 1
  },
  pathname: '/',
  nbViews: [ '/': 1 ]
}
[2020-06-25T15:29:12.752] [TRACE] trace - {
  genid: [Function: genid],
  secret: 'qwerty',
  resave: false,
  saveUninitialized: true,
  cookie: {
    path: '/',
    _expires: 2020-06-25T13:30:00.168Z,
    originalMaxAge: 60000,
    httpOnly: true
  },
  sessionID: 'V9_Sxcy1SRbr6TNKgjUtKyd6',
  horodate: 2020-06-25T13:29:12.752Z,
  ip: '86.247.253.198',
  geoloc: {
    range: [ 1459091456, 1459093503 ],
    country: 'FR',
    region: 'IDF',
    eu: '1',
    timezone: 'Europe/Paris',
    city: 'Paris',
    ll: [ 48.8543, 2.3527 ],
    metro: 0,
    area: 1
  },
  pathname: '/',
  nbViews: [ '/': 2 ]
}
[2020-06-25T15:29:17.461] [TRACE] trace - giftedADHD:1
[2020-06-25T15:29:22.080] [TRACE] trace - {
  genid: [Function: genid],
  secret: 'qwerty',
  resave: false,
  saveUninitialized: true,
  cookie: {
    path: '/',
    _expires: 2020-06-25T13:30:22.079Z,
    originalMaxAge: 60000,
    httpOnly: true
  },
  sessionID: 'DADiovjaACAh8pAU4MAsaMTk',
  horodate: 2020-06-25T13:29:22.079Z,
  ip: '92.184.97.111',
  geoloc: {
    range: [ 1555587072, 1555588095 ],
    country: 'FR',
    region: 'IDF',
    eu: '1',
    timezone: 'Europe/Paris',
    city: 'Paris',
    ll: [ 48.8649, 2.2752 ],
    metro: 0,
    area: 200
  },
  pathname: '/',
  nbViews: [ '/': 1, giftedADHD: 1 ]
}
[2020-06-25T15:29:41.215] [TRACE] trace - {
  genid: [Function: genid],
  secret: 'qwerty',
  resave: false,
  saveUninitialized: true,
  cookie: {
    path: '/',
    _expires: 2020-06-25T13:30:22.158Z,
    originalMaxAge: 60000,
    httpOnly: true
  },
  sessionID: 'DADiovjaACAh8pAU4MAsaMTk',
  horodate: 2020-06-25T13:29:41.215Z,
  ip: '92.184.97.111',
  geoloc: {
    range: [ 1555587072, 1555588095 ],
    country: 'FR',
    region: 'IDF',
    eu: '1',
    timezone: 'Europe/Paris',
    city: 'Paris',
    ll: [ 48.8649, 2.2752 ],
    metro: 0,
    area: 200
  },
  pathname: '/',
  nbViews: [ '/': 2, giftedADHD: 1 ]
}
[2020-06-25T15:59:27.806] [TRACE] trace - {
  genid: [Function: genid],
  secret: 'qwerty',
  resave: false,
  saveUninitialized: true,
  cookie: {
    path: '/',
    _expires: 2020-06-25T14:00:27.806Z,
    originalMaxAge: 60000,
    httpOnly: true
  },
  sessionID: 'f4eYYPEhDwtOnD7mwJbTcnZn',
  horodate: 2020-06-25T13:59:27.806Z,
  ip: '86.247.253.198',
  geoloc: {
    range: [ 1459091456, 1459093503 ],
    country: 'FR',
    region: 'IDF',
    eu: '1',
    timezone: 'Europe/Paris',
    city: 'Paris',
    ll: [ 48.8543, 2.3527 ],
    metro: 0,
    area: 1
  },
  pathname: '/',
  nbViews: [ '/': 1, giftedADHD: 1 ]
}
[2020-06-25T16:21:20.184] [TRACE] trace - {
  genid: [Function: genid],
  secret: 'qwerty',
  resave: false,
  saveUninitialized: true,
  cookie: {
    path: '/',
    _expires: 2020-06-25T14:22:20.183Z,
    originalMaxAge: 60000,
    httpOnly: true
  },
  sessionID: 'z5Z12IJx7SHzaa_RCG9SUhEp',
  horodate: 2020-06-25T14:21:20.184Z,
  ip: '185.107.80.34',
  geoloc: {
    range: [ 3110817792, 3110818303 ],
    country: 'NL',
    region: 'ZH',
    eu: '1',
    timezone: 'Europe/Amsterdam',
    city: 'Leiden',
    ll: [ 52.1693, 4.4732 ],
    metro: 0,
    area: 200
  },
  pathname: '/',
  nbViews: [ '/': 1, giftedADHD: 1 ]
}
[2020-06-25T16:52:02.263] [TRACE] trace - {
  genid: [Function: genid],
  secret: 'qwerty',
  resave: false,
  saveUninitialized: true,
  cookie: {
    path: '/',
    _expires: 2020-06-25T14:53:02.263Z,
    originalMaxAge: 60000,
    httpOnly: true
  },
  sessionID: 'd3BDxN3eTWUd7ChVBMrbo1Ds',
  horodate: 2020-06-25T14:52:02.263Z,
  ip: '185.107.80.34',
  geoloc: {
    range: [ 3110817792, 3110818303 ],
    country: 'NL',
    region: 'ZH',
    eu: '1',
    timezone: 'Europe/Amsterdam',
    city: 'Leiden',
    ll: [ 52.1693, 4.4732 ],
    metro: 0,
    area: 200
  },
  pathname: '/',
  nbViews: [ '/': 1, giftedADHD: 1 ]
}
[2020-06-25T16:57:40.235] [TRACE] trace - {
  genid: [Function: genid],
  secret: 'qwerty',
  resave: false,
  saveUninitialized: true,
  cookie: {
    path: '/',
    _expires: 2020-06-25T14:58:40.235Z,
    originalMaxAge: 60000,
    httpOnly: true
  },
  sessionID: 'kDpnpB2B2zbHVvTsy1qiRk-1',
  horodate: 2020-06-25T14:57:40.235Z,
  ip: '89.165.42.209',
  geoloc: {
    range: [ 1503985664, 1504002047 ],
    country: 'IR',
    region: '',
    eu: '0',
    timezone: 'Asia/Tehran',
    city: '',
    ll: [ 35.6961, 51.4231 ],
    metro: 0,
    area: 50
  },
  pathname: '/',
  nbViews: [ '/': 1, giftedADHD: 1 ]
}
[2020-06-25T17:13:46.724] [TRACE] trace - {
  genid: [Function: genid],
  secret: 'qwerty',
  resave: false,
  saveUninitialized: true,
  cookie: {
    path: '/',
    _expires: 2020-06-25T15:14:46.724Z,
    originalMaxAge: 60000,
    httpOnly: true
  },
  sessionID: 'gtY2i04LCgAy5x9PiZCwKKeV',
  horodate: 2020-06-25T15:13:46.724Z,
  ip: '207.46.13.201',
  geoloc: {
    range: [ 3475901696, 3475901951 ],
    country: 'US',
    region: 'WA',
    eu: '0',
    timezone: 'America/Los_Angeles',
    city: '',
    ll: [ 47.6092, -122.3314 ],
    metro: 0,
    area: 1000
  },
  pathname: '/',
  nbViews: [ '/': 1, giftedADHD: 1 ]
}
[2020-06-25T17:33:32.188] [TRACE] trace - {
  genid: [Function: genid],
  secret: 'qwerty',
  resave: false,
  saveUninitialized: true,
  cookie: {
    path: '/',
    _expires: 2020-06-25T15:34:32.188Z,
    originalMaxAge: 60000,
    httpOnly: true
  },
  sessionID: 'BeuaRloMM7-NuqzqmfJEwsoi',
  horodate: 2020-06-25T15:33:32.188Z,
  ip: '200.60.118.73',
  geoloc: {
    range: [ 3359405568, 3359406079 ],
    country: 'PE',
    region: '',
    eu: '0',
    timezone: 'America/Lima',
    city: '',
    ll: [ -12.0433, -77.0283 ],
    metro: 0,
    area: 500
  },
  pathname: '/',
  nbViews: [ '/': 1, giftedADHD: 1 ]
}
[2020-06-25T17:36:29.318] [TRACE] trace - {
  genid: [Function: genid],
  secret: 'qwerty',
  resave: false,
  saveUninitialized: true,
  cookie: {
    path: '/',
    _expires: 2020-06-25T15:37:29.317Z,
    originalMaxAge: 60000,
    httpOnly: true
  },
  sessionID: 'BbY81IHKRHDRn-niWO-QzyzG',
  horodate: 2020-06-25T15:36:29.318Z,
  ip: '185.107.80.34',
  geoloc: {
    range: [ 3110817792, 3110818303 ],
    country: 'NL',
    region: 'ZH',
    eu: '1',
    timezone: 'Europe/Amsterdam',
    city: 'Leiden',
    ll: [ 52.1693, 4.4732 ],
    metro: 0,
    area: 200
  },
  pathname: '/',
  nbViews: [ '/': 1, giftedADHD: 1 ]
}
[2020-06-25T17:59:23.359] [TRACE] trace - {
  genid: [Function: genid],
  secret: 'qwerty',
  resave: false,
  saveUninitialized: true,
  cookie: {
    path: '/',
    _expires: 2020-06-25T16:00:23.359Z,
    originalMaxAge: 60000,
    httpOnly: true
  },
  sessionID: 'ZaCBpHj0DNS1wSwJ5YE1kbzf',
  horodate: 2020-06-25T15:59:23.359Z,
  ip: '78.183.139.87',
  geoloc: {
    range: [ 1320650752, 1320652799 ],
    country: 'TR',
    region: '34',
    eu: '0',
    timezone: 'Europe/Istanbul',
    city: 'Istanbul',
    ll: [ 41.0585, 28.9296 ],
    metro: 0,
    area: 1
  },
  pathname: '/',
  nbViews: [ '/': 1, giftedADHD: 1 ]
}
[2020-06-25T18:36:58.053] [TRACE] trace - {
  genid: [Function: genid],
  secret: 'qwerty',
  resave: false,
  saveUninitialized: true,
  cookie: {
    path: '/',
    _expires: 2020-06-25T16:37:58.053Z,
    originalMaxAge: 60000,
    httpOnly: true
  },
  sessionID: 'ULzI43w023lDheiffCFPV5J9',
  horodate: 2020-06-25T16:36:58.053Z,
  ip: '86.247.253.198',
  geoloc: {
    range: [ 1459091456, 1459093503 ],
    country: 'FR',
    region: 'IDF',
    eu: '1',
    timezone: 'Europe/Paris',
    city: 'Paris',
    ll: [ 48.8543, 2.3527 ],
    metro: 0,
    area: 1
  },
  pathname: '/',
  nbViews: [ '/': 1, giftedADHD: 1 ]
}
[2020-06-25T18:36:59.488] [TRACE] trace - cv:1
[2020-06-25T18:37:00.435] [TRACE] trace - adm1n:1
[2020-06-25T18:37:01.432] [TRACE] trace - giftedADHD:1
[2020-06-25T18:37:07.807] [TRACE] trace - index:1
[2020-06-25T18:42:24.047] [TRACE] trace - {
  genid: [Function: genid],
  secret: 'qwerty',
  resave: false,
  saveUninitialized: true,
  cookie: {
    path: '/',
    _expires: 2020-06-25T16:43:24.047Z,
    originalMaxAge: 60000,
    httpOnly: true
  },
  sessionID: 'Hfgnk8IcLkeU_SLmCCufITQg',
  horodate: 2020-06-25T16:42:24.047Z,
  ip: '185.107.80.34',
  geoloc: {
    range: [ 3110817792, 3110818303 ],
    country: 'NL',
    region: 'ZH',
    eu: '1',
    timezone: 'Europe/Amsterdam',
    city: 'Leiden',
    ll: [ 52.1693, 4.4732 ],
    metro: 0,
    area: 200
  },
  pathname: '/',
  nbViews: [ '/': 1, giftedADHD: 1, cv: 1, adm1n: 1, index: 1 ]
}
[2020-06-25T19:14:19.113] [TRACE] trace - {
  genid: [Function: genid],
  secret: 'qwerty',
  resave: false,
  saveUninitialized: true,
  cookie: {
    path: '/',
    _expires: 2020-06-25T17:15:19.113Z,
    originalMaxAge: 60000,
    httpOnly: true
  },
  sessionID: '-o-o8lSdTs4P6-_coa_DRxul',
  horodate: 2020-06-25T17:14:19.113Z,
  ip: '185.107.80.34',
  geoloc: {
    range: [ 3110817792, 3110818303 ],
    country: 'NL',
    region: 'ZH',
    eu: '1',
    timezone: 'Europe/Amsterdam',
    city: 'Leiden',
    ll: [ 52.1693, 4.4732 ],
    metro: 0,
    area: 200
  },
  pathname: '/',
  nbViews: [ '/': 1, giftedADHD: 1, cv: 1, adm1n: 1, index: 1 ]
}
[2020-06-25T19:57:20.188] [TRACE] trace - {
  genid: [Function: genid],
  secret: 'qwerty',
  resave: false,
  saveUninitialized: true,
  cookie: {
    path: '/',
    _expires: 2020-06-25T17:58:20.188Z,
    originalMaxAge: 60000,
    httpOnly: true
  },
  sessionID: 'idfoQItVjESEPndcyqKSzCuf',
  horodate: 2020-06-25T17:57:20.188Z,
  ip: '103.229.82.222',
  geoloc: {
    range: [ 1743081984, 1743082239 ],
    country: 'BD',
    region: 'C',
    eu: '0',
    timezone: 'Asia/Dhaka',
    city: 'Dhaka',
    ll: [ 23.7257, 90.4085 ],
    metro: 0,
    area: 50
  },
  pathname: '/',
  nbViews: [ '/': 1, giftedADHD: 1, cv: 1, adm1n: 1, index: 1 ]
}
[2020-06-25T20:01:14.227] [TRACE] trace - {
  genid: [Function: genid],
  secret: 'qwerty',
  resave: false,
  saveUninitialized: true,
  cookie: {
    path: '/',
    _expires: 2020-06-25T18:02:14.227Z,
    originalMaxAge: 60000,
    httpOnly: true
  },
  sessionID: 'R1Ld9LIfwtVv8WxYmFHff6FL',
  horodate: 2020-06-25T18:01:14.227Z,
  ip: '185.107.80.34',
  geoloc: {
    range: [ 3110817792, 3110818303 ],
    country: 'NL',
    region: 'ZH',
    eu: '1',
    timezone: 'Europe/Amsterdam',
    city: 'Leiden',
    ll: [ 52.1693, 4.4732 ],
    metro: 0,
    area: 200
  },
  pathname: '/',
  nbViews: [ '/': 1, giftedADHD: 1, cv: 1, adm1n: 1, index: 1 ]
}
[2020-06-25T20:50:19.813] [TRACE] trace - {
  genid: [Function: genid],
  secret: 'qwerty',
  resave: false,
  saveUninitialized: true,
  cookie: {
    path: '/',
    _expires: 2020-06-25T18:51:19.813Z,
    originalMaxAge: 60000,
    httpOnly: true
  },
  sessionID: 'll20h9AwxZHaeWMjoRKqDrGt',
  horodate: 2020-06-25T18:50:19.813Z,
  ip: '92.184.105.205',
  geoloc: {
    range: [ 1555589120, 1555590143 ],
    country: 'FR',
    region: 'IDF',
    eu: '1',
    timezone: 'Europe/Paris',
    city: 'Paris',
    ll: [ 48.8543, 2.3527 ],
    metro: 0,
    area: 200
  },
  pathname: '/',
  nbViews: [ '/': 1, giftedADHD: 1, cv: 1, adm1n: 1, index: 1 ]
}
[2020-06-25T21:04:05.409] [TRACE] trace - {
  genid: [Function: genid],
  secret: 'qwerty',
  resave: false,
  saveUninitialized: true,
  cookie: {
    path: '/',
    _expires: 2020-06-25T19:05:05.409Z,
    originalMaxAge: 60000,
    httpOnly: true
  },
  sessionID: 'F6Nl4PeRbGON9IRBG_xQXMD5',
  horodate: 2020-06-25T19:04:05.409Z,
  ip: '86.247.253.198',
  geoloc: {
    range: [ 1459091456, 1459093503 ],
    country: 'FR',
    region: 'IDF',
    eu: '1',
    timezone: 'Europe/Paris',
    city: 'Paris',
    ll: [ 48.8543, 2.3527 ],
    metro: 0,
    area: 1
  },
  pathname: '/',
  nbViews: [ '/': 1, giftedADHD: 1, cv: 1, adm1n: 1, index: 1 ]
}
[2020-06-25T21:24:46.448] [TRACE] trace - {
  genid: [Function: genid],
  secret: 'qwerty',
  resave: false,
  saveUninitialized: true,
  cookie: {
    path: '/',
    _expires: 2020-06-25T19:25:46.448Z,
    originalMaxAge: 60000,
    httpOnly: true
  },
  sessionID: 'bnvcebeClzSCODc7aXGBtXWc',
  horodate: 2020-06-25T19:24:46.448Z,
  ip: '91.175.159.123',
  geoloc: {
    range: [ 1537998848, 1538260991 ],
    country: 'FR',
    region: '',
    eu: '1',
    timezone: 'Europe/Paris',
    city: '',
    ll: [ 48.8582, 2.3387 ],
    metro: 0,
    area: 500
  },
  pathname: '/',
  nbViews: [ '/': 1, giftedADHD: 1, cv: 1, adm1n: 1, index: 1 ]
}
[2020-06-25T21:25:30.265] [TRACE] trace - cv:1
[2020-06-25T21:25:50.245] [TRACE] trace - adm1n:1
[2020-06-25T21:26:13.031] [TRACE] trace - giftedADHD:1
[2020-06-25T21:26:50.536] [TRACE] trace - giftedADHD:2
[2020-06-25T21:27:11.351] [TRACE] trace - giftedADHD:3
