Fri Jul 30 2021 01:14:10 GMT+0200 (GMT+02:00)[2020-07-30T01:14:15.340] [TRACE] file - 5AgUTu-d004Il8MstKp4wagf
[2020-07-30T01:14:15.341] [TRACE] file - Session {
  cookie: {
    path: '/',
    _expires: 2020-10-27T23:14:15.335Z,
    originalMaxAge: 7775999998,
    httpOnly: true
  },
  views: { '/': 42, '/cv': 37, '/giftedADHD': 1 },
  horodate: 2020-07-29T01:14:14.751Z,
  ip: '83.202.34.239',
  geoloc: {
    range: [ 1405755904, 1405756415 ],
    country: 'FR',
    region: 'IDF',
    eu: '1',
    timezone: 'Europe/Paris',
    city: 'Paris',
    ll: [ 48.8543, 2.3527 ],
    metro: 0,
    area: 10
  },
  __lastAccess: 1596064455338
}
[2020-07-30T01:14:29.564] [TRACE] file - 5AgUTu-d004Il8MstKp4wagf
[2020-07-30T01:14:29.564] [TRACE] file - Session {
  cookie: {
    path: '/',
    _expires: 2020-10-27T23:14:29.562Z,
    originalMaxAge: 7775999998,
    httpOnly: true
  },
  views: { '/': 43, '/cv': 37, '/giftedADHD': 1 },
  horodate: 2020-07-29T01:14:29.401Z,
  ip: '83.202.34.239',
  geoloc: {
    range: [ 1405755904, 1405756415 ],
    country: 'FR',
    region: 'IDF',
    eu: '1',
    timezone: 'Europe/Paris',
    city: 'Paris',
    ll: [ 48.8543, 2.3527 ],
    metro: 0,
    area: 10
  },
  __lastAccess: 1596064469564
}
[2020-07-30T01:14:51.224] [TRACE] file - 8zYQ8RvtcGd8gIEMCgPq1SDt
[2020-07-30T01:14:51.224] [TRACE] file - Session {
  cookie: {
    path: '/',
    _expires: 2020-10-27T23:14:51.224Z,
    originalMaxAge: 7776000000,
    httpOnly: true
  },
  views: { '/': 28, '/cv': 15, '/giftedADHD': 19 },
  horodate: 2020-07-29T01:14:51.112Z,
  ip: '83.202.34.239',
  geoloc: {
    range: [ 1405755904, 1405756415 ],
    country: 'FR',
    region: 'IDF',
    eu: '1',
    timezone: 'Europe/Paris',
    city: 'Paris',
    ll: [ 48.8543, 2.3527 ],
    metro: 0,
    area: 10
  },
  __lastAccess: 1596064491224
}
