[2020-07-03T18:52:41.422] [TRACE] trace - Session {
  cookie: {
    path: '/',
    _expires: 2071-12-31T02:04:59.385Z,
    originalMaxAge: 1624957937966,
    httpOnly: true
  },
  views: { '/': 139, '/cv': 48, '/adm1n': 41, '/giftedADHD': 33 },
  sessionID: 'R5fFgf2MY5GywsnD_EjXqJmF',
  horodate: 2020-07-03T18:52:40.688Z,
  geoloc: {
    range: [ 1405755904, 1405756415 ],
    country: 'FR',
    region: 'IDF',
    eu: '1',
    timezone: 'Europe/Paris',
    city: 'Paris',
    ll: [ 48.8543, 2.3527 ],
    metro: 0,
    area: 10
  },
  __lastAccess: 1593795161419,
  ip: '83.202.34.239'
}
[2020-07-03T18:52:44.894] [TRACE] trace - /cv: 49
[2020-07-03T18:52:44.895] [TRACE] trace - Session {
  cookie: {
    path: '/',
    _expires: 2071-12-31T02:05:02.860Z,
    originalMaxAge: 1624957937966,
    httpOnly: true
  },
  views: { '/': 139, '/cv': 49, '/adm1n': 41, '/giftedADHD': 33 },
  sessionID: 'R5fFgf2MY5GywsnD_EjXqJmF',
  horodate: '2020-07-03T18:52:40.688Z',
  geoloc: {
    range: [ 1405755904, 1405756415 ],
    country: 'FR',
    region: 'IDF',
    eu: '1',
    timezone: 'Europe/Paris',
    city: 'Paris',
    ll: [ 48.8543, 2.3527 ],
    metro: 0,
    area: 10
  },
  __lastAccess: 1593795164894,
  ip: '83.202.34.239'
}
[2020-07-03T18:52:47.250] [TRACE] trace - Session {
  cookie: {
    path: '/',
    _expires: 2071-12-31T02:05:05.216Z,
    originalMaxAge: 1624957937966,
    httpOnly: true
  },
  views: { '/': 140, '/cv': 49, '/adm1n': 41, '/giftedADHD': 33 },
  sessionID: 'R5fFgf2MY5GywsnD_EjXqJmF',
  horodate: 2020-07-03T18:52:47.156Z,
  geoloc: {
    range: [ 1405755904, 1405756415 ],
    country: 'FR',
    region: 'IDF',
    eu: '1',
    timezone: 'Europe/Paris',
    city: 'Paris',
    ll: [ 48.8543, 2.3527 ],
    metro: 0,
    area: 10
  },
  __lastAccess: 1593795167250,
  ip: '83.202.34.239'
}
[2020-07-03T18:52:53.082] [TRACE] trace - Session {
  cookie: {
    path: '/',
    _expires: 2071-12-31T02:05:11.048Z,
    originalMaxAge: 1624957937966,
    httpOnly: true
  },
  views: { '/': 141, '/cv': 49, '/adm1n': 41, '/giftedADHD': 33 },
  sessionID: 'R5fFgf2MY5GywsnD_EjXqJmF',
  horodate: 2020-07-03T18:52:52.959Z,
  geoloc: {
    range: [ 1405755904, 1405756415 ],
    country: 'FR',
    region: 'IDF',
    eu: '1',
    timezone: 'Europe/Paris',
    city: 'Paris',
    ll: [ 48.8543, 2.3527 ],
    metro: 0,
    area: 10
  },
  __lastAccess: 1593795173082,
  ip: '83.202.34.239'
}
[2020-07-03T18:53:31.149] [TRACE] trace - Session {
  cookie: {
    path: '/',
    _expires: 2071-12-31T02:05:49.110Z,
    originalMaxAge: 1624957937966,
    httpOnly: true
  },
  views: { '/': 142, '/cv': 49, '/adm1n': 41, '/giftedADHD': 33 },
  sessionID: 'R5fFgf2MY5GywsnD_EjXqJmF',
  horodate: 2020-07-03T18:53:30.934Z,
  geoloc: {
    range: [ 1405755904, 1405756415 ],
    country: 'FR',
    region: 'IDF',
    eu: '1',
    timezone: 'Europe/Paris',
    city: 'Paris',
    ll: [ 48.8543, 2.3527 ],
    metro: 0,
    area: 10
  },
  __lastAccess: 1593795211144,
  ip: '83.202.34.239'
}
