[2020-07-02T08:07:10.016] [TRACE] trace - Session {
  cookie: {
    path: '/',
    _expires: 2071-12-29T15:19:27.982Z,
    originalMaxAge: 1624957937968,
    httpOnly: true
  },
  views: { '/': 101, '/cv': 36, '/adm1n': 15, '/giftedADHD': 20 },
  sessionID: 'R5fFgf2MY5GywsnD_EjXqJmF',
  horodate: 2020-07-02T08:07:09.398Z,
  geoloc: {
    range: [ 1405755904, 1405756415 ],
    country: 'FR',
    region: 'IDF',
    eu: '1',
    timezone: 'Europe/Paris',
    city: 'Paris',
    ll: [ 48.8543, 2.3527 ],
    metro: 0,
    area: 10
  },
  __lastAccess: 1593670030014,
  ip: '83.202.34.239'
}
[2020-07-02T08:07:23.846] [TRACE] trace - Session {
  cookie: {
    path: '/',
    _expires: 2072-01-01T04:46:05.099Z,
    originalMaxAge: 1625179121254,
    httpOnly: true
  },
  views: { '/': 3, '/cv': 1 },
  horodate: 2020-07-02T08:07:23.633Z,
  ip: '83.202.34.239',
  geoloc: {
    range: [ 1405755904, 1405756415 ],
    country: 'FR',
    region: 'IDF',
    eu: '1',
    timezone: 'Europe/Paris',
    city: 'Paris',
    ll: [ 48.8543, 2.3527 ],
    metro: 0,
    area: 10
  },
  __lastAccess: 1593670043845
}
[2020-07-02T08:08:00.373] [TRACE] trace - Session {
  cookie: {
    path: '/',
    _expires: 2072-01-01T12:15:07.097Z,
    originalMaxAge: 1625206026725,
    httpOnly: true,
    maxage: 311040000000
  },
  views: { '/': 1 },
  horodate: 2020-07-02T08:08:00.232Z,
  ip: '83.202.34.239',
  geoloc: {
    range: [ 1405755904, 1405756415 ],
    country: 'FR',
    region: 'IDF',
    eu: '1',
    timezone: 'Europe/Paris',
    city: 'Paris',
    ll: [ 48.8543, 2.3527 ],
    metro: 0,
    area: 10
  },
  __lastAccess: 1593670080372
}
[2020-07-02T08:08:16.154] [TRACE] trace - Session {
  cookie: {
    path: '/',
    _expires: 2072-01-01T12:15:22.879Z,
    originalMaxAge: 1625206026725,
    httpOnly: true
  },
  views: { '/': 2 },
  horodate: 2020-07-02T08:08:16.031Z,
  ip: '83.202.34.239',
  geoloc: {
    range: [ 1405755904, 1405756415 ],
    country: 'FR',
    region: 'IDF',
    eu: '1',
    timezone: 'Europe/Paris',
    city: 'Paris',
    ll: [ 48.8543, 2.3527 ],
    metro: 0,
    area: 10
  },
  __lastAccess: 1593670096154
}
