[2020-07-01T23:42:33.722] [TRACE] trace - Session {
  cookie: {
    path: '/',
    _expires: 2071-12-31T19:12:48.017Z,
    originalMaxAge: 1625175014299,
    httpOnly: true,
    maxage: 311040000000
  },
  views: { '/': 1 },
  sessionID: 'pAI-bwEcJVI2uW7lXN11BJn-',
  horodate: 2020-07-01T23:42:33.141Z,
  ip: '171.67.71.93',
  geoloc: {
    range: [ 2873098240, 2873360383 ],
    country: 'US',
    region: 'CA',
    eu: '0',
    timezone: 'America/Los_Angeles',
    city: 'Stanford',
    ll: [ 37.423, -122.1639 ],
    metro: 807,
    area: 5
  },
  __lastAccess: 1593639753718
}
