[2020-07-02T07:55:14.760] [TRACE] trace - Session {
  cookie: {
    path: '/',
    _expires: 2071-12-29T15:07:32.724Z,
    originalMaxAge: 1624957937968,
    httpOnly: true
  },
  views: { '/': 93, '/cv': 36, '/adm1n': 15, '/giftedADHD': 20 },
  sessionID: 'R5fFgf2MY5GywsnD_EjXqJmF',
  horodate: 2020-07-02T07:55:14.211Z,
  geoloc: {
    range: [ 1405755904, 1405756415 ],
    country: 'FR',
    region: 'IDF',
    eu: '1',
    timezone: 'Europe/Paris',
    city: 'Paris',
    ll: [ 48.8543, 2.3527 ],
    metro: 0,
    area: 10
  },
  __lastAccess: 1593669314756,
  ip: '83.202.34.239'
}
