[2020-06-25T13:46:26.868] [TRACE] trace - {
  genid: [Function: genid],
  secret: 'qwerty',
  resave: false,
  saveUninitialized: true,
  cookie: {
    path: '/',
    _expires: 2020-06-25T11:47:26.867Z,
    originalMaxAge: 60000,
    httpOnly: true
  },
  sessionID: 'Fg7BgjYSVxejO0tPnO8fleHc',
  horodate: 2020-06-25T11:46:26.868Z,
  ip: '86.247.253.198',
  geoloc: {
    range: [ 1459091456, 1459093503 ],
    country: 'FR',
    region: 'IDF',
    eu: '1',
    timezone: 'Europe/Paris',
    city: 'Paris',
    ll: [ 48.8543, 2.3527 ],
    metro: 0,
    area: 1
  },
  pathname: '/',
  nbViews: [ '/': 1 ]
}
