Thu Jul 29 2021 13:59:19 GMT+0200 (GMT+02:00)[2020-07-29T13:59:25.700] [TRACE] file - Session {
  cookie: {
    path: '/',
    _expires: 2020-10-27T11:59:25.693Z,
    originalMaxAge: 7775999998,
    httpOnly: true
  },
  views: { '/': 23, '/cv': 37, '/giftedADHD': 1 },
  horodate: 2020-07-29T13:59:25.128Z,
  ip: '83.202.34.239',
  geoloc: {
    range: [ 1405755904, 1405756415 ],
    country: 'FR',
    region: 'IDF',
    eu: '1',
    timezone: 'Europe/Paris',
    city: 'Paris',
    ll: [ 48.8543, 2.3527 ],
    metro: 0,
    area: 10
  },
  __lastAccess: 1596023965695
}
