[2020-07-02T08:05:40.061] [TRACE] trace - Session {
  cookie: {
    path: '/',
    _expires: 2071-12-29T15:17:58.024Z,
    originalMaxAge: 1624957937968,
    httpOnly: true
  },
  views: { '/': 99, '/cv': 36, '/adm1n': 15, '/giftedADHD': 20 },
  sessionID: 'R5fFgf2MY5GywsnD_EjXqJmF',
  horodate: 2020-07-02T08:05:39.491Z,
  geoloc: {
    range: [ 1405755904, 1405756415 ],
    country: 'FR',
    region: 'IDF',
    eu: '1',
    timezone: 'Europe/Paris',
    city: 'Paris',
    ll: [ 48.8543, 2.3527 ],
    metro: 0,
    area: 10
  },
  __lastAccess: 1593669940056,
  ip: '83.202.34.239'
}
[2020-07-02T08:05:42.323] [TRACE] trace - Session {
  cookie: {
    path: '/',
    _expires: 2071-12-29T15:18:00.291Z,
    originalMaxAge: 1624957937968,
    httpOnly: true
  },
  views: { '/': 100, '/cv': 36, '/adm1n': 15, '/giftedADHD': 20 },
  sessionID: 'R5fFgf2MY5GywsnD_EjXqJmF',
  horodate: 2020-07-02T08:05:42.199Z,
  geoloc: {
    range: [ 1405755904, 1405756415 ],
    country: 'FR',
    region: 'IDF',
    eu: '1',
    timezone: 'Europe/Paris',
    city: 'Paris',
    ll: [ 48.8543, 2.3527 ],
    metro: 0,
    area: 10
  },
  __lastAccess: 1593669942323,
  ip: '83.202.34.239'
}
