Fri Jul 23 2021 15:50:15 GMT+0200 (GMT+02:00)[2020-07-23T15:50:18.878] [TRACE] file - Session {
  cookie: {
    path: '/',
    _expires: 2020-10-21T13:50:18.876Z,
    originalMaxAge: 7776000000,
    httpOnly: true
  },
  views: { '/': 1 },
  horodate: 2020-07-23T15:50:18.098Z,
  ip: '83.202.34.239',
  geoloc: {
    range: [ 1405755904, 1405756415 ],
    country: 'FR',
    region: 'IDF',
    eu: '1',
    timezone: 'Europe/Paris',
    city: 'Paris',
    ll: [ 48.8543, 2.3527 ],
    metro: 0,
    area: 10
  },
  __lastAccess: 1595512218876
}
[2020-07-23T15:50:22.770] [TRACE] file - Session {
  cookie: {
    path: '/',
    _expires: 2020-10-21T13:50:22.769Z,
    originalMaxAge: 7776000000,
    httpOnly: true
  },
  views: { '/': 1, '/cv': 1 },
  horodate: 2020-07-23T15:50:22.637Z,
  ip: '83.202.34.239',
  geoloc: {
    range: [ 1405755904, 1405756415 ],
    country: 'FR',
    region: 'IDF',
    eu: '1',
    timezone: 'Europe/Paris',
    city: 'Paris',
    ll: [ 48.8543, 2.3527 ],
    metro: 0,
    area: 10
  },
  __lastAccess: 1595512222769
}
[2020-07-23T15:50:24.852] [TRACE] file - Session {
  cookie: {
    path: '/',
    _expires: 2020-10-21T13:50:24.852Z,
    originalMaxAge: 7776000000,
    httpOnly: true
  },
  views: { '/': 2, '/cv': 1 },
  horodate: 2020-07-23T15:50:24.743Z,
  ip: '83.202.34.239',
  geoloc: {
    range: [ 1405755904, 1405756415 ],
    country: 'FR',
    region: 'IDF',
    eu: '1',
    timezone: 'Europe/Paris',
    city: 'Paris',
    ll: [ 48.8543, 2.3527 ],
    metro: 0,
    area: 10
  },
  __lastAccess: 1595512224852
}
[2020-07-23T15:50:36.320] [TRACE] file - Session {
  cookie: {
    path: '/',
    _expires: 2020-10-21T13:50:36.319Z,
    originalMaxAge: 7776000000,
    httpOnly: true
  },
  views: { '/': 3, '/cv': 1 },
  horodate: 2020-07-23T15:50:36.168Z,
  ip: '83.202.34.239',
  geoloc: {
    range: [ 1405755904, 1405756415 ],
    country: 'FR',
    region: 'IDF',
    eu: '1',
    timezone: 'Europe/Paris',
    city: 'Paris',
    ll: [ 48.8543, 2.3527 ],
    metro: 0,
    area: 10
  },
  __lastAccess: 1595512236320
}
[2020-07-23T15:51:30.531] [TRACE] file - Session {
  cookie: {
    path: '/',
    _expires: 2020-10-21T13:51:30.467Z,
    originalMaxAge: 7776000000,
    httpOnly: true
  },
  views: { '/': 1 },
  horodate: 2020-07-23T15:51:30.346Z,
  ip: '83.202.34.239',
  geoloc: {
    range: [ 1405755904, 1405756415 ],
    country: 'FR',
    region: 'IDF',
    eu: '1',
    timezone: 'Europe/Paris',
    city: 'Paris',
    ll: [ 48.8543, 2.3527 ],
    metro: 0,
    area: 10
  },
  __lastAccess: 1595512290467
}
[2020-07-23T15:51:55.710] [TRACE] file - Session {
  cookie: {
    path: '/',
    _expires: 2020-10-21T13:51:55.709Z,
    originalMaxAge: 7776000000,
    httpOnly: true
  },
  views: { '/': 4, '/cv': 1 },
  horodate: 2020-07-23T15:51:55.600Z,
  ip: '83.202.34.239',
  geoloc: {
    range: [ 1405755904, 1405756415 ],
    country: 'FR',
    region: 'IDF',
    eu: '1',
    timezone: 'Europe/Paris',
    city: 'Paris',
    ll: [ 48.8543, 2.3527 ],
    metro: 0,
    area: 10
  },
  __lastAccess: 1595512315709
}
[2020-07-23T15:52:33.662] [TRACE] file - Session {
  cookie: {
    path: '/',
    _expires: 2020-10-21T13:52:33.661Z,
    originalMaxAge: 7776000000,
    httpOnly: true
  },
  views: { '/': 2 },
  horodate: 2020-07-23T15:52:33.579Z,
  ip: '83.202.34.239',
  geoloc: {
    range: [ 1405755904, 1405756415 ],
    country: 'FR',
    region: 'IDF',
    eu: '1',
    timezone: 'Europe/Paris',
    city: 'Paris',
    ll: [ 48.8543, 2.3527 ],
    metro: 0,
    area: 10
  },
  __lastAccess: 1595512353661
}
[2020-07-23T15:52:45.224] [TRACE] file - Session {
  cookie: {
    path: '/',
    _expires: 2020-10-21T13:52:45.224Z,
    originalMaxAge: 7776000000,
    httpOnly: true
  },
  views: { '/': 5, '/cv': 1 },
  horodate: 2020-07-23T15:52:45.149Z,
  ip: '83.202.34.239',
  geoloc: {
    range: [ 1405755904, 1405756415 ],
    country: 'FR',
    region: 'IDF',
    eu: '1',
    timezone: 'Europe/Paris',
    city: 'Paris',
    ll: [ 48.8543, 2.3527 ],
    metro: 0,
    area: 10
  },
  __lastAccess: 1595512365224
}
[2020-07-23T15:52:55.069] [TRACE] file - Session {
  cookie: {
    path: '/',
    _expires: 2020-10-21T13:52:55.069Z,
    originalMaxAge: 7776000000,
    httpOnly: true
  },
  views: { '/': 6, '/cv': 1 },
  horodate: 2020-07-23T15:52:54.994Z,
  ip: '83.202.34.239',
  geoloc: {
    range: [ 1405755904, 1405756415 ],
    country: 'FR',
    region: 'IDF',
    eu: '1',
    timezone: 'Europe/Paris',
    city: 'Paris',
    ll: [ 48.8543, 2.3527 ],
    metro: 0,
    area: 10
  },
  __lastAccess: 1595512375069
}
[2020-07-23T15:53:34.199] [TRACE] file - Session {
  cookie: {
    path: '/',
    _expires: 2020-10-21T13:53:34.198Z,
    originalMaxAge: 7776000000,
    httpOnly: true
  },
  views: { '/': 3 },
  horodate: 2020-07-23T15:53:34.129Z,
  ip: '83.202.34.239',
  geoloc: {
    range: [ 1405755904, 1405756415 ],
    country: 'FR',
    region: 'IDF',
    eu: '1',
    timezone: 'Europe/Paris',
    city: 'Paris',
    ll: [ 48.8543, 2.3527 ],
    metro: 0,
    area: 10
  },
  __lastAccess: 1595512414198
}
[2020-07-23T15:53:36.900] [TRACE] file - Session {
  cookie: {
    path: '/',
    _expires: 2020-10-21T13:53:36.899Z,
    originalMaxAge: 7776000000,
    httpOnly: true
  },
  views: { '/': 7, '/cv': 1 },
  horodate: 2020-07-23T15:53:36.828Z,
  ip: '83.202.34.239',
  geoloc: {
    range: [ 1405755904, 1405756415 ],
    country: 'FR',
    region: 'IDF',
    eu: '1',
    timezone: 'Europe/Paris',
    city: 'Paris',
    ll: [ 48.8543, 2.3527 ],
    metro: 0,
    area: 10
  },
  __lastAccess: 1595512416899
}
[2020-07-23T15:53:47.417] [TRACE] file - Session {
  cookie: {
    path: '/',
    _expires: 2020-10-21T13:53:47.417Z,
    originalMaxAge: 7776000000,
    httpOnly: true
  },
  views: { '/': 7, '/cv': 2 },
  horodate: 2020-07-23T15:53:47.345Z,
  ip: '83.202.34.239',
  geoloc: {
    range: [ 1405755904, 1405756415 ],
    country: 'FR',
    region: 'IDF',
    eu: '1',
    timezone: 'Europe/Paris',
    city: 'Paris',
    ll: [ 48.8543, 2.3527 ],
    metro: 0,
    area: 10
  },
  __lastAccess: 1595512427417
}
[2020-07-23T15:53:55.582] [TRACE] file - Session {
  cookie: {
    path: '/',
    _expires: 2020-10-21T13:53:55.582Z,
    originalMaxAge: 7776000000,
    httpOnly: true
  },
  views: { '/': 7, '/cv': 2, '/giftedADHD': 1 },
  horodate: 2020-07-23T15:53:55.529Z,
  ip: '83.202.34.239',
  geoloc: {
    range: [ 1405755904, 1405756415 ],
    country: 'FR',
    region: 'IDF',
    eu: '1',
    timezone: 'Europe/Paris',
    city: 'Paris',
    ll: [ 48.8543, 2.3527 ],
    metro: 0,
    area: 10
  },
  __lastAccess: 1595512435582
}
[2020-07-23T15:53:59.799] [TRACE] file - Session {
  cookie: {
    path: '/',
    _expires: 2020-10-21T13:53:59.799Z,
    originalMaxAge: 7776000000,
    httpOnly: true
  },
  views: { '/': 8, '/cv': 2, '/giftedADHD': 1 },
  horodate: 2020-07-23T15:53:59.740Z,
  ip: '83.202.34.239',
  geoloc: {
    range: [ 1405755904, 1405756415 ],
    country: 'FR',
    region: 'IDF',
    eu: '1',
    timezone: 'Europe/Paris',
    city: 'Paris',
    ll: [ 48.8543, 2.3527 ],
    metro: 0,
    area: 10
  },
  __lastAccess: 1595512439799
}
[2020-07-23T15:54:27.880] [TRACE] file - Session {
  cookie: {
    path: '/',
    _expires: 2020-10-21T13:54:27.879Z,
    originalMaxAge: 7776000000,
    httpOnly: true
  },
  views: { '/': 4 },
  horodate: 2020-07-23T15:54:27.815Z,
  ip: '83.202.34.239',
  geoloc: {
    range: [ 1405755904, 1405756415 ],
    country: 'FR',
    region: 'IDF',
    eu: '1',
    timezone: 'Europe/Paris',
    city: 'Paris',
    ll: [ 48.8543, 2.3527 ],
    metro: 0,
    area: 10
  },
  __lastAccess: 1595512467879
}
[2020-07-23T15:57:45.023] [TRACE] file - Session {
  cookie: {
    path: '/',
    _expires: 2020-10-21T13:57:45.023Z,
    originalMaxAge: 7776000000,
    httpOnly: true
  },
  views: { '/': 1 },
  horodate: 2020-07-23T15:57:44.970Z,
  ip: '61.216.112.195',
  geoloc: {
    range: [ 1037594624, 1037595647 ],
    country: 'TW',
    region: 'TNN',
    eu: '0',
    timezone: 'Asia/Taipei',
    city: 'Shanhua',
    ll: [ 23.1315, 120.293 ],
    metro: 0,
    area: 50
  },
  __lastAccess: 1595512665023
}
[2020-07-23T15:58:21.329] [TRACE] file - Session {
  cookie: {
    path: '/',
    _expires: 2020-10-21T13:58:21.329Z,
    originalMaxAge: 7776000000,
    httpOnly: true
  },
  views: { '/': 4, '/giftedADHD': 1 },
  horodate: 2020-07-23T15:58:21.274Z,
  ip: '83.202.34.239',
  geoloc: {
    range: [ 1405755904, 1405756415 ],
    country: 'FR',
    region: 'IDF',
    eu: '1',
    timezone: 'Europe/Paris',
    city: 'Paris',
    ll: [ 48.8543, 2.3527 ],
    metro: 0,
    area: 10
  },
  __lastAccess: 1595512701329
}
[2020-07-23T15:58:23.934] [TRACE] file - Session {
  cookie: {
    path: '/',
    _expires: 2020-10-21T13:58:23.933Z,
    originalMaxAge: 7776000000,
    httpOnly: true
  },
  views: { '/': 5, '/giftedADHD': 1 },
  horodate: 2020-07-23T15:58:23.885Z,
  ip: '83.202.34.239',
  geoloc: {
    range: [ 1405755904, 1405756415 ],
    country: 'FR',
    region: 'IDF',
    eu: '1',
    timezone: 'Europe/Paris',
    city: 'Paris',
    ll: [ 48.8543, 2.3527 ],
    metro: 0,
    area: 10
  },
  __lastAccess: 1595512703933
}
[2020-07-23T15:59:06.344] [TRACE] file - Session {
  cookie: {
    path: '/',
    _expires: 2020-10-21T13:59:06.343Z,
    originalMaxAge: 7776000000,
    httpOnly: true
  },
  views: { '/': 6, '/giftedADHD': 1 },
  horodate: 2020-07-23T15:59:06.254Z,
  ip: '83.202.34.239',
  geoloc: {
    range: [ 1405755904, 1405756415 ],
    country: 'FR',
    region: 'IDF',
    eu: '1',
    timezone: 'Europe/Paris',
    city: 'Paris',
    ll: [ 48.8543, 2.3527 ],
    metro: 0,
    area: 10
  },
  __lastAccess: 1595512746343
}
[2020-07-23T15:59:09.608] [TRACE] file - Session {
  cookie: {
    path: '/',
    _expires: 2020-10-21T13:59:09.608Z,
    originalMaxAge: 7776000000,
    httpOnly: true
  },
  views: { '/': 6, '/giftedADHD': 1, '/cv': 1 },
  horodate: 2020-07-23T15:59:09.555Z,
  ip: '83.202.34.239',
  geoloc: {
    range: [ 1405755904, 1405756415 ],
    country: 'FR',
    region: 'IDF',
    eu: '1',
    timezone: 'Europe/Paris',
    city: 'Paris',
    ll: [ 48.8543, 2.3527 ],
    metro: 0,
    area: 10
  },
  __lastAccess: 1595512749608
}
