Wed Jul 21 2021 12:24:57 GMT+0200 (GMT+02:00)[2020-07-21T12:25:04.292] [TRACE] file - {
  genid: [Function: genid],
  store: FileStore {
    _events: [Object: null prototype] {
      disconnect: [Function: ondisconnect],
      connect: [Function: onconnect]
    },
    _eventsCount: 2,
    _maxListeners: undefined,
    options: {
      path: 'sessions',
      ttl: 3600,
      retries: 5,
      factor: 1,
      minTimeout: 50,
      maxTimeout: 100,
      reapInterval: 3600,
      reapMaxConcurrent: 10,
      reapAsync: false,
      reapSyncFallback: false,
      logFn: [Function: bound consoleCall],
      encoding: 'utf8',
      encoder: [Function: stringify],
      decoder: [Function: parse],
      encryptEncoding: 'hex',
      fileExtension: '.json',
      crypto: [Object],
      keyFunction: [Function: keyFunction],
      filePattern: /\.json$/,
      reapIntervalObject: Timeout {
        _idleTimeout: 3600000,
        _idlePrev: [TimersList],
        _idleNext: [TimersList],
        _idleStart: 297,
        _onTimeout: [Function],
        _timerArgs: undefined,
        _repeat: 3600000,
        _destroyed: false,
        [Symbol(refed)]: false,
        [Symbol(asyncId)]: 6,
        [Symbol(triggerId)]: 1
      }
    },
    generate: [Function],
    [Symbol(kCapture)]: false
  },
  resave: false,
  saveUninitialized: false,
  secret: 'qwerty',
  cookie: { expires: 1626863097872, maxage: 311040000000 },
  horodate: '',
  ip: '',
  geoloc: {},
  views: { '/': 8, '/cv': 1, '/adm1n': 1 }
}
[2020-07-21T12:25:09.846] [TRACE] file - {
  genid: [Function: genid],
  store: FileStore {
    _events: [Object: null prototype] {
      disconnect: [Function: ondisconnect],
      connect: [Function: onconnect]
    },
    _eventsCount: 2,
    _maxListeners: undefined,
    options: {
      path: 'sessions',
      ttl: 3600,
      retries: 5,
      factor: 1,
      minTimeout: 50,
      maxTimeout: 100,
      reapInterval: 3600,
      reapMaxConcurrent: 10,
      reapAsync: false,
      reapSyncFallback: false,
      logFn: [Function: bound consoleCall],
      encoding: 'utf8',
      encoder: [Function: stringify],
      decoder: [Function: parse],
      encryptEncoding: 'hex',
      fileExtension: '.json',
      crypto: [Object],
      keyFunction: [Function: keyFunction],
      filePattern: /\.json$/,
      reapIntervalObject: Timeout {
        _idleTimeout: 3600000,
        _idlePrev: [TimersList],
        _idleNext: [TimersList],
        _idleStart: 297,
        _onTimeout: [Function],
        _timerArgs: undefined,
        _repeat: 3600000,
        _destroyed: false,
        [Symbol(refed)]: false,
        [Symbol(asyncId)]: 6,
        [Symbol(triggerId)]: 1
      }
    },
    generate: [Function],
    [Symbol(kCapture)]: false
  },
  resave: false,
  saveUninitialized: false,
  secret: 'qwerty',
  cookie: { expires: 1626863097872, maxage: 311040000000 },
  horodate: '',
  ip: '',
  geoloc: {},
  views: { '/': 8, '/cv': 1, '/adm1n': 2 }
}
[2020-07-21T12:25:14.187] [TRACE] file - {
  genid: [Function: genid],
  store: FileStore {
    _events: [Object: null prototype] {
      disconnect: [Function: ondisconnect],
      connect: [Function: onconnect]
    },
    _eventsCount: 2,
    _maxListeners: undefined,
    options: {
      path: 'sessions',
      ttl: 3600,
      retries: 5,
      factor: 1,
      minTimeout: 50,
      maxTimeout: 100,
      reapInterval: 3600,
      reapMaxConcurrent: 10,
      reapAsync: false,
      reapSyncFallback: false,
      logFn: [Function: bound consoleCall],
      encoding: 'utf8',
      encoder: [Function: stringify],
      decoder: [Function: parse],
      encryptEncoding: 'hex',
      fileExtension: '.json',
      crypto: [Object],
      keyFunction: [Function: keyFunction],
      filePattern: /\.json$/,
      reapIntervalObject: Timeout {
        _idleTimeout: 3600000,
        _idlePrev: [TimersList],
        _idleNext: [TimersList],
        _idleStart: 297,
        _onTimeout: [Function],
        _timerArgs: undefined,
        _repeat: 3600000,
        _destroyed: false,
        [Symbol(refed)]: false,
        [Symbol(asyncId)]: 6,
        [Symbol(triggerId)]: 1
      }
    },
    generate: [Function],
    [Symbol(kCapture)]: false
  },
  resave: false,
  saveUninitialized: false,
  secret: 'qwerty',
  cookie: { expires: 1626863097872, maxage: 311040000000 },
  horodate: '',
  ip: '',
  geoloc: {},
  views: { '/': 8, '/cv': 1, '/adm1n': 2, '/giftedADHD': 0 }
}
[2020-07-21T12:25:19.098] [TRACE] file - {
  genid: [Function: genid],
  store: FileStore {
    _events: [Object: null prototype] {
      disconnect: [Function: ondisconnect],
      connect: [Function: onconnect]
    },
    _eventsCount: 2,
    _maxListeners: undefined,
    options: {
      path: 'sessions',
      ttl: 3600,
      retries: 5,
      factor: 1,
      minTimeout: 50,
      maxTimeout: 100,
      reapInterval: 3600,
      reapMaxConcurrent: 10,
      reapAsync: false,
      reapSyncFallback: false,
      logFn: [Function: bound consoleCall],
      encoding: 'utf8',
      encoder: [Function: stringify],
      decoder: [Function: parse],
      encryptEncoding: 'hex',
      fileExtension: '.json',
      crypto: [Object],
      keyFunction: [Function: keyFunction],
      filePattern: /\.json$/,
      reapIntervalObject: Timeout {
        _idleTimeout: 3600000,
        _idlePrev: [TimersList],
        _idleNext: [TimersList],
        _idleStart: 297,
        _onTimeout: [Function],
        _timerArgs: undefined,
        _repeat: 3600000,
        _destroyed: false,
        [Symbol(refed)]: false,
        [Symbol(asyncId)]: 6,
        [Symbol(triggerId)]: 1
      }
    },
    generate: [Function],
    [Symbol(kCapture)]: false
  },
  resave: false,
  saveUninitialized: false,
  secret: 'qwerty',
  cookie: { expires: 1626863097872, maxage: 311040000000 },
  horodate: '',
  ip: '',
  geoloc: {},
  views: { '/': 8, '/cv': 1, '/adm1n': 2, '/giftedADHD': 0 }
}
[2020-07-21T12:25:23.279] [TRACE] file - {
  genid: [Function: genid],
  store: FileStore {
    _events: [Object: null prototype] {
      disconnect: [Function: ondisconnect],
      connect: [Function: onconnect]
    },
    _eventsCount: 2,
    _maxListeners: undefined,
    options: {
      path: 'sessions',
      ttl: 3600,
      retries: 5,
      factor: 1,
      minTimeout: 50,
      maxTimeout: 100,
      reapInterval: 3600,
      reapMaxConcurrent: 10,
      reapAsync: false,
      reapSyncFallback: false,
      logFn: [Function: bound consoleCall],
      encoding: 'utf8',
      encoder: [Function: stringify],
      decoder: [Function: parse],
      encryptEncoding: 'hex',
      fileExtension: '.json',
      crypto: [Object],
      keyFunction: [Function: keyFunction],
      filePattern: /\.json$/,
      reapIntervalObject: Timeout {
        _idleTimeout: 3600000,
        _idlePrev: [TimersList],
        _idleNext: [TimersList],
        _idleStart: 297,
        _onTimeout: [Function],
        _timerArgs: undefined,
        _repeat: 3600000,
        _destroyed: false,
        [Symbol(refed)]: false,
        [Symbol(asyncId)]: 6,
        [Symbol(triggerId)]: 1
      }
    },
    generate: [Function],
    [Symbol(kCapture)]: false
  },
  resave: false,
  saveUninitialized: false,
  secret: 'qwerty',
  cookie: { expires: 1626863097872, maxage: 311040000000 },
  horodate: '',
  ip: '',
  geoloc: {},
  views: { '/': 8, '/cv': 1, '/adm1n': 2, '/giftedADHD': 0 }
}
[2020-07-21T12:25:24.756] [TRACE] file - {
  genid: [Function: genid],
  store: FileStore {
    _events: [Object: null prototype] {
      disconnect: [Function: ondisconnect],
      connect: [Function: onconnect]
    },
    _eventsCount: 2,
    _maxListeners: undefined,
    options: {
      path: 'sessions',
      ttl: 3600,
      retries: 5,
      factor: 1,
      minTimeout: 50,
      maxTimeout: 100,
      reapInterval: 3600,
      reapMaxConcurrent: 10,
      reapAsync: false,
      reapSyncFallback: false,
      logFn: [Function: bound consoleCall],
      encoding: 'utf8',
      encoder: [Function: stringify],
      decoder: [Function: parse],
      encryptEncoding: 'hex',
      fileExtension: '.json',
      crypto: [Object],
      keyFunction: [Function: keyFunction],
      filePattern: /\.json$/,
      reapIntervalObject: Timeout {
        _idleTimeout: 3600000,
        _idlePrev: [TimersList],
        _idleNext: [TimersList],
        _idleStart: 297,
        _onTimeout: [Function],
        _timerArgs: undefined,
        _repeat: 3600000,
        _destroyed: false,
        [Symbol(refed)]: false,
        [Symbol(asyncId)]: 6,
        [Symbol(triggerId)]: 1
      }
    },
    generate: [Function],
    [Symbol(kCapture)]: false
  },
  resave: false,
  saveUninitialized: false,
  secret: 'qwerty',
  cookie: { expires: 1626863097872, maxage: 311040000000 },
  horodate: '',
  ip: '',
  geoloc: {},
  views: { '/': 8, '/cv': 1, '/adm1n': 2, '/giftedADHD': 0 }
}
[2020-07-21T12:25:25.611] [TRACE] file - {
  genid: [Function: genid],
  store: FileStore {
    _events: [Object: null prototype] {
      disconnect: [Function: ondisconnect],
      connect: [Function: onconnect]
    },
    _eventsCount: 2,
    _maxListeners: undefined,
    options: {
      path: 'sessions',
      ttl: 3600,
      retries: 5,
      factor: 1,
      minTimeout: 50,
      maxTimeout: 100,
      reapInterval: 3600,
      reapMaxConcurrent: 10,
      reapAsync: false,
      reapSyncFallback: false,
      logFn: [Function: bound consoleCall],
      encoding: 'utf8',
      encoder: [Function: stringify],
      decoder: [Function: parse],
      encryptEncoding: 'hex',
      fileExtension: '.json',
      crypto: [Object],
      keyFunction: [Function: keyFunction],
      filePattern: /\.json$/,
      reapIntervalObject: Timeout {
        _idleTimeout: 3600000,
        _idlePrev: [TimersList],
        _idleNext: [TimersList],
        _idleStart: 297,
        _onTimeout: [Function],
        _timerArgs: undefined,
        _repeat: 3600000,
        _destroyed: false,
        [Symbol(refed)]: false,
        [Symbol(asyncId)]: 6,
        [Symbol(triggerId)]: 1
      }
    },
    generate: [Function],
    [Symbol(kCapture)]: false
  },
  resave: false,
  saveUninitialized: false,
  secret: 'qwerty',
  cookie: { expires: 1626863097872, maxage: 311040000000 },
  horodate: '',
  ip: '',
  geoloc: {},
  views: { '/': 8, '/cv': 1, '/adm1n': 2, '/giftedADHD': 0 }
}
[2020-07-21T12:25:26.191] [TRACE] file - {
  genid: [Function: genid],
  store: FileStore {
    _events: [Object: null prototype] {
      disconnect: [Function: ondisconnect],
      connect: [Function: onconnect]
    },
    _eventsCount: 2,
    _maxListeners: undefined,
    options: {
      path: 'sessions',
      ttl: 3600,
      retries: 5,
      factor: 1,
      minTimeout: 50,
      maxTimeout: 100,
      reapInterval: 3600,
      reapMaxConcurrent: 10,
      reapAsync: false,
      reapSyncFallback: false,
      logFn: [Function: bound consoleCall],
      encoding: 'utf8',
      encoder: [Function: stringify],
      decoder: [Function: parse],
      encryptEncoding: 'hex',
      fileExtension: '.json',
      crypto: [Object],
      keyFunction: [Function: keyFunction],
      filePattern: /\.json$/,
      reapIntervalObject: Timeout {
        _idleTimeout: 3600000,
        _idlePrev: [TimersList],
        _idleNext: [TimersList],
        _idleStart: 297,
        _onTimeout: [Function],
        _timerArgs: undefined,
        _repeat: 3600000,
        _destroyed: false,
        [Symbol(refed)]: false,
        [Symbol(asyncId)]: 6,
        [Symbol(triggerId)]: 1
      }
    },
    generate: [Function],
    [Symbol(kCapture)]: false
  },
  resave: false,
  saveUninitialized: false,
  secret: 'qwerty',
  cookie: { expires: 1626863097872, maxage: 311040000000 },
  horodate: '',
  ip: '',
  geoloc: {},
  views: { '/': 8, '/cv': 1, '/adm1n': 2, '/giftedADHD': 0 }
}
[2020-07-21T12:25:29.901] [TRACE] file - {
  genid: [Function: genid],
  store: FileStore {
    _events: [Object: null prototype] {
      disconnect: [Function: ondisconnect],
      connect: [Function: onconnect]
    },
    _eventsCount: 2,
    _maxListeners: undefined,
    options: {
      path: 'sessions',
      ttl: 3600,
      retries: 5,
      factor: 1,
      minTimeout: 50,
      maxTimeout: 100,
      reapInterval: 3600,
      reapMaxConcurrent: 10,
      reapAsync: false,
      reapSyncFallback: false,
      logFn: [Function: bound consoleCall],
      encoding: 'utf8',
      encoder: [Function: stringify],
      decoder: [Function: parse],
      encryptEncoding: 'hex',
      fileExtension: '.json',
      crypto: [Object],
      keyFunction: [Function: keyFunction],
      filePattern: /\.json$/,
      reapIntervalObject: Timeout {
        _idleTimeout: 3600000,
        _idlePrev: [TimersList],
        _idleNext: [TimersList],
        _idleStart: 297,
        _onTimeout: [Function],
        _timerArgs: undefined,
        _repeat: 3600000,
        _destroyed: false,
        [Symbol(refed)]: false,
        [Symbol(asyncId)]: 6,
        [Symbol(triggerId)]: 1
      }
    },
    generate: [Function],
    [Symbol(kCapture)]: false
  },
  resave: false,
  saveUninitialized: false,
  secret: 'qwerty',
  cookie: { expires: 1626863097872, maxage: 311040000000 },
  horodate: '',
  ip: '',
  geoloc: {},
  views: { '/': 8, '/cv': 1, '/adm1n': 2, '/giftedADHD': 0 }
}
[2020-07-21T12:25:30.634] [TRACE] file - {
  genid: [Function: genid],
  store: FileStore {
    _events: [Object: null prototype] {
      disconnect: [Function: ondisconnect],
      connect: [Function: onconnect]
    },
    _eventsCount: 2,
    _maxListeners: undefined,
    options: {
      path: 'sessions',
      ttl: 3600,
      retries: 5,
      factor: 1,
      minTimeout: 50,
      maxTimeout: 100,
      reapInterval: 3600,
      reapMaxConcurrent: 10,
      reapAsync: false,
      reapSyncFallback: false,
      logFn: [Function: bound consoleCall],
      encoding: 'utf8',
      encoder: [Function: stringify],
      decoder: [Function: parse],
      encryptEncoding: 'hex',
      fileExtension: '.json',
      crypto: [Object],
      keyFunction: [Function: keyFunction],
      filePattern: /\.json$/,
      reapIntervalObject: Timeout {
        _idleTimeout: 3600000,
        _idlePrev: [TimersList],
        _idleNext: [TimersList],
        _idleStart: 297,
        _onTimeout: [Function],
        _timerArgs: undefined,
        _repeat: 3600000,
        _destroyed: false,
        [Symbol(refed)]: false,
        [Symbol(asyncId)]: 6,
        [Symbol(triggerId)]: 1
      }
    },
    generate: [Function],
    [Symbol(kCapture)]: false
  },
  resave: false,
  saveUninitialized: false,
  secret: 'qwerty',
  cookie: { expires: 1626863097872, maxage: 311040000000 },
  horodate: '',
  ip: '',
  geoloc: {},
  views: { '/': 8, '/cv': 1, '/adm1n': 2, '/giftedADHD': 0 }
}
[2020-07-21T12:25:31.333] [TRACE] file - {
  genid: [Function: genid],
  store: FileStore {
    _events: [Object: null prototype] {
      disconnect: [Function: ondisconnect],
      connect: [Function: onconnect]
    },
    _eventsCount: 2,
    _maxListeners: undefined,
    options: {
      path: 'sessions',
      ttl: 3600,
      retries: 5,
      factor: 1,
      minTimeout: 50,
      maxTimeout: 100,
      reapInterval: 3600,
      reapMaxConcurrent: 10,
      reapAsync: false,
      reapSyncFallback: false,
      logFn: [Function: bound consoleCall],
      encoding: 'utf8',
      encoder: [Function: stringify],
      decoder: [Function: parse],
      encryptEncoding: 'hex',
      fileExtension: '.json',
      crypto: [Object],
      keyFunction: [Function: keyFunction],
      filePattern: /\.json$/,
      reapIntervalObject: Timeout {
        _idleTimeout: 3600000,
        _idlePrev: [TimersList],
        _idleNext: [TimersList],
        _idleStart: 297,
        _onTimeout: [Function],
        _timerArgs: undefined,
        _repeat: 3600000,
        _destroyed: false,
        [Symbol(refed)]: false,
        [Symbol(asyncId)]: 6,
        [Symbol(triggerId)]: 1
      }
    },
    generate: [Function],
    [Symbol(kCapture)]: false
  },
  resave: false,
  saveUninitialized: false,
  secret: 'qwerty',
  cookie: { expires: 1626863097872, maxage: 311040000000 },
  horodate: '',
  ip: '',
  geoloc: {},
  views: { '/': 8, '/cv': 1, '/adm1n': 2, '/giftedADHD': 0 }
}
[2020-07-21T12:25:32.713] [TRACE] file - {
  genid: [Function: genid],
  store: FileStore {
    _events: [Object: null prototype] {
      disconnect: [Function: ondisconnect],
      connect: [Function: onconnect]
    },
    _eventsCount: 2,
    _maxListeners: undefined,
    options: {
      path: 'sessions',
      ttl: 3600,
      retries: 5,
      factor: 1,
      minTimeout: 50,
      maxTimeout: 100,
      reapInterval: 3600,
      reapMaxConcurrent: 10,
      reapAsync: false,
      reapSyncFallback: false,
      logFn: [Function: bound consoleCall],
      encoding: 'utf8',
      encoder: [Function: stringify],
      decoder: [Function: parse],
      encryptEncoding: 'hex',
      fileExtension: '.json',
      crypto: [Object],
      keyFunction: [Function: keyFunction],
      filePattern: /\.json$/,
      reapIntervalObject: Timeout {
        _idleTimeout: 3600000,
        _idlePrev: [TimersList],
        _idleNext: [TimersList],
        _idleStart: 297,
        _onTimeout: [Function],
        _timerArgs: undefined,
        _repeat: 3600000,
        _destroyed: false,
        [Symbol(refed)]: false,
        [Symbol(asyncId)]: 6,
        [Symbol(triggerId)]: 1
      }
    },
    generate: [Function],
    [Symbol(kCapture)]: false
  },
  resave: false,
  saveUninitialized: false,
  secret: 'qwerty',
  cookie: { expires: 1626863097872, maxage: 311040000000 },
  horodate: '',
  ip: '',
  geoloc: {},
  views: { '/': 8, '/cv': 1, '/adm1n': 3, '/giftedADHD': 0 }
}
[2020-07-21T12:25:34.019] [TRACE] file - {
  genid: [Function: genid],
  store: FileStore {
    _events: [Object: null prototype] {
      disconnect: [Function: ondisconnect],
      connect: [Function: onconnect]
    },
    _eventsCount: 2,
    _maxListeners: undefined,
    options: {
      path: 'sessions',
      ttl: 3600,
      retries: 5,
      factor: 1,
      minTimeout: 50,
      maxTimeout: 100,
      reapInterval: 3600,
      reapMaxConcurrent: 10,
      reapAsync: false,
      reapSyncFallback: false,
      logFn: [Function: bound consoleCall],
      encoding: 'utf8',
      encoder: [Function: stringify],
      decoder: [Function: parse],
      encryptEncoding: 'hex',
      fileExtension: '.json',
      crypto: [Object],
      keyFunction: [Function: keyFunction],
      filePattern: /\.json$/,
      reapIntervalObject: Timeout {
        _idleTimeout: 3600000,
        _idlePrev: [TimersList],
        _idleNext: [TimersList],
        _idleStart: 297,
        _onTimeout: [Function],
        _timerArgs: undefined,
        _repeat: 3600000,
        _destroyed: false,
        [Symbol(refed)]: false,
        [Symbol(asyncId)]: 6,
        [Symbol(triggerId)]: 1
      }
    },
    generate: [Function],
    [Symbol(kCapture)]: false
  },
  resave: false,
  saveUninitialized: false,
  secret: 'qwerty',
  cookie: { expires: 1626863097872, maxage: 311040000000 },
  horodate: '',
  ip: '',
  geoloc: {},
  views: { '/': 8, '/cv': 1, '/adm1n': 4, '/giftedADHD': 0 }
}
[2020-07-21T12:25:35.820] [TRACE] file - {
  genid: [Function: genid],
  store: FileStore {
    _events: [Object: null prototype] {
      disconnect: [Function: ondisconnect],
      connect: [Function: onconnect]
    },
    _eventsCount: 2,
    _maxListeners: undefined,
    options: {
      path: 'sessions',
      ttl: 3600,
      retries: 5,
      factor: 1,
      minTimeout: 50,
      maxTimeout: 100,
      reapInterval: 3600,
      reapMaxConcurrent: 10,
      reapAsync: false,
      reapSyncFallback: false,
      logFn: [Function: bound consoleCall],
      encoding: 'utf8',
      encoder: [Function: stringify],
      decoder: [Function: parse],
      encryptEncoding: 'hex',
      fileExtension: '.json',
      crypto: [Object],
      keyFunction: [Function: keyFunction],
      filePattern: /\.json$/,
      reapIntervalObject: Timeout {
        _idleTimeout: 3600000,
        _idlePrev: [TimersList],
        _idleNext: [TimersList],
        _idleStart: 297,
        _onTimeout: [Function],
        _timerArgs: undefined,
        _repeat: 3600000,
        _destroyed: false,
        [Symbol(refed)]: false,
        [Symbol(asyncId)]: 6,
        [Symbol(triggerId)]: 1
      }
    },
    generate: [Function],
    [Symbol(kCapture)]: false
  },
  resave: false,
  saveUninitialized: false,
  secret: 'qwerty',
  cookie: { expires: 1626863097872, maxage: 311040000000 },
  horodate: '',
  ip: '',
  geoloc: {},
  views: { '/': 8, '/cv': 1, '/adm1n': 4, '/giftedADHD': 0 }
}
