Wed Jul 21 2021 07:36:38 GMT+0200 (GMT+02:00)[2020-07-21T07:41:08.791] [TRACE] trace - {
  genid: [Function: genid],
  store: FileStore {
    _events: [Object: null prototype] {
      disconnect: [Function: ondisconnect],
      connect: [Function: onconnect]
    },
    _eventsCount: 2,
    _maxListeners: undefined,
    options: {
      path: 'sessions',
      ttl: 3600,
      retries: 5,
      factor: 1,
      minTimeout: 50,
      maxTimeout: 100,
      reapInterval: 3600,
      reapMaxConcurrent: 10,
      reapAsync: false,
      reapSyncFallback: false,
      logFn: [Function: bound consoleCall],
      encoding: 'utf8',
      encoder: [Function: stringify],
      decoder: [Function: parse],
      encryptEncoding: 'hex',
      fileExtension: '.json',
      crypto: [Object],
      keyFunction: [Function: keyFunction],
      filePattern: /\.json$/,
      reapIntervalObject: Timeout {
        _idleTimeout: 3600000,
        _idlePrev: [TimersList],
        _idleNext: [Timeout],
        _idleStart: 314,
        _onTimeout: [Function],
        _timerArgs: undefined,
        _repeat: 3600000,
        _destroyed: false,
        [Symbol(refed)]: false,
        [Symbol(asyncId)]: 7,
        [Symbol(triggerId)]: 1
      }
    },
    generate: [Function],
    [Symbol(kCapture)]: false
  },
  resave: false,
  saveUninitialized: false,
  secret: 'qwerty',
  cookie: { expires: 1626845798892, maxage: 311040000000 },
  horodate: 2020-07-21T07:41:08.667Z,
  ip: '59.126.201.153',
  geoloc: {
    range: [ 998164480, 998166527 ],
    country: 'TW',
    region: 'TXG',
    eu: '0',
    timezone: 'Asia/Taipei',
    city: 'Taichung',
    ll: [ 24.1469, 120.6839 ],
    metro: 0,
    area: 50
  },
  views: { '/': 1 }
}
