Thu Jul 29 2021 14:09:25 GMT+0200 (GMT+02:00)[2020-07-29T14:09:28.926] [TRACE] file - 5AgUTu-d004Il8MstKp4wagf
[2020-07-29T14:09:28.926] [TRACE] file - Session {
  cookie: {
    path: '/',
    _expires: 2020-10-27T12:09:28.919Z,
    originalMaxAge: 7775999998,
    httpOnly: true
  },
  views: { '/': 30, '/cv': 37, '/giftedADHD': 1 },
  horodate: 2020-07-29T14:09:28.360Z,
  ip: '83.202.34.239',
  geoloc: {
    range: [ 1405755904, 1405756415 ],
    country: 'FR',
    region: 'IDF',
    eu: '1',
    timezone: 'Europe/Paris',
    city: 'Paris',
    ll: [ 48.8543, 2.3527 ],
    metro: 0,
    area: 10
  },
  __lastAccess: 1596024568922
}
[2020-07-29T14:09:33.088] [TRACE] file - 5AgUTu-d004Il8MstKp4wagf
[2020-07-29T14:09:33.088] [TRACE] file - Session {
  cookie: {
    path: '/',
    _expires: 2020-10-27T12:09:33.086Z,
    originalMaxAge: 7775999998,
    httpOnly: true
  },
  views: { '/': 31, '/cv': 37, '/giftedADHD': 1 },
  horodate: 2020-07-29T14:09:32.973Z,
  ip: '83.202.34.239',
  geoloc: {
    range: [ 1405755904, 1405756415 ],
    country: 'FR',
    region: 'IDF',
    eu: '1',
    timezone: 'Europe/Paris',
    city: 'Paris',
    ll: [ 48.8543, 2.3527 ],
    metro: 0,
    area: 10
  },
  __lastAccess: 1596024573088
}
[2020-07-29T14:10:06.555] [TRACE] file - -Bgehl71fptxYYnS9NpHC_Fu
[2020-07-29T14:10:06.555] [TRACE] file - Session {
  cookie: {
    path: '/',
    _expires: 2020-10-27T12:10:06.554Z,
    originalMaxAge: 7775999999,
    httpOnly: true
  },
  views: { '/': 134, '/cv': 86, '/giftedADHD': 80 },
  horodate: 2020-07-29T14:10:06.366Z,
  ip: '83.202.34.239',
  geoloc: {
    range: [ 1405755904, 1405756415 ],
    country: 'FR',
    region: 'IDF',
    eu: '1',
    timezone: 'Europe/Paris',
    city: 'Paris',
    ll: [ 48.8543, 2.3527 ],
    metro: 0,
    area: 10
  },
  __lastAccess: 1596024606555
}
[2020-07-29T14:10:23.902] [TRACE] file - -Bgehl71fptxYYnS9NpHC_Fu
[2020-07-29T14:10:23.902] [TRACE] file - Session {
  cookie: {
    path: '/',
    _expires: 2020-10-27T12:10:23.901Z,
    originalMaxAge: 7775999999,
    httpOnly: true
  },
  views: { '/': 135, '/cv': 86, '/giftedADHD': 80 },
  horodate: 2020-07-29T14:10:23.812Z,
  ip: '83.202.34.239',
  geoloc: {
    range: [ 1405755904, 1405756415 ],
    country: 'FR',
    region: 'IDF',
    eu: '1',
    timezone: 'Europe/Paris',
    city: 'Paris',
    ll: [ 48.8543, 2.3527 ],
    metro: 0,
    area: 10
  },
  __lastAccess: 1596024623902
}
[2020-07-29T14:10:31.812] [TRACE] file - -Bgehl71fptxYYnS9NpHC_Fu
[2020-07-29T14:10:31.812] [TRACE] file - Session {
  cookie: {
    path: '/',
    _expires: 2020-10-27T12:10:31.810Z,
    originalMaxAge: 7775999999,
    httpOnly: true
  },
  views: { '/': 136, '/cv': 86, '/giftedADHD': 80 },
  horodate: 2020-07-29T14:10:31.724Z,
  ip: '83.202.34.239',
  geoloc: {
    range: [ 1405755904, 1405756415 ],
    country: 'FR',
    region: 'IDF',
    eu: '1',
    timezone: 'Europe/Paris',
    city: 'Paris',
    ll: [ 48.8543, 2.3527 ],
    metro: 0,
    area: 10
  },
  __lastAccess: 1596024631811
}
[2020-07-29T14:10:35.355] [TRACE] file - Session {
  cookie: {
    path: '/',
    _expires: 2020-10-27T12:10:35.354Z,
    originalMaxAge: 7775999999,
    httpOnly: true
  },
  views: { '/': 136, '/cv': 87, '/giftedADHD': 80 },
  horodate: 2020-07-29T14:10:35.289Z,
  ip: '83.202.34.239',
  geoloc: {
    range: [ 1405755904, 1405756415 ],
    country: 'FR',
    region: 'IDF',
    eu: '1',
    timezone: 'Europe/Paris',
    city: 'Paris',
    ll: [ 48.8543, 2.3527 ],
    metro: 0,
    area: 10
  },
  __lastAccess: 1596024635355
}
[2020-07-29T14:10:36.915] [TRACE] file - Session {
  cookie: {
    path: '/',
    _expires: 2020-10-27T12:10:36.914Z,
    originalMaxAge: 7775999999,
    httpOnly: true
  },
  views: { '/': 136, '/cv': 87, '/giftedADHD': 81 },
  horodate: 2020-07-29T14:10:36.863Z,
  ip: '83.202.34.239',
  geoloc: {
    range: [ 1405755904, 1405756415 ],
    country: 'FR',
    region: 'IDF',
    eu: '1',
    timezone: 'Europe/Paris',
    city: 'Paris',
    ll: [ 48.8543, 2.3527 ],
    metro: 0,
    area: 10
  },
  __lastAccess: 1596024636915
}
[2020-07-29T14:12:02.402] [TRACE] file - tYL7PI8HMwAiYNI_4RsiINag
[2020-07-29T14:12:02.402] [TRACE] file - Session {
  cookie: {
    path: '/',
    _expires: 2020-10-27T12:12:02.402Z,
    originalMaxAge: 7776000000,
    httpOnly: true,
    sameSite: 'Lax'
  },
  views: { '/': 1 },
  horodate: 2020-07-29T14:12:02.340Z,
  ip: '177.86.24.86',
  geoloc: {
    range: [ 2975209472, 2975210495 ],
    country: 'BR',
    region: 'BA',
    eu: '0',
    timezone: 'America/Bahia',
    city: 'Conceicao do Coite',
    ll: [ -11.6321, -39.1911 ],
    metro: 0,
    area: 50
  },
  __lastAccess: 1596024722402
}
[2020-07-29T14:15:59.553] [TRACE] file - Di-bmv1q8tCGdedWoQ4cf8yp
[2020-07-29T14:15:59.553] [TRACE] file - Session {
  cookie: {
    path: '/',
    _expires: 2020-10-27T12:15:59.552Z,
    originalMaxAge: 7776000000,
    httpOnly: true,
    sameSite: 'Lax'
  },
  views: { '/': 1 },
  horodate: 2020-07-29T14:15:59.484Z,
  ip: '59.127.47.153',
  geoloc: {
    range: [ 998189056, 998191103 ],
    country: 'TW',
    region: 'TNN',
    eu: '0',
    timezone: 'Asia/Taipei',
    city: 'Tainan City',
    ll: [ 22.9908, 120.2133 ],
    metro: 0,
    area: 200
  },
  __lastAccess: 1596024959552
}
[2020-07-29T14:48:56.151] [TRACE] file - zAYQ-O9pozvSLsCBxw6EITyw
[2020-07-29T14:48:56.151] [TRACE] file - Session {
  cookie: {
    path: '/',
    _expires: 2020-10-27T12:48:56.151Z,
    originalMaxAge: 7776000000,
    httpOnly: true,
    sameSite: 'Lax'
  },
  views: { '/': 1 },
  horodate: 2020-07-29T14:48:56.088Z,
  ip: '14.245.167.74',
  geoloc: {
    range: [ 250978304, 250980351 ],
    country: 'VN',
    region: '27',
    eu: '0',
    timezone: 'Asia/Ho_Chi_Minh',
    city: 'Quang Nam',
    ll: [ 15.8858, 108.2569 ],
    metro: 0,
    area: 20
  },
  __lastAccess: 1596026936151
}
[2020-07-29T14:56:42.876] [TRACE] file - nDpGyFDiM6vvhqF0pM09klHN
[2020-07-29T14:56:42.876] [TRACE] file - Session {
  cookie: {
    path: '/',
    _expires: 2020-10-27T12:56:42.876Z,
    originalMaxAge: 7776000000,
    httpOnly: true,
    sameSite: 'Lax'
  },
  views: { '/': 1 },
  horodate: 2020-07-29T14:56:42.817Z,
  ip: '199.16.157.181',
  geoloc: {
    range: [ 3339754496, 3339755519 ],
    country: 'US',
    region: '',
    eu: '0',
    timezone: 'America/Chicago',
    city: '',
    ll: [ 37.751, -97.822 ],
    metro: 0,
    area: 1000
  },
  __lastAccess: 1596027402876
}
[2020-07-29T14:59:59.774] [TRACE] file - Ea_0Y0yBbsI8MaauNt2RQBpI
[2020-07-29T14:59:59.774] [TRACE] file - Session {
  cookie: {
    path: '/',
    _expires: 2020-10-27T12:59:59.774Z,
    originalMaxAge: 7776000000,
    httpOnly: true
  },
  views: { '/': 3, '/cv': 1, '/giftedADHD': 1 },
  horodate: 2020-07-29T14:59:59.721Z,
  ip: '83.202.34.239',
  geoloc: {
    range: [ 1405755904, 1405756415 ],
    country: 'FR',
    region: 'IDF',
    eu: '1',
    timezone: 'Europe/Paris',
    city: 'Paris',
    ll: [ 48.8543, 2.3527 ],
    metro: 0,
    area: 10
  },
  __lastAccess: 1596027599774
}
[2020-07-29T15:00:02.535] [TRACE] file - Ea_0Y0yBbsI8MaauNt2RQBpI
[2020-07-29T15:00:02.535] [TRACE] file - Session {
  cookie: {
    path: '/',
    _expires: 2020-10-27T13:00:02.535Z,
    originalMaxAge: 7776000000,
    httpOnly: true
  },
  views: { '/': 4, '/cv': 1, '/giftedADHD': 1 },
  horodate: 2020-07-29T15:00:02.480Z,
  ip: '83.202.34.239',
  geoloc: {
    range: [ 1405755904, 1405756415 ],
    country: 'FR',
    region: 'IDF',
    eu: '1',
    timezone: 'Europe/Paris',
    city: 'Paris',
    ll: [ 48.8543, 2.3527 ],
    metro: 0,
    area: 10
  },
  __lastAccess: 1596027602535
}
[2020-07-29T15:00:04.311] [TRACE] file - Ea_0Y0yBbsI8MaauNt2RQBpI
[2020-07-29T15:00:04.311] [TRACE] file - Session {
  cookie: {
    path: '/',
    _expires: 2020-10-27T13:00:04.311Z,
    originalMaxAge: 7776000000,
    httpOnly: true
  },
  views: { '/': 5, '/cv': 1, '/giftedADHD': 1 },
  horodate: 2020-07-29T15:00:04.261Z,
  ip: '83.202.34.239',
  geoloc: {
    range: [ 1405755904, 1405756415 ],
    country: 'FR',
    region: 'IDF',
    eu: '1',
    timezone: 'Europe/Paris',
    city: 'Paris',
    ll: [ 48.8543, 2.3527 ],
    metro: 0,
    area: 10
  },
  __lastAccess: 1596027604311
}
[2020-07-29T15:00:07.524] [TRACE] file - Ea_0Y0yBbsI8MaauNt2RQBpI
[2020-07-29T15:00:07.524] [TRACE] file - Session {
  cookie: {
    path: '/',
    _expires: 2020-10-27T13:00:07.523Z,
    originalMaxAge: 7776000000,
    httpOnly: true
  },
  views: { '/': 6, '/cv': 1, '/giftedADHD': 1 },
  horodate: 2020-07-29T15:00:07.477Z,
  ip: '83.202.34.239',
  geoloc: {
    range: [ 1405755904, 1405756415 ],
    country: 'FR',
    region: 'IDF',
    eu: '1',
    timezone: 'Europe/Paris',
    city: 'Paris',
    ll: [ 48.8543, 2.3527 ],
    metro: 0,
    area: 10
  },
  __lastAccess: 1596027607523
}
[2020-07-29T15:00:14.157] [TRACE] file - Session {
  cookie: {
    path: '/',
    _expires: 2020-10-27T13:00:14.156Z,
    originalMaxAge: 7776000000,
    httpOnly: true
  },
  views: { '/': 6, '/cv': 2, '/giftedADHD': 1 },
  horodate: 2020-07-29T15:00:14.109Z,
  ip: '83.202.34.239',
  geoloc: {
    range: [ 1405755904, 1405756415 ],
    country: 'FR',
    region: 'IDF',
    eu: '1',
    timezone: 'Europe/Paris',
    city: 'Paris',
    ll: [ 48.8543, 2.3527 ],
    metro: 0,
    area: 10
  },
  __lastAccess: 1596027614156
}
[2020-07-29T15:00:17.766] [TRACE] file - Session {
  cookie: {
    path: '/',
    _expires: 2020-10-27T13:00:17.766Z,
    originalMaxAge: 7776000000,
    httpOnly: true
  },
  views: { '/': 6, '/cv': 2, '/giftedADHD': 2 },
  horodate: 2020-07-29T15:00:17.733Z,
  ip: '83.202.34.239',
  geoloc: {
    range: [ 1405755904, 1405756415 ],
    country: 'FR',
    region: 'IDF',
    eu: '1',
    timezone: 'Europe/Paris',
    city: 'Paris',
    ll: [ 48.8543, 2.3527 ],
    metro: 0,
    area: 10
  },
  __lastAccess: 1596027617766
}
[2020-07-29T15:00:20.291] [TRACE] file - Ea_0Y0yBbsI8MaauNt2RQBpI
[2020-07-29T15:00:20.292] [TRACE] file - Session {
  cookie: {
    path: '/',
    _expires: 2020-10-27T13:00:20.291Z,
    originalMaxAge: 7776000000,
    httpOnly: true
  },
  views: { '/': 7, '/cv': 2, '/giftedADHD': 2 },
  horodate: 2020-07-29T15:00:20.246Z,
  ip: '83.202.34.239',
  geoloc: {
    range: [ 1405755904, 1405756415 ],
    country: 'FR',
    region: 'IDF',
    eu: '1',
    timezone: 'Europe/Paris',
    city: 'Paris',
    ll: [ 48.8543, 2.3527 ],
    metro: 0,
    area: 10
  },
  __lastAccess: 1596027620291
}
[2020-07-29T15:00:43.354] [TRACE] file - _d3gJb1q6ESX5vemmUmUYOcJ
[2020-07-29T15:00:43.354] [TRACE] file - Session {
  cookie: {
    path: '/',
    _expires: 2020-10-27T13:00:43.354Z,
    originalMaxAge: 7776000000,
    httpOnly: true,
    sameSite: 'Lax'
  },
  views: { '/': 1 },
  horodate: 2020-07-29T15:00:43.303Z,
  ip: '83.202.34.239',
  geoloc: {
    range: [ 1405755904, 1405756415 ],
    country: 'FR',
    region: 'IDF',
    eu: '1',
    timezone: 'Europe/Paris',
    city: 'Paris',
    ll: [ 48.8543, 2.3527 ],
    metro: 0,
    area: 10
  },
  __lastAccess: 1596027643354
}
[2020-07-29T15:00:43.430] [TRACE] file - -OxlY1bShzZ6VG6pYSRVtn4b
[2020-07-29T15:00:43.430] [TRACE] file - Session {
  cookie: {
    path: '/',
    _expires: 2020-10-27T13:00:43.430Z,
    originalMaxAge: 7776000000,
    httpOnly: true,
    sameSite: 'Lax'
  },
  views: { '/': 1 },
  horodate: 2020-07-29T15:00:43.383Z,
  ip: '83.202.34.239',
  geoloc: {
    range: [ 1405755904, 1405756415 ],
    country: 'FR',
    region: 'IDF',
    eu: '1',
    timezone: 'Europe/Paris',
    city: 'Paris',
    ll: [ 48.8543, 2.3527 ],
    metro: 0,
    area: 10
  },
  __lastAccess: 1596027643430
}
[2020-07-29T15:00:48.974] [TRACE] file - Session {
  cookie: {
    path: '/',
    _expires: 2020-10-27T13:00:48.974Z,
    originalMaxAge: 7776000000,
    httpOnly: true,
    sameSite: 'Lax'
  },
  views: { '/': 1, '/cv': 1 },
  horodate: 2020-07-29T15:00:48.922Z,
  ip: '83.202.34.239',
  geoloc: {
    range: [ 1405755904, 1405756415 ],
    country: 'FR',
    region: 'IDF',
    eu: '1',
    timezone: 'Europe/Paris',
    city: 'Paris',
    ll: [ 48.8543, 2.3527 ],
    metro: 0,
    area: 10
  },
  __lastAccess: 1596027648974
}
[2020-07-29T15:00:50.535] [TRACE] file - Session {
  cookie: {
    path: '/',
    _expires: 2020-10-27T13:00:50.535Z,
    originalMaxAge: 7776000000,
    httpOnly: true,
    sameSite: 'Lax'
  },
  views: { '/': 1, '/cv': 1, '/giftedADHD': 1 },
  horodate: 2020-07-29T15:00:50.504Z,
  ip: '83.202.34.239',
  geoloc: {
    range: [ 1405755904, 1405756415 ],
    country: 'FR',
    region: 'IDF',
    eu: '1',
    timezone: 'Europe/Paris',
    city: 'Paris',
    ll: [ 48.8543, 2.3527 ],
    metro: 0,
    area: 10
  },
  __lastAccess: 1596027650535
}
[2020-07-29T15:00:51.765] [TRACE] file - _d3gJb1q6ESX5vemmUmUYOcJ
[2020-07-29T15:00:51.765] [TRACE] file - Session {
  cookie: {
    path: '/',
    _expires: 2020-10-27T13:00:51.765Z,
    originalMaxAge: 7776000000,
    httpOnly: true,
    sameSite: 'Lax'
  },
  views: { '/': 2, '/cv': 1, '/giftedADHD': 1 },
  horodate: 2020-07-29T15:00:51.713Z,
  ip: '83.202.34.239',
  geoloc: {
    range: [ 1405755904, 1405756415 ],
    country: 'FR',
    region: 'IDF',
    eu: '1',
    timezone: 'Europe/Paris',
    city: 'Paris',
    ll: [ 48.8543, 2.3527 ],
    metro: 0,
    area: 10
  },
  __lastAccess: 1596027651765
}
[2020-07-29T15:02:04.599] [TRACE] file - Session {
  cookie: {
    path: '/',
    _expires: 2020-10-27T13:02:04.598Z,
    originalMaxAge: 7776000000,
    httpOnly: true,
    sameSite: 'Lax'
  },
  views: { '/': 2, '/cv': 2, '/giftedADHD': 1 },
  horodate: 2020-07-29T15:02:04.548Z,
  ip: '83.202.34.239',
  geoloc: {
    range: [ 1405755904, 1405756415 ],
    country: 'FR',
    region: 'IDF',
    eu: '1',
    timezone: 'Europe/Paris',
    city: 'Paris',
    ll: [ 48.8543, 2.3527 ],
    metro: 0,
    area: 10
  },
  __lastAccess: 1596027724598
}
[2020-07-29T15:02:05.829] [TRACE] file - Session {
  cookie: {
    path: '/',
    _expires: 2020-10-27T13:02:05.829Z,
    originalMaxAge: 7776000000,
    httpOnly: true,
    sameSite: 'Lax'
  },
  views: { '/': 2, '/cv': 2, '/giftedADHD': 2 },
  horodate: 2020-07-29T15:02:05.796Z,
  ip: '83.202.34.239',
  geoloc: {
    range: [ 1405755904, 1405756415 ],
    country: 'FR',
    region: 'IDF',
    eu: '1',
    timezone: 'Europe/Paris',
    city: 'Paris',
    ll: [ 48.8543, 2.3527 ],
    metro: 0,
    area: 10
  },
  __lastAccess: 1596027725829
}
[2020-07-29T15:06:05.350] [TRACE] file - 1lauekMk93ilinBZ3rZrRr_p
[2020-07-29T15:06:05.350] [TRACE] file - Session {
  cookie: {
    path: '/',
    _expires: 2020-10-27T13:06:05.350Z,
    originalMaxAge: 7776000000,
    httpOnly: true,
    sameSite: 'Lax'
  },
  views: { '/': 1 },
  horodate: 2020-07-29T15:06:05.297Z,
  ip: '50.252.145.241',
  geoloc: {
    range: [ 855412736, 855414783 ],
    country: 'US',
    region: 'SC',
    eu: '0',
    timezone: 'America/New_York',
    city: 'Charleston',
    ll: [ 32.797, -80.003 ],
    metro: 519,
    area: 20
  },
  __lastAccess: 1596027965350
}
[2020-07-29T15:14:27.604] [TRACE] file - kdxzF_7X62HASbYMaGzolLof
[2020-07-29T15:14:27.604] [TRACE] file - Session {
  cookie: {
    path: '/',
    _expires: 2020-10-27T13:14:27.604Z,
    originalMaxAge: 7776000000,
    httpOnly: true,
    sameSite: 'Lax'
  },
  views: { '/': 1 },
  horodate: 2020-07-29T15:14:27.544Z,
  ip: '59.127.171.180',
  geoloc: {
    range: [ 998221824, 998222847 ],
    country: 'TW',
    region: 'KHH',
    eu: '0',
    timezone: 'Asia/Taipei',
    city: 'Kaohsiung City',
    ll: [ 22.6148, 120.3139 ],
    metro: 0,
    area: 10
  },
  __lastAccess: 1596028467604
}
[2020-07-29T15:44:36.437] [TRACE] file - t3PVAym4T6CnDYM6vq5srBql
[2020-07-29T15:44:36.437] [TRACE] file - Session {
  cookie: {
    path: '/',
    _expires: 2020-10-27T13:44:36.437Z,
    originalMaxAge: 7776000000,
    httpOnly: true,
    sameSite: 'Lax'
  },
  views: { '/': 1 },
  horodate: 2020-07-29T15:44:36.385Z,
  ip: '92.118.161.57',
  geoloc: {
    range: [ 1551278080, 1551279103 ],
    country: 'LT',
    region: '',
    eu: '1',
    timezone: 'Europe/Vilnius',
    city: '',
    ll: [ 56, 24 ],
    metro: 0,
    area: 200
  },
  __lastAccess: 1596030276437
}
[2020-07-29T16:00:18.252] [TRACE] file - U2Tuxjt6bEgtsKdNuqqLOtHV
[2020-07-29T16:00:18.252] [TRACE] file - Session {
  cookie: {
    path: '/',
    _expires: 2020-10-27T14:00:18.252Z,
    originalMaxAge: 7776000000,
    httpOnly: true,
    sameSite: 'Lax'
  },
  views: { '/': 1 },
  horodate: 2020-07-29T16:00:18.197Z,
  ip: '178.214.255.26',
  geoloc: {
    range: [ 3000434432, 3000434687 ],
    country: 'RU',
    region: 'BA',
    eu: '0',
    timezone: 'Asia/Yekaterinburg',
    city: 'Ufa',
    ll: [ 54.8, 55.9 ],
    metro: 0,
    area: 100
  },
  __lastAccess: 1596031218252
}
[2020-07-29T16:58:06.151] [TRACE] file - YVIYdYPyAiXsvmR8p9DsKcPH
[2020-07-29T16:58:06.151] [TRACE] file - Session {
  cookie: {
    path: '/',
    _expires: 2020-10-27T14:58:06.150Z,
    originalMaxAge: 7776000000,
    httpOnly: true,
    sameSite: 'Lax'
  },
  views: { '/': 1 },
  horodate: 2020-07-29T16:58:06.092Z,
  ip: '37.182.108.236',
  geoloc: {
    range: [ 632712192, 632712447 ],
    country: 'IT',
    region: '72',
    eu: '1',
    timezone: 'Europe/Rome',
    city: 'Gragnano',
    ll: [ 40.6891, 14.5204 ],
    metro: 0,
    area: 10
  },
  __lastAccess: 1596034686150
}
[2020-07-29T19:11:57.870] [TRACE] file - g_n4TpsIP7ZNtcQc9K4fJ6Wo
[2020-07-29T19:11:57.870] [TRACE] file - Session {
  cookie: {
    path: '/',
    _expires: 2020-10-27T17:11:57.869Z,
    originalMaxAge: 7776000000,
    httpOnly: true,
    sameSite: 'Lax'
  },
  views: { '/': 1 },
  horodate: 2020-07-29T19:11:57.816Z,
  ip: '190.44.167.95',
  geoloc: {
    range: [ 3190597376, 3190597631 ],
    country: 'CL',
    region: 'ML',
    eu: '0',
    timezone: 'America/Santiago',
    city: 'Curicó',
    ll: [ -34.9833, -71.2333 ],
    metro: 0,
    area: 50
  },
  __lastAccess: 1596042717870
}
[2020-07-29T19:22:01.388] [TRACE] file - N-aHAOkZhuMCF6dfI5ItctTV
[2020-07-29T19:22:01.388] [TRACE] file - Session {
  cookie: {
    path: '/',
    _expires: 2020-10-27T17:22:01.388Z,
    originalMaxAge: 7776000000,
    httpOnly: true,
    sameSite: 'Lax'
  },
  views: { '/': 1 },
  horodate: 2020-07-29T19:22:01.337Z,
  ip: '66.249.68.5',
  geoloc: {
    range: [ 1123632128, 1123632383 ],
    country: 'US',
    region: '',
    eu: '0',
    timezone: 'America/Chicago',
    city: '',
    ll: [ 37.751, -97.822 ],
    metro: 0,
    area: 1000
  },
  __lastAccess: 1596043321388
}
[2020-07-29T19:31:47.221] [TRACE] file - 7q3QPlhNUYgYxhB5ZV3MW1dk
[2020-07-29T19:31:47.221] [TRACE] file - Session {
  cookie: {
    path: '/',
    _expires: 2020-10-27T17:31:47.220Z,
    originalMaxAge: 7776000000,
    httpOnly: true,
    sameSite: 'Lax'
  },
  views: { '/': 1 },
  horodate: 2020-07-29T19:31:47.167Z,
  ip: '66.249.68.5',
  geoloc: {
    range: [ 1123632128, 1123632383 ],
    country: 'US',
    region: '',
    eu: '0',
    timezone: 'America/Chicago',
    city: '',
    ll: [ 37.751, -97.822 ],
    metro: 0,
    area: 1000
  },
  __lastAccess: 1596043907220
}
[2020-07-29T19:41:13.682] [TRACE] file - 2RWou6FOggA0m9e4Oy-899sy
[2020-07-29T19:41:13.682] [TRACE] file - Session {
  cookie: {
    path: '/',
    _expires: 2020-10-27T17:41:13.682Z,
    originalMaxAge: 7776000000,
    httpOnly: true,
    sameSite: 'Lax'
  },
  views: { '/': 1 },
  horodate: 2020-07-29T19:41:13.627Z,
  ip: '92.244.143.106',
  geoloc: {
    range: [ 1559529472, 1559531519 ],
    country: 'RS',
    region: '00',
    eu: '0',
    timezone: 'Europe/Belgrade',
    city: 'Belgrade',
    ll: [ 44.8166, 20.4721 ],
    metro: 0,
    area: 50
  },
  __lastAccess: 1596044473682
}
[2020-07-29T19:51:21.559] [TRACE] file - ZMOfSVE7DPfRingkVxBYkRWZ
[2020-07-29T19:51:21.559] [TRACE] file - Session {
  cookie: {
    path: '/',
    _expires: 2020-10-27T17:51:21.558Z,
    originalMaxAge: 7776000000,
    httpOnly: true,
    sameSite: 'Lax'
  },
  views: { '/': 1 },
  horodate: 2020-07-29T19:51:21.498Z,
  ip: '114.34.125.234',
  geoloc: {
    range: [ 1914861568, 1914863615 ],
    country: 'TW',
    region: '',
    eu: '0',
    timezone: 'Asia/Taipei',
    city: '',
    ll: [ 23.5, 121 ],
    metro: 0,
    area: 200
  },
  __lastAccess: 1596045081558
}
[2020-07-29T20:06:14.340] [TRACE] file - LzUr-yUTbphloDDu5RSnHwPI
[2020-07-29T20:06:14.340] [TRACE] file - Session {
  cookie: {
    path: '/',
    _expires: 2020-10-27T18:06:14.339Z,
    originalMaxAge: 7776000000,
    httpOnly: true,
    sameSite: 'Lax'
  },
  views: { '/': 1 },
  horodate: 2020-07-29T20:06:14.283Z,
  ip: '78.188.75.80',
  geoloc: {
    range: [ 1320962048, 1320964095 ],
    country: 'TR',
    region: '34',
    eu: '0',
    timezone: 'Europe/Istanbul',
    city: 'Istanbul',
    ll: [ 41.018, 28.9745 ],
    metro: 0,
    area: 500
  },
  __lastAccess: 1596045974339
}
[2020-07-29T20:07:03.742] [TRACE] file - QTN4UVElOSevDTc_HgUcez9V
[2020-07-29T20:07:03.742] [TRACE] file - Session {
  cookie: {
    path: '/',
    _expires: 2020-10-27T18:07:03.742Z,
    originalMaxAge: 7776000000,
    httpOnly: true,
    sameSite: 'Lax'
  },
  views: { '/': 1 },
  horodate: 2020-07-29T20:07:03.688Z,
  ip: '92.118.160.49',
  geoloc: {
    range: [ 1551278080, 1551279103 ],
    country: 'LT',
    region: '',
    eu: '1',
    timezone: 'Europe/Vilnius',
    city: '',
    ll: [ 56, 24 ],
    metro: 0,
    area: 200
  },
  __lastAccess: 1596046023742
}
[2020-07-29T20:51:16.083] [TRACE] file - -Bgehl71fptxYYnS9NpHC_Fu
[2020-07-29T20:51:16.083] [TRACE] file - Session {
  cookie: {
    path: '/',
    _expires: 2020-10-27T18:51:16.082Z,
    originalMaxAge: 7775999999,
    httpOnly: true
  },
  views: { '/': 137, '/cv': 87, '/giftedADHD': 81 },
  horodate: 2020-07-29T20:51:16.032Z,
  ip: '83.202.34.239',
  geoloc: {
    range: [ 1405755904, 1405756415 ],
    country: 'FR',
    region: 'IDF',
    eu: '1',
    timezone: 'Europe/Paris',
    city: 'Paris',
    ll: [ 48.8543, 2.3527 ],
    metro: 0,
    area: 10
  },
  __lastAccess: 1596048676083
}
[2020-07-29T20:53:26.987] [TRACE] file - 8zYQ8RvtcGd8gIEMCgPq1SDt
[2020-07-29T20:53:26.987] [TRACE] file - Session {
  cookie: {
    path: '/',
    _expires: 2020-10-27T18:53:26.987Z,
    originalMaxAge: 7776000000,
    httpOnly: true
  },
  views: { '/': 26, '/cv': 15, '/giftedADHD': 19 },
  horodate: 2020-07-29T20:53:26.932Z,
  ip: '83.202.34.239',
  geoloc: {
    range: [ 1405755904, 1405756415 ],
    country: 'FR',
    region: 'IDF',
    eu: '1',
    timezone: 'Europe/Paris',
    city: 'Paris',
    ll: [ 48.8543, 2.3527 ],
    metro: 0,
    area: 10
  },
  __lastAccess: 1596048806987
}
[2020-07-29T22:39:11.191] [TRACE] file - rStSI-eDewTo03r69Jxs1JxP
[2020-07-29T22:39:11.191] [TRACE] file - Session {
  cookie: {
    path: '/',
    _expires: 2020-10-27T20:39:11.190Z,
    originalMaxAge: 7776000000,
    httpOnly: true,
    sameSite: 'Lax'
  },
  views: { '/': 1 },
  horodate: 2020-07-29T22:39:11.139Z,
  ip: '37.49.230.118',
  geoloc: {
    range: [ 624025600, 624027647 ],
    country: 'NL',
    region: '',
    eu: '1',
    timezone: 'Europe/Amsterdam',
    city: '',
    ll: [ 52.3824, 4.8995 ],
    metro: 0,
    area: 100
  },
  __lastAccess: 1596055151190
}
[2020-07-29T22:50:42.379] [TRACE] file - uGi6rO77wZRwdoD1dfQykCxy
[2020-07-29T22:50:42.379] [TRACE] file - Session {
  cookie: {
    path: '/',
    _expires: 2020-10-27T20:50:42.379Z,
    originalMaxAge: 7776000000,
    httpOnly: true,
    sameSite: 'Lax'
  },
  views: { '/': 1 },
  horodate: 2020-07-29T22:50:42.324Z,
  ip: '192.35.168.249',
  geoloc: {
    range: [ 3223562240, 3223563263 ],
    country: 'US',
    region: '',
    eu: '0',
    timezone: 'America/Chicago',
    city: '',
    ll: [ 37.751, -97.822 ],
    metro: 0,
    area: 1000
  },
  __lastAccess: 1596055842379
}
[2020-07-29T22:50:43.761] [TRACE] file - IaBNYx5H-lpvgkZ4AXH66UPP
[2020-07-29T22:50:43.761] [TRACE] file - Session {
  cookie: {
    path: '/',
    _expires: 2020-10-27T20:50:43.761Z,
    originalMaxAge: 7776000000,
    httpOnly: true,
    sameSite: 'Lax'
  },
  views: { '/': 1 },
  horodate: 2020-07-29T22:50:43.717Z,
  ip: '192.35.168.249',
  geoloc: {
    range: [ 3223562240, 3223563263 ],
    country: 'US',
    region: '',
    eu: '0',
    timezone: 'America/Chicago',
    city: '',
    ll: [ 37.751, -97.822 ],
    metro: 0,
    area: 1000
  },
  __lastAccess: 1596055843761
}
[2020-07-29T22:56:18.520] [TRACE] file - YTUxQm9HvFVHx6N6pgXdOPIM
[2020-07-29T22:56:18.520] [TRACE] file - Session {
  cookie: {
    path: '/',
    _expires: 2020-10-27T20:56:18.520Z,
    originalMaxAge: 7776000000,
    httpOnly: true,
    sameSite: 'Lax'
  },
  views: { '/': 1 },
  horodate: 2020-07-29T22:56:18.469Z,
  ip: '114.32.32.200',
  geoloc: {
    range: [ 1914707968, 1914708479 ],
    country: 'TW',
    region: 'KEE',
    eu: '0',
    timezone: 'Asia/Taipei',
    city: 'Keelung',
    ll: [ 25.1283, 121.7419 ],
    metro: 0,
    area: 50
  },
  __lastAccess: 1596056178520
}
[2020-07-29T23:06:00.391] [TRACE] file - 1kne-r6NXAnFV86yk8oVSmuR
[2020-07-29T23:06:00.391] [TRACE] file - Session {
  cookie: {
    path: '/',
    _expires: 2020-10-27T21:06:00.391Z,
    originalMaxAge: 7776000000,
    httpOnly: true,
    sameSite: 'Lax'
  },
  views: { '/': 1 },
  horodate: 2020-07-29T23:06:00.342Z,
  ip: '54.36.149.36',
  geoloc: {
    range: [ 908366848, 908367871 ],
    country: 'FR',
    region: '',
    eu: '1',
    timezone: 'Europe/Paris',
    city: '',
    ll: [ 48.8582, 2.3387 ],
    metro: 0,
    area: 500
  },
  __lastAccess: 1596056760391
}
[2020-07-29T23:22:06.503] [TRACE] file - 8zYQ8RvtcGd8gIEMCgPq1SDt
[2020-07-29T23:22:06.503] [TRACE] file - Session {
  cookie: {
    path: '/',
    _expires: 2020-10-27T21:22:06.502Z,
    originalMaxAge: 7776000000,
    httpOnly: true
  },
  views: { '/': 27, '/cv': 15, '/giftedADHD': 19 },
  horodate: 2020-07-29T23:22:06.446Z,
  ip: '83.202.34.239',
  geoloc: {
    range: [ 1405755904, 1405756415 ],
    country: 'FR',
    region: 'IDF',
    eu: '1',
    timezone: 'Europe/Paris',
    city: 'Paris',
    ll: [ 48.8543, 2.3527 ],
    metro: 0,
    area: 10
  },
  __lastAccess: 1596057726502
}
[2020-07-29T23:49:47.042] [TRACE] file - M2qW0Lp80OxyDFmaNODytND6
[2020-07-29T23:49:47.042] [TRACE] file - Session {
  cookie: {
    path: '/',
    _expires: 2020-10-27T21:49:47.042Z,
    originalMaxAge: 7776000000,
    httpOnly: true,
    sameSite: 'Lax'
  },
  views: { '/': 1 },
  horodate: 2020-07-29T23:49:46.988Z,
  ip: '220.134.117.24',
  geoloc: {
    range: [ 3699799040, 3699800063 ],
    country: 'TW',
    region: 'TXG',
    eu: '0',
    timezone: 'Asia/Taipei',
    city: 'Taichung',
    ll: [ 24.1469, 120.6839 ],
    metro: 0,
    area: 100
  },
  __lastAccess: 1596059387042
}
[2020-07-30T00:14:33.154] [TRACE] file - HSG3Xdrsr_T5MwSuCGH3QV57
[2020-07-30T00:14:33.154] [TRACE] file - Session {
  cookie: {
    path: '/',
    _expires: 2020-10-27T22:14:33.153Z,
    originalMaxAge: 7775999999,
    httpOnly: true,
    sameSite: 'Lax'
  },
  views: { '/': 1 },
  horodate: 2020-07-29T00:14:33.100Z,
  ip: '94.125.90.66',
  geoloc: {
    range: [ 1585272832, 1585273855 ],
    country: 'RU',
    region: 'BA',
    eu: '0',
    timezone: 'Asia/Yekaterinburg',
    city: 'Ufa',
    ll: [ 54.8, 55.9 ],
    metro: 0,
    area: 1
  },
  __lastAccess: 1596060873154
}
[2020-07-30T00:47:50.244] [TRACE] file - 5AgUTu-d004Il8MstKp4wagf
[2020-07-30T00:47:50.245] [TRACE] file - Session {
  cookie: {
    path: '/',
    _expires: 2020-10-27T22:47:50.242Z,
    originalMaxAge: 7775999998,
    httpOnly: true
  },
  views: { '/': 32, '/cv': 37, '/giftedADHD': 1 },
  horodate: 2020-07-29T00:47:50.186Z,
  ip: '83.202.34.239',
  geoloc: {
    range: [ 1405755904, 1405756415 ],
    country: 'FR',
    region: 'IDF',
    eu: '1',
    timezone: 'Europe/Paris',
    city: 'Paris',
    ll: [ 48.8543, 2.3527 ],
    metro: 0,
    area: 10
  },
  __lastAccess: 1596062870244
}
