[2020-07-02T08:29:53.762] [TRACE] trace - Session {
  cookie: {
    path: '/',
    _expires: 2071-12-29T23:25:08.361Z,
    originalMaxAge: 1624985714601,
    httpOnly: true
  },
  views: { '/': 21, '/cv': 1, '/giftedADHD': 1, '/adm1n': 1 },
  sessionID: 'wisnIZ9gimMe2OmTSP1MdDkl',
  horodate: 2020-07-02T08:29:53.094Z,
  ip: '127.0.0.1',
  geoloc: null,
  __lastAccess: 1593671393760
}
[2020-07-02T08:32:47.419] [TRACE] trace - Session {
  cookie: {
    path: '/',
    _expires: 2071-12-29T15:45:05.384Z,
    originalMaxAge: 1624957937968,
    httpOnly: true
  },
  views: { '/': 102, '/cv': 36, '/adm1n': 15, '/giftedADHD': 20 },
  sessionID: 'R5fFgf2MY5GywsnD_EjXqJmF',
  horodate: 2020-07-02T08:32:47.292Z,
  geoloc: {
    range: [ 1405755904, 1405756415 ],
    country: 'FR',
    region: 'IDF',
    eu: '1',
    timezone: 'Europe/Paris',
    city: 'Paris',
    ll: [ 48.8543, 2.3527 ],
    metro: 0,
    area: 10
  },
  __lastAccess: 1593671567416,
  ip: '83.202.34.239'
}
[2020-07-02T08:46:32.487] [TRACE] trace - Session {
  cookie: {
    path: '/',
    _expires: 2072-01-01T12:59:01.843Z,
    originalMaxAge: 1625206349357,
    httpOnly: true,
    maxage: 311040000000
  },
  views: { '/': 1 },
  horodate: 2020-07-02T08:46:32.402Z,
  ip: '195.54.160.135',
  geoloc: null,
  __lastAccess: 1593672392486
}
[2020-07-02T08:53:44.951] [TRACE] trace - Session {
  cookie: {
    path: '/',
    _expires: 2072-01-01T13:06:14.308Z,
    originalMaxAge: 1625206349357,
    httpOnly: true,
    maxage: 311040000000
  },
  views: { '/': 1 },
  horodate: 2020-07-02T08:53:44.874Z,
  ip: '195.54.160.135',
  geoloc: null,
  __lastAccess: 1593672824951
}
[2020-07-02T08:55:28.688] [TRACE] trace - Session {
  cookie: {
    path: '/',
    _expires: 2072-01-01T13:07:58.045Z,
    originalMaxAge: 1625206349357,
    httpOnly: true,
    maxage: 311040000000
  },
  views: { '/': 1 },
  horodate: 2020-07-02T08:55:28.625Z,
  ip: '115.74.167.117',
  geoloc: {
    range: [ 1934262272, 1934278655 ],
    country: 'VN',
    region: '',
    eu: '0',
    timezone: 'Asia/Ho_Chi_Minh',
    city: '',
    ll: [ 16, 106 ],
    metro: 0,
    area: 50
  },
  __lastAccess: 1593672928688
}
[2020-07-02T09:06:49.474] [TRACE] trace - Session {
  cookie: {
    path: '/',
    _expires: 2072-01-01T13:19:18.831Z,
    originalMaxAge: 1625206349357,
    httpOnly: true,
    maxage: 311040000000
  },
  views: { '/': 1 },
  horodate: 2020-07-02T09:06:49.233Z,
  ip: '127.0.0.1',
  geoloc: null,
  __lastAccess: 1593673609474
}
[2020-07-02T09:13:50.854] [TRACE] trace - Session {
  cookie: {
    path: '/',
    _expires: 2072-01-01T13:26:20.211Z,
    originalMaxAge: 1625206349357,
    httpOnly: true,
    maxage: 311040000000
  },
  views: { '/': 1 },
  horodate: 2020-07-02T09:13:50.723Z,
  ip: '114.34.120.139',
  geoloc: {
    range: [ 1914861568, 1914863615 ],
    country: 'TW',
    region: '',
    eu: '0',
    timezone: 'Asia/Taipei',
    city: '',
    ll: [ 23.5, 121 ],
    metro: 0,
    area: 200
  },
  __lastAccess: 1593674030854
}
[2020-07-02T09:21:06.276] [TRACE] trace - Session {
  cookie: {
    path: '/',
    _expires: 2071-12-29T16:33:24.244Z,
    originalMaxAge: 1624957937968,
    httpOnly: true
  },
  views: { '/': 103, '/cv': 36, '/adm1n': 15, '/giftedADHD': 20 },
  sessionID: 'R5fFgf2MY5GywsnD_EjXqJmF',
  horodate: 2020-07-02T09:21:06.173Z,
  geoloc: {
    range: [ 1405755904, 1405756415 ],
    country: 'FR',
    region: 'IDF',
    eu: '1',
    timezone: 'Europe/Paris',
    city: 'Paris',
    ll: [ 48.8543, 2.3527 ],
    metro: 0,
    area: 10
  },
  __lastAccess: 1593674466276,
  ip: '83.202.34.239'
}
[2020-07-02T09:31:33.185] [TRACE] trace - Session {
  cookie: {
    path: '/',
    _expires: 2072-01-01T13:44:02.541Z,
    originalMaxAge: 1625206349357,
    httpOnly: true,
    maxage: 311040000000
  },
  views: { '/': 1 },
  horodate: 2020-07-02T09:31:33.117Z,
  ip: '113.172.197.74',
  geoloc: {
    range: [ 1907146752, 1907148799 ],
    country: 'VN',
    region: '',
    eu: '0',
    timezone: 'Asia/Ho_Chi_Minh',
    city: '',
    ll: [ 16, 106 ],
    metro: 0,
    area: 50
  },
  __lastAccess: 1593675093184
}
[2020-07-02T09:35:07.549] [TRACE] trace - Session {
  cookie: {
    path: '/',
    _expires: 2071-12-29T16:55:46.814Z,
    originalMaxAge: 1624958439266,
    httpOnly: true
  },
  views: { '/': 21, '/giftedADHD': 2, '/adm1n': 6, '/cv': 3 },
  sessionID: 'wV5NYI4c-Dmt0RWr5HbH8hWJ',
  horodate: 2020-07-02T09:35:07.483Z,
  ip: '82.227.67.139',
  geoloc: {
    range: [ 1390624768, 1390625791 ],
    country: 'FR',
    region: 'IDF',
    eu: '1',
    timezone: 'Europe/Paris',
    city: 'Paris',
    ll: [ 48.8543, 2.3527 ],
    metro: 0,
    area: 5
  },
  __lastAccess: 1593675307549
}
[2020-07-02T09:35:08.773] [TRACE] trace - /cv: 4
[2020-07-02T09:35:09.586] [TRACE] trace - /adm1n: 7
[2020-07-02T09:35:10.963] [TRACE] trace - /giftedADHD: 3
[2020-07-02T09:35:11.697] [TRACE] trace - Session {
  cookie: {
    path: '/',
    _expires: 2071-12-29T16:55:50.962Z,
    originalMaxAge: 1624958439266,
    httpOnly: true
  },
  views: { '/': 22, '/giftedADHD': 3, '/adm1n': 7, '/cv': 4 },
  sessionID: 'wV5NYI4c-Dmt0RWr5HbH8hWJ',
  horodate: 2020-07-02T09:35:11.641Z,
  ip: '82.227.67.139',
  geoloc: {
    range: [ 1390624768, 1390625791 ],
    country: 'FR',
    region: 'IDF',
    eu: '1',
    timezone: 'Europe/Paris',
    city: 'Paris',
    ll: [ 48.8543, 2.3527 ],
    metro: 0,
    area: 5
  },
  __lastAccess: 1593675311696
}
[2020-07-02T09:35:30.209] [TRACE] trace - Session {
  cookie: {
    path: '/',
    _expires: 2072-01-01T13:47:59.566Z,
    originalMaxAge: 1625206349357,
    httpOnly: true,
    maxage: 311040000000
  },
  views: { '/': 1 },
  horodate: 2020-07-02T09:35:30.152Z,
  ip: '31.13.127.15',
  geoloc: {
    range: [ 520970240, 520978431 ],
    country: 'IE',
    region: '',
    eu: '1',
    timezone: 'Europe/Dublin',
    city: '',
    ll: [ 53.3472, -6.2439 ],
    metro: 0,
    area: 200
  },
  __lastAccess: 1593675330209
}
[2020-07-02T10:23:53.058] [TRACE] trace - Session {
  cookie: {
    path: '/',
    _expires: 2071-12-29T17:36:11.025Z,
    originalMaxAge: 1624957937968,
    httpOnly: true
  },
  views: { '/': 104, '/cv': 36, '/adm1n': 15, '/giftedADHD': 20 },
  sessionID: 'R5fFgf2MY5GywsnD_EjXqJmF',
  horodate: 2020-07-02T10:23:52.985Z,
  geoloc: {
    range: [ 1405755904, 1405756415 ],
    country: 'FR',
    region: 'IDF',
    eu: '1',
    timezone: 'Europe/Paris',
    city: 'Paris',
    ll: [ 48.8543, 2.3527 ],
    metro: 0,
    area: 10
  },
  __lastAccess: 1593678233058,
  ip: '83.202.34.239'
}
[2020-07-02T10:45:26.145] [TRACE] trace - Session {
  cookie: {
    path: '/',
    _expires: 2072-01-01T14:57:55.502Z,
    originalMaxAge: 1625206349357,
    httpOnly: true,
    maxage: 311040000000
  },
  views: { '/': 1 },
  horodate: 2020-07-02T10:45:26.076Z,
  ip: '102.23.254.118',
  geoloc: null,
  __lastAccess: 1593679526145
}
[2020-07-02T10:54:36.835] [TRACE] trace - Session {
  cookie: {
    path: '/',
    _expires: 2072-01-01T15:07:06.192Z,
    originalMaxAge: 1625206349357,
    httpOnly: true,
    maxage: 311040000000
  },
  views: { '/': 1 },
  horodate: 2020-07-02T10:54:36.775Z,
  ip: '14.191.30.231',
  geoloc: {
    range: [ 247398400, 247406591 ],
    country: 'VN',
    region: '',
    eu: '0',
    timezone: 'Asia/Ho_Chi_Minh',
    city: '',
    ll: [ 16, 106 ],
    metro: 0,
    area: 50
  },
  __lastAccess: 1593680076835
}
[2020-07-02T11:09:02.304] [TRACE] trace - Session {
  cookie: {
    path: '/',
    _expires: 2071-12-30T02:04:16.904Z,
    originalMaxAge: 1624985714601,
    httpOnly: true
  },
  views: { '/': 9, '/adm1n': 6, '/cv': 3, '/giftedADHD': 1 },
  sessionID: '51fUadjJAqpuKh3n2ayjtzB0',
  horodate: 2020-07-02T11:09:02.247Z,
  ip: '91.175.159.123',
  geoloc: {
    range: [ 1537998848, 1538260991 ],
    country: 'FR',
    region: '',
    eu: '1',
    timezone: 'Europe/Paris',
    city: '',
    ll: [ 48.8582, 2.3387 ],
    metro: 0,
    area: 500
  },
  __lastAccess: 1593680942303
}
[2020-07-02T11:10:31.744] [TRACE] trace - /cv: 4
[2020-07-02T11:10:46.296] [TRACE] trace - /adm1n: 7
[2020-07-02T11:51:16.031] [TRACE] trace - Session {
  cookie: {
    path: '/',
    _expires: 2072-01-01T16:03:45.388Z,
    originalMaxAge: 1625206349357,
    httpOnly: true,
    maxage: 311040000000
  },
  views: { '/': 1 },
  horodate: 2020-07-02T11:51:15.977Z,
  ip: '122.117.39.211',
  geoloc: {
    range: [ 2054496256, 2054498303 ],
    country: 'TW',
    region: 'TXG',
    eu: '0',
    timezone: 'Asia/Taipei',
    city: 'Taichung',
    ll: [ 24.1469, 120.6839 ],
    metro: 0,
    area: 1
  },
  __lastAccess: 1593683476031
}
[2020-07-02T12:18:49.955] [TRACE] trace - Session {
  cookie: {
    path: '/',
    _expires: 2072-01-01T16:31:19.312Z,
    originalMaxAge: 1625206349357,
    httpOnly: true,
    maxage: 311040000000
  },
  views: { '/': 1 },
  horodate: 2020-07-02T12:18:49.894Z,
  ip: '143.255.2.168',
  geoloc: {
    range: [ 2415854080, 2415854335 ],
    country: 'BR',
    region: 'RS',
    eu: '0',
    timezone: 'America/Sao_Paulo',
    city: 'Sao Joao da Urtiga',
    ll: [ -27.7968, -51.8388 ],
    metro: 0,
    area: 20
  },
  __lastAccess: 1593685129955
}
[2020-07-02T12:19:29.979] [TRACE] trace - Session {
  cookie: {
    path: '/',
    _expires: 2072-01-01T16:31:59.335Z,
    originalMaxAge: 1625206349357,
    httpOnly: true,
    maxage: 311040000000
  },
  views: { '/': 1 },
  horodate: 2020-07-02T12:19:29.925Z,
  ip: '14.5.77.21',
  geoloc: {
    range: [ 235225088, 235241471 ],
    country: 'KR',
    region: '',
    eu: '0',
    timezone: 'Asia/Seoul',
    city: '',
    ll: [ 37.5112, 126.9741 ],
    metro: 0,
    area: 200
  },
  __lastAccess: 1593685169979
}
[2020-07-02T12:30:50.371] [TRACE] trace - Session {
  cookie: {
    path: '/',
    _expires: 2072-01-01T16:43:19.727Z,
    originalMaxAge: 1625206349357,
    httpOnly: true,
    maxage: 311040000000
  },
  views: { '/': 1 },
  horodate: 2020-07-02T12:30:50.307Z,
  ip: '185.39.11.105',
  geoloc: {
    range: [ 3106342912, 3106343935 ],
    country: 'CH',
    region: '',
    eu: '0',
    timezone: 'Europe/Zurich',
    city: '',
    ll: [ 47.1449, 8.1551 ],
    metro: 0,
    area: 100
  },
  __lastAccess: 1593685850370
}
[2020-07-02T12:36:58.617] [TRACE] trace - Session {
  cookie: {
    path: '/',
    _expires: 2072-01-01T16:49:27.974Z,
    originalMaxAge: 1625206349357,
    httpOnly: true,
    maxage: 311040000000
  },
  views: { '/': 1 },
  horodate: 2020-07-02T12:36:58.560Z,
  ip: '111.248.29.217',
  geoloc: {
    range: [ 1878530048, 1878532095 ],
    country: 'TW',
    region: 'TAO',
    eu: '0',
    timezone: 'Asia/Taipei',
    city: 'Taoyuan District',
    ll: [ 24.9889, 121.3176 ],
    metro: 0,
    area: 1
  },
  __lastAccess: 1593686218617
}
[2020-07-02T12:37:01.784] [TRACE] trace - Session {
  cookie: {
    path: '/',
    _expires: 2072-01-01T16:49:31.141Z,
    originalMaxAge: 1625206349357,
    httpOnly: true,
    maxage: 311040000000
  },
  views: { '/': 1 },
  horodate: 2020-07-02T12:37:01.736Z,
  ip: '220.134.166.225',
  geoloc: {
    range: [ 3699811840, 3699812351 ],
    country: 'TW',
    region: 'TXG',
    eu: '0',
    timezone: 'Asia/Taipei',
    city: 'Taichung',
    ll: [ 24.1469, 120.6839 ],
    metro: 0,
    area: 100
  },
  __lastAccess: 1593686221784
}
[2020-07-02T12:41:38.300] [TRACE] trace - Session {
  cookie: {
    path: '/',
    _expires: 2072-01-01T16:54:07.657Z,
    originalMaxAge: 1625206349357,
    httpOnly: true,
    maxage: 311040000000
  },
  views: { '/': 1 },
  horodate: 2020-07-02T12:41:38.246Z,
  ip: '185.180.248.10',
  geoloc: {
    range: [ 3115644928, 3115645951 ],
    country: 'RU',
    region: '',
    eu: '0',
    timezone: 'Europe/Moscow',
    city: '',
    ll: [ 55.7386, 37.6068 ],
    metro: 0,
    area: 1000
  },
  __lastAccess: 1593686498300
}
[2020-07-02T13:11:01.897] [TRACE] trace - Session {
  cookie: {
    path: '/',
    _expires: 2072-01-01T17:23:31.254Z,
    originalMaxAge: 1625206349357,
    httpOnly: true,
    maxage: 311040000000
  },
  views: { '/': 1 },
  horodate: 2020-07-02T13:11:01.844Z,
  ip: '54.149.225.248',
  geoloc: {
    range: [ 915791872, 915793919 ],
    country: 'US',
    region: 'OR',
    eu: '0',
    timezone: 'America/Los_Angeles',
    city: 'Boardman',
    ll: [ 45.8491, -119.7143 ],
    metro: 810,
    area: 1000
  },
  __lastAccess: 1593688261897
}
[2020-07-02T13:28:37.436] [TRACE] trace - Session {
  cookie: {
    path: '/',
    _expires: 2072-01-01T17:41:06.793Z,
    originalMaxAge: 1625206349357,
    httpOnly: true,
    maxage: 311040000000
  },
  views: { '/': 1 },
  horodate: 2020-07-02T13:28:37.383Z,
  ip: '114.33.141.207',
  geoloc: {
    range: [ 1914800128, 1914802175 ],
    country: 'TW',
    region: '',
    eu: '0',
    timezone: 'Asia/Taipei',
    city: '',
    ll: [ 23.5, 121 ],
    metro: 0,
    area: 200
  },
  __lastAccess: 1593689317436
}
[2020-07-02T13:31:19.405] [TRACE] trace - Session {
  cookie: {
    path: '/',
    _expires: 2072-01-01T17:43:48.761Z,
    originalMaxAge: 1625206349357,
    httpOnly: true,
    maxage: 311040000000
  },
  views: { '/': 1 },
  horodate: 2020-07-02T13:31:19.349Z,
  ip: '112.78.40.38',
  geoloc: {
    range: [ 1884170240, 1884172287 ],
    country: 'ID',
    region: '',
    eu: '0',
    timezone: 'Asia/Jakarta',
    city: '',
    ll: [ -6.175, 106.8286 ],
    metro: 0,
    area: 1000
  },
  __lastAccess: 1593689479405
}
[2020-07-02T13:35:02.158] [TRACE] trace - Session {
  cookie: {
    path: '/',
    _expires: 2072-01-01T17:47:31.514Z,
    originalMaxAge: 1625206349357,
    httpOnly: true,
    maxage: 311040000000
  },
  views: { '/': 1 },
  horodate: 2020-07-02T13:35:02.103Z,
  ip: '218.161.20.33',
  geoloc: {
    range: [ 3667988480, 3667990527 ],
    country: 'TW',
    region: 'TPE',
    eu: '0',
    timezone: 'Asia/Taipei',
    city: 'Taipei',
    ll: [ 25.0478, 121.5318 ],
    metro: 0,
    area: 20
  },
  __lastAccess: 1593689702158
}
[2020-07-02T14:03:28.820] [TRACE] trace - Session {
  cookie: {
    path: '/',
    _expires: 2071-12-29T21:15:46.787Z,
    originalMaxAge: 1624957937968,
    httpOnly: true
  },
  views: { '/': 105, '/cv': 36, '/adm1n': 15, '/giftedADHD': 20 },
  sessionID: 'R5fFgf2MY5GywsnD_EjXqJmF',
  horodate: 2020-07-02T14:03:28.766Z,
  geoloc: {
    range: [ 1405755904, 1405756415 ],
    country: 'FR',
    region: 'IDF',
    eu: '1',
    timezone: 'Europe/Paris',
    city: 'Paris',
    ll: [ 48.8543, 2.3527 ],
    metro: 0,
    area: 10
  },
  __lastAccess: 1593691408820,
  ip: '83.202.34.239'
}
[2020-07-02T15:14:29.249] [TRACE] trace - Session {
  cookie: {
    path: '/',
    _expires: 2072-01-01T19:26:58.606Z,
    originalMaxAge: 1625206349357,
    httpOnly: true,
    maxage: 311040000000
  },
  views: { '/': 1 },
  horodate: 2020-07-02T15:14:29.193Z,
  ip: '27.105.153.55',
  geoloc: {
    range: [ 459905024, 459907071 ],
    country: 'TW',
    region: '',
    eu: '0',
    timezone: 'Asia/Taipei',
    city: '',
    ll: [ 23.5, 121 ],
    metro: 0,
    area: 200
  },
  __lastAccess: 1593695669249
}
[2020-07-02T15:15:29.341] [TRACE] trace - Session {
  cookie: {
    path: '/',
    _expires: 2072-01-01T19:27:58.698Z,
    originalMaxAge: 1625206349357,
    httpOnly: true,
    maxage: 311040000000
  },
  views: { '/': 1 },
  horodate: 2020-07-02T15:15:29.288Z,
  ip: '218.161.86.192',
  geoloc: {
    range: [ 3668005888, 3668006911 ],
    country: 'TW',
    region: 'TXG',
    eu: '0',
    timezone: 'Asia/Taipei',
    city: 'Taichung',
    ll: [ 24.1469, 120.6839 ],
    metro: 0,
    area: 100
  },
  __lastAccess: 1593695729341
}
[2020-07-02T15:36:50.790] [TRACE] trace - Session {
  cookie: {
    path: '/',
    _expires: 2072-01-01T19:49:20.146Z,
    originalMaxAge: 1625206349357,
    httpOnly: true,
    maxage: 311040000000
  },
  views: { '/': 1 },
  horodate: 2020-07-02T15:36:50.731Z,
  ip: '176.126.175.8',
  geoloc: {
    range: [ 2961092096, 2961092607 ],
    country: 'RO',
    region: '',
    eu: '1',
    timezone: 'Europe/Bucharest',
    city: '',
    ll: [ 46, 25 ],
    metro: 0,
    area: 200
  },
  __lastAccess: 1593697010789
}
[2020-07-02T15:56:34.225] [TRACE] trace - Session {
  cookie: {
    path: '/',
    _expires: 2072-01-01T20:09:03.582Z,
    originalMaxAge: 1625206349357,
    httpOnly: true,
    maxage: 311040000000
  },
  views: { '/': 1 },
  horodate: 2020-07-02T15:56:34.170Z,
  ip: '61.219.11.153',
  geoloc: {
    range: [ 1037762560, 1037766655 ],
    country: 'TW',
    region: '',
    eu: '0',
    timezone: 'Asia/Taipei',
    city: '',
    ll: [ 23.5, 121 ],
    metro: 0,
    area: 200
  },
  __lastAccess: 1593698194225
}
[2020-07-02T16:04:01.650] [TRACE] trace - Session {
  cookie: {
    path: '/',
    _expires: 2072-01-01T20:16:31.007Z,
    originalMaxAge: 1625206349357,
    httpOnly: true,
    maxage: 311040000000
  },
  views: { '/': 1 },
  horodate: 2020-07-02T16:04:01.598Z,
  ip: '193.106.29.210',
  geoloc: {
    range: [ 3244956672, 3244957695 ],
    country: 'UA',
    region: '',
    eu: '0',
    timezone: 'Europe/Kiev',
    city: '',
    ll: [ 50.45, 30.5233 ],
    metro: 0,
    area: 500
  },
  __lastAccess: 1593698641650
}
[2020-07-02T16:18:20.046] [TRACE] trace - Session {
  cookie: {
    path: '/',
    _expires: 2072-01-01T20:30:49.403Z,
    originalMaxAge: 1625206349357,
    httpOnly: true,
    maxage: 311040000000
  },
  views: { '/': 1 },
  horodate: 2020-07-02T16:18:19.993Z,
  ip: '59.120.116.60',
  geoloc: {
    range: [ 997749760, 997750783 ],
    country: 'TW',
    region: 'KHH',
    eu: '0',
    timezone: 'Asia/Taipei',
    city: 'Kaohsiung City',
    ll: [ 22.6148, 120.3139 ],
    metro: 0,
    area: 1
  },
  __lastAccess: 1593699500046
}
[2020-07-02T16:20:35.812] [TRACE] trace - Session {
  cookie: {
    path: '/',
    _expires: 2072-01-01T20:33:05.169Z,
    originalMaxAge: 1625206349357,
    httpOnly: true,
    maxage: 311040000000
  },
  views: { '/': 1 },
  horodate: 2020-07-02T16:20:35.760Z,
  ip: '64.227.74.124',
  geoloc: {
    range: [ 1088636928, 1088638975 ],
    country: 'CA',
    region: '',
    eu: '0',
    timezone: 'America/Toronto',
    city: '',
    ll: [ 43.6319, -79.3716 ],
    metro: 0,
    area: 1000
  },
  __lastAccess: 1593699635812
}
[2020-07-02T16:27:09.075] [TRACE] trace - Session {
  cookie: {
    path: '/',
    _expires: 2072-01-01T20:39:38.431Z,
    originalMaxAge: 1625206349357,
    httpOnly: true,
    maxage: 311040000000
  },
  views: { '/': 1 },
  horodate: 2020-07-02T16:27:09.019Z,
  ip: '114.33.62.81',
  geoloc: {
    range: [ 1914779648, 1914781695 ],
    country: 'TW',
    region: 'TNN',
    eu: '0',
    timezone: 'Asia/Taipei',
    city: 'Tainan City',
    ll: [ 22.9908, 120.2133 ],
    metro: 0,
    area: 100
  },
  __lastAccess: 1593700029075
}
[2020-07-02T16:38:50.531] [TRACE] trace - Session {
  cookie: {
    path: '/',
    _expires: 2072-01-01T20:51:19.888Z,
    originalMaxAge: 1625206349357,
    httpOnly: true,
    maxage: 311040000000
  },
  views: { '/': 1 },
  horodate: 2020-07-02T16:38:50.472Z,
  ip: '45.143.220.133',
  geoloc: {
    range: [ 764402688, 764403711 ],
    country: 'NL',
    region: '',
    eu: '1',
    timezone: 'Europe/Amsterdam',
    city: '',
    ll: [ 52.3824, 4.8995 ],
    metro: 0,
    area: 100
  },
  __lastAccess: 1593700730531
}
[2020-07-02T17:00:43.249] [TRACE] trace - Session {
  cookie: {
    path: '/',
    _expires: 2072-01-01T21:13:12.606Z,
    originalMaxAge: 1625206349357,
    httpOnly: true,
    maxage: 311040000000
  },
  views: { '/': 1 },
  horodate: 2020-07-02T17:00:43.198Z,
  ip: '220.135.43.6',
  geoloc: {
    range: [ 3699845120, 3699847167 ],
    country: 'TW',
    region: 'KHH',
    eu: '0',
    timezone: 'Asia/Taipei',
    city: 'Chenggong',
    ll: [ 22.6134, 120.2994 ],
    metro: 0,
    area: 100
  },
  __lastAccess: 1593702043249
}
[2020-07-02T17:04:05.031] [TRACE] trace - Session {
  cookie: {
    path: '/',
    _expires: 2072-01-01T21:16:34.387Z,
    originalMaxAge: 1625206349356,
    httpOnly: true,
    maxage: 311040000000
  },
  views: { '/': 1 },
  horodate: 2020-07-02T17:04:04.978Z,
  ip: '114.33.68.88',
  geoloc: {
    range: [ 1914782720, 1914783231 ],
    country: 'TW',
    region: 'HUA',
    eu: '0',
    timezone: 'Asia/Taipei',
    city: 'Dali',
    ll: [ 24.1684, 121.6296 ],
    metro: 0,
    area: 5
  },
  __lastAccess: 1593702245031
}
[2020-07-02T17:08:34.833] [TRACE] trace - Session {
  cookie: {
    path: '/',
    _expires: 2072-01-01T21:21:04.190Z,
    originalMaxAge: 1625206349357,
    httpOnly: true,
    maxage: 311040000000
  },
  views: { '/': 1 },
  horodate: 2020-07-02T17:08:34.781Z,
  ip: '59.126.152.44',
  geoloc: {
    range: [ 998150144, 998154239 ],
    country: 'TW',
    region: 'TXG',
    eu: '0',
    timezone: 'Asia/Taipei',
    city: 'Taichung',
    ll: [ 24.1469, 120.6839 ],
    metro: 0,
    area: 1
  },
  __lastAccess: 1593702514833
}
[2020-07-02T17:08:37.454] [TRACE] trace - Session {
  cookie: {
    path: '/',
    _expires: 2072-01-01T21:21:06.811Z,
    originalMaxAge: 1625206349357,
    httpOnly: true,
    maxage: 311040000000
  },
  views: { '/': 1 },
  horodate: 2020-07-02T17:08:37.408Z,
  ip: '59.126.152.44',
  geoloc: {
    range: [ 998150144, 998154239 ],
    country: 'TW',
    region: 'TXG',
    eu: '0',
    timezone: 'Asia/Taipei',
    city: 'Taichung',
    ll: [ 24.1469, 120.6839 ],
    metro: 0,
    area: 1
  },
  __lastAccess: 1593702517454
}
[2020-07-02T17:08:38.593] [TRACE] trace - Session {
  cookie: {
    path: '/',
    _expires: 2072-01-01T21:21:07.949Z,
    originalMaxAge: 1625206349357,
    httpOnly: true,
    maxage: 311040000000
  },
  views: { '/': 1 },
  horodate: 2020-07-02T17:08:38.545Z,
  ip: '59.126.152.44',
  geoloc: {
    range: [ 998150144, 998154239 ],
    country: 'TW',
    region: 'TXG',
    eu: '0',
    timezone: 'Asia/Taipei',
    city: 'Taichung',
    ll: [ 24.1469, 120.6839 ],
    metro: 0,
    area: 1
  },
  __lastAccess: 1593702518592
}
[2020-07-02T17:34:46.954] [TRACE] trace - Session {
  cookie: {
    path: '/',
    _expires: 2072-01-01T21:47:16.311Z,
    originalMaxAge: 1625206349357,
    httpOnly: true,
    maxage: 311040000000
  },
  views: { '/': 1 },
  horodate: 2020-07-02T17:34:46.900Z,
  ip: '114.32.5.196',
  geoloc: {
    range: [ 1914699776, 1914707967 ],
    country: 'TW',
    region: 'TPE',
    eu: '0',
    timezone: 'Asia/Taipei',
    city: 'Taipei',
    ll: [ 25.0478, 121.5318 ],
    metro: 0,
    area: 1
  },
  __lastAccess: 1593704086954
}
[2020-07-02T18:17:22.383] [TRACE] trace - Session {
  cookie: {
    path: '/',
    _expires: 2072-01-01T22:29:51.740Z,
    originalMaxAge: 1625206349357,
    httpOnly: true,
    maxage: 311040000000
  },
  views: { '/': 1 },
  horodate: 2020-07-02T18:17:22.329Z,
  ip: '96.127.169.2',
  geoloc: {
    range: [ 1618968576, 1618984959 ],
    country: 'US',
    region: 'IL',
    eu: '0',
    timezone: 'America/Chicago',
    city: 'Chicago',
    ll: [ 41.8777, -87.6376 ],
    metro: 602,
    area: 1000
  },
  __lastAccess: 1593706642383
}
[2020-07-02T18:21:11.557] [TRACE] trace - Session {
  cookie: {
    path: '/',
    _expires: 2072-01-01T22:33:40.914Z,
    originalMaxAge: 1625206349357,
    httpOnly: true,
    maxage: 311040000000
  },
  views: { '/': 1 },
  horodate: 2020-07-02T18:21:11.506Z,
  ip: '193.118.53.202',
  geoloc: {
    range: [ 3245748224, 3245752319 ],
    country: 'DE',
    region: '',
    eu: '1',
    timezone: 'Europe/Berlin',
    city: '',
    ll: [ 51.2993, 9.491 ],
    metro: 0,
    area: 200
  },
  __lastAccess: 1593706871557
}
[2020-07-02T18:31:41.597] [TRACE] trace - Session {
  cookie: {
    path: '/',
    _expires: 2072-01-01T22:44:10.954Z,
    originalMaxAge: 1625206349357,
    httpOnly: true,
    maxage: 311040000000
  },
  views: { '/': 1 },
  horodate: 2020-07-02T18:31:41.535Z,
  ip: '49.172.2.235',
  geoloc: {
    range: [ 833355776, 833357823 ],
    country: 'KR',
    region: '30',
    eu: '0',
    timezone: 'Asia/Seoul',
    city: 'Daejeon',
    ll: [ 36.3214, 127.4197 ],
    metro: 0,
    area: 100
  },
  __lastAccess: 1593707501597
}
[2020-07-02T18:37:51.893] [TRACE] trace - Session {
  cookie: {
    path: '/',
    _expires: 2072-01-01T22:50:21.250Z,
    originalMaxAge: 1625206349357,
    httpOnly: true,
    maxage: 311040000000
  },
  views: { '/': 1 },
  horodate: 2020-07-02T18:37:51.829Z,
  ip: '59.126.231.237',
  geoloc: {
    range: [ 998170624, 998172671 ],
    country: 'TW',
    region: '',
    eu: '0',
    timezone: 'Asia/Taipei',
    city: '',
    ll: [ 23.5, 121 ],
    metro: 0,
    area: 200
  },
  __lastAccess: 1593707871893
}
[2020-07-02T18:42:26.031] [TRACE] trace - Session {
  cookie: {
    path: '/',
    _expires: 2072-01-01T22:54:55.388Z,
    originalMaxAge: 1625206349357,
    httpOnly: true,
    maxage: 311040000000
  },
  views: { '/': 1 },
  horodate: 2020-07-02T18:42:25.968Z,
  ip: '185.39.11.105',
  geoloc: {
    range: [ 3106342912, 3106343935 ],
    country: 'CH',
    region: '',
    eu: '0',
    timezone: 'Europe/Zurich',
    city: '',
    ll: [ 47.1449, 8.1551 ],
    metro: 0,
    area: 100
  },
  __lastAccess: 1593708146031
}
[2020-07-02T18:45:32.621] [TRACE] trace - Session {
  cookie: {
    path: '/',
    _expires: 2072-01-01T22:58:01.978Z,
    originalMaxAge: 1625206349357,
    httpOnly: true,
    maxage: 311040000000
  },
  views: { '/': 1 },
  horodate: 2020-07-02T18:45:32.567Z,
  ip: '194.180.224.130',
  geoloc: null,
  __lastAccess: 1593708332621
}
[2020-07-02T19:10:11.642] [TRACE] trace - Session {
  cookie: {
    path: '/',
    _expires: 2072-01-01T23:22:40.999Z,
    originalMaxAge: 1625206349357,
    httpOnly: true,
    maxage: 311040000000
  },
  views: { '/': 1 },
  horodate: 2020-07-02T19:10:11.590Z,
  ip: '213.32.122.81',
  geoloc: {
    range: [ 3575675456, 3575675519 ],
    country: 'FR',
    region: '',
    eu: '1',
    timezone: 'Europe/Paris',
    city: '',
    ll: [ 48.8582, 2.3387 ],
    metro: 0,
    area: 500
  },
  __lastAccess: 1593709811642
}
[2020-07-02T19:23:26.135] [TRACE] trace - Session {
  cookie: {
    path: '/',
    _expires: 2071-12-30T10:18:40.736Z,
    originalMaxAge: 1624985714601,
    httpOnly: true
  },
  views: { '/': 10, '/adm1n': 7, '/cv': 4, '/giftedADHD': 1 },
  sessionID: '51fUadjJAqpuKh3n2ayjtzB0',
  horodate: 2020-07-02T19:23:26.084Z,
  ip: '91.175.159.123',
  geoloc: {
    range: [ 1537998848, 1538260991 ],
    country: 'FR',
    region: '',
    eu: '1',
    timezone: 'Europe/Paris',
    city: '',
    ll: [ 48.8582, 2.3387 ],
    metro: 0,
    area: 500
  },
  __lastAccess: 1593710606135
}
[2020-07-02T19:24:08.603] [TRACE] trace - /adm1n: 8
[2020-07-02T19:50:54.019] [TRACE] trace - Session {
  cookie: {
    path: '/',
    _expires: 2072-01-02T00:03:23.375Z,
    originalMaxAge: 1625206349357,
    httpOnly: true,
    maxage: 311040000000
  },
  views: { '/': 1 },
  horodate: 2020-07-02T19:50:53.955Z,
  ip: '31.13.127.119',
  geoloc: {
    range: [ 520970240, 520978431 ],
    country: 'IE',
    region: '',
    eu: '1',
    timezone: 'Europe/Dublin',
    city: '',
    ll: [ 53.3472, -6.2439 ],
    metro: 0,
    area: 200
  },
  __lastAccess: 1593712254019
}
[2020-07-02T20:06:18.012] [TRACE] trace - Session {
  cookie: {
    path: '/',
    _expires: 2072-01-02T00:18:47.369Z,
    originalMaxAge: 1625206349357,
    httpOnly: true,
    maxage: 311040000000
  },
  views: { '/': 1 },
  horodate: 2020-07-02T20:06:17.959Z,
  ip: '80.82.70.140',
  geoloc: {
    range: [ 1347569280, 1347569311 ],
    country: 'SC',
    region: '01',
    eu: '0',
    timezone: 'Indian/Mahe',
    city: 'Anse aux Pins',
    ll: [ -4.7034, 55.5206 ],
    metro: 0,
    area: 100
  },
  __lastAccess: 1593713178012
}
[2020-07-02T20:16:00.782] [TRACE] trace - Session {
  cookie: {
    path: '/',
    _expires: 2072-01-02T00:28:30.139Z,
    originalMaxAge: 1625206349357,
    httpOnly: true,
    maxage: 311040000000
  },
  views: { '/': 1 },
  horodate: 2020-07-02T20:16:00.728Z,
  ip: '125.227.84.50',
  geoloc: {
    range: [ 2112050176, 2112051199 ],
    country: 'TW',
    region: 'TXG',
    eu: '0',
    timezone: 'Asia/Taipei',
    city: 'Taichung',
    ll: [ 24.1469, 120.6839 ],
    metro: 0,
    area: 20
  },
  __lastAccess: 1593713760782
}
[2020-07-02T20:40:04.626] [TRACE] trace - Session {
  cookie: {
    path: '/',
    _expires: 2072-01-02T00:52:33.983Z,
    originalMaxAge: 1625206349357,
    httpOnly: true,
    maxage: 311040000000
  },
  views: { '/': 1 },
  horodate: 2020-07-02T20:40:04.574Z,
  ip: '83.97.20.21',
  geoloc: {
    range: [ 1398871040, 1398871295 ],
    country: 'RO',
    region: 'B',
    eu: '1',
    timezone: 'Europe/Bucharest',
    city: 'Bucharest',
    ll: [ 44.418, 26.1691 ],
    metro: 0,
    area: 200
  },
  __lastAccess: 1593715204626
}
[2020-07-02T20:46:06.098] [TRACE] trace - Session {
  cookie: {
    path: '/',
    _expires: 2072-01-02T00:58:35.455Z,
    originalMaxAge: 1625206349357,
    httpOnly: true,
    maxage: 311040000000
  },
  views: { '/': 1 },
  horodate: 2020-07-02T20:46:06.045Z,
  ip: '59.126.126.179',
  geoloc: {
    range: [ 998144000, 998146047 ],
    country: 'TW',
    region: 'TXG',
    eu: '0',
    timezone: 'Asia/Taipei',
    city: 'Taichung',
    ll: [ 24.1469, 120.6839 ],
    metro: 0,
    area: 1
  },
  __lastAccess: 1593715566098
}
[2020-07-02T21:09:25.197] [TRACE] trace - Session {
  cookie: {
    path: '/',
    _expires: 2072-01-02T01:21:54.554Z,
    originalMaxAge: 1625206349357,
    httpOnly: true,
    maxage: 311040000000
  },
  views: { '/': 1 },
  horodate: 2020-07-02T21:09:25.139Z,
  ip: '45.148.10.64',
  geoloc: null,
  __lastAccess: 1593716965197
}
[2020-07-02T21:15:01.866] [TRACE] trace - Session {
  cookie: {
    path: '/',
    _expires: 2072-01-02T01:27:31.223Z,
    originalMaxAge: 1625206349357,
    httpOnly: true,
    maxage: 311040000000
  },
  views: { '/': 1 },
  horodate: 2020-07-02T21:15:01.809Z,
  ip: '42.190.187.232',
  geoloc: {
    range: [ 717142528, 717143039 ],
    country: 'MY',
    region: '14',
    eu: '0',
    timezone: 'Asia/Kuala_Lumpur',
    city: 'Kuala Lumpur',
    ll: [ 3.1684, 101.7033 ],
    metro: 0,
    area: 5
  },
  __lastAccess: 1593717301866
}
[2020-07-02T21:52:28.839] [TRACE] trace - Session {
  cookie: {
    path: '/',
    _expires: 2072-01-02T02:04:58.196Z,
    originalMaxAge: 1625206349357,
    httpOnly: true,
    maxage: 311040000000
  },
  views: { '/': 1 },
  horodate: 2020-07-02T21:52:28.786Z,
  ip: '114.34.189.202',
  geoloc: {
    range: [ 1914878976, 1914879999 ],
    country: 'TW',
    region: 'TPE',
    eu: '0',
    timezone: 'Asia/Taipei',
    city: 'Taipei',
    ll: [ 25.0478, 121.5318 ],
    metro: 0,
    area: 1
  },
  __lastAccess: 1593719548839
}
[2020-07-02T21:52:32.634] [TRACE] trace - Session {
  cookie: {
    path: '/',
    _expires: 2072-01-02T02:05:01.991Z,
    originalMaxAge: 1625206349357,
    httpOnly: true,
    maxage: 311040000000
  },
  views: { '/': 1 },
  horodate: 2020-07-02T21:52:32.588Z,
  ip: '220.135.212.173',
  geoloc: {
    range: [ 3699889152, 3699890175 ],
    country: 'TW',
    region: 'TAO',
    eu: '0',
    timezone: 'Asia/Taipei',
    city: 'Taoyuan City',
    ll: [ 24.9937, 121.297 ],
    metro: 0,
    area: 20
  },
  __lastAccess: 1593719552634
}
[2020-07-02T21:52:34.850] [TRACE] trace - Session {
  cookie: {
    path: '/',
    _expires: 2072-01-02T02:05:04.207Z,
    originalMaxAge: 1625206349357,
    httpOnly: true,
    maxage: 311040000000
  },
  views: { '/': 1 },
  horodate: 2020-07-02T21:52:34.801Z,
  ip: '111.242.101.48',
  geoloc: {
    range: [ 1878155264, 1878157311 ],
    country: 'TW',
    region: 'TXG',
    eu: '0',
    timezone: 'Asia/Taipei',
    city: 'Taichung',
    ll: [ 24.1469, 120.6839 ],
    metro: 0,
    area: 1
  },
  __lastAccess: 1593719554850
}
[2020-07-02T21:52:37.853] [TRACE] trace - Session {
  cookie: {
    path: '/',
    _expires: 2072-01-02T02:05:07.210Z,
    originalMaxAge: 1625206349357,
    httpOnly: true,
    maxage: 311040000000
  },
  views: { '/': 1 },
  horodate: 2020-07-02T21:52:37.807Z,
  ip: '114.35.228.206',
  geoloc: {
    range: [ 1914954752, 1914955263 ],
    country: 'TW',
    region: 'KHH',
    eu: '0',
    timezone: 'Asia/Taipei',
    city: 'Kaohsiung City',
    ll: [ 22.6148, 120.3139 ],
    metro: 0,
    area: 50
  },
  __lastAccess: 1593719557853
}
[2020-07-02T21:52:49.727] [TRACE] trace - Session {
  cookie: {
    path: '/',
    _expires: 2072-01-02T02:05:19.084Z,
    originalMaxAge: 1625206349357,
    httpOnly: true,
    maxage: 311040000000
  },
  views: { '/': 1 },
  horodate: 2020-07-02T21:52:49.676Z,
  ip: '59.127.233.167',
  geoloc: {
    range: [ 998238208, 998239231 ],
    country: 'TW',
    region: 'CYQ',
    eu: '0',
    timezone: 'Asia/Taipei',
    city: '',
    ll: [ 23.4633, 120.5817 ],
    metro: 0,
    area: 20
  },
  __lastAccess: 1593719569727
}
[2020-07-02T21:55:48.114] [TRACE] trace - Session {
  cookie: {
    path: '/',
    _expires: 2072-01-02T02:08:17.471Z,
    originalMaxAge: 1625206349357,
    httpOnly: true,
    maxage: 311040000000
  },
  views: { '/': 1 },
  horodate: 2020-07-02T21:55:48.062Z,
  ip: '191.97.18.157',
  geoloc: {
    range: [ 3210809344, 3210810367 ],
    country: 'VE',
    region: '',
    eu: '0',
    timezone: 'America/Caracas',
    city: '',
    ll: [ 8, -66 ],
    metro: 0,
    area: 500
  },
  __lastAccess: 1593719748114
}
[2020-07-02T22:34:29.560] [TRACE] trace - Session {
  cookie: {
    path: '/',
    _expires: 2072-01-02T02:46:58.917Z,
    originalMaxAge: 1625206349357,
    httpOnly: true,
    maxage: 311040000000
  },
  views: { '/': 1 },
  horodate: 2020-07-02T22:34:29.507Z,
  ip: '220.135.218.124',
  geoloc: {
    range: [ 3699890176, 3699891199 ],
    country: 'TW',
    region: 'TNN',
    eu: '0',
    timezone: 'Asia/Taipei',
    city: 'Tainan City',
    ll: [ 22.9314, 120.2308 ],
    metro: 0,
    area: 100
  },
  __lastAccess: 1593722069560
}
[2020-07-02T22:48:32.223] [TRACE] trace - Session {
  cookie: {
    path: '/',
    _expires: 2072-01-02T03:01:01.580Z,
    originalMaxAge: 1625206349357,
    httpOnly: true,
    maxage: 311040000000
  },
  views: { '/': 1 },
  horodate: 2020-07-02T22:48:32.166Z,
  ip: '95.47.51.217',
  geoloc: {
    range: [ 1596928000, 1596929023 ],
    country: 'RU',
    region: '',
    eu: '0',
    timezone: 'Europe/Moscow',
    city: '',
    ll: [ 55.7386, 37.6068 ],
    metro: 0,
    area: 100
  },
  __lastAccess: 1593722912223
}
[2020-07-02T23:06:17.316] [TRACE] trace - Session {
  cookie: {
    path: '/',
    _expires: 2072-01-02T03:18:46.672Z,
    originalMaxAge: 1625206349357,
    httpOnly: true,
    maxage: 311040000000
  },
  views: { '/': 1 },
  horodate: 2020-07-02T23:06:17.262Z,
  ip: '88.235.240.109',
  geoloc: {
    range: [ 1491857408, 1491859455 ],
    country: 'TR',
    region: '34',
    eu: '0',
    timezone: 'Europe/Istanbul',
    city: 'Istanbul',
    ll: [ 41.018, 28.9745 ],
    metro: 0,
    area: 5
  },
  __lastAccess: 1593723977315
}
[2020-07-02T23:13:00.592] [TRACE] trace - Session {
  cookie: {
    path: '/',
    _expires: 2072-01-02T03:25:29.948Z,
    originalMaxAge: 1625206349357,
    httpOnly: true,
    maxage: 311040000000
  },
  views: { '/': 1 },
  horodate: 2020-07-02T23:13:00.534Z,
  ip: '80.82.70.140',
  geoloc: {
    range: [ 1347569280, 1347569311 ],
    country: 'SC',
    region: '01',
    eu: '0',
    timezone: 'Indian/Mahe',
    city: 'Anse aux Pins',
    ll: [ -4.7034, 55.5206 ],
    metro: 0,
    area: 100
  },
  __lastAccess: 1593724380591
}
[2020-07-02T23:30:19.690] [TRACE] trace - Session {
  cookie: {
    path: '/',
    _expires: 2072-01-02T03:42:49.047Z,
    originalMaxAge: 1625206349357,
    httpOnly: true,
    maxage: 311040000000
  },
  views: { '/': 1 },
  horodate: 2020-07-02T23:30:19.635Z,
  ip: '139.162.119.197',
  geoloc: {
    range: [ 2342674432, 2342682623 ],
    country: 'JP',
    region: '13',
    eu: '0',
    timezone: 'Asia/Tokyo',
    city: 'Tokyo',
    ll: [ 35.6882, 139.7532 ],
    metro: 0,
    area: 100
  },
  __lastAccess: 1593725419690
}
