Fri Jul 23 2021 03:06:56 GMT+0200 (GMT+02:00)[2020-07-23T03:07:03.631] [TRACE] file - Session {
  cookie: {
    path: '/',
    _expires: 2020-10-21T01:07:03.627Z,
    originalMaxAge: 7775999998,
    httpOnly: true
  },
  views: { '/': 20, '/cv': 15, '/adm1n': 6, '/giftedADHD': 5 },
  __lastAccess: 1595466423629,
  horodate: 2020-07-23T03:07:03.159Z,
  ip: '92.184.97.205',
  geoloc: {
    range: [ 1555587072, 1555588095 ],
    country: 'FR',
    region: 'IDF',
    eu: '1',
    timezone: 'Europe/Paris',
    city: 'Paris',
    ll: [ 48.8649, 2.2752 ],
    metro: 0,
    area: 200
  }
}
[2020-07-23T03:07:36.091] [TRACE] file - Session {
  cookie: {
    path: '/',
    _expires: 2020-10-21T01:07:36.089Z,
    originalMaxAge: 7775999998,
    httpOnly: true
  },
  views: { '/': 20, '/cv': 15, '/adm1n': 6, '/giftedADHD': 6 },
  __lastAccess: 1595466456091,
  horodate: 2020-07-23T03:07:36.000Z,
  ip: '92.184.97.205',
  geoloc: {
    range: [ 1555587072, 1555588095 ],
    country: 'FR',
    region: 'IDF',
    eu: '1',
    timezone: 'Europe/Paris',
    city: 'Paris',
    ll: [ 48.8649, 2.2752 ],
    metro: 0,
    area: 200
  }
}
[2020-07-23T03:07:40.208] [TRACE] file - Session {
  cookie: {
    path: '/',
    _expires: 2020-10-21T01:07:40.206Z,
    originalMaxAge: 7775999998,
    httpOnly: true
  },
  views: { '/': 21, '/cv': 15, '/adm1n': 6, '/giftedADHD': 6 },
  __lastAccess: 1595466460208,
  horodate: 2020-07-23T03:07:40.101Z,
  ip: '92.184.97.205',
  geoloc: {
    range: [ 1555587072, 1555588095 ],
    country: 'FR',
    region: 'IDF',
    eu: '1',
    timezone: 'Europe/Paris',
    city: 'Paris',
    ll: [ 48.8649, 2.2752 ],
    metro: 0,
    area: 200
  }
}
[2020-07-23T03:08:39.987] [TRACE] file - Session {
  cookie: {
    path: '/',
    _expires: 2020-10-21T01:08:39.985Z,
    originalMaxAge: 7775999998,
    httpOnly: true
  },
  views: { '/': 22, '/cv': 15, '/adm1n': 6, '/giftedADHD': 6 },
  __lastAccess: 1595466519987,
  horodate: 2020-07-23T03:08:39.892Z,
  ip: '92.184.97.205',
  geoloc: {
    range: [ 1555587072, 1555588095 ],
    country: 'FR',
    region: 'IDF',
    eu: '1',
    timezone: 'Europe/Paris',
    city: 'Paris',
    ll: [ 48.8649, 2.2752 ],
    metro: 0,
    area: 200
  }
}
[2020-07-23T03:09:10.846] [TRACE] file - Session {
  cookie: {
    path: '/',
    _expires: 2020-10-21T01:09:10.843Z,
    originalMaxAge: 7775999998,
    httpOnly: true
  },
  views: { '/': 22, '/cv': 16, '/adm1n': 6, '/giftedADHD': 6 },
  __lastAccess: 1595466550845,
  horodate: 2020-07-23T03:09:10.783Z,
  ip: '92.184.97.205',
  geoloc: {
    range: [ 1555587072, 1555588095 ],
    country: 'FR',
    region: 'IDF',
    eu: '1',
    timezone: 'Europe/Paris',
    city: 'Paris',
    ll: [ 48.8649, 2.2752 ],
    metro: 0,
    area: 200
  }
}
[2020-07-23T03:09:24.042] [TRACE] file - Session {
  cookie: {
    path: '/',
    _expires: 2020-10-21T01:09:24.040Z,
    originalMaxAge: 7775999998,
    httpOnly: true
  },
  views: { '/': 22, '/cv': 16, '/adm1n': 7, '/giftedADHD': 6 },
  __lastAccess: 1595466564042,
  horodate: 2020-07-23T03:09:23.973Z,
  ip: '92.184.97.205',
  geoloc: {
    range: [ 1555587072, 1555588095 ],
    country: 'FR',
    region: 'IDF',
    eu: '1',
    timezone: 'Europe/Paris',
    city: 'Paris',
    ll: [ 48.8649, 2.2752 ],
    metro: 0,
    area: 200
  }
}
[2020-07-23T03:09:38.557] [TRACE] file - Session {
  cookie: {
    path: '/',
    _expires: 2020-10-21T01:09:38.555Z,
    originalMaxAge: 7775999998,
    httpOnly: true
  },
  views: { '/': 22, '/cv': 16, '/adm1n': 7, '/giftedADHD': 7 },
  __lastAccess: 1595466578557,
  horodate: 2020-07-23T03:09:38.513Z,
  ip: '92.184.97.205',
  geoloc: {
    range: [ 1555587072, 1555588095 ],
    country: 'FR',
    region: 'IDF',
    eu: '1',
    timezone: 'Europe/Paris',
    city: 'Paris',
    ll: [ 48.8649, 2.2752 ],
    metro: 0,
    area: 200
  }
}
[2020-07-23T03:09:52.201] [TRACE] file - Session {
  cookie: {
    path: '/',
    _expires: 2020-10-21T01:09:52.199Z,
    originalMaxAge: 7775999998,
    httpOnly: true
  },
  views: { '/': 22, '/cv': 16, '/adm1n': 7, '/giftedADHD': 8 },
  __lastAccess: 1595466592201,
  horodate: 2020-07-23T03:09:52.160Z,
  ip: '92.184.97.205',
  geoloc: {
    range: [ 1555587072, 1555588095 ],
    country: 'FR',
    region: 'IDF',
    eu: '1',
    timezone: 'Europe/Paris',
    city: 'Paris',
    ll: [ 48.8649, 2.2752 ],
    metro: 0,
    area: 200
  }
}
[2020-07-23T03:09:52.894] [TRACE] file - Session {
  cookie: {
    path: '/',
    _expires: 2020-10-21T01:09:52.892Z,
    originalMaxAge: 7775999998,
    httpOnly: true
  },
  views: { '/': 23, '/cv': 16, '/adm1n': 7, '/giftedADHD': 8 },
  __lastAccess: 1595466592894,
  horodate: 2020-07-23T03:09:52.843Z,
  ip: '92.184.97.205',
  geoloc: {
    range: [ 1555587072, 1555588095 ],
    country: 'FR',
    region: 'IDF',
    eu: '1',
    timezone: 'Europe/Paris',
    city: 'Paris',
    ll: [ 48.8649, 2.2752 ],
    metro: 0,
    area: 200
  }
}
[2020-07-23T03:10:33.434] [TRACE] file - Session {
  cookie: {
    path: '/',
    _expires: 2020-10-21T01:10:33.432Z,
    originalMaxAge: 7775999998,
    httpOnly: true
  },
  views: { '/': 24, '/cv': 16, '/adm1n': 7, '/giftedADHD': 8 },
  __lastAccess: 1595466633434,
  horodate: 2020-07-23T03:10:33.371Z,
  ip: '92.184.97.205',
  geoloc: {
    range: [ 1555587072, 1555588095 ],
    country: 'FR',
    region: 'IDF',
    eu: '1',
    timezone: 'Europe/Paris',
    city: 'Paris',
    ll: [ 48.8649, 2.2752 ],
    metro: 0,
    area: 200
  }
}
[2020-07-23T03:16:33.817] [TRACE] file - Session {
  cookie: {
    path: '/',
    _expires: 2020-10-21T01:16:33.813Z,
    originalMaxAge: 7776000000,
    httpOnly: true
  },
  views: { '/': 1 },
  horodate: 2020-07-23T03:16:33.754Z,
  ip: '172.104.108.109',
  geoloc: {
    range: [ 2892513280, 2892529663 ],
    country: 'JP',
    region: '13',
    eu: '0',
    timezone: 'Asia/Tokyo',
    city: 'Tokyo',
    ll: [ 35.6882, 139.7532 ],
    metro: 0,
    area: 1000
  },
  __lastAccess: 1595466993813
}
