Sat Jul 24 2021 01:46:28 GMT+0200 (GMT+02:00)[2020-07-24T01:46:33.691] [TRACE] file - Session {
  cookie: {
    path: '/',
    _expires: 2020-10-21T23:46:33.689Z,
    originalMaxAge: 7776000000,
    httpOnly: true
  },
  views: { '/': 3 },
  horodate: 2020-07-23T01:46:33.192Z,
  ip: '83.202.34.239',
  geoloc: {
    range: [ 1405755904, 1405756415 ],
    country: 'FR',
    region: 'IDF',
    eu: '1',
    timezone: 'Europe/Paris',
    city: 'Paris',
    ll: [ 48.8543, 2.3527 ],
    metro: 0,
    area: 10
  },
  __lastAccess: 1595547993690
}
[2020-07-24T01:46:42.985] [TRACE] file - Session {
  cookie: {
    path: '/',
    _expires: 2020-10-21T23:46:42.985Z,
    originalMaxAge: 7776000000,
    httpOnly: true
  },
  views: { '/': 1 },
  horodate: 2020-07-23T01:46:42.811Z,
  ip: '83.202.34.239',
  geoloc: {
    range: [ 1405755904, 1405756415 ],
    country: 'FR',
    region: 'IDF',
    eu: '1',
    timezone: 'Europe/Paris',
    city: 'Paris',
    ll: [ 48.8543, 2.3527 ],
    metro: 0,
    area: 10
  },
  __lastAccess: 1595548002985
}
[2020-07-24T01:47:11.256] [TRACE] file - Session {
  cookie: {
    path: '/',
    _expires: 2020-10-21T23:47:11.253Z,
    originalMaxAge: 7776000000,
    httpOnly: true
  },
  views: { '/': 1 },
  horodate: 2020-07-23T01:47:11.163Z,
  ip: '83.202.34.239',
  geoloc: {
    range: [ 1405755904, 1405756415 ],
    country: 'FR',
    region: 'IDF',
    eu: '1',
    timezone: 'Europe/Paris',
    city: 'Paris',
    ll: [ 48.8543, 2.3527 ],
    metro: 0,
    area: 10
  },
  __lastAccess: 1595548031253
}
[2020-07-24T01:49:20.599] [TRACE] file - Session {
  cookie: {
    path: '/',
    _expires: 2020-10-21T23:49:20.598Z,
    originalMaxAge: 7776000000,
    httpOnly: true
  },
  views: { '/': 1, '/cv': 1 },
  horodate: 2020-07-23T01:49:20.533Z,
  ip: '83.202.34.239',
  geoloc: {
    range: [ 1405755904, 1405756415 ],
    country: 'FR',
    region: 'IDF',
    eu: '1',
    timezone: 'Europe/Paris',
    city: 'Paris',
    ll: [ 48.8543, 2.3527 ],
    metro: 0,
    area: 10
  },
  __lastAccess: 1595548160598
}
[2020-07-24T01:49:24.860] [TRACE] file - Session {
  cookie: {
    path: '/',
    _expires: 2020-10-21T23:49:24.860Z,
    originalMaxAge: 7776000000,
    httpOnly: true
  },
  views: { '/': 2, '/cv': 1 },
  horodate: 2020-07-23T01:49:24.796Z,
  ip: '83.202.34.239',
  geoloc: {
    range: [ 1405755904, 1405756415 ],
    country: 'FR',
    region: 'IDF',
    eu: '1',
    timezone: 'Europe/Paris',
    city: 'Paris',
    ll: [ 48.8543, 2.3527 ],
    metro: 0,
    area: 10
  },
  __lastAccess: 1595548164860
}
[2020-07-24T01:49:41.715] [TRACE] file - Session {
  cookie: {
    path: '/',
    _expires: 2020-10-21T23:49:41.714Z,
    originalMaxAge: 7776000000,
    httpOnly: true
  },
  views: { '/': 2, '/cv': 1, '/giftedADHD': 1 },
  horodate: 2020-07-23T01:49:41.670Z,
  ip: '83.202.34.239',
  geoloc: {
    range: [ 1405755904, 1405756415 ],
    country: 'FR',
    region: 'IDF',
    eu: '1',
    timezone: 'Europe/Paris',
    city: 'Paris',
    ll: [ 48.8543, 2.3527 ],
    metro: 0,
    area: 10
  },
  __lastAccess: 1595548181715
}
[2020-07-24T01:49:47.648] [TRACE] file - Session {
  cookie: {
    path: '/',
    _expires: 2020-10-21T23:49:47.648Z,
    originalMaxAge: 7776000000,
    httpOnly: true
  },
  views: { '/': 3, '/cv': 1, '/giftedADHD': 1 },
  horodate: 2020-07-23T01:49:47.592Z,
  ip: '83.202.34.239',
  geoloc: {
    range: [ 1405755904, 1405756415 ],
    country: 'FR',
    region: 'IDF',
    eu: '1',
    timezone: 'Europe/Paris',
    city: 'Paris',
    ll: [ 48.8543, 2.3527 ],
    metro: 0,
    area: 10
  },
  __lastAccess: 1595548187648
}
[2020-07-24T01:50:33.395] [TRACE] file - Session {
  cookie: {
    path: '/',
    _expires: 2020-10-21T23:50:33.394Z,
    originalMaxAge: 7776000000,
    httpOnly: true
  },
  views: { '/': 4, '/cv': 1, '/giftedADHD': 1 },
  horodate: 2020-07-23T01:50:33.303Z,
  ip: '83.202.34.239',
  geoloc: {
    range: [ 1405755904, 1405756415 ],
    country: 'FR',
    region: 'IDF',
    eu: '1',
    timezone: 'Europe/Paris',
    city: 'Paris',
    ll: [ 48.8543, 2.3527 ],
    metro: 0,
    area: 10
  },
  __lastAccess: 1595548233395
}
[2020-07-24T01:50:51.862] [TRACE] file - Session {
  cookie: {
    path: '/',
    _expires: 2020-10-21T23:50:51.862Z,
    originalMaxAge: 7776000000,
    httpOnly: true
  },
  views: { '/': 5, '/cv': 1, '/giftedADHD': 1 },
  horodate: 2020-07-23T01:50:51.782Z,
  ip: '83.202.34.239',
  geoloc: {
    range: [ 1405755904, 1405756415 ],
    country: 'FR',
    region: 'IDF',
    eu: '1',
    timezone: 'Europe/Paris',
    city: 'Paris',
    ll: [ 48.8543, 2.3527 ],
    metro: 0,
    area: 10
  },
  __lastAccess: 1595548251862
}
[2020-07-24T01:51:20.855] [TRACE] file - Session {
  cookie: {
    path: '/',
    _expires: 2020-10-21T23:51:20.855Z,
    originalMaxAge: 7776000000,
    httpOnly: true
  },
  views: { '/': 6, '/cv': 1, '/giftedADHD': 1 },
  horodate: 2020-07-23T01:51:20.794Z,
  ip: '83.202.34.239',
  geoloc: {
    range: [ 1405755904, 1405756415 ],
    country: 'FR',
    region: 'IDF',
    eu: '1',
    timezone: 'Europe/Paris',
    city: 'Paris',
    ll: [ 48.8543, 2.3527 ],
    metro: 0,
    area: 10
  },
  __lastAccess: 1595548280855
}
[2020-07-24T01:53:05.581] [TRACE] file - Session {
  cookie: {
    path: '/',
    _expires: 2020-10-21T23:53:05.581Z,
    originalMaxAge: 7776000000,
    httpOnly: true
  },
  views: { '/': 7, '/cv': 1, '/giftedADHD': 1 },
  horodate: 2020-07-23T01:53:05.508Z,
  ip: '83.202.34.239',
  geoloc: {
    range: [ 1405755904, 1405756415 ],
    country: 'FR',
    region: 'IDF',
    eu: '1',
    timezone: 'Europe/Paris',
    city: 'Paris',
    ll: [ 48.8543, 2.3527 ],
    metro: 0,
    area: 10
  },
  __lastAccess: 1595548385581
}
[2020-07-24T01:55:36.601] [TRACE] file - Session {
  cookie: {
    path: '/',
    _expires: 2020-10-21T23:55:36.600Z,
    originalMaxAge: 7776000000,
    httpOnly: true
  },
  views: { '/': 8, '/cv': 1, '/giftedADHD': 1 },
  horodate: 2020-07-23T01:55:36.537Z,
  ip: '83.202.34.239',
  geoloc: {
    range: [ 1405755904, 1405756415 ],
    country: 'FR',
    region: 'IDF',
    eu: '1',
    timezone: 'Europe/Paris',
    city: 'Paris',
    ll: [ 48.8543, 2.3527 ],
    metro: 0,
    area: 10
  },
  __lastAccess: 1595548536601
}
[2020-07-24T01:56:22.715] [TRACE] file - Session {
  cookie: {
    path: '/',
    _expires: 2020-10-21T23:56:22.715Z,
    originalMaxAge: 7776000000,
    httpOnly: true
  },
  views: { '/': 9, '/cv': 1, '/giftedADHD': 1 },
  horodate: 2020-07-23T01:56:22.656Z,
  ip: '83.202.34.239',
  geoloc: {
    range: [ 1405755904, 1405756415 ],
    country: 'FR',
    region: 'IDF',
    eu: '1',
    timezone: 'Europe/Paris',
    city: 'Paris',
    ll: [ 48.8543, 2.3527 ],
    metro: 0,
    area: 10
  },
  __lastAccess: 1595548582715
}
[2020-07-24T01:58:11.970] [TRACE] file - Session {
  cookie: {
    path: '/',
    _expires: 2020-10-21T23:58:11.970Z,
    originalMaxAge: 7776000000,
    httpOnly: true
  },
  views: { '/': 10, '/cv': 1, '/giftedADHD': 1 },
  horodate: 2020-07-23T01:58:11.918Z,
  ip: '83.202.34.239',
  geoloc: {
    range: [ 1405755904, 1405756415 ],
    country: 'FR',
    region: 'IDF',
    eu: '1',
    timezone: 'Europe/Paris',
    city: 'Paris',
    ll: [ 48.8543, 2.3527 ],
    metro: 0,
    area: 10
  },
  __lastAccess: 1595548691970
}
[2020-07-24T01:59:07.617] [TRACE] file - Session {
  cookie: {
    path: '/',
    _expires: 2020-10-21T23:59:07.617Z,
    originalMaxAge: 7776000000,
    httpOnly: true
  },
  views: { '/': 11, '/cv': 1, '/giftedADHD': 1 },
  horodate: 2020-07-23T01:59:07.563Z,
  ip: '83.202.34.239',
  geoloc: {
    range: [ 1405755904, 1405756415 ],
    country: 'FR',
    region: 'IDF',
    eu: '1',
    timezone: 'Europe/Paris',
    city: 'Paris',
    ll: [ 48.8543, 2.3527 ],
    metro: 0,
    area: 10
  },
  __lastAccess: 1595548747617
}
[2020-07-24T01:59:39.541] [TRACE] file - Session {
  cookie: {
    path: '/',
    _expires: 2020-10-21T23:59:39.540Z,
    originalMaxAge: 7776000000,
    httpOnly: true
  },
  views: { '/': 12, '/cv': 1, '/giftedADHD': 1 },
  horodate: 2020-07-23T01:59:39.483Z,
  ip: '83.202.34.239',
  geoloc: {
    range: [ 1405755904, 1405756415 ],
    country: 'FR',
    region: 'IDF',
    eu: '1',
    timezone: 'Europe/Paris',
    city: 'Paris',
    ll: [ 48.8543, 2.3527 ],
    metro: 0,
    area: 10
  },
  __lastAccess: 1595548779540
}
[2020-07-24T02:00:05.118] [TRACE] file - Session {
  cookie: {
    path: '/',
    _expires: 2020-10-22T00:00:05.118Z,
    originalMaxAge: 7776000000,
    httpOnly: true
  },
  views: { '/': 13, '/cv': 1, '/giftedADHD': 1 },
  horodate: 2020-07-24T02:00:05.068Z,
  ip: '83.202.34.239',
  geoloc: {
    range: [ 1405755904, 1405756415 ],
    country: 'FR',
    region: 'IDF',
    eu: '1',
    timezone: 'Europe/Paris',
    city: 'Paris',
    ll: [ 48.8543, 2.3527 ],
    metro: 0,
    area: 10
  },
  __lastAccess: 1595548805118
}
[2020-07-24T02:00:45.751] [TRACE] file - Session {
  cookie: {
    path: '/',
    _expires: 2020-10-22T00:00:45.750Z,
    originalMaxAge: 7776000000,
    httpOnly: true
  },
  views: { '/': 14, '/cv': 1, '/giftedADHD': 1 },
  horodate: 2020-07-24T02:00:45.658Z,
  ip: '83.202.34.239',
  geoloc: {
    range: [ 1405755904, 1405756415 ],
    country: 'FR',
    region: 'IDF',
    eu: '1',
    timezone: 'Europe/Paris',
    city: 'Paris',
    ll: [ 48.8543, 2.3527 ],
    metro: 0,
    area: 10
  },
  __lastAccess: 1595548845751
}
[2020-07-24T02:00:50.554] [TRACE] file - Session {
  cookie: {
    path: '/',
    _expires: 2020-10-22T00:00:50.553Z,
    originalMaxAge: 7776000000,
    httpOnly: true
  },
  views: { '/': 15, '/cv': 1, '/giftedADHD': 1 },
  horodate: 2020-07-24T02:00:50.505Z,
  ip: '83.202.34.239',
  geoloc: {
    range: [ 1405755904, 1405756415 ],
    country: 'FR',
    region: 'IDF',
    eu: '1',
    timezone: 'Europe/Paris',
    city: 'Paris',
    ll: [ 48.8543, 2.3527 ],
    metro: 0,
    area: 10
  },
  __lastAccess: 1595548850553
}
[2020-07-24T02:01:31.818] [TRACE] file - Session {
  cookie: {
    path: '/',
    _expires: 2020-10-22T00:01:31.817Z,
    originalMaxAge: 7776000000,
    httpOnly: true
  },
  __lastAccess: 1595548891817,
  views: { '/': 1 },
  horodate: 2020-07-24T02:01:31.764Z,
  ip: '83.202.34.239',
  geoloc: {
    range: [ 1405755904, 1405756415 ],
    country: 'FR',
    region: 'IDF',
    eu: '1',
    timezone: 'Europe/Paris',
    city: 'Paris',
    ll: [ 48.8543, 2.3527 ],
    metro: 0,
    area: 10
  }
}
[2020-07-24T02:01:37.778] [TRACE] file - Session {
  cookie: {
    path: '/',
    _expires: 2020-10-22T00:01:37.778Z,
    originalMaxAge: 7776000000,
    httpOnly: true
  },
  views: { '/': 16, '/cv': 1, '/giftedADHD': 1 },
  horodate: 2020-07-24T02:01:37.723Z,
  ip: '83.202.34.239',
  geoloc: {
    range: [ 1405755904, 1405756415 ],
    country: 'FR',
    region: 'IDF',
    eu: '1',
    timezone: 'Europe/Paris',
    city: 'Paris',
    ll: [ 48.8543, 2.3527 ],
    metro: 0,
    area: 10
  },
  __lastAccess: 1595548897778
}
[2020-07-24T02:01:44.015] [TRACE] file - Session {
  cookie: {
    path: '/',
    _expires: 2020-10-22T00:01:44.015Z,
    originalMaxAge: 7776000000,
    httpOnly: true
  },
  views: { '/': 17, '/cv': 1, '/giftedADHD': 1 },
  horodate: 2020-07-24T02:01:43.962Z,
  ip: '83.202.34.239',
  geoloc: {
    range: [ 1405755904, 1405756415 ],
    country: 'FR',
    region: 'IDF',
    eu: '1',
    timezone: 'Europe/Paris',
    city: 'Paris',
    ll: [ 48.8543, 2.3527 ],
    metro: 0,
    area: 10
  },
  __lastAccess: 1595548904015
}
[2020-07-24T02:02:11.039] [TRACE] file - Session {
  cookie: {
    path: '/',
    _expires: 2020-10-22T00:02:11.038Z,
    originalMaxAge: 7776000000,
    httpOnly: true
  },
  __lastAccess: 1595548931039,
  views: { '/': 2 },
  horodate: 2020-07-24T02:02:10.983Z,
  ip: '83.202.34.239',
  geoloc: {
    range: [ 1405755904, 1405756415 ],
    country: 'FR',
    region: 'IDF',
    eu: '1',
    timezone: 'Europe/Paris',
    city: 'Paris',
    ll: [ 48.8543, 2.3527 ],
    metro: 0,
    area: 10
  }
}
[2020-07-24T02:02:30.689] [TRACE] file - Session {
  cookie: {
    path: '/',
    _expires: 2020-10-22T00:02:30.689Z,
    originalMaxAge: 7776000000,
    httpOnly: true
  },
  __lastAccess: 1595548950689,
  views: { '/': 2, '/cv': 1 },
  horodate: 2020-07-24T02:02:30.621Z,
  ip: '83.202.34.239',
  geoloc: {
    range: [ 1405755904, 1405756415 ],
    country: 'FR',
    region: 'IDF',
    eu: '1',
    timezone: 'Europe/Paris',
    city: 'Paris',
    ll: [ 48.8543, 2.3527 ],
    metro: 0,
    area: 10
  }
}
[2020-07-24T02:02:32.336] [TRACE] file - Session {
  cookie: {
    path: '/',
    _expires: 2020-10-22T00:02:32.336Z,
    originalMaxAge: 7776000000,
    httpOnly: true
  },
  __lastAccess: 1595548952336,
  views: { '/': 2, '/cv': 1, '/giftedADHD': 1 },
  horodate: 2020-07-24T02:02:32.303Z,
  ip: '83.202.34.239',
  geoloc: {
    range: [ 1405755904, 1405756415 ],
    country: 'FR',
    region: 'IDF',
    eu: '1',
    timezone: 'Europe/Paris',
    city: 'Paris',
    ll: [ 48.8543, 2.3527 ],
    metro: 0,
    area: 10
  }
}
[2020-07-24T02:02:57.011] [TRACE] file - Session {
  cookie: {
    path: '/',
    _expires: 2020-10-22T00:02:57.011Z,
    originalMaxAge: 7776000000,
    httpOnly: true
  },
  __lastAccess: 1595548977011,
  views: { '/': 2, '/cv': 1, '/giftedADHD': 2 },
  horodate: 2020-07-24T02:02:56.974Z,
  ip: '83.202.34.239',
  geoloc: {
    range: [ 1405755904, 1405756415 ],
    country: 'FR',
    region: 'IDF',
    eu: '1',
    timezone: 'Europe/Paris',
    city: 'Paris',
    ll: [ 48.8543, 2.3527 ],
    metro: 0,
    area: 10
  }
}
[2020-07-24T02:02:59.153] [TRACE] file - Session {
  cookie: {
    path: '/',
    _expires: 2020-10-22T00:02:59.153Z,
    originalMaxAge: 7776000000,
    httpOnly: true
  },
  __lastAccess: 1595548979153,
  views: { '/': 3, '/cv': 1, '/giftedADHD': 2 },
  horodate: 2020-07-24T02:02:59.103Z,
  ip: '83.202.34.239',
  geoloc: {
    range: [ 1405755904, 1405756415 ],
    country: 'FR',
    region: 'IDF',
    eu: '1',
    timezone: 'Europe/Paris',
    city: 'Paris',
    ll: [ 48.8543, 2.3527 ],
    metro: 0,
    area: 10
  }
}
[2020-07-24T02:03:07.659] [TRACE] file - Session {
  cookie: {
    path: '/',
    _expires: 2020-10-22T00:03:07.659Z,
    originalMaxAge: 7776000000,
    httpOnly: true
  },
  views: { '/': 18, '/cv': 1, '/giftedADHD': 1 },
  horodate: 2020-07-24T02:03:07.588Z,
  ip: '83.202.34.239',
  geoloc: {
    range: [ 1405755904, 1405756415 ],
    country: 'FR',
    region: 'IDF',
    eu: '1',
    timezone: 'Europe/Paris',
    city: 'Paris',
    ll: [ 48.8543, 2.3527 ],
    metro: 0,
    area: 10
  },
  __lastAccess: 1595548987659
}
[2020-07-24T02:03:33.018] [TRACE] file - Session {
  cookie: {
    path: '/',
    _expires: 2020-10-22T00:03:33.018Z,
    originalMaxAge: 7776000000,
    httpOnly: true
  },
  __lastAccess: 1595549013018,
  views: { '/': 4, '/cv': 1, '/giftedADHD': 2 },
  horodate: 2020-07-24T02:03:32.959Z,
  ip: '83.202.34.239',
  geoloc: {
    range: [ 1405755904, 1405756415 ],
    country: 'FR',
    region: 'IDF',
    eu: '1',
    timezone: 'Europe/Paris',
    city: 'Paris',
    ll: [ 48.8543, 2.3527 ],
    metro: 0,
    area: 10
  }
}
[2020-07-24T02:03:38.459] [TRACE] file - Session {
  cookie: {
    path: '/',
    _expires: 2020-10-22T00:03:38.458Z,
    originalMaxAge: 7776000000,
    httpOnly: true
  },
  views: { '/': 19, '/cv': 1, '/giftedADHD': 1 },
  horodate: 2020-07-24T02:03:38.379Z,
  ip: '83.202.34.239',
  geoloc: {
    range: [ 1405755904, 1405756415 ],
    country: 'FR',
    region: 'IDF',
    eu: '1',
    timezone: 'Europe/Paris',
    city: 'Paris',
    ll: [ 48.8543, 2.3527 ],
    metro: 0,
    area: 10
  },
  __lastAccess: 1595549018458
}
[2020-07-24T02:04:05.707] [TRACE] file - Session {
  cookie: {
    path: '/',
    _expires: 2020-10-22T00:04:05.706Z,
    originalMaxAge: 7776000000,
    httpOnly: true
  },
  __lastAccess: 1595549045707,
  views: { '/': 5, '/cv': 1, '/giftedADHD': 2 },
  horodate: 2020-07-24T02:04:05.599Z,
  ip: '83.202.34.239',
  geoloc: {
    range: [ 1405755904, 1405756415 ],
    country: 'FR',
    region: 'IDF',
    eu: '1',
    timezone: 'Europe/Paris',
    city: 'Paris',
    ll: [ 48.8543, 2.3527 ],
    metro: 0,
    area: 10
  }
}
[2020-07-24T02:04:26.273] [TRACE] file - Session {
  cookie: {
    path: '/',
    _expires: 2020-10-22T00:04:26.272Z,
    originalMaxAge: 7776000000,
    httpOnly: true
  },
  views: { '/': 20, '/cv': 1, '/giftedADHD': 1 },
  horodate: 2020-07-24T02:04:26.214Z,
  ip: '83.202.34.239',
  geoloc: {
    range: [ 1405755904, 1405756415 ],
    country: 'FR',
    region: 'IDF',
    eu: '1',
    timezone: 'Europe/Paris',
    city: 'Paris',
    ll: [ 48.8543, 2.3527 ],
    metro: 0,
    area: 10
  },
  __lastAccess: 1595549066272
}
[2020-07-24T02:04:52.400] [TRACE] file - Session {
  cookie: {
    path: '/',
    _expires: 2020-10-22T00:04:52.400Z,
    originalMaxAge: 7776000000,
    httpOnly: true
  },
  views: { '/': 21, '/cv': 1, '/giftedADHD': 1 },
  horodate: 2020-07-24T02:04:52.335Z,
  ip: '83.202.34.239',
  geoloc: {
    range: [ 1405755904, 1405756415 ],
    country: 'FR',
    region: 'IDF',
    eu: '1',
    timezone: 'Europe/Paris',
    city: 'Paris',
    ll: [ 48.8543, 2.3527 ],
    metro: 0,
    area: 10
  },
  __lastAccess: 1595549092400
}
[2020-07-24T02:06:45.649] [TRACE] file - Session {
  cookie: {
    path: '/',
    _expires: 2020-10-22T00:06:45.648Z,
    originalMaxAge: 7776000000,
    httpOnly: true
  },
  __lastAccess: 1595549205648,
  views: { '/': 6, '/cv': 1, '/giftedADHD': 2 },
  horodate: 2020-07-24T02:06:45.546Z,
  ip: '83.202.34.239',
  geoloc: {
    range: [ 1405755904, 1405756415 ],
    country: 'FR',
    region: 'IDF',
    eu: '1',
    timezone: 'Europe/Paris',
    city: 'Paris',
    ll: [ 48.8543, 2.3527 ],
    metro: 0,
    area: 10
  }
}
[2020-07-24T02:06:54.317] [TRACE] file - Session {
  cookie: {
    path: '/',
    _expires: 2020-10-22T00:06:54.317Z,
    originalMaxAge: 7776000000,
    httpOnly: true
  },
  views: { '/': 22, '/cv': 1, '/giftedADHD': 1 },
  horodate: 2020-07-24T02:06:54.250Z,
  ip: '83.202.34.239',
  geoloc: {
    range: [ 1405755904, 1405756415 ],
    country: 'FR',
    region: 'IDF',
    eu: '1',
    timezone: 'Europe/Paris',
    city: 'Paris',
    ll: [ 48.8543, 2.3527 ],
    metro: 0,
    area: 10
  },
  __lastAccess: 1595549214317
}
[2020-07-24T02:08:03.875] [TRACE] file - Session {
  cookie: {
    path: '/',
    _expires: 2020-10-22T00:08:03.875Z,
    originalMaxAge: 7776000000,
    httpOnly: true
  },
  __lastAccess: 1595549283875,
  views: { '/': 7, '/cv': 1, '/giftedADHD': 2 },
  horodate: 2020-07-24T02:08:03.810Z,
  ip: '83.202.34.239',
  geoloc: {
    range: [ 1405755904, 1405756415 ],
    country: 'FR',
    region: 'IDF',
    eu: '1',
    timezone: 'Europe/Paris',
    city: 'Paris',
    ll: [ 48.8543, 2.3527 ],
    metro: 0,
    area: 10
  }
}
[2020-07-24T02:08:05.274] [TRACE] file - Session {
  cookie: {
    path: '/',
    _expires: 2020-10-22T00:08:05.273Z,
    originalMaxAge: 7776000000,
    httpOnly: true
  },
  __lastAccess: 1595549285273,
  views: { '/': 7, '/cv': 2, '/giftedADHD': 2 },
  horodate: 2020-07-24T02:08:05.225Z,
  ip: '83.202.34.239',
  geoloc: {
    range: [ 1405755904, 1405756415 ],
    country: 'FR',
    region: 'IDF',
    eu: '1',
    timezone: 'Europe/Paris',
    city: 'Paris',
    ll: [ 48.8543, 2.3527 ],
    metro: 0,
    area: 10
  }
}
[2020-07-24T02:08:26.434] [TRACE] file - Session {
  cookie: {
    path: '/',
    _expires: 2020-10-22T00:08:26.434Z,
    originalMaxAge: 7776000000,
    httpOnly: true
  },
  __lastAccess: 1595549306434,
  views: { '/': 7, '/cv': 3, '/giftedADHD': 2 },
  horodate: 2020-07-24T02:08:26.377Z,
  ip: '83.202.34.239',
  geoloc: {
    range: [ 1405755904, 1405756415 ],
    country: 'FR',
    region: 'IDF',
    eu: '1',
    timezone: 'Europe/Paris',
    city: 'Paris',
    ll: [ 48.8543, 2.3527 ],
    metro: 0,
    area: 10
  }
}
[2020-07-24T02:08:27.958] [TRACE] file - Session {
  cookie: {
    path: '/',
    _expires: 2020-10-22T00:08:27.957Z,
    originalMaxAge: 7776000000,
    httpOnly: true
  },
  __lastAccess: 1595549307957,
  views: { '/': 7, '/cv': 3, '/giftedADHD': 3 },
  horodate: 2020-07-24T02:08:27.921Z,
  ip: '83.202.34.239',
  geoloc: {
    range: [ 1405755904, 1405756415 ],
    country: 'FR',
    region: 'IDF',
    eu: '1',
    timezone: 'Europe/Paris',
    city: 'Paris',
    ll: [ 48.8543, 2.3527 ],
    metro: 0,
    area: 10
  }
}
[2020-07-24T02:08:35.212] [TRACE] file - Session {
  cookie: {
    path: '/',
    _expires: 2020-10-22T00:08:35.212Z,
    originalMaxAge: 7776000000,
    httpOnly: true
  },
  __lastAccess: 1595549315212,
  views: { '/': 8, '/cv': 3, '/giftedADHD': 3 },
  horodate: 2020-07-24T02:08:35.140Z,
  ip: '83.202.34.239',
  geoloc: {
    range: [ 1405755904, 1405756415 ],
    country: 'FR',
    region: 'IDF',
    eu: '1',
    timezone: 'Europe/Paris',
    city: 'Paris',
    ll: [ 48.8543, 2.3527 ],
    metro: 0,
    area: 10
  }
}
[2020-07-24T02:08:55.790] [TRACE] file - Session {
  cookie: {
    path: '/',
    _expires: 2020-10-22T00:08:55.789Z,
    originalMaxAge: 7776000000,
    httpOnly: true
  },
  __lastAccess: 1595549335789,
  views: { '/': 9, '/cv': 3, '/giftedADHD': 3 },
  horodate: 2020-07-24T02:08:55.724Z,
  ip: '83.202.34.239',
  geoloc: {
    range: [ 1405755904, 1405756415 ],
    country: 'FR',
    region: 'IDF',
    eu: '1',
    timezone: 'Europe/Paris',
    city: 'Paris',
    ll: [ 48.8543, 2.3527 ],
    metro: 0,
    area: 10
  }
}
[2020-07-24T02:09:09.123] [TRACE] file - Session {
  cookie: {
    path: '/',
    _expires: 2020-10-22T00:09:09.122Z,
    originalMaxAge: 7776000000,
    httpOnly: true
  },
  views: { '/': 23, '/cv': 1, '/giftedADHD': 1 },
  horodate: 2020-07-24T02:09:09.069Z,
  ip: '83.202.34.239',
  geoloc: {
    range: [ 1405755904, 1405756415 ],
    country: 'FR',
    region: 'IDF',
    eu: '1',
    timezone: 'Europe/Paris',
    city: 'Paris',
    ll: [ 48.8543, 2.3527 ],
    metro: 0,
    area: 10
  },
  __lastAccess: 1595549349122
}
[2020-07-24T02:09:51.006] [TRACE] file - Session {
  cookie: {
    path: '/',
    _expires: 2020-10-22T00:09:51.006Z,
    originalMaxAge: 7776000000,
    httpOnly: true
  },
  views: { '/': 23, '/cv': 2, '/giftedADHD': 1 },
  horodate: 2020-07-24T02:09:50.958Z,
  ip: '83.202.34.239',
  geoloc: {
    range: [ 1405755904, 1405756415 ],
    country: 'FR',
    region: 'IDF',
    eu: '1',
    timezone: 'Europe/Paris',
    city: 'Paris',
    ll: [ 48.8543, 2.3527 ],
    metro: 0,
    area: 10
  },
  __lastAccess: 1595549391006
}
[2020-07-24T02:09:53.524] [TRACE] file - Session {
  cookie: {
    path: '/',
    _expires: 2020-10-22T00:09:53.523Z,
    originalMaxAge: 7776000000,
    httpOnly: true
  },
  views: { '/': 23, '/cv': 2, '/giftedADHD': 2 },
  horodate: 2020-07-24T02:09:53.487Z,
  ip: '83.202.34.239',
  geoloc: {
    range: [ 1405755904, 1405756415 ],
    country: 'FR',
    region: 'IDF',
    eu: '1',
    timezone: 'Europe/Paris',
    city: 'Paris',
    ll: [ 48.8543, 2.3527 ],
    metro: 0,
    area: 10
  },
  __lastAccess: 1595549393523
}
[2020-07-24T02:10:02.028] [TRACE] file - Session {
  cookie: {
    path: '/',
    _expires: 2020-10-22T00:10:02.027Z,
    originalMaxAge: 7776000000,
    httpOnly: true
  },
  views: { '/': 23, '/cv': 3, '/giftedADHD': 2 },
  horodate: 2020-07-24T02:10:01.880Z,
  ip: '83.202.34.239',
  geoloc: {
    range: [ 1405755904, 1405756415 ],
    country: 'FR',
    region: 'IDF',
    eu: '1',
    timezone: 'Europe/Paris',
    city: 'Paris',
    ll: [ 48.8543, 2.3527 ],
    metro: 0,
    area: 10
  },
  __lastAccess: 1595549402027
}
[2020-07-24T02:10:22.854] [TRACE] file - Session {
  cookie: {
    path: '/',
    _expires: 2020-10-22T00:10:22.854Z,
    originalMaxAge: 7776000000,
    httpOnly: true
  },
  views: { '/': 23, '/cv': 4, '/giftedADHD': 2 },
  horodate: 2020-07-24T02:10:22.722Z,
  ip: '83.202.34.239',
  geoloc: {
    range: [ 1405755904, 1405756415 ],
    country: 'FR',
    region: 'IDF',
    eu: '1',
    timezone: 'Europe/Paris',
    city: 'Paris',
    ll: [ 48.8543, 2.3527 ],
    metro: 0,
    area: 10
  },
  __lastAccess: 1595549422854
}
[2020-07-24T02:10:26.660] [TRACE] file - Session {
  cookie: {
    path: '/',
    _expires: 2020-10-22T00:10:26.660Z,
    originalMaxAge: 7776000000,
    httpOnly: true
  },
  views: { '/': 23, '/cv': 4, '/giftedADHD': 3 },
  horodate: 2020-07-24T02:10:26.605Z,
  ip: '83.202.34.239',
  geoloc: {
    range: [ 1405755904, 1405756415 ],
    country: 'FR',
    region: 'IDF',
    eu: '1',
    timezone: 'Europe/Paris',
    city: 'Paris',
    ll: [ 48.8543, 2.3527 ],
    metro: 0,
    area: 10
  },
  __lastAccess: 1595549426660
}
[2020-07-24T02:10:39.003] [TRACE] file - Session {
  cookie: {
    path: '/',
    _expires: 2020-10-22T00:10:39.002Z,
    originalMaxAge: 7776000000,
    httpOnly: true
  },
  views: { '/': 23, '/cv': 4, '/giftedADHD': 4 },
  horodate: 2020-07-24T02:10:38.922Z,
  ip: '83.202.34.239',
  geoloc: {
    range: [ 1405755904, 1405756415 ],
    country: 'FR',
    region: 'IDF',
    eu: '1',
    timezone: 'Europe/Paris',
    city: 'Paris',
    ll: [ 48.8543, 2.3527 ],
    metro: 0,
    area: 10
  },
  __lastAccess: 1595549439002
}
[2020-07-24T02:10:56.248] [TRACE] file - Session {
  cookie: {
    path: '/',
    _expires: 2020-10-22T00:10:56.248Z,
    originalMaxAge: 7776000000,
    httpOnly: true
  },
  views: { '/': 23, '/cv': 5, '/giftedADHD': 4 },
  horodate: 2020-07-24T02:10:56.151Z,
  ip: '83.202.34.239',
  geoloc: {
    range: [ 1405755904, 1405756415 ],
    country: 'FR',
    region: 'IDF',
    eu: '1',
    timezone: 'Europe/Paris',
    city: 'Paris',
    ll: [ 48.8543, 2.3527 ],
    metro: 0,
    area: 10
  },
  __lastAccess: 1595549456248
}
[2020-07-24T02:10:57.739] [TRACE] file - Session {
  cookie: {
    path: '/',
    _expires: 2020-10-22T00:10:57.739Z,
    originalMaxAge: 7776000000,
    httpOnly: true
  },
  views: { '/': 23, '/cv': 6, '/giftedADHD': 4 },
  horodate: 2020-07-24T02:10:57.673Z,
  ip: '83.202.34.239',
  geoloc: {
    range: [ 1405755904, 1405756415 ],
    country: 'FR',
    region: 'IDF',
    eu: '1',
    timezone: 'Europe/Paris',
    city: 'Paris',
    ll: [ 48.8543, 2.3527 ],
    metro: 0,
    area: 10
  },
  __lastAccess: 1595549457739
}
[2020-07-24T02:11:07.671] [TRACE] file - Session {
  cookie: {
    path: '/',
    _expires: 2020-10-22T00:11:07.671Z,
    originalMaxAge: 7776000000,
    httpOnly: true
  },
  views: { '/': 23, '/cv': 6, '/giftedADHD': 5 },
  horodate: 2020-07-24T02:11:07.596Z,
  ip: '83.202.34.239',
  geoloc: {
    range: [ 1405755904, 1405756415 ],
    country: 'FR',
    region: 'IDF',
    eu: '1',
    timezone: 'Europe/Paris',
    city: 'Paris',
    ll: [ 48.8543, 2.3527 ],
    metro: 0,
    area: 10
  },
  __lastAccess: 1595549467671
}
[2020-07-24T02:11:19.820] [TRACE] file - Session {
  cookie: {
    path: '/',
    _expires: 2020-10-22T00:11:19.820Z,
    originalMaxAge: 7776000000,
    httpOnly: true
  },
  views: { '/': 24, '/cv': 6, '/giftedADHD': 5 },
  horodate: 2020-07-24T02:11:19.738Z,
  ip: '83.202.34.239',
  geoloc: {
    range: [ 1405755904, 1405756415 ],
    country: 'FR',
    region: 'IDF',
    eu: '1',
    timezone: 'Europe/Paris',
    city: 'Paris',
    ll: [ 48.8543, 2.3527 ],
    metro: 0,
    area: 10
  },
  __lastAccess: 1595549479820
}
[2020-07-24T02:11:30.716] [TRACE] file - Session {
  cookie: {
    path: '/',
    _expires: 2020-10-22T00:11:30.715Z,
    originalMaxAge: 7776000000,
    httpOnly: true
  },
  views: { '/': 24, '/cv': 7, '/giftedADHD': 5 },
  horodate: 2020-07-24T02:11:30.646Z,
  ip: '83.202.34.239',
  geoloc: {
    range: [ 1405755904, 1405756415 ],
    country: 'FR',
    region: 'IDF',
    eu: '1',
    timezone: 'Europe/Paris',
    city: 'Paris',
    ll: [ 48.8543, 2.3527 ],
    metro: 0,
    area: 10
  },
  __lastAccess: 1595549490716
}
[2020-07-24T02:11:42.048] [TRACE] file - Session {
  cookie: {
    path: '/',
    _expires: 2020-10-22T00:11:42.047Z,
    originalMaxAge: 7776000000,
    httpOnly: true
  },
  views: { '/': 24, '/cv': 7, '/giftedADHD': 6 },
  horodate: 2020-07-24T02:11:42.005Z,
  ip: '83.202.34.239',
  geoloc: {
    range: [ 1405755904, 1405756415 ],
    country: 'FR',
    region: 'IDF',
    eu: '1',
    timezone: 'Europe/Paris',
    city: 'Paris',
    ll: [ 48.8543, 2.3527 ],
    metro: 0,
    area: 10
  },
  __lastAccess: 1595549502048
}
[2020-07-24T02:11:51.207] [TRACE] file - Session {
  cookie: {
    path: '/',
    _expires: 2020-10-22T00:11:51.207Z,
    originalMaxAge: 7776000000,
    httpOnly: true
  },
  __lastAccess: 1595549511207,
  views: { '/': 9, '/cv': 4, '/giftedADHD': 3 },
  horodate: 2020-07-24T02:11:51.147Z,
  ip: '83.202.34.239',
  geoloc: {
    range: [ 1405755904, 1405756415 ],
    country: 'FR',
    region: 'IDF',
    eu: '1',
    timezone: 'Europe/Paris',
    city: 'Paris',
    ll: [ 48.8543, 2.3527 ],
    metro: 0,
    area: 10
  }
}
[2020-07-24T02:12:26.100] [TRACE] file - Session {
  cookie: {
    path: '/',
    _expires: 2020-10-22T00:12:26.099Z,
    originalMaxAge: 7776000000,
    httpOnly: true
  },
  __lastAccess: 1595549546099,
  views: { '/': 9, '/cv': 5, '/giftedADHD': 3 },
  horodate: 2020-07-24T02:12:26.036Z,
  ip: '83.202.34.239',
  geoloc: {
    range: [ 1405755904, 1405756415 ],
    country: 'FR',
    region: 'IDF',
    eu: '1',
    timezone: 'Europe/Paris',
    city: 'Paris',
    ll: [ 48.8543, 2.3527 ],
    metro: 0,
    area: 10
  }
}
[2020-07-24T02:14:20.255] [TRACE] file - Session {
  cookie: {
    path: '/',
    _expires: 2020-10-22T00:14:20.254Z,
    originalMaxAge: 7776000000,
    httpOnly: true
  },
  __lastAccess: 1595549660255,
  views: { '/': 9, '/cv': 6, '/giftedADHD': 3 },
  horodate: 2020-07-24T02:14:20.193Z,
  ip: '83.202.34.239',
  geoloc: {
    range: [ 1405755904, 1405756415 ],
    country: 'FR',
    region: 'IDF',
    eu: '1',
    timezone: 'Europe/Paris',
    city: 'Paris',
    ll: [ 48.8543, 2.3527 ],
    metro: 0,
    area: 10
  }
}
[2020-07-24T02:14:24.338] [TRACE] file - Session {
  cookie: {
    path: '/',
    _expires: 2020-10-22T00:14:24.337Z,
    originalMaxAge: 7776000000,
    httpOnly: true
  },
  __lastAccess: 1595549664337,
  views: { '/': 9, '/cv': 6, '/giftedADHD': 4 },
  horodate: 2020-07-24T02:14:24.294Z,
  ip: '83.202.34.239',
  geoloc: {
    range: [ 1405755904, 1405756415 ],
    country: 'FR',
    region: 'IDF',
    eu: '1',
    timezone: 'Europe/Paris',
    city: 'Paris',
    ll: [ 48.8543, 2.3527 ],
    metro: 0,
    area: 10
  }
}
[2020-07-24T02:14:30.194] [TRACE] file - Session {
  cookie: {
    path: '/',
    _expires: 2020-10-22T00:14:30.194Z,
    originalMaxAge: 7776000000,
    httpOnly: true
  },
  views: { '/': 24, '/cv': 7, '/giftedADHD': 7 },
  horodate: 2020-07-24T02:14:30.149Z,
  ip: '83.202.34.239',
  geoloc: {
    range: [ 1405755904, 1405756415 ],
    country: 'FR',
    region: 'IDF',
    eu: '1',
    timezone: 'Europe/Paris',
    city: 'Paris',
    ll: [ 48.8543, 2.3527 ],
    metro: 0,
    area: 10
  },
  __lastAccess: 1595549670194
}
[2020-07-24T02:14:39.587] [TRACE] file - Session {
  cookie: {
    path: '/',
    _expires: 2020-10-22T00:14:39.587Z,
    originalMaxAge: 7776000000,
    httpOnly: true
  },
  views: { '/': 24, '/cv': 7, '/giftedADHD': 8 },
  horodate: 2020-07-24T02:14:39.550Z,
  ip: '83.202.34.239',
  geoloc: {
    range: [ 1405755904, 1405756415 ],
    country: 'FR',
    region: 'IDF',
    eu: '1',
    timezone: 'Europe/Paris',
    city: 'Paris',
    ll: [ 48.8543, 2.3527 ],
    metro: 0,
    area: 10
  },
  __lastAccess: 1595549679587
}
[2020-07-24T02:14:43.071] [TRACE] file - Session {
  cookie: {
    path: '/',
    _expires: 2020-10-22T00:14:43.071Z,
    originalMaxAge: 7776000000,
    httpOnly: true
  },
  views: { '/': 25, '/cv': 7, '/giftedADHD': 8 },
  horodate: 2020-07-24T02:14:43.014Z,
  ip: '83.202.34.239',
  geoloc: {
    range: [ 1405755904, 1405756415 ],
    country: 'FR',
    region: 'IDF',
    eu: '1',
    timezone: 'Europe/Paris',
    city: 'Paris',
    ll: [ 48.8543, 2.3527 ],
    metro: 0,
    area: 10
  },
  __lastAccess: 1595549683071
}
[2020-07-24T02:14:44.077] [TRACE] file - Session {
  cookie: {
    path: '/',
    _expires: 2020-10-22T00:14:44.077Z,
    originalMaxAge: 7776000000,
    httpOnly: true
  },
  views: { '/': 26, '/cv': 7, '/giftedADHD': 8 },
  horodate: 2020-07-24T02:14:44.013Z,
  ip: '83.202.34.239',
  geoloc: {
    range: [ 1405755904, 1405756415 ],
    country: 'FR',
    region: 'IDF',
    eu: '1',
    timezone: 'Europe/Paris',
    city: 'Paris',
    ll: [ 48.8543, 2.3527 ],
    metro: 0,
    area: 10
  },
  __lastAccess: 1595549684077
}
[2020-07-24T02:14:46.860] [TRACE] file - Session {
  cookie: {
    path: '/',
    _expires: 2020-10-22T00:14:46.860Z,
    originalMaxAge: 7776000000,
    httpOnly: true
  },
  views: { '/': 26, '/cv': 8, '/giftedADHD': 8 },
  horodate: 2020-07-24T02:14:46.814Z,
  ip: '83.202.34.239',
  geoloc: {
    range: [ 1405755904, 1405756415 ],
    country: 'FR',
    region: 'IDF',
    eu: '1',
    timezone: 'Europe/Paris',
    city: 'Paris',
    ll: [ 48.8543, 2.3527 ],
    metro: 0,
    area: 10
  },
  __lastAccess: 1595549686860
}
[2020-07-24T02:14:51.587] [TRACE] file - Session {
  cookie: {
    path: '/',
    _expires: 2020-10-22T00:14:51.587Z,
    originalMaxAge: 7776000000,
    httpOnly: true
  },
  views: { '/': 26, '/cv': 8, '/giftedADHD': 9 },
  horodate: 2020-07-24T02:14:51.553Z,
  ip: '83.202.34.239',
  geoloc: {
    range: [ 1405755904, 1405756415 ],
    country: 'FR',
    region: 'IDF',
    eu: '1',
    timezone: 'Europe/Paris',
    city: 'Paris',
    ll: [ 48.8543, 2.3527 ],
    metro: 0,
    area: 10
  },
  __lastAccess: 1595549691587
}
[2020-07-24T02:15:06.303] [TRACE] file - Session {
  cookie: {
    path: '/',
    _expires: 2020-10-22T00:15:06.302Z,
    originalMaxAge: 7776000000,
    httpOnly: true
  },
  views: { '/': 1 },
  horodate: 2020-07-24T02:15:06.228Z,
  ip: '83.202.34.239',
  geoloc: {
    range: [ 1405755904, 1405756415 ],
    country: 'FR',
    region: 'IDF',
    eu: '1',
    timezone: 'Europe/Paris',
    city: 'Paris',
    ll: [ 48.8543, 2.3527 ],
    metro: 0,
    area: 10
  },
  __lastAccess: 1595549706302
}
[2020-07-24T02:15:06.358] [TRACE] file - Session {
  cookie: {
    path: '/',
    _expires: 2020-10-22T00:15:06.357Z,
    originalMaxAge: 7776000000,
    httpOnly: true
  },
  views: { '/': 1 },
  horodate: 2020-07-24T02:15:06.306Z,
  ip: '83.202.34.239',
  geoloc: {
    range: [ 1405755904, 1405756415 ],
    country: 'FR',
    region: 'IDF',
    eu: '1',
    timezone: 'Europe/Paris',
    city: 'Paris',
    ll: [ 48.8543, 2.3527 ],
    metro: 0,
    area: 10
  },
  __lastAccess: 1595549706357
}
[2020-07-24T02:15:08.081] [TRACE] file - Session {
  cookie: {
    path: '/',
    _expires: 2020-10-22T00:15:08.081Z,
    originalMaxAge: 7776000000,
    httpOnly: true
  },
  views: { '/': 1, '/cv': 1 },
  horodate: 2020-07-24T02:15:08.029Z,
  ip: '83.202.34.239',
  geoloc: {
    range: [ 1405755904, 1405756415 ],
    country: 'FR',
    region: 'IDF',
    eu: '1',
    timezone: 'Europe/Paris',
    city: 'Paris',
    ll: [ 48.8543, 2.3527 ],
    metro: 0,
    area: 10
  },
  __lastAccess: 1595549708081
}
[2020-07-24T02:15:11.352] [TRACE] file - Session {
  cookie: {
    path: '/',
    _expires: 2020-10-22T00:15:11.352Z,
    originalMaxAge: 7776000000,
    httpOnly: true
  },
  views: { '/': 1, '/cv': 1, '/giftedADHD': 1 },
  horodate: 2020-07-24T02:15:11.322Z,
  ip: '83.202.34.239',
  geoloc: {
    range: [ 1405755904, 1405756415 ],
    country: 'FR',
    region: 'IDF',
    eu: '1',
    timezone: 'Europe/Paris',
    city: 'Paris',
    ll: [ 48.8543, 2.3527 ],
    metro: 0,
    area: 10
  },
  __lastAccess: 1595549711352
}
[2020-07-24T02:15:15.693] [TRACE] file - Session {
  cookie: {
    path: '/',
    _expires: 2020-10-22T00:15:15.692Z,
    originalMaxAge: 7776000000,
    httpOnly: true
  },
  views: { '/': 2, '/cv': 1, '/giftedADHD': 1 },
  horodate: 2020-07-24T02:15:15.637Z,
  ip: '83.202.34.239',
  geoloc: {
    range: [ 1405755904, 1405756415 ],
    country: 'FR',
    region: 'IDF',
    eu: '1',
    timezone: 'Europe/Paris',
    city: 'Paris',
    ll: [ 48.8543, 2.3527 ],
    metro: 0,
    area: 10
  },
  __lastAccess: 1595549715692
}
[2020-07-24T02:16:01.352] [TRACE] file - Session {
  cookie: {
    path: '/',
    _expires: 2020-10-22T00:16:01.352Z,
    originalMaxAge: 7776000000,
    httpOnly: true
  },
  views: { '/': 1 },
  horodate: 2020-07-24T02:16:01.280Z,
  ip: '83.202.34.239',
  geoloc: {
    range: [ 1405755904, 1405756415 ],
    country: 'FR',
    region: 'IDF',
    eu: '1',
    timezone: 'Europe/Paris',
    city: 'Paris',
    ll: [ 48.8543, 2.3527 ],
    metro: 0,
    area: 10
  },
  __lastAccess: 1595549761352
}
[2020-07-24T02:16:03.236] [TRACE] file - Session {
  cookie: {
    path: '/',
    _expires: 2020-10-22T00:16:03.235Z,
    originalMaxAge: 7776000000,
    httpOnly: true
  },
  views: { '/': 1, '/cv': 1 },
  horodate: 2020-07-24T02:16:03.182Z,
  ip: '83.202.34.239',
  geoloc: {
    range: [ 1405755904, 1405756415 ],
    country: 'FR',
    region: 'IDF',
    eu: '1',
    timezone: 'Europe/Paris',
    city: 'Paris',
    ll: [ 48.8543, 2.3527 ],
    metro: 0,
    area: 10
  },
  __lastAccess: 1595549763236
}
[2020-07-24T02:16:05.842] [TRACE] file - Session {
  cookie: {
    path: '/',
    _expires: 2020-10-22T00:16:05.842Z,
    originalMaxAge: 7776000000,
    httpOnly: true
  },
  views: { '/': 1, '/cv': 1, '/giftedADHD': 1 },
  horodate: 2020-07-24T02:16:05.812Z,
  ip: '83.202.34.239',
  geoloc: {
    range: [ 1405755904, 1405756415 ],
    country: 'FR',
    region: 'IDF',
    eu: '1',
    timezone: 'Europe/Paris',
    city: 'Paris',
    ll: [ 48.8543, 2.3527 ],
    metro: 0,
    area: 10
  },
  __lastAccess: 1595549765842
}
[2020-07-24T02:16:09.467] [TRACE] file - Session {
  cookie: {
    path: '/',
    _expires: 2020-10-22T00:16:09.467Z,
    originalMaxAge: 7776000000,
    httpOnly: true
  },
  views: { '/': 2, '/cv': 1, '/giftedADHD': 1 },
  horodate: 2020-07-24T02:16:09.422Z,
  ip: '83.202.34.239',
  geoloc: {
    range: [ 1405755904, 1405756415 ],
    country: 'FR',
    region: 'IDF',
    eu: '1',
    timezone: 'Europe/Paris',
    city: 'Paris',
    ll: [ 48.8543, 2.3527 ],
    metro: 0,
    area: 10
  },
  __lastAccess: 1595549769467
}
[2020-07-24T02:17:11.260] [TRACE] file - Session {
  cookie: {
    path: '/',
    _expires: 2020-10-22T00:17:11.260Z,
    originalMaxAge: 7776000000,
    httpOnly: true
  },
  views: { '/': 27, '/cv': 8, '/giftedADHD': 9 },
  horodate: 2020-07-24T02:17:11.203Z,
  ip: '83.202.34.239',
  geoloc: {
    range: [ 1405755904, 1405756415 ],
    country: 'FR',
    region: 'IDF',
    eu: '1',
    timezone: 'Europe/Paris',
    city: 'Paris',
    ll: [ 48.8543, 2.3527 ],
    metro: 0,
    area: 10
  },
  __lastAccess: 1595549831260
}
[2020-07-24T02:17:52.055] [TRACE] file - Session {
  cookie: {
    path: '/',
    _expires: 2020-10-22T00:17:52.055Z,
    originalMaxAge: 7776000000,
    httpOnly: true
  },
  views: { '/': 27, '/cv': 9, '/giftedADHD': 9 },
  horodate: 2020-07-24T02:17:52.004Z,
  ip: '83.202.34.239',
  geoloc: {
    range: [ 1405755904, 1405756415 ],
    country: 'FR',
    region: 'IDF',
    eu: '1',
    timezone: 'Europe/Paris',
    city: 'Paris',
    ll: [ 48.8543, 2.3527 ],
    metro: 0,
    area: 10
  },
  __lastAccess: 1595549872055
}
[2020-07-24T02:17:59.731] [TRACE] file - Session {
  cookie: {
    path: '/',
    _expires: 2020-10-22T00:17:59.730Z,
    originalMaxAge: 7775999999,
    httpOnly: true
  },
  views: { '/': 27, '/cv': 9, '/giftedADHD': 10 },
  horodate: 2020-07-24T02:17:59.696Z,
  ip: '83.202.34.239',
  geoloc: {
    range: [ 1405755904, 1405756415 ],
    country: 'FR',
    region: 'IDF',
    eu: '1',
    timezone: 'Europe/Paris',
    city: 'Paris',
    ll: [ 48.8543, 2.3527 ],
    metro: 0,
    area: 10
  },
  __lastAccess: 1595549879731
}
[2020-07-24T02:18:17.942] [TRACE] file - Session {
  cookie: {
    path: '/',
    _expires: 2020-10-22T00:18:17.941Z,
    originalMaxAge: 7776000000,
    httpOnly: true
  },
  __lastAccess: 1595549897942,
  views: { '/': 9, '/cv': 7, '/giftedADHD': 4 },
  horodate: 2020-07-24T02:18:17.891Z,
  ip: '83.202.34.239',
  geoloc: {
    range: [ 1405755904, 1405756415 ],
    country: 'FR',
    region: 'IDF',
    eu: '1',
    timezone: 'Europe/Paris',
    city: 'Paris',
    ll: [ 48.8543, 2.3527 ],
    metro: 0,
    area: 10
  }
}
[2020-07-24T02:18:19.448] [TRACE] file - Session {
  cookie: {
    path: '/',
    _expires: 2020-10-22T00:18:19.447Z,
    originalMaxAge: 7776000000,
    httpOnly: true
  },
  __lastAccess: 1595549899447,
  views: { '/': 9, '/cv': 8, '/giftedADHD': 4 },
  horodate: 2020-07-24T02:18:19.400Z,
  ip: '83.202.34.239',
  geoloc: {
    range: [ 1405755904, 1405756415 ],
    country: 'FR',
    region: 'IDF',
    eu: '1',
    timezone: 'Europe/Paris',
    city: 'Paris',
    ll: [ 48.8543, 2.3527 ],
    metro: 0,
    area: 10
  }
}
[2020-07-24T02:18:26.837] [TRACE] file - Session {
  cookie: {
    path: '/',
    _expires: 2020-10-22T00:18:26.837Z,
    originalMaxAge: 7776000000,
    httpOnly: true
  },
  __lastAccess: 1595549906837,
  views: { '/': 9, '/cv': 8, '/giftedADHD': 5 },
  horodate: 2020-07-24T02:18:26.800Z,
  ip: '83.202.34.239',
  geoloc: {
    range: [ 1405755904, 1405756415 ],
    country: 'FR',
    region: 'IDF',
    eu: '1',
    timezone: 'Europe/Paris',
    city: 'Paris',
    ll: [ 48.8543, 2.3527 ],
    metro: 0,
    area: 10
  }
}
[2020-07-24T02:18:30.986] [TRACE] file - Session {
  cookie: {
    path: '/',
    _expires: 2020-10-22T00:18:30.985Z,
    originalMaxAge: 7776000000,
    httpOnly: true
  },
  __lastAccess: 1595549910985,
  views: { '/': 10, '/cv': 8, '/giftedADHD': 5 },
  horodate: 2020-07-24T02:18:30.905Z,
  ip: '83.202.34.239',
  geoloc: {
    range: [ 1405755904, 1405756415 ],
    country: 'FR',
    region: 'IDF',
    eu: '1',
    timezone: 'Europe/Paris',
    city: 'Paris',
    ll: [ 48.8543, 2.3527 ],
    metro: 0,
    area: 10
  }
}
[2020-07-24T02:18:44.622] [TRACE] file - Session {
  cookie: {
    path: '/',
    _expires: 2020-10-22T00:18:44.621Z,
    originalMaxAge: 7776000000,
    httpOnly: true
  },
  __lastAccess: 1595549924622,
  views: { '/': 11, '/cv': 8, '/giftedADHD': 5 },
  horodate: 2020-07-24T02:18:44.536Z,
  ip: '83.202.34.239',
  geoloc: {
    range: [ 1405755904, 1405756415 ],
    country: 'FR',
    region: 'IDF',
    eu: '1',
    timezone: 'Europe/Paris',
    city: 'Paris',
    ll: [ 48.8543, 2.3527 ],
    metro: 0,
    area: 10
  }
}
[2020-07-24T02:19:05.719] [TRACE] file - Session {
  cookie: {
    path: '/',
    _expires: 2020-10-22T00:19:05.719Z,
    originalMaxAge: 7776000000,
    httpOnly: true
  },
  __lastAccess: 1595549945719,
  views: { '/': 11, '/cv': 9, '/giftedADHD': 5 },
  horodate: 2020-07-24T02:19:05.665Z,
  ip: '83.202.34.239',
  geoloc: {
    range: [ 1405755904, 1405756415 ],
    country: 'FR',
    region: 'IDF',
    eu: '1',
    timezone: 'Europe/Paris',
    city: 'Paris',
    ll: [ 48.8543, 2.3527 ],
    metro: 0,
    area: 10
  }
}
[2020-07-24T02:19:07.497] [TRACE] file - Session {
  cookie: {
    path: '/',
    _expires: 2020-10-22T00:19:07.497Z,
    originalMaxAge: 7776000000,
    httpOnly: true
  },
  __lastAccess: 1595549947497,
  views: { '/': 11, '/cv': 9, '/giftedADHD': 6 },
  horodate: 2020-07-24T02:19:07.464Z,
  ip: '83.202.34.239',
  geoloc: {
    range: [ 1405755904, 1405756415 ],
    country: 'FR',
    region: 'IDF',
    eu: '1',
    timezone: 'Europe/Paris',
    city: 'Paris',
    ll: [ 48.8543, 2.3527 ],
    metro: 0,
    area: 10
  }
}
[2020-07-24T02:19:21.489] [TRACE] file - Session {
  cookie: {
    path: '/',
    _expires: 2020-10-22T00:19:21.488Z,
    originalMaxAge: 7775999999,
    httpOnly: true
  },
  views: { '/': 28, '/cv': 9, '/giftedADHD': 10 },
  horodate: 2020-07-24T02:19:21.430Z,
  ip: '83.202.34.239',
  geoloc: {
    range: [ 1405755904, 1405756415 ],
    country: 'FR',
    region: 'IDF',
    eu: '1',
    timezone: 'Europe/Paris',
    city: 'Paris',
    ll: [ 48.8543, 2.3527 ],
    metro: 0,
    area: 10
  },
  __lastAccess: 1595549961489
}
[2020-07-24T02:20:09.675] [TRACE] file - Session {
  cookie: {
    path: '/',
    _expires: 2020-10-22T00:20:09.673Z,
    originalMaxAge: 7775999999,
    httpOnly: true
  },
  views: { '/': 29, '/cv': 9, '/giftedADHD': 10 },
  horodate: 2020-07-24T02:20:09.601Z,
  ip: '83.202.34.239',
  geoloc: {
    range: [ 1405755904, 1405756415 ],
    country: 'FR',
    region: 'IDF',
    eu: '1',
    timezone: 'Europe/Paris',
    city: 'Paris',
    ll: [ 48.8543, 2.3527 ],
    metro: 0,
    area: 10
  },
  __lastAccess: 1595550009674
}
[2020-07-24T02:20:35.048] [TRACE] file - Session {
  cookie: {
    path: '/',
    _expires: 2020-10-22T00:20:35.047Z,
    originalMaxAge: 7775999999,
    httpOnly: true
  },
  views: { '/': 30, '/cv': 9, '/giftedADHD': 10 },
  horodate: 2020-07-24T02:20:34.994Z,
  ip: '83.202.34.239',
  geoloc: {
    range: [ 1405755904, 1405756415 ],
    country: 'FR',
    region: 'IDF',
    eu: '1',
    timezone: 'Europe/Paris',
    city: 'Paris',
    ll: [ 48.8543, 2.3527 ],
    metro: 0,
    area: 10
  },
  __lastAccess: 1595550035048
}
