[2020-06-28T13:19:11.241] [TRACE] trace - Session {
  cookie: {
    path: '/',
    _expires: 2071-12-24T22:37:56.857Z,
    originalMaxAge: 1624879125618,
    httpOnly: true,
    maxage: 1656415125618
  },
  views: { '/': 1 },
  sessionID: 'V7E41QjeO6VElyBEz1eSrBKk',
  horodate: 2020-06-28T13:19:10.657Z,
  ip: '86.247.253.198',
  geoloc: {
    range: [ 1459091456, 1459093503 ],
    country: 'FR',
    region: 'IDF',
    eu: '1',
    timezone: 'Europe/Paris',
    city: 'Paris',
    ll: [ 48.8543, 2.3527 ],
    metro: 0,
    area: 1
  }
}
[2020-06-28T13:19:15.292] [TRACE] trace - /cv: 1
[2020-06-28T13:19:19.684] [TRACE] trace - /giftedADHD: 1
[2020-06-28T13:19:30.051] [TRACE] trace - Session {
  cookie: {
    path: '/',
    _expires: 2071-12-24T22:38:15.669Z,
    originalMaxAge: 1624879125618,
    httpOnly: true
  },
  views: { '/': 2, '/cv': 1, '/giftedADHD': 1 },
  sessionID: 'V7E41QjeO6VElyBEz1eSrBKk',
  horodate: 2020-06-28T13:19:29.980Z,
  ip: '86.247.253.198',
  geoloc: {
    range: [ 1459091456, 1459093503 ],
    country: 'FR',
    region: 'IDF',
    eu: '1',
    timezone: 'Europe/Paris',
    city: 'Paris',
    ll: [ 48.8543, 2.3527 ],
    metro: 0,
    area: 1
  }
}
[2020-06-28T13:19:33.529] [TRACE] trace - Session {
  cookie: {
    path: '/',
    _expires: 2071-12-24T22:38:19.147Z,
    originalMaxAge: 1624879125618,
    httpOnly: true
  },
  views: { '/': 3, '/cv': 1, '/giftedADHD': 1 },
  sessionID: 'V7E41QjeO6VElyBEz1eSrBKk',
  horodate: 2020-06-28T13:19:33.460Z,
  ip: '86.247.253.198',
  geoloc: {
    range: [ 1459091456, 1459093503 ],
    country: 'FR',
    region: 'IDF',
    eu: '1',
    timezone: 'Europe/Paris',
    city: 'Paris',
    ll: [ 48.8543, 2.3527 ],
    metro: 0,
    area: 1
  }
}
[2020-06-28T13:19:34.294] [TRACE] trace - Session {
  cookie: {
    path: '/',
    _expires: 2071-12-24T22:38:19.912Z,
    originalMaxAge: 1624879125618,
    httpOnly: true
  },
  views: { '/': 4, '/cv': 1, '/giftedADHD': 1 },
  sessionID: 'V7E41QjeO6VElyBEz1eSrBKk',
  horodate: 2020-06-28T13:19:34.222Z,
  ip: '86.247.253.198',
  geoloc: {
    range: [ 1459091456, 1459093503 ],
    country: 'FR',
    region: 'IDF',
    eu: '1',
    timezone: 'Europe/Paris',
    city: 'Paris',
    ll: [ 48.8543, 2.3527 ],
    metro: 0,
    area: 1
  }
}
[2020-06-28T13:19:34.777] [TRACE] trace - Session {
  cookie: {
    path: '/',
    _expires: 2071-12-24T22:38:20.395Z,
    originalMaxAge: 1624879125618,
    httpOnly: true
  },
  views: { '/': 5, '/cv': 1, '/giftedADHD': 1 },
  sessionID: 'V7E41QjeO6VElyBEz1eSrBKk',
  horodate: 2020-06-28T13:19:34.712Z,
  ip: '86.247.253.198',
  geoloc: {
    range: [ 1459091456, 1459093503 ],
    country: 'FR',
    region: 'IDF',
    eu: '1',
    timezone: 'Europe/Paris',
    city: 'Paris',
    ll: [ 48.8543, 2.3527 ],
    metro: 0,
    area: 1
  }
}
[2020-06-28T13:19:35.192] [TRACE] trace - Session {
  cookie: {
    path: '/',
    _expires: 2071-12-24T22:38:20.809Z,
    originalMaxAge: 1624879125618,
    httpOnly: true
  },
  views: { '/': 6, '/cv': 1, '/giftedADHD': 1 },
  sessionID: 'V7E41QjeO6VElyBEz1eSrBKk',
  horodate: 2020-06-28T13:19:35.127Z,
  ip: '86.247.253.198',
  geoloc: {
    range: [ 1459091456, 1459093503 ],
    country: 'FR',
    region: 'IDF',
    eu: '1',
    timezone: 'Europe/Paris',
    city: 'Paris',
    ll: [ 48.8543, 2.3527 ],
    metro: 0,
    area: 1
  }
}
[2020-06-28T13:19:35.622] [TRACE] trace - Session {
  cookie: {
    path: '/',
    _expires: 2071-12-24T22:38:21.240Z,
    originalMaxAge: 1624879125618,
    httpOnly: true
  },
  views: { '/': 7, '/cv': 1, '/giftedADHD': 1 },
  sessionID: 'V7E41QjeO6VElyBEz1eSrBKk',
  horodate: 2020-06-28T13:19:35.553Z,
  ip: '86.247.253.198',
  geoloc: {
    range: [ 1459091456, 1459093503 ],
    country: 'FR',
    region: 'IDF',
    eu: '1',
    timezone: 'Europe/Paris',
    city: 'Paris',
    ll: [ 48.8543, 2.3527 ],
    metro: 0,
    area: 1
  }
}
[2020-06-28T13:19:36.019] [TRACE] trace - Session {
  cookie: {
    path: '/',
    _expires: 2071-12-24T22:38:21.636Z,
    originalMaxAge: 1624879125618,
    httpOnly: true
  },
  views: { '/': 8, '/cv': 1, '/giftedADHD': 1 },
  sessionID: 'V7E41QjeO6VElyBEz1eSrBKk',
  horodate: 2020-06-28T13:19:35.962Z,
  ip: '86.247.253.198',
  geoloc: {
    range: [ 1459091456, 1459093503 ],
    country: 'FR',
    region: 'IDF',
    eu: '1',
    timezone: 'Europe/Paris',
    city: 'Paris',
    ll: [ 48.8543, 2.3527 ],
    metro: 0,
    area: 1
  }
}
[2020-06-28T13:19:36.422] [TRACE] trace - Session {
  cookie: {
    path: '/',
    _expires: 2071-12-24T22:38:22.040Z,
    originalMaxAge: 1624879125618,
    httpOnly: true
  },
  views: { '/': 9, '/cv': 1, '/giftedADHD': 1 },
  sessionID: 'V7E41QjeO6VElyBEz1eSrBKk',
  horodate: 2020-06-28T13:19:36.371Z,
  ip: '86.247.253.198',
  geoloc: {
    range: [ 1459091456, 1459093503 ],
    country: 'FR',
    region: 'IDF',
    eu: '1',
    timezone: 'Europe/Paris',
    city: 'Paris',
    ll: [ 48.8543, 2.3527 ],
    metro: 0,
    area: 1
  }
}
[2020-06-28T13:19:36.852] [TRACE] trace - Session {
  cookie: {
    path: '/',
    _expires: 2071-12-24T22:38:22.470Z,
    originalMaxAge: 1624879125618,
    httpOnly: true
  },
  views: { '/': 10, '/cv': 1, '/giftedADHD': 1 },
  sessionID: 'V7E41QjeO6VElyBEz1eSrBKk',
  horodate: 2020-06-28T13:19:36.804Z,
  ip: '86.247.253.198',
  geoloc: {
    range: [ 1459091456, 1459093503 ],
    country: 'FR',
    region: 'IDF',
    eu: '1',
    timezone: 'Europe/Paris',
    city: 'Paris',
    ll: [ 48.8543, 2.3527 ],
    metro: 0,
    area: 1
  }
}
[2020-06-28T13:19:38.926] [TRACE] trace - /cv: 2
[2020-06-28T13:19:39.435] [TRACE] trace - /cv: 3
[2020-06-28T13:19:39.871] [TRACE] trace - /cv: 4
[2020-06-28T13:19:40.290] [TRACE] trace - /cv: 5
[2020-06-28T13:19:40.691] [TRACE] trace - /cv: 6
[2020-06-28T13:19:42.045] [TRACE] trace - /giftedADHD: 2
[2020-06-28T13:19:42.450] [TRACE] trace - /giftedADHD: 3
[2020-06-28T13:19:44.005] [TRACE] trace - Session {
  cookie: {
    path: '/',
    _expires: 2071-12-24T22:38:29.623Z,
    originalMaxAge: 1624879125618,
    httpOnly: true
  },
  views: { '/': 11, '/cv': 6, '/giftedADHD': 3 },
  sessionID: 'V7E41QjeO6VElyBEz1eSrBKk',
  horodate: 2020-06-28T13:19:43.969Z,
  ip: '86.247.253.198',
  geoloc: {
    range: [ 1459091456, 1459093503 ],
    country: 'FR',
    region: 'IDF',
    eu: '1',
    timezone: 'Europe/Paris',
    city: 'Paris',
    ll: [ 48.8543, 2.3527 ],
    metro: 0,
    area: 1
  }
}
[2020-06-28T13:20:30.111] [TRACE] trace - Session {
  cookie: {
    path: '/',
    _expires: 2071-12-24T22:39:15.729Z,
    originalMaxAge: 1624879125618,
    httpOnly: true,
    maxage: 1656415125618
  },
  views: { '/': 1 },
  sessionID: 'ChOUjQeQ1LYBGOkHPHlH6ODb',
  horodate: 2020-06-28T13:20:29.980Z,
  ip: '86.247.253.198',
  geoloc: {
    range: [ 1459091456, 1459093503 ],
    country: 'FR',
    region: 'IDF',
    eu: '1',
    timezone: 'Europe/Paris',
    city: 'Paris',
    ll: [ 48.8543, 2.3527 ],
    metro: 0,
    area: 1
  }
}
[2020-06-28T13:20:33.986] [TRACE] trace - /cv: 1
[2020-06-28T13:20:35.674] [TRACE] trace - Session {
  cookie: {
    path: '/',
    _expires: 2071-12-24T22:39:21.292Z,
    originalMaxAge: 1624879125618,
    httpOnly: true
  },
  views: { '/': 2, '/cv': 1 },
  sessionID: 'ChOUjQeQ1LYBGOkHPHlH6ODb',
  horodate: 2020-06-28T13:20:35.602Z,
  ip: '86.247.253.198',
  geoloc: {
    range: [ 1459091456, 1459093503 ],
    country: 'FR',
    region: 'IDF',
    eu: '1',
    timezone: 'Europe/Paris',
    city: 'Paris',
    ll: [ 48.8543, 2.3527 ],
    metro: 0,
    area: 1
  }
}
[2020-06-28T13:20:44.268] [TRACE] trace - Session {
  cookie: {
    path: '/',
    _expires: 2071-12-24T22:39:29.886Z,
    originalMaxAge: 1624879125618,
    httpOnly: true
  },
  views: { '/': 3, '/cv': 1 },
  sessionID: 'ChOUjQeQ1LYBGOkHPHlH6ODb',
  horodate: 2020-06-28T13:20:44.212Z,
  ip: '92.184.104.14',
  geoloc: {
    range: [ 1555589120, 1555590143 ],
    country: 'FR',
    region: 'IDF',
    eu: '1',
    timezone: 'Europe/Paris',
    city: 'Paris',
    ll: [ 48.8543, 2.3527 ],
    metro: 0,
    area: 200
  }
}
[2020-06-28T13:22:51.572] [TRACE] trace - /giftedADHD: 1
[2020-06-28T13:22:53.239] [TRACE] trace - Session {
  cookie: {
    path: '/',
    _expires: 2071-12-24T22:41:38.856Z,
    originalMaxAge: 1624879125618,
    httpOnly: true
  },
  views: { '/': 4, '/cv': 1, '/giftedADHD': 1 },
  sessionID: 'ChOUjQeQ1LYBGOkHPHlH6ODb',
  horodate: 2020-06-28T13:22:53.187Z,
  ip: '92.184.104.14',
  geoloc: {
    range: [ 1555589120, 1555590143 ],
    country: 'FR',
    region: 'IDF',
    eu: '1',
    timezone: 'Europe/Paris',
    city: 'Paris',
    ll: [ 48.8543, 2.3527 ],
    metro: 0,
    area: 200
  }
}
[2020-06-28T14:16:42.470] [TRACE] trace - Session {
  cookie: {
    path: '/',
    _expires: 2071-12-24T23:35:28.088Z,
    originalMaxAge: 1624879125618,
    httpOnly: true
  },
  views: { '/': 12, '/cv': 6, '/giftedADHD': 3 },
  sessionID: 'V7E41QjeO6VElyBEz1eSrBKk',
  horodate: 2020-06-28T14:16:42.382Z,
  ip: '86.247.253.198',
  geoloc: {
    range: [ 1459091456, 1459093503 ],
    country: 'FR',
    region: 'IDF',
    eu: '1',
    timezone: 'Europe/Paris',
    city: 'Paris',
    ll: [ 48.8543, 2.3527 ],
    metro: 0,
    area: 1
  }
}
[2020-06-28T14:19:19.230] [TRACE] trace - Session {
  cookie: {
    path: '/',
    _expires: 2071-12-24T23:38:04.844Z,
    originalMaxAge: 1624879125618,
    httpOnly: true,
    maxage: 1656415125618
  },
  views: { '/': 1 },
  sessionID: 'U6vZuZsSzRE38qTwoEHQaJb5',
  horodate: 2020-06-28T14:19:19.173Z,
  ip: '34.220.141.97',
  geoloc: {
    range: [ 584581120, 585105407 ],
    country: 'US',
    region: 'OR',
    eu: '0',
    timezone: 'America/Los_Angeles',
    city: 'Boardman',
    ll: [ 45.8491, -119.7143 ],
    metro: 810,
    area: 1000
  }
}
[2020-06-28T15:51:15.204] [TRACE] trace - Session {
  cookie: {
    path: '/',
    _expires: 2071-12-25T01:10:00.822Z,
    originalMaxAge: 1624879125618,
    httpOnly: true,
    maxage: 1656415125618
  },
  views: { '/': 1 },
  sessionID: '6xnfkpJOAb-eqkxstxyO7tGf',
  horodate: 2020-06-28T15:51:15.152Z,
  ip: '220.134.31.113',
  geoloc: {
    range: [ 3699777024, 3699777535 ],
    country: 'TW',
    region: 'TAO',
    eu: '0',
    timezone: 'Asia/Taipei',
    city: 'Zhongli District',
    ll: [ 24.9633, 121.2403 ],
    metro: 0,
    area: 1
  }
}
[2020-06-28T16:57:29.949] [TRACE] trace - Session {
  cookie: {
    path: '/',
    _expires: 2071-12-25T02:16:15.566Z,
    originalMaxAge: 1624879125618,
    httpOnly: true,
    maxage: 1656415125618
  },
  views: { '/': 1 },
  sessionID: 'Mg8_oFXCA6bjm2FqEyNWPk2i',
  horodate: 2020-06-28T16:57:29.899Z,
  ip: '78.224.57.112',
  geoloc: {
    range: [ 1323317248, 1323317759 ],
    country: 'FR',
    region: 'OCC',
    eu: '1',
    timezone: 'Europe/Paris',
    city: 'Beaulieu',
    ll: [ 43.7286, 4.0219 ],
    metro: 0,
    area: 1
  }
}
[2020-06-28T17:05:01.580] [TRACE] trace - Session {
  cookie: {
    path: '/',
    _expires: 2071-12-25T02:23:47.198Z,
    originalMaxAge: 1624879125618,
    httpOnly: true,
    maxage: 1656415125618
  },
  views: { '/': 1 },
  sessionID: 'nKvh_zanHO3VAXxPq1H3v5M6',
  horodate: 2020-06-28T17:05:01.528Z,
  ip: '161.97.74.222',
  geoloc: {
    range: [ 2707505152, 2707521535 ],
    country: 'US',
    region: 'CO',
    eu: '0',
    timezone: 'America/Denver',
    city: 'Boulder',
    ll: [ 39.9947, -105.2366 ],
    metro: 751,
    area: 1000
  }
}
[2020-06-28T18:38:56.639] [TRACE] trace - Session {
  cookie: {
    path: '/',
    _expires: 2071-12-25T03:57:42.256Z,
    originalMaxAge: 1624879125618,
    httpOnly: true
  },
  views: { '/': 13, '/cv': 6, '/giftedADHD': 3 },
  sessionID: 'V7E41QjeO6VElyBEz1eSrBKk',
  horodate: 2020-06-28T18:38:56.558Z,
  ip: '86.247.253.198',
  geoloc: {
    range: [ 1459091456, 1459093503 ],
    country: 'FR',
    region: 'IDF',
    eu: '1',
    timezone: 'Europe/Paris',
    city: 'Paris',
    ll: [ 48.8543, 2.3527 ],
    metro: 0,
    area: 1
  }
}
[2020-06-28T18:45:22.892] [TRACE] trace - Session {
  cookie: {
    path: '/',
    _expires: 2071-12-25T04:04:08.510Z,
    originalMaxAge: 1624879125618,
    httpOnly: true
  },
  views: { '/': 5, '/cv': 1, '/giftedADHD': 1 },
  sessionID: 'ChOUjQeQ1LYBGOkHPHlH6ODb',
  horodate: 2020-06-28T18:45:22.840Z,
  ip: '86.247.253.198',
  geoloc: {
    range: [ 1459091456, 1459093503 ],
    country: 'FR',
    region: 'IDF',
    eu: '1',
    timezone: 'Europe/Paris',
    city: 'Paris',
    ll: [ 48.8543, 2.3527 ],
    metro: 0,
    area: 1
  }
}
[2020-06-28T19:15:37.639] [TRACE] trace - Session {
  cookie: {
    path: '/',
    _expires: 2071-12-25T04:34:23.256Z,
    originalMaxAge: 1624879125618,
    httpOnly: true,
    maxage: 1656415125618
  },
  views: { '/': 1 },
  sessionID: '23HQqvMnMTr_NSaBAHnD89yK',
  horodate: 2020-06-28T19:15:37.587Z,
  ip: '173.252.127.14',
  geoloc: {
    range: [ 2918989824, 2919006207 ],
    country: 'US',
    region: '',
    eu: '0',
    timezone: 'America/Chicago',
    city: '',
    ll: [ 37.751, -97.822 ],
    metro: 0,
    area: 1000
  }
}
[2020-06-28T19:24:08.231] [TRACE] trace - Session {
  cookie: {
    path: '/',
    _expires: 2071-12-25T04:42:53.849Z,
    originalMaxAge: 1624879125618,
    httpOnly: true,
    maxage: 1656415125618
  },
  views: { '/': 1 },
  sessionID: 'H3SKbvgG_iklKspcTKInAD5F',
  horodate: 2020-06-28T19:24:08.182Z,
  ip: '91.175.159.123',
  geoloc: {
    range: [ 1537998848, 1538260991 ],
    country: 'FR',
    region: '',
    eu: '1',
    timezone: 'Europe/Paris',
    city: '',
    ll: [ 48.8582, 2.3387 ],
    metro: 0,
    area: 500
  }
}
[2020-06-28T19:24:54.084] [TRACE] trace - /cv: 1
[2020-06-28T19:25:35.337] [TRACE] trace - Session {
  cookie: {
    path: '/',
    _expires: 2071-12-25T04:44:20.954Z,
    originalMaxAge: 1624879125618,
    httpOnly: true
  },
  views: { '/': 2, '/cv': 1 },
  sessionID: 'H3SKbvgG_iklKspcTKInAD5F',
  horodate: 2020-06-28T19:25:35.290Z,
  ip: '91.175.159.123',
  geoloc: {
    range: [ 1537998848, 1538260991 ],
    country: 'FR',
    region: '',
    eu: '1',
    timezone: 'Europe/Paris',
    city: '',
    ll: [ 48.8582, 2.3387 ],
    metro: 0,
    area: 500
  }
}
[2020-06-28T19:55:06.308] [TRACE] trace - Session {
  cookie: {
    path: '/',
    _expires: 2071-12-25T05:13:51.926Z,
    originalMaxAge: 1624879125618,
    httpOnly: true,
    maxage: 1656415125618
  },
  views: { '/': 1 },
  sessionID: 'tUzmuhfUMRkyy3Jog8sXkap5',
  horodate: 2020-06-28T19:55:06.254Z,
  ip: '189.78.182.74',
  geoloc: {
    range: [ 3176052224, 3176052479 ],
    country: 'BR',
    region: 'SP',
    eu: '0',
    timezone: 'America/Sao_Paulo',
    city: 'São Paulo',
    ll: [ -23.63, -46.6322 ],
    metro: 0,
    area: 1
  }
}
[2020-06-28T20:21:12.154] [TRACE] trace - Session {
  cookie: {
    path: '/',
    _expires: 2071-12-25T05:39:57.771Z,
    originalMaxAge: 1624879125618,
    httpOnly: true,
    maxage: 1656415125618
  },
  views: { '/': 1 },
  sessionID: 'jGS_VnL0WwbxkgWm1hLrh2Zy',
  horodate: 2020-06-28T20:21:12.106Z,
  ip: '192.241.220.177',
  geoloc: {
    range: [ 3237068800, 3237076991 ],
    country: 'US',
    region: 'CA',
    eu: '0',
    timezone: 'America/Los_Angeles',
    city: 'San Francisco',
    ll: [ 37.7353, -122.3732 ],
    metro: 807,
    area: 1000
  }
}
[2020-06-28T20:28:27.364] [TRACE] trace - Session {
  cookie: {
    path: '/',
    _expires: 2071-12-25T05:47:12.982Z,
    originalMaxAge: 1624879125618,
    httpOnly: true,
    maxage: 1656415125618
  },
  views: { '/': 1 },
  sessionID: '_4n2YBIIdp901BbVEYhMp_zY',
  horodate: 2020-06-28T20:28:27.317Z,
  ip: '83.97.20.29',
  geoloc: {
    range: [ 1398871040, 1398871295 ],
    country: 'RO',
    region: 'B',
    eu: '1',
    timezone: 'Europe/Bucharest',
    city: 'Bucharest',
    ll: [ 44.418, 26.1691 ],
    metro: 0,
    area: 200
  }
}
[2020-06-28T20:38:35.760] [TRACE] trace - Session {
  cookie: {
    path: '/',
    _expires: 2071-12-25T05:57:21.378Z,
    originalMaxAge: 1624879125618,
    httpOnly: true
  },
  views: { '/': 3, '/cv': 1 },
  sessionID: 'H3SKbvgG_iklKspcTKInAD5F',
  horodate: 2020-06-28T20:38:35.715Z,
  ip: '91.175.159.123',
  geoloc: {
    range: [ 1537998848, 1538260991 ],
    country: 'FR',
    region: '',
    eu: '1',
    timezone: 'Europe/Paris',
    city: '',
    ll: [ 48.8582, 2.3387 ],
    metro: 0,
    area: 500
  }
}
[2020-06-28T20:39:13.162] [TRACE] trace - /cv: 2
[2020-06-28T21:10:27.006] [TRACE] trace - Session {
  cookie: {
    path: '/',
    _expires: 2071-12-25T06:29:12.624Z,
    originalMaxAge: 1624879125618,
    httpOnly: true,
    maxage: 1656415125618
  },
  views: { '/': 1 },
  sessionID: 'vi2jVjDgJhg2YtH92d9fq8-5',
  horodate: 2020-06-28T21:10:26.959Z,
  ip: '195.54.160.135',
  geoloc: null
}
[2020-06-28T21:10:34.970] [TRACE] trace - Session {
  cookie: {
    path: '/',
    _expires: 2071-12-25T06:29:20.588Z,
    originalMaxAge: 1624879125618,
    httpOnly: true,
    maxage: 1656415125618
  },
  views: { '/': 1 },
  sessionID: 'CLTiogEIjyQU7Cij-_dooYLd',
  horodate: 2020-06-28T21:10:34.923Z,
  ip: '195.54.160.135',
  geoloc: null
}
[2020-06-28T21:19:35.607] [TRACE] trace - Session {
  cookie: {
    path: '/',
    _expires: 2071-12-25T06:38:21.224Z,
    originalMaxAge: 1624879125618,
    httpOnly: true,
    maxage: 1656415125618
  },
  views: { '/': 1 },
  sessionID: 'uqtKXO7E4OXgV7gg1El1Sosq',
  horodate: 2020-06-28T21:19:35.560Z,
  ip: '192.35.168.214',
  geoloc: {
    range: [ 3223562240, 3223563263 ],
    country: 'US',
    region: '',
    eu: '0',
    timezone: 'America/Chicago',
    city: '',
    ll: [ 37.751, -97.822 ],
    metro: 0,
    area: 1000
  }
}
[2020-06-28T21:19:35.888] [TRACE] trace - Session {
  cookie: {
    path: '/',
    _expires: 2071-12-25T06:38:21.505Z,
    originalMaxAge: 1624879125618,
    httpOnly: true,
    maxage: 1656415125618
  },
  views: { '/': 1 },
  sessionID: 'lzX0DgklVaULsqoh82ucsYaM',
  horodate: 2020-06-28T21:19:35.845Z,
  ip: '192.35.168.214',
  geoloc: {
    range: [ 3223562240, 3223563263 ],
    country: 'US',
    region: '',
    eu: '0',
    timezone: 'America/Chicago',
    city: '',
    ll: [ 37.751, -97.822 ],
    metro: 0,
    area: 1000
  }
}
[2020-06-28T22:22:57.148] [TRACE] trace - Session {
  cookie: {
    path: '/',
    _expires: 2071-12-25T07:41:42.766Z,
    originalMaxAge: 1624879125618,
    httpOnly: true,
    maxage: 1656415125618
  },
  views: { '/': 1 },
  sessionID: 'sby1kKjm5tvCJIOJujCjSRCJ',
  horodate: 2020-06-28T22:22:57.103Z,
  ip: '123.28.254.80',
  geoloc: {
    range: [ 2065489920, 2065498111 ],
    country: 'VN',
    region: '',
    eu: '0',
    timezone: 'Asia/Ho_Chi_Minh',
    city: '',
    ll: [ 16, 106 ],
    metro: 0,
    area: 50
  }
}
[2020-06-28T22:36:20.644] [TRACE] trace - Session {
  cookie: {
    path: '/',
    _expires: 2071-12-25T07:55:06.262Z,
    originalMaxAge: 1624879125618,
    httpOnly: true,
    maxage: 1656415125618
  },
  views: { '/': 1 },
  sessionID: 'ADDcM404_WUpEsSZiMsWEwqh',
  horodate: 2020-06-28T22:36:20.599Z,
  ip: '103.145.13.30',
  geoloc: null
}
[2020-06-28T22:44:41.516] [TRACE] trace - Session {
  cookie: {
    path: '/',
    _expires: 2071-12-25T08:03:27.133Z,
    originalMaxAge: 1624879125618,
    httpOnly: true
  },
  views: { '/': 14, '/cv': 6, '/giftedADHD': 3 },
  sessionID: 'V7E41QjeO6VElyBEz1eSrBKk',
  horodate: 2020-06-28T22:44:41.469Z,
  ip: '86.247.253.198',
  geoloc: {
    range: [ 1459091456, 1459093503 ],
    country: 'FR',
    region: 'IDF',
    eu: '1',
    timezone: 'Europe/Paris',
    city: 'Paris',
    ll: [ 48.8543, 2.3527 ],
    metro: 0,
    area: 1
  }
}
[2020-06-28T22:44:59.761] [TRACE] trace - /cv: 7
[2020-06-28T22:45:01.695] [TRACE] trace - /giftedADHD: 4
[2020-06-28T22:45:04.149] [TRACE] trace - Session {
  cookie: {
    path: '/',
    _expires: 2071-12-25T08:03:49.767Z,
    originalMaxAge: 1624879125618,
    httpOnly: true
  },
  views: { '/': 15, '/cv': 7, '/giftedADHD': 4 },
  sessionID: 'V7E41QjeO6VElyBEz1eSrBKk',
  horodate: 2020-06-28T22:45:04.109Z,
  ip: '86.247.253.198',
  geoloc: {
    range: [ 1459091456, 1459093503 ],
    country: 'FR',
    region: 'IDF',
    eu: '1',
    timezone: 'Europe/Paris',
    city: 'Paris',
    ll: [ 48.8543, 2.3527 ],
    metro: 0,
    area: 1
  }
}
[2020-06-28T23:23:53.815] [TRACE] trace - Session {
  cookie: {
    path: '/',
    _expires: 2071-12-25T08:42:39.433Z,
    originalMaxAge: 1624879125618,
    httpOnly: true,
    maxage: 1656415125618
  },
  views: { '/': 1 },
  sessionID: 'CipClOBUA68Ihdt6L-D7iNsW',
  horodate: 2020-06-28T23:23:53.768Z,
  ip: '100.15.179.120',
  geoloc: {
    range: [ 1678749696, 1678753791 ],
    country: 'US',
    region: 'DC',
    eu: '0',
    timezone: 'America/New_York',
    city: 'Washington',
    ll: [ 38.9379, -77.0859 ],
    metro: 511,
    area: 5
  }
}
[2020-06-28T23:31:20.290] [TRACE] trace - Session {
  cookie: {
    path: '/',
    _expires: 2071-12-25T08:50:05.908Z,
    originalMaxAge: 1624879125618,
    httpOnly: true,
    maxage: 1656415125618
  },
  views: { '/': 1 },
  sessionID: 'MhukvOcSlHeHV-ZGsUBsy9r2',
  horodate: 2020-06-28T23:31:20.244Z,
  ip: '172.104.108.109',
  geoloc: {
    range: [ 2892513280, 2892529663 ],
    country: 'JP',
    region: '13',
    eu: '0',
    timezone: 'Asia/Tokyo',
    city: 'Tokyo',
    ll: [ 35.6882, 139.7532 ],
    metro: 0,
    area: 1000
  }
}
[2020-06-29T00:01:59.897] [TRACE] trace - Session {
  cookie: {
    path: '/',
    _expires: 2071-12-25T09:20:45.515Z,
    originalMaxAge: 1624879125618,
    httpOnly: true,
    maxage: 1656415125618
  },
  views: { '/': 1 },
  sessionID: 'sp8rmiH4z08TGZNGc9Dfclc1',
  horodate: 2020-06-28T00:01:59.843Z,
  ip: '185.200.156.124',
  geoloc: {
    range: [ 3116932096, 3116932351 ],
    country: 'BG',
    region: '03',
    eu: '1',
    timezone: 'Europe/Sofia',
    city: 'Provadia',
    ll: [ 43.1833, 27.4333 ],
    metro: 0,
    area: 50
  }
}
[2020-06-29T00:22:40.746] [TRACE] trace - Session {
  cookie: {
    path: '/',
    _expires: 2071-12-25T09:41:26.363Z,
    originalMaxAge: 1624879125618,
    httpOnly: true,
    maxage: 1656415125618
  },
  views: { '/': 1 },
  sessionID: 'Z2sDO1QrIQDPy2zWdwqGG1Cr',
  horodate: 2020-06-28T00:22:40.696Z,
  ip: '31.13.127.10',
  geoloc: {
    range: [ 520970240, 520978431 ],
    country: 'IE',
    region: '',
    eu: '1',
    timezone: 'Europe/Dublin',
    city: '',
    ll: [ 53.3472, -6.2439 ],
    metro: 0,
    area: 200
  }
}
[2020-06-29T06:42:28.565] [TRACE] trace - Session {
  cookie: {
    path: '/',
    _expires: 2071-12-25T16:01:14.183Z,
    originalMaxAge: 1624879125618,
    httpOnly: true,
    maxage: 1656415125618
  },
  views: { '/': 1 },
  sessionID: 'hV_ays9Y1wpSHT_4KxGY_2rS',
  horodate: 2020-06-29T06:42:28.513Z,
  ip: '213.32.122.81',
  geoloc: {
    range: [ 3575675456, 3575675519 ],
    country: 'FR',
    region: '',
    eu: '1',
    timezone: 'Europe/Paris',
    city: '',
    ll: [ 48.8582, 2.3387 ],
    metro: 0,
    area: 500
  }
}
[2020-06-29T06:42:28.734] [TRACE] trace - Session {
  cookie: {
    path: '/',
    _expires: 2071-12-25T16:01:14.351Z,
    originalMaxAge: 1624879125618,
    httpOnly: true,
    maxage: 1656415125618
  },
  views: { '/': 1 },
  sessionID: 'iJxeGU5OTgd2_-I8lhLypaMl',
  horodate: 2020-06-29T06:42:28.687Z,
  ip: '185.163.46.86',
  geoloc: {
    range: [ 3114479104, 3114479359 ],
    country: 'MD',
    region: '',
    eu: '0',
    timezone: 'Europe/Chisinau',
    city: '',
    ll: [ 47.0188, 28.8128 ],
    metro: 0,
    area: 50
  }
}
[2020-06-29T06:42:28.804] [TRACE] trace - Session {
  cookie: {
    path: '/',
    _expires: 2071-12-25T16:01:14.421Z,
    originalMaxAge: 1624879125618,
    httpOnly: true,
    maxage: 1656415125618
  },
  views: { '/': 1 },
  sessionID: '56cJlwUrUTGrY0scHiuAS_ap',
  horodate: 2020-06-29T06:42:28.758Z,
  ip: '128.14.133.58',
  geoloc: {
    range: [ 2148433920, 2148435967 ],
    country: 'US',
    region: 'CA',
    eu: '0',
    timezone: 'America/Los_Angeles',
    city: 'Arcadia',
    ll: [ 34.1397, -118.0353 ],
    metro: 803,
    area: 500
  }
}
[2020-06-29T06:42:28.911] [TRACE] trace - Session {
  cookie: {
    path: '/',
    _expires: 2071-12-25T16:01:14.528Z,
    originalMaxAge: 1624879125618,
    httpOnly: true,
    maxage: 1656415125618
  },
  views: { '/': 1 },
  sessionID: 'ORxvNC2irS6nGSFnPczI5GO0',
  horodate: 2020-06-29T06:42:28.858Z,
  ip: '139.162.119.197',
  geoloc: {
    range: [ 2342674432, 2342682623 ],
    country: 'JP',
    region: '13',
    eu: '0',
    timezone: 'Asia/Tokyo',
    city: 'Tokyo',
    ll: [ 35.6882, 139.7532 ],
    metro: 0,
    area: 100
  }
}
[2020-06-29T06:42:28.969] [TRACE] trace - Session {
  cookie: {
    path: '/',
    _expires: 2071-12-25T16:01:14.586Z,
    originalMaxAge: 1624879125618,
    httpOnly: true,
    maxage: 1656415125618
  },
  views: { '/': 1 },
  sessionID: 'QPsTta6XniSayvrLFLclBiU-',
  horodate: 2020-06-29T06:42:28.922Z,
  ip: '161.97.74.222',
  geoloc: {
    range: [ 2707505152, 2707521535 ],
    country: 'US',
    region: 'CO',
    eu: '0',
    timezone: 'America/Denver',
    city: 'Boulder',
    ll: [ 39.9947, -105.2366 ],
    metro: 751,
    area: 1000
  }
}
[2020-06-29T06:42:29.026] [TRACE] trace - Session {
  cookie: {
    path: '/',
    _expires: 2071-12-25T16:01:14.643Z,
    originalMaxAge: 1624879125618,
    httpOnly: true,
    maxage: 1656415125618
  },
  views: { '/': 1 },
  sessionID: 'qMNpcIznCqnZucdJtujBkJRg',
  horodate: 2020-06-29T06:42:28.985Z,
  ip: '110.77.137.168',
  geoloc: {
    range: [ 1850575104, 1850575359 ],
    country: 'TH',
    region: '20',
    eu: '0',
    timezone: 'Asia/Bangkok',
    city: 'Bang Lamung',
    ll: [ 13.0508, 100.9367 ],
    metro: 0,
    area: 100
  }
}
[2020-06-29T06:42:58.040] [TRACE] trace - Session {
  cookie: {
    path: '/',
    _expires: 2071-12-25T16:01:43.657Z,
    originalMaxAge: 1624879125618,
    httpOnly: true,
    maxage: 1656415125618
  },
  views: { '/': 1 },
  sessionID: 'iuaaYGDrZ9TE_aXUbhXe3j5O',
  horodate: 2020-06-29T06:42:57.991Z,
  ip: '31.13.127.19',
  geoloc: {
    range: [ 520970240, 520978431 ],
    country: 'IE',
    region: '',
    eu: '1',
    timezone: 'Europe/Dublin',
    city: '',
    ll: [ 53.3472, -6.2439 ],
    metro: 0,
    area: 200
  }
}
[2020-06-29T06:50:34.297] [TRACE] trace - Session {
  cookie: {
    path: '/',
    _expires: 2071-12-25T16:09:19.915Z,
    originalMaxAge: 1624879125618,
    httpOnly: true,
    maxage: 1656415125618
  },
  views: { '/': 1 },
  sessionID: 'H0bl8G8AZrH621zyQJuWmxrD',
  horodate: 2020-06-29T06:50:34.247Z,
  ip: '117.50.6.160',
  geoloc: {
    range: [ 1966211072, 1966276607 ],
    country: 'CN',
    region: 'SH',
    eu: '0',
    timezone: 'Asia/Shanghai',
    city: '',
    ll: [ 31.0449, 121.4012 ],
    metro: 0,
    area: 50
  }
}
[2020-06-29T06:50:37.283] [TRACE] trace - Session {
  cookie: {
    path: '/',
    _expires: 2071-12-25T16:09:22.900Z,
    originalMaxAge: 1624879125618,
    httpOnly: true,
    maxage: 1656415125618
  },
  views: { '/': 1 },
  sessionID: '_EwZ7VONzmytLhKKdP6NtI6U',
  horodate: 2020-06-29T06:50:37.244Z,
  ip: '120.52.152.20',
  geoloc: {
    range: [ 2016706560, 2016739327 ],
    country: 'CN',
    region: 'BJ',
    eu: '0',
    timezone: 'Asia/Shanghai',
    city: 'Beijing',
    ll: [ 39.9288, 116.3889 ],
    metro: 0,
    area: 1
  }
}
[2020-06-29T06:51:06.415] [TRACE] trace - Session {
  cookie: {
    path: '/',
    _expires: 2071-12-25T16:09:52.032Z,
    originalMaxAge: 1624879125618,
    httpOnly: true,
    maxage: 1656415125618
  },
  views: { '/': 1 },
  sessionID: 'GYMCd1rq3LPCbLHazIMXI8o8',
  horodate: 2020-06-29T06:51:06.370Z,
  ip: '106.75.85.117',
  geoloc: {
    range: [ 1783300096, 1783332863 ],
    country: 'CN',
    region: 'SH',
    eu: '0',
    timezone: 'Asia/Shanghai',
    city: '',
    ll: [ 31.0449, 121.4012 ],
    metro: 0,
    area: 50
  }
}
[2020-06-29T07:17:28.599] [TRACE] trace - Session {
  cookie: {
    path: '/',
    _expires: 2071-12-25T16:36:14.217Z,
    originalMaxAge: 1624879125618,
    httpOnly: true
  },
  views: { '/': 16, '/cv': 7, '/giftedADHD': 4 },
  sessionID: 'V7E41QjeO6VElyBEz1eSrBKk',
  horodate: 2020-06-29T07:17:28.519Z,
  ip: '86.247.253.198',
  geoloc: {
    range: [ 1459091456, 1459093503 ],
    country: 'FR',
    region: 'IDF',
    eu: '1',
    timezone: 'Europe/Paris',
    city: 'Paris',
    ll: [ 48.8543, 2.3527 ],
    metro: 0,
    area: 1
  }
}
[2020-06-29T07:17:36.803] [TRACE] trace - /cv: 8
[2020-06-29T07:17:38.173] [TRACE] trace - /giftedADHD: 5
