Wed Jul 21 2021 09:00:28 GMT+0200 (GMT+02:00)[2020-07-21T09:03:03.614] [TRACE] trace - {
  genid: [Function: genid],
  store: FileStore {
    _events: [Object: null prototype] {
      disconnect: [Function: ondisconnect],
      connect: [Function: onconnect]
    },
    _eventsCount: 2,
    _maxListeners: undefined,
    options: {
      path: 'sessions',
      ttl: 3600,
      retries: 5,
      factor: 1,
      minTimeout: 50,
      maxTimeout: 100,
      reapInterval: 3600,
      reapMaxConcurrent: 10,
      reapAsync: false,
      reapSyncFallback: false,
      logFn: [Function: bound consoleCall],
      encoding: 'utf8',
      encoder: [Function: stringify],
      decoder: [Function: parse],
      encryptEncoding: 'hex',
      fileExtension: '.json',
      crypto: [Object],
      keyFunction: [Function: keyFunction],
      filePattern: /\.json$/,
      reapIntervalObject: Timeout {
        _idleTimeout: 3600000,
        _idlePrev: [TimersList],
        _idleNext: [Timeout],
        _idleStart: 298,
        _onTimeout: [Function],
        _timerArgs: undefined,
        _repeat: 3600000,
        _destroyed: false,
        [Symbol(refed)]: false,
        [Symbol(asyncId)]: 7,
        [Symbol(triggerId)]: 1
      }
    },
    generate: [Function],
    [Symbol(kCapture)]: false
  },
  resave: false,
  saveUninitialized: false,
  secret: 'qwerty',
  cookie: { expires: 1626850828021, maxage: 311040000000 },
  horodate: 2020-07-21T09:03:03.108Z,
  ip: '83.202.34.239',
  geoloc: {
    range: [ 1405755904, 1405756415 ],
    country: 'FR',
    region: 'IDF',
    eu: '1',
    timezone: 'Europe/Paris',
    city: 'Paris',
    ll: [ 48.8543, 2.3527 ],
    metro: 0,
    area: 10
  },
  views: { '/': 212, '/cv': 75, '/adm1n': 98, '/giftedADHD': 49 }
}
[2020-07-21T09:13:07.747] [TRACE] trace - {
  genid: [Function: genid],
  store: FileStore {
    _events: [Object: null prototype] {
      disconnect: [Function: ondisconnect],
      connect: [Function: onconnect]
    },
    _eventsCount: 2,
    _maxListeners: undefined,
    options: {
      path: 'sessions',
      ttl: 3600,
      retries: 5,
      factor: 1,
      minTimeout: 50,
      maxTimeout: 100,
      reapInterval: 3600,
      reapMaxConcurrent: 10,
      reapAsync: false,
      reapSyncFallback: false,
      logFn: [Function: bound consoleCall],
      encoding: 'utf8',
      encoder: [Function: stringify],
      decoder: [Function: parse],
      encryptEncoding: 'hex',
      fileExtension: '.json',
      crypto: [Object],
      keyFunction: [Function: keyFunction],
      filePattern: /\.json$/,
      reapIntervalObject: Timeout {
        _idleTimeout: 3600000,
        _idlePrev: [TimersList],
        _idleNext: [Timeout],
        _idleStart: 298,
        _onTimeout: [Function],
        _timerArgs: undefined,
        _repeat: 3600000,
        _destroyed: false,
        [Symbol(refed)]: false,
        [Symbol(asyncId)]: 7,
        [Symbol(triggerId)]: 1
      }
    },
    generate: [Function],
    [Symbol(kCapture)]: false
  },
  resave: false,
  saveUninitialized: false,
  secret: 'qwerty',
  cookie: { expires: 1626850828021, maxage: 311040000000 },
  horodate: 2020-07-21T09:13:07.635Z,
  ip: '156.96.156.142',
  geoloc: {
    range: [ 2623576064, 2623578111 ],
    country: 'US',
    region: '',
    eu: '0',
    timezone: 'America/Chicago',
    city: '',
    ll: [ 37.751, -97.822 ],
    metro: 0,
    area: 1000
  },
  views: { '/': 1 }
}
[2020-07-21T09:18:08.148] [TRACE] trace - {
  genid: [Function: genid],
  store: FileStore {
    _events: [Object: null prototype] {
      disconnect: [Function: ondisconnect],
      connect: [Function: onconnect]
    },
    _eventsCount: 2,
    _maxListeners: undefined,
    options: {
      path: 'sessions',
      ttl: 3600,
      retries: 5,
      factor: 1,
      minTimeout: 50,
      maxTimeout: 100,
      reapInterval: 3600,
      reapMaxConcurrent: 10,
      reapAsync: false,
      reapSyncFallback: false,
      logFn: [Function: bound consoleCall],
      encoding: 'utf8',
      encoder: [Function: stringify],
      decoder: [Function: parse],
      encryptEncoding: 'hex',
      fileExtension: '.json',
      crypto: [Object],
      keyFunction: [Function: keyFunction],
      filePattern: /\.json$/,
      reapIntervalObject: Timeout {
        _idleTimeout: 3600000,
        _idlePrev: [TimersList],
        _idleNext: [Timeout],
        _idleStart: 298,
        _onTimeout: [Function],
        _timerArgs: undefined,
        _repeat: 3600000,
        _destroyed: false,
        [Symbol(refed)]: false,
        [Symbol(asyncId)]: 7,
        [Symbol(triggerId)]: 1
      }
    },
    generate: [Function],
    [Symbol(kCapture)]: false
  },
  resave: false,
  saveUninitialized: false,
  secret: 'qwerty',
  cookie: { expires: 1626850828021, maxage: 311040000000 },
  horodate: 2020-07-21T09:18:08.055Z,
  ip: '156.96.156.142',
  geoloc: {
    range: [ 2623576064, 2623578111 ],
    country: 'US',
    region: '',
    eu: '0',
    timezone: 'America/Chicago',
    city: '',
    ll: [ 37.751, -97.822 ],
    metro: 0,
    area: 1000
  },
  views: { '/': 1 }
}
[2020-07-21T09:18:09.133] [TRACE] trace - {
  genid: [Function: genid],
  store: FileStore {
    _events: [Object: null prototype] {
      disconnect: [Function: ondisconnect],
      connect: [Function: onconnect]
    },
    _eventsCount: 2,
    _maxListeners: undefined,
    options: {
      path: 'sessions',
      ttl: 3600,
      retries: 5,
      factor: 1,
      minTimeout: 50,
      maxTimeout: 100,
      reapInterval: 3600,
      reapMaxConcurrent: 10,
      reapAsync: false,
      reapSyncFallback: false,
      logFn: [Function: bound consoleCall],
      encoding: 'utf8',
      encoder: [Function: stringify],
      decoder: [Function: parse],
      encryptEncoding: 'hex',
      fileExtension: '.json',
      crypto: [Object],
      keyFunction: [Function: keyFunction],
      filePattern: /\.json$/,
      reapIntervalObject: Timeout {
        _idleTimeout: 3600000,
        _idlePrev: [TimersList],
        _idleNext: [Timeout],
        _idleStart: 298,
        _onTimeout: [Function],
        _timerArgs: undefined,
        _repeat: 3600000,
        _destroyed: false,
        [Symbol(refed)]: false,
        [Symbol(asyncId)]: 7,
        [Symbol(triggerId)]: 1
      }
    },
    generate: [Function],
    [Symbol(kCapture)]: false
  },
  resave: false,
  saveUninitialized: false,
  secret: 'qwerty',
  cookie: { expires: 1626850828021, maxage: 311040000000 },
  horodate: 2020-07-21T09:18:09.075Z,
  ip: '156.96.156.142',
  geoloc: {
    range: [ 2623576064, 2623578111 ],
    country: 'US',
    region: '',
    eu: '0',
    timezone: 'America/Chicago',
    city: '',
    ll: [ 37.751, -97.822 ],
    metro: 0,
    area: 1000
  },
  views: { '/': 1 }
}
[2020-07-21T09:18:14.693] [TRACE] trace - {
  genid: [Function: genid],
  store: FileStore {
    _events: [Object: null prototype] {
      disconnect: [Function: ondisconnect],
      connect: [Function: onconnect]
    },
    _eventsCount: 2,
    _maxListeners: undefined,
    options: {
      path: 'sessions',
      ttl: 3600,
      retries: 5,
      factor: 1,
      minTimeout: 50,
      maxTimeout: 100,
      reapInterval: 3600,
      reapMaxConcurrent: 10,
      reapAsync: false,
      reapSyncFallback: false,
      logFn: [Function: bound consoleCall],
      encoding: 'utf8',
      encoder: [Function: stringify],
      decoder: [Function: parse],
      encryptEncoding: 'hex',
      fileExtension: '.json',
      crypto: [Object],
      keyFunction: [Function: keyFunction],
      filePattern: /\.json$/,
      reapIntervalObject: Timeout {
        _idleTimeout: 3600000,
        _idlePrev: [TimersList],
        _idleNext: [Timeout],
        _idleStart: 298,
        _onTimeout: [Function],
        _timerArgs: undefined,
        _repeat: 3600000,
        _destroyed: false,
        [Symbol(refed)]: false,
        [Symbol(asyncId)]: 7,
        [Symbol(triggerId)]: 1
      }
    },
    generate: [Function],
    [Symbol(kCapture)]: false
  },
  resave: false,
  saveUninitialized: false,
  secret: 'qwerty',
  cookie: { expires: 1626850828021, maxage: 311040000000 },
  horodate: 2020-07-21T09:18:14.625Z,
  ip: '156.96.156.142',
  geoloc: {
    range: [ 2623576064, 2623578111 ],
    country: 'US',
    region: '',
    eu: '0',
    timezone: 'America/Chicago',
    city: '',
    ll: [ 37.751, -97.822 ],
    metro: 0,
    area: 1000
  },
  views: { '/': 1 }
}
[2020-07-21T09:39:49.300] [TRACE] trace - {
  genid: [Function: genid],
  store: FileStore {
    _events: [Object: null prototype] {
      disconnect: [Function: ondisconnect],
      connect: [Function: onconnect]
    },
    _eventsCount: 2,
    _maxListeners: undefined,
    options: {
      path: 'sessions',
      ttl: 3600,
      retries: 5,
      factor: 1,
      minTimeout: 50,
      maxTimeout: 100,
      reapInterval: 3600,
      reapMaxConcurrent: 10,
      reapAsync: false,
      reapSyncFallback: false,
      logFn: [Function: bound consoleCall],
      encoding: 'utf8',
      encoder: [Function: stringify],
      decoder: [Function: parse],
      encryptEncoding: 'hex',
      fileExtension: '.json',
      crypto: [Object],
      keyFunction: [Function: keyFunction],
      filePattern: /\.json$/,
      reapIntervalObject: Timeout {
        _idleTimeout: 3600000,
        _idlePrev: [TimersList],
        _idleNext: [Timeout],
        _idleStart: 298,
        _onTimeout: [Function],
        _timerArgs: undefined,
        _repeat: 3600000,
        _destroyed: false,
        [Symbol(refed)]: false,
        [Symbol(asyncId)]: 7,
        [Symbol(triggerId)]: 1
      }
    },
    generate: [Function],
    [Symbol(kCapture)]: false
  },
  resave: false,
  saveUninitialized: false,
  secret: 'qwerty',
  cookie: { expires: 1626850828021, maxage: 311040000000 },
  horodate: 2020-07-21T09:39:49.192Z,
  ip: '54.36.148.125',
  geoloc: {
    range: [ 908366848, 908367871 ],
    country: 'FR',
    region: '',
    eu: '1',
    timezone: 'Europe/Paris',
    city: '',
    ll: [ 48.8582, 2.3387 ],
    metro: 0,
    area: 500
  },
  views: { '/': 1 }
}
[2020-07-21T10:15:53.796] [TRACE] trace - {
  genid: [Function: genid],
  store: FileStore {
    _events: [Object: null prototype] {
      disconnect: [Function: ondisconnect],
      connect: [Function: onconnect]
    },
    _eventsCount: 2,
    _maxListeners: undefined,
    options: {
      path: 'sessions',
      ttl: 3600,
      retries: 5,
      factor: 1,
      minTimeout: 50,
      maxTimeout: 100,
      reapInterval: 3600,
      reapMaxConcurrent: 10,
      reapAsync: false,
      reapSyncFallback: false,
      logFn: [Function: bound consoleCall],
      encoding: 'utf8',
      encoder: [Function: stringify],
      decoder: [Function: parse],
      encryptEncoding: 'hex',
      fileExtension: '.json',
      crypto: [Object],
      keyFunction: [Function: keyFunction],
      filePattern: /\.json$/,
      reapIntervalObject: Timeout {
        _idleTimeout: 3600000,
        _idlePrev: [TimersList],
        _idleNext: [Timeout],
        _idleStart: 3600300,
        _onTimeout: [Function],
        _timerArgs: undefined,
        _repeat: 3600000,
        _destroyed: false,
        [Symbol(refed)]: false,
        [Symbol(asyncId)]: 7,
        [Symbol(triggerId)]: 1
      }
    },
    generate: [Function],
    [Symbol(kCapture)]: false
  },
  resave: false,
  saveUninitialized: false,
  secret: 'qwerty',
  cookie: { expires: 1626850828021, maxage: 311040000000 },
  horodate: 2020-07-21T10:15:53.683Z,
  ip: '200.89.114.82',
  geoloc: {
    range: [ 3361304576, 3361306623 ],
    country: 'CO',
    region: 'ATL',
    eu: '0',
    timezone: 'America/Bogota',
    city: 'Barranquilla',
    ll: [ 10.9711, -74.7837 ],
    metro: 0,
    area: 1
  },
  views: { '/': 1 }
}
