Sat Jul 24 2021 09:38:16 GMT+0200 (GMT+02:00)[2020-07-24T09:58:16.982] [TRACE] file - Session {
  cookie: {
    path: '/',
    _expires: 2020-10-22T07:58:16.980Z,
    originalMaxAge: 7775999999,
    httpOnly: true
  },
  views: { '/': 39, '/cv': 12, '/giftedADHD': 14 },
  horodate: 2020-07-24T09:58:16.123Z,
  ip: '83.202.34.239',
  geoloc: {
    range: [ 1405755904, 1405756415 ],
    country: 'FR',
    region: 'IDF',
    eu: '1',
    timezone: 'Europe/Paris',
    city: 'Paris',
    ll: [ 48.8543, 2.3527 ],
    metro: 0,
    area: 10
  },
  __lastAccess: 1595577496981
}
[2020-07-24T09:58:18.810] [TRACE] file - Session {
  cookie: {
    path: '/',
    _expires: 2020-10-22T07:58:18.802Z,
    originalMaxAge: 7776000000,
    httpOnly: true
  },
  views: { '/': 1 },
  horodate: 2020-07-24T09:58:18.699Z,
  ip: '185.39.11.105',
  geoloc: {
    range: [ 3106342912, 3106343935 ],
    country: 'CH',
    region: '',
    eu: '0',
    timezone: 'Europe/Zurich',
    city: '',
    ll: [ 47.1449, 8.1551 ],
    metro: 0,
    area: 100
  },
  __lastAccess: 1595577498802
}
[2020-07-24T09:58:26.950] [TRACE] file - Session {
  cookie: {
    path: '/',
    _expires: 2020-10-22T07:58:26.948Z,
    originalMaxAge: 7775999999,
    httpOnly: true
  },
  views: { '/': 39, '/cv': 13, '/giftedADHD': 14 },
  horodate: 2020-07-24T09:58:26.869Z,
  ip: '83.202.34.239',
  geoloc: {
    range: [ 1405755904, 1405756415 ],
    country: 'FR',
    region: 'IDF',
    eu: '1',
    timezone: 'Europe/Paris',
    city: 'Paris',
    ll: [ 48.8543, 2.3527 ],
    metro: 0,
    area: 10
  },
  __lastAccess: 1595577506949
}
[2020-07-24T09:58:33.596] [TRACE] file - Session {
  cookie: {
    path: '/',
    _expires: 2020-10-22T07:58:33.594Z,
    originalMaxAge: 7775999999,
    httpOnly: true
  },
  views: { '/': 39, '/cv': 13, '/giftedADHD': 15 },
  horodate: 2020-07-24T09:58:33.551Z,
  ip: '83.202.34.239',
  geoloc: {
    range: [ 1405755904, 1405756415 ],
    country: 'FR',
    region: 'IDF',
    eu: '1',
    timezone: 'Europe/Paris',
    city: 'Paris',
    ll: [ 48.8543, 2.3527 ],
    metro: 0,
    area: 10
  },
  __lastAccess: 1595577513595
}
[2020-07-24T09:58:38.675] [TRACE] file - Session {
  cookie: {
    path: '/',
    _expires: 2020-10-22T07:58:38.674Z,
    originalMaxAge: 7775999999,
    httpOnly: true
  },
  views: { '/': 40, '/cv': 13, '/giftedADHD': 15 },
  horodate: 2020-07-24T09:58:38.611Z,
  ip: '83.202.34.239',
  geoloc: {
    range: [ 1405755904, 1405756415 ],
    country: 'FR',
    region: 'IDF',
    eu: '1',
    timezone: 'Europe/Paris',
    city: 'Paris',
    ll: [ 48.8543, 2.3527 ],
    metro: 0,
    area: 10
  },
  __lastAccess: 1595577518675
}
[2020-07-24T10:03:56.721] [TRACE] file - Session {
  cookie: {
    path: '/',
    _expires: 2020-10-22T08:03:56.720Z,
    originalMaxAge: 7775999999,
    httpOnly: true
  },
  __lastAccess: 1595577836721,
  views: { '/': 93, '/cv': 12, '/giftedADHD': 9 },
  horodate: 2020-07-24T10:03:56.645Z,
  ip: '83.202.34.239',
  geoloc: {
    range: [ 1405755904, 1405756415 ],
    country: 'FR',
    region: 'IDF',
    eu: '1',
    timezone: 'Europe/Paris',
    city: 'Paris',
    ll: [ 48.8543, 2.3527 ],
    metro: 0,
    area: 10
  }
}
[2020-07-24T10:04:20.826] [TRACE] file - Session {
  cookie: {
    path: '/',
    _expires: 2020-10-22T08:04:20.825Z,
    originalMaxAge: 7776000000,
    httpOnly: true
  },
  views: { '/': 1 },
  horodate: 2020-07-24T10:04:20.758Z,
  ip: '177.91.251.122',
  geoloc: {
    range: [ 2975594496, 2975596543 ],
    country: 'PE',
    region: 'LMA',
    eu: '0',
    timezone: 'America/Lima',
    city: 'Lima',
    ll: [ -12.0464, -77.0428 ],
    metro: 0,
    area: 1
  },
  __lastAccess: 1595577860825
}
[2020-07-24T10:05:07.817] [TRACE] file - Session {
  cookie: {
    path: '/',
    _expires: 2020-10-22T08:05:07.817Z,
    originalMaxAge: 7776000000,
    httpOnly: true
  },
  views: { '/': 1 },
  horodate: 2020-07-24T10:05:07.744Z,
  ip: '83.202.34.239',
  geoloc: {
    range: [ 1405755904, 1405756415 ],
    country: 'FR',
    region: 'IDF',
    eu: '1',
    timezone: 'Europe/Paris',
    city: 'Paris',
    ll: [ 48.8543, 2.3527 ],
    metro: 0,
    area: 10
  },
  __lastAccess: 1595577907817
}
[2020-07-24T10:10:40.193] [TRACE] file - Session {
  cookie: {
    path: '/',
    _expires: 2020-10-22T08:10:40.192Z,
    originalMaxAge: 7775999999,
    httpOnly: true
  },
  __lastAccess: 1595578240193,
  views: { '/': 94, '/cv': 12, '/giftedADHD': 9 },
  horodate: 2020-07-24T10:10:40.119Z,
  ip: '83.202.34.239',
  geoloc: {
    range: [ 1405755904, 1405756415 ],
    country: 'FR',
    region: 'IDF',
    eu: '1',
    timezone: 'Europe/Paris',
    city: 'Paris',
    ll: [ 48.8543, 2.3527 ],
    metro: 0,
    area: 10
  }
}
[2020-07-24T10:12:58.173] [TRACE] file - Session {
  cookie: {
    path: '/',
    _expires: 2020-10-22T08:12:58.171Z,
    originalMaxAge: 7775999999,
    httpOnly: true
  },
  __lastAccess: 1595578378172,
  views: { '/': 95, '/cv': 12, '/giftedADHD': 9 },
  horodate: 2020-07-24T10:12:58.021Z,
  ip: '83.202.34.239',
  geoloc: {
    range: [ 1405755904, 1405756415 ],
    country: 'FR',
    region: 'IDF',
    eu: '1',
    timezone: 'Europe/Paris',
    city: 'Paris',
    ll: [ 48.8543, 2.3527 ],
    metro: 0,
    area: 10
  }
}
[2020-07-24T10:13:35.626] [TRACE] file - Session {
  cookie: {
    path: '/',
    _expires: 2020-10-22T08:13:35.626Z,
    originalMaxAge: 7776000000,
    httpOnly: true
  },
  views: { '/': 1 },
  horodate: 2020-07-24T10:13:35.510Z,
  ip: '189.146.204.213',
  geoloc: {
    range: [ 3180513280, 3180515327 ],
    country: 'MX',
    region: 'CMX',
    eu: '0',
    timezone: 'America/Mexico_City',
    city: 'Mexico City',
    ll: [ 19.4556, -99.155 ],
    metro: 0,
    area: 5
  },
  __lastAccess: 1595578415626
}
[2020-07-24T10:20:26.292] [TRACE] file - Session {
  cookie: {
    path: '/',
    _expires: 2020-10-22T08:20:26.291Z,
    originalMaxAge: 7775999999,
    httpOnly: true
  },
  __lastAccess: 1595578826292,
  views: { '/': 96, '/cv': 12, '/giftedADHD': 9 },
  horodate: 2020-07-24T10:20:26.218Z,
  ip: '83.202.34.239',
  geoloc: {
    range: [ 1405755904, 1405756415 ],
    country: 'FR',
    region: 'IDF',
    eu: '1',
    timezone: 'Europe/Paris',
    city: 'Paris',
    ll: [ 48.8543, 2.3527 ],
    metro: 0,
    area: 10
  }
}
[2020-07-24T10:22:33.351] [TRACE] file - Session {
  cookie: {
    path: '/',
    _expires: 2020-10-22T08:22:33.350Z,
    originalMaxAge: 7775999999,
    httpOnly: true
  },
  __lastAccess: 1595578953351,
  views: { '/': 97, '/cv': 12, '/giftedADHD': 9 },
  horodate: 2020-07-24T10:22:33.286Z,
  ip: '83.202.34.239',
  geoloc: {
    range: [ 1405755904, 1405756415 ],
    country: 'FR',
    region: 'IDF',
    eu: '1',
    timezone: 'Europe/Paris',
    city: 'Paris',
    ll: [ 48.8543, 2.3527 ],
    metro: 0,
    area: 10
  }
}
[2020-07-24T10:24:32.367] [TRACE] file - Session {
  cookie: {
    path: '/',
    _expires: 2020-10-22T08:24:32.366Z,
    originalMaxAge: 7775999999,
    httpOnly: true
  },
  __lastAccess: 1595579072367,
  views: { '/': 97, '/cv': 13, '/giftedADHD': 9 },
  horodate: 2020-07-24T10:24:32.300Z,
  ip: '83.202.34.239',
  geoloc: {
    range: [ 1405755904, 1405756415 ],
    country: 'FR',
    region: 'IDF',
    eu: '1',
    timezone: 'Europe/Paris',
    city: 'Paris',
    ll: [ 48.8543, 2.3527 ],
    metro: 0,
    area: 10
  }
}
[2020-07-24T10:24:35.455] [TRACE] file - Session {
  cookie: {
    path: '/',
    _expires: 2020-10-22T08:24:35.453Z,
    originalMaxAge: 7775999999,
    httpOnly: true
  },
  __lastAccess: 1595579075454,
  views: { '/': 97, '/cv': 13, '/giftedADHD': 10 },
  horodate: 2020-07-24T10:24:35.411Z,
  ip: '83.202.34.239',
  geoloc: {
    range: [ 1405755904, 1405756415 ],
    country: 'FR',
    region: 'IDF',
    eu: '1',
    timezone: 'Europe/Paris',
    city: 'Paris',
    ll: [ 48.8543, 2.3527 ],
    metro: 0,
    area: 10
  }
}
[2020-07-24T10:24:39.540] [TRACE] file - Session {
  cookie: {
    path: '/',
    _expires: 2020-10-22T08:24:39.539Z,
    originalMaxAge: 7775999999,
    httpOnly: true
  },
  __lastAccess: 1595579079540,
  views: { '/': 98, '/cv': 13, '/giftedADHD': 10 },
  horodate: 2020-07-24T10:24:39.478Z,
  ip: '83.202.34.239',
  geoloc: {
    range: [ 1405755904, 1405756415 ],
    country: 'FR',
    region: 'IDF',
    eu: '1',
    timezone: 'Europe/Paris',
    city: 'Paris',
    ll: [ 48.8543, 2.3527 ],
    metro: 0,
    area: 10
  }
}
[2020-07-24T10:24:40.371] [TRACE] file - Session {
  cookie: {
    path: '/',
    _expires: 2020-10-22T08:24:40.369Z,
    originalMaxAge: 7775999999,
    httpOnly: true
  },
  __lastAccess: 1595579080370,
  views: { '/': 98, '/cv': 14, '/giftedADHD': 10 },
  horodate: 2020-07-24T10:24:40.325Z,
  ip: '83.202.34.239',
  geoloc: {
    range: [ 1405755904, 1405756415 ],
    country: 'FR',
    region: 'IDF',
    eu: '1',
    timezone: 'Europe/Paris',
    city: 'Paris',
    ll: [ 48.8543, 2.3527 ],
    metro: 0,
    area: 10
  }
}
[2020-07-24T10:24:41.254] [TRACE] file - Session {
  cookie: {
    path: '/',
    _expires: 2020-10-22T08:24:41.253Z,
    originalMaxAge: 7775999999,
    httpOnly: true
  },
  __lastAccess: 1595579081254,
  views: { '/': 98, '/cv': 14, '/giftedADHD': 11 },
  horodate: 2020-07-24T10:24:41.218Z,
  ip: '83.202.34.239',
  geoloc: {
    range: [ 1405755904, 1405756415 ],
    country: 'FR',
    region: 'IDF',
    eu: '1',
    timezone: 'Europe/Paris',
    city: 'Paris',
    ll: [ 48.8543, 2.3527 ],
    metro: 0,
    area: 10
  }
}
[2020-07-24T10:24:42.182] [TRACE] file - Session {
  cookie: {
    path: '/',
    _expires: 2020-10-22T08:24:42.180Z,
    originalMaxAge: 7775999999,
    httpOnly: true
  },
  __lastAccess: 1595579082182,
  views: { '/': 99, '/cv': 14, '/giftedADHD': 11 },
  horodate: 2020-07-24T10:24:42.137Z,
  ip: '83.202.34.239',
  geoloc: {
    range: [ 1405755904, 1405756415 ],
    country: 'FR',
    region: 'IDF',
    eu: '1',
    timezone: 'Europe/Paris',
    city: 'Paris',
    ll: [ 48.8543, 2.3527 ],
    metro: 0,
    area: 10
  }
}
[2020-07-24T10:30:23.377] [TRACE] file - Session {
  cookie: {
    path: '/',
    _expires: 2020-10-22T08:30:23.377Z,
    originalMaxAge: 7776000000,
    httpOnly: true
  },
  views: { '/': 1 },
  horodate: 2020-07-24T10:30:23.317Z,
  ip: undefined,
  geoloc: null,
  __lastAccess: 1595579423377
}
[2020-07-24T10:36:49.082] [TRACE] file - Session {
  cookie: {
    path: '/',
    _expires: 2020-10-22T08:36:49.082Z,
    originalMaxAge: 7776000000,
    httpOnly: true
  },
  views: { '/': 1 },
  horodate: 2020-07-24T10:36:49.022Z,
  ip: '91.175.159.123',
  geoloc: {
    range: [ 1537998848, 1538260991 ],
    country: 'FR',
    region: '',
    eu: '1',
    timezone: 'Europe/Paris',
    city: '',
    ll: [ 48.8582, 2.3387 ],
    metro: 0,
    area: 500
  },
  __lastAccess: 1595579809082
}
[2020-07-24T10:37:01.000] [TRACE] file - Session {
  cookie: {
    path: '/',
    _expires: 2020-10-22T08:37:00.999Z,
    originalMaxAge: 7776000000,
    httpOnly: true
  },
  views: { '/': 1, '/cv': 1 },
  horodate: 2020-07-24T10:37:00.938Z,
  ip: '91.175.159.123',
  geoloc: {
    range: [ 1537998848, 1538260991 ],
    country: 'FR',
    region: '',
    eu: '1',
    timezone: 'Europe/Paris',
    city: '',
    ll: [ 48.8582, 2.3387 ],
    metro: 0,
    area: 500
  },
  __lastAccess: 1595579820999
}
[2020-07-24T10:37:19.730] [TRACE] file - Session {
  cookie: {
    path: '/',
    _expires: 2020-10-22T08:37:19.730Z,
    originalMaxAge: 7776000000,
    httpOnly: true
  },
  views: { '/': 1, '/cv': 1, '/giftedADHD': 1 },
  horodate: 2020-07-24T10:37:19.696Z,
  ip: '91.175.159.123',
  geoloc: {
    range: [ 1537998848, 1538260991 ],
    country: 'FR',
    region: '',
    eu: '1',
    timezone: 'Europe/Paris',
    city: '',
    ll: [ 48.8582, 2.3387 ],
    metro: 0,
    area: 500
  },
  __lastAccess: 1595579839730
}
[2020-07-24T10:44:44.716] [TRACE] file - Session {
  cookie: {
    path: '/',
    _expires: 2020-10-22T08:44:44.716Z,
    originalMaxAge: 7776000000,
    httpOnly: true
  },
  views: { '/': 1 },
  horodate: 2020-07-24T10:44:44.662Z,
  ip: '106.12.117.138',
  geoloc: {
    range: [ 1779171328, 1779302399 ],
    country: 'CN',
    region: 'BJ',
    eu: '0',
    timezone: 'Asia/Shanghai',
    city: '',
    ll: [ 39.9289, 116.3883 ],
    metro: 0,
    area: 50
  },
  __lastAccess: 1595580284716
}
[2020-07-24T10:53:21.843] [TRACE] file - Session {
  cookie: {
    path: '/',
    _expires: 2020-10-22T08:53:21.841Z,
    originalMaxAge: 7775999999,
    httpOnly: true
  },
  __lastAccess: 1595580801842,
  views: { '/': 100, '/cv': 14, '/giftedADHD': 11 },
  horodate: 2020-07-24T10:53:21.793Z,
  ip: '83.202.34.239',
  geoloc: {
    range: [ 1405755904, 1405756415 ],
    country: 'FR',
    region: 'IDF',
    eu: '1',
    timezone: 'Europe/Paris',
    city: 'Paris',
    ll: [ 48.8543, 2.3527 ],
    metro: 0,
    area: 10
  }
}
[2020-07-24T11:07:45.099] [TRACE] file - Session {
  cookie: {
    path: '/',
    _expires: 2020-10-22T09:07:45.097Z,
    originalMaxAge: 7775999999,
    httpOnly: true
  },
  __lastAccess: 1595581665099,
  views: { '/': 101, '/cv': 14, '/giftedADHD': 11 },
  horodate: 2020-07-24T11:07:45.039Z,
  ip: '83.202.34.239',
  geoloc: {
    range: [ 1405755904, 1405756415 ],
    country: 'FR',
    region: 'IDF',
    eu: '1',
    timezone: 'Europe/Paris',
    city: 'Paris',
    ll: [ 48.8543, 2.3527 ],
    metro: 0,
    area: 10
  }
}
[2020-07-24T11:10:51.998] [TRACE] file - Session {
  cookie: {
    path: '/',
    _expires: 2020-10-22T09:10:51.996Z,
    originalMaxAge: 7775999999,
    httpOnly: true
  },
  __lastAccess: 1595581851997,
  views: { '/': 102, '/cv': 14, '/giftedADHD': 11 },
  horodate: 2020-07-24T11:10:51.945Z,
  ip: '83.202.34.239',
  geoloc: {
    range: [ 1405755904, 1405756415 ],
    country: 'FR',
    region: 'IDF',
    eu: '1',
    timezone: 'Europe/Paris',
    city: 'Paris',
    ll: [ 48.8543, 2.3527 ],
    metro: 0,
    area: 10
  }
}
[2020-07-24T11:13:42.950] [TRACE] file - Session {
  cookie: {
    path: '/',
    _expires: 2020-10-22T09:13:42.948Z,
    originalMaxAge: 7775999999,
    httpOnly: true
  },
  __lastAccess: 1595582022949,
  views: { '/': 103, '/cv': 14, '/giftedADHD': 11 },
  horodate: 2020-07-24T11:13:42.895Z,
  ip: '83.202.34.239',
  geoloc: {
    range: [ 1405755904, 1405756415 ],
    country: 'FR',
    region: 'IDF',
    eu: '1',
    timezone: 'Europe/Paris',
    city: 'Paris',
    ll: [ 48.8543, 2.3527 ],
    metro: 0,
    area: 10
  }
}
[2020-07-24T11:19:21.659] [TRACE] file - Session {
  cookie: {
    path: '/',
    _expires: 2020-10-22T09:19:21.659Z,
    originalMaxAge: 7776000000,
    httpOnly: true
  },
  views: { '/': 1 },
  horodate: 2020-07-24T11:19:21.600Z,
  ip: '173.170.207.58',
  geoloc: {
    range: [ 2913651712, 2913652735 ],
    country: 'US',
    region: 'FL',
    eu: '0',
    timezone: 'America/New_York',
    city: 'Spring Hill',
    ll: [ 28.4079, -82.5398 ],
    metro: 539,
    area: 10
  },
  __lastAccess: 1595582361659
}
[2020-07-24T11:20:14.926] [TRACE] file - Session {
  cookie: {
    path: '/',
    _expires: 2020-10-22T09:20:14.924Z,
    originalMaxAge: 7775999999,
    httpOnly: true
  },
  __lastAccess: 1595582414925,
  views: { '/': 104, '/cv': 14, '/giftedADHD': 11 },
  horodate: 2020-07-24T11:20:14.867Z,
  ip: '83.202.34.239',
  geoloc: {
    range: [ 1405755904, 1405756415 ],
    country: 'FR',
    region: 'IDF',
    eu: '1',
    timezone: 'Europe/Paris',
    city: 'Paris',
    ll: [ 48.8543, 2.3527 ],
    metro: 0,
    area: 10
  }
}
[2020-07-24T11:24:39.596] [TRACE] file - Session {
  cookie: {
    path: '/',
    _expires: 2020-10-22T09:24:39.594Z,
    originalMaxAge: 7775999999,
    httpOnly: true
  },
  __lastAccess: 1595582679595,
  views: { '/': 105, '/cv': 14, '/giftedADHD': 11 },
  horodate: 2020-07-24T11:24:39.536Z,
  ip: '83.202.34.239',
  geoloc: {
    range: [ 1405755904, 1405756415 ],
    country: 'FR',
    region: 'IDF',
    eu: '1',
    timezone: 'Europe/Paris',
    city: 'Paris',
    ll: [ 48.8543, 2.3527 ],
    metro: 0,
    area: 10
  }
}
[2020-07-24T11:24:45.999] [TRACE] file - Session {
  cookie: {
    path: '/',
    _expires: 2020-10-22T09:24:45.997Z,
    originalMaxAge: 7775999999,
    httpOnly: true
  },
  __lastAccess: 1595582685998,
  views: { '/': 106, '/cv': 14, '/giftedADHD': 11 },
  horodate: 2020-07-24T11:24:45.947Z,
  ip: '83.202.34.239',
  geoloc: {
    range: [ 1405755904, 1405756415 ],
    country: 'FR',
    region: 'IDF',
    eu: '1',
    timezone: 'Europe/Paris',
    city: 'Paris',
    ll: [ 48.8543, 2.3527 ],
    metro: 0,
    area: 10
  }
}
[2020-07-24T11:25:29.452] [TRACE] file - Session {
  cookie: {
    path: '/',
    _expires: 2020-10-22T09:25:29.451Z,
    originalMaxAge: 7775999999,
    httpOnly: true
  },
  __lastAccess: 1595582729452,
  views: { '/': 107, '/cv': 14, '/giftedADHD': 11 },
  horodate: 2020-07-24T11:25:29.397Z,
  ip: '83.202.34.239',
  geoloc: {
    range: [ 1405755904, 1405756415 ],
    country: 'FR',
    region: 'IDF',
    eu: '1',
    timezone: 'Europe/Paris',
    city: 'Paris',
    ll: [ 48.8543, 2.3527 ],
    metro: 0,
    area: 10
  }
}
[2020-07-24T11:25:57.468] [TRACE] file - Session {
  cookie: {
    path: '/',
    _expires: 2020-10-22T09:25:57.466Z,
    originalMaxAge: 7775999999,
    httpOnly: true
  },
  __lastAccess: 1595582757467,
  views: { '/': 108, '/cv': 14, '/giftedADHD': 11 },
  horodate: 2020-07-24T11:25:57.412Z,
  ip: '83.202.34.239',
  geoloc: {
    range: [ 1405755904, 1405756415 ],
    country: 'FR',
    region: 'IDF',
    eu: '1',
    timezone: 'Europe/Paris',
    city: 'Paris',
    ll: [ 48.8543, 2.3527 ],
    metro: 0,
    area: 10
  }
}
[2020-07-24T11:25:59.461] [TRACE] file - Session {
  cookie: {
    path: '/',
    _expires: 2020-10-22T09:25:59.459Z,
    originalMaxAge: 7775999999,
    httpOnly: true
  },
  __lastAccess: 1595582759460,
  views: { '/': 109, '/cv': 14, '/giftedADHD': 11 },
  horodate: 2020-07-24T11:25:59.405Z,
  ip: '83.202.34.239',
  geoloc: {
    range: [ 1405755904, 1405756415 ],
    country: 'FR',
    region: 'IDF',
    eu: '1',
    timezone: 'Europe/Paris',
    city: 'Paris',
    ll: [ 48.8543, 2.3527 ],
    metro: 0,
    area: 10
  }
}
[2020-07-24T11:27:09.670] [TRACE] file - Session {
  cookie: {
    path: '/',
    _expires: 2020-10-22T09:27:09.669Z,
    originalMaxAge: 7775999999,
    httpOnly: true
  },
  __lastAccess: 1595582829670,
  views: { '/': 110, '/cv': 14, '/giftedADHD': 11 },
  horodate: 2020-07-24T11:27:09.615Z,
  ip: '83.202.34.239',
  geoloc: {
    range: [ 1405755904, 1405756415 ],
    country: 'FR',
    region: 'IDF',
    eu: '1',
    timezone: 'Europe/Paris',
    city: 'Paris',
    ll: [ 48.8543, 2.3527 ],
    metro: 0,
    area: 10
  }
}
[2020-07-24T11:28:14.102] [TRACE] file - Session {
  cookie: {
    path: '/',
    _expires: 2020-10-22T09:28:14.101Z,
    originalMaxAge: 7775999999,
    httpOnly: true
  },
  __lastAccess: 1595582894102,
  views: { '/': 111, '/cv': 14, '/giftedADHD': 11 },
  horodate: 2020-07-24T11:28:14.045Z,
  ip: '83.202.34.239',
  geoloc: {
    range: [ 1405755904, 1405756415 ],
    country: 'FR',
    region: 'IDF',
    eu: '1',
    timezone: 'Europe/Paris',
    city: 'Paris',
    ll: [ 48.8543, 2.3527 ],
    metro: 0,
    area: 10
  }
}
[2020-07-24T11:28:56.329] [TRACE] file - Session {
  cookie: {
    path: '/',
    _expires: 2020-10-22T09:28:56.327Z,
    originalMaxAge: 7775999998,
    httpOnly: true
  },
  __lastAccess: 1595582936329,
  views: { '/': 112, '/cv': 14, '/giftedADHD': 11 },
  horodate: 2020-07-24T11:28:56.275Z,
  ip: '83.202.34.239',
  geoloc: {
    range: [ 1405755904, 1405756415 ],
    country: 'FR',
    region: 'IDF',
    eu: '1',
    timezone: 'Europe/Paris',
    city: 'Paris',
    ll: [ 48.8543, 2.3527 ],
    metro: 0,
    area: 10
  }
}
[2020-07-24T11:28:59.955] [TRACE] file - Session {
  cookie: {
    path: '/',
    _expires: 2020-10-22T09:28:59.952Z,
    originalMaxAge: 7775999998,
    httpOnly: true
  },
  __lastAccess: 1595582939955,
  views: { '/': 113, '/cv': 14, '/giftedADHD': 11 },
  horodate: 2020-07-24T11:28:59.912Z,
  ip: '83.202.34.239',
  geoloc: {
    range: [ 1405755904, 1405756415 ],
    country: 'FR',
    region: 'IDF',
    eu: '1',
    timezone: 'Europe/Paris',
    city: 'Paris',
    ll: [ 48.8543, 2.3527 ],
    metro: 0,
    area: 10
  }
}
[2020-07-24T11:29:28.418] [TRACE] file - Session {
  cookie: {
    path: '/',
    _expires: 2020-10-22T09:29:28.415Z,
    originalMaxAge: 7775999998,
    httpOnly: true
  },
  __lastAccess: 1595582968417,
  views: { '/': 114, '/cv': 14, '/giftedADHD': 11 },
  horodate: 2020-07-24T11:29:28.355Z,
  ip: '83.202.34.239',
  geoloc: {
    range: [ 1405755904, 1405756415 ],
    country: 'FR',
    region: 'IDF',
    eu: '1',
    timezone: 'Europe/Paris',
    city: 'Paris',
    ll: [ 48.8543, 2.3527 ],
    metro: 0,
    area: 10
  }
}
[2020-07-24T11:30:43.075] [TRACE] file - Session {
  cookie: {
    path: '/',
    _expires: 2020-10-22T09:30:43.073Z,
    originalMaxAge: 7775999998,
    httpOnly: true
  },
  __lastAccess: 1595583043075,
  views: { '/': 115, '/cv': 14, '/giftedADHD': 11 },
  horodate: 2020-07-24T11:30:43.007Z,
  ip: '83.202.34.239',
  geoloc: {
    range: [ 1405755904, 1405756415 ],
    country: 'FR',
    region: 'IDF',
    eu: '1',
    timezone: 'Europe/Paris',
    city: 'Paris',
    ll: [ 48.8543, 2.3527 ],
    metro: 0,
    area: 10
  }
}
[2020-07-24T11:31:00.215] [TRACE] file - Session {
  cookie: {
    path: '/',
    _expires: 2020-10-22T09:31:00.213Z,
    originalMaxAge: 7775999999,
    httpOnly: true
  },
  views: { '/': 41, '/cv': 13, '/giftedADHD': 15 },
  horodate: 2020-07-24T11:31:00.165Z,
  ip: '83.202.34.239',
  geoloc: {
    range: [ 1405755904, 1405756415 ],
    country: 'FR',
    region: 'IDF',
    eu: '1',
    timezone: 'Europe/Paris',
    city: 'Paris',
    ll: [ 48.8543, 2.3527 ],
    metro: 0,
    area: 10
  },
  __lastAccess: 1595583060214
}
[2020-07-24T11:31:31.452] [TRACE] file - Session {
  cookie: {
    path: '/',
    _expires: 2020-10-22T09:31:31.451Z,
    originalMaxAge: 7775999999,
    httpOnly: true
  },
  views: { '/': 42, '/cv': 13, '/giftedADHD': 15 },
  horodate: 2020-07-24T11:31:31.391Z,
  ip: '83.202.34.239',
  geoloc: {
    range: [ 1405755904, 1405756415 ],
    country: 'FR',
    region: 'IDF',
    eu: '1',
    timezone: 'Europe/Paris',
    city: 'Paris',
    ll: [ 48.8543, 2.3527 ],
    metro: 0,
    area: 10
  },
  __lastAccess: 1595583091452
}
[2020-07-24T11:31:46.836] [TRACE] file - Session {
  cookie: {
    path: '/',
    _expires: 2020-10-22T09:31:46.835Z,
    originalMaxAge: 7775999999,
    httpOnly: true
  },
  views: { '/': 43, '/cv': 13, '/giftedADHD': 15 },
  horodate: 2020-07-24T11:31:46.778Z,
  ip: '83.202.34.239',
  geoloc: {
    range: [ 1405755904, 1405756415 ],
    country: 'FR',
    region: 'IDF',
    eu: '1',
    timezone: 'Europe/Paris',
    city: 'Paris',
    ll: [ 48.8543, 2.3527 ],
    metro: 0,
    area: 10
  },
  __lastAccess: 1595583106836
}
[2020-07-24T11:32:40.290] [TRACE] file - Session {
  cookie: {
    path: '/',
    _expires: 2020-10-22T09:32:40.289Z,
    originalMaxAge: 7775999999,
    httpOnly: true
  },
  views: { '/': 44, '/cv': 13, '/giftedADHD': 15 },
  horodate: 2020-07-24T11:32:40.238Z,
  ip: '83.202.34.239',
  geoloc: {
    range: [ 1405755904, 1405756415 ],
    country: 'FR',
    region: 'IDF',
    eu: '1',
    timezone: 'Europe/Paris',
    city: 'Paris',
    ll: [ 48.8543, 2.3527 ],
    metro: 0,
    area: 10
  },
  __lastAccess: 1595583160290
}
[2020-07-24T11:32:48.230] [TRACE] file - Session {
  cookie: {
    path: '/',
    _expires: 2020-10-22T09:32:48.228Z,
    originalMaxAge: 7775999999,
    httpOnly: true
  },
  views: { '/': 45, '/cv': 13, '/giftedADHD': 15 },
  horodate: 2020-07-24T11:32:48.167Z,
  ip: '83.202.34.239',
  geoloc: {
    range: [ 1405755904, 1405756415 ],
    country: 'FR',
    region: 'IDF',
    eu: '1',
    timezone: 'Europe/Paris',
    city: 'Paris',
    ll: [ 48.8543, 2.3527 ],
    metro: 0,
    area: 10
  },
  __lastAccess: 1595583168229
}
[2020-07-24T11:38:17.404] [TRACE] file - Session {
  cookie: {
    path: '/',
    _expires: 2020-10-22T09:38:17.403Z,
    originalMaxAge: 7775999999,
    httpOnly: true
  },
  views: { '/': 46, '/cv': 13, '/giftedADHD': 15 },
  horodate: 2020-07-24T11:38:17.354Z,
  ip: '83.202.34.239',
  geoloc: {
    range: [ 1405755904, 1405756415 ],
    country: 'FR',
    region: 'IDF',
    eu: '1',
    timezone: 'Europe/Paris',
    city: 'Paris',
    ll: [ 48.8543, 2.3527 ],
    metro: 0,
    area: 10
  },
  __lastAccess: 1595583497404
}
[2020-07-24T11:38:23.257] [TRACE] file - Session {
  cookie: {
    path: '/',
    _expires: 2020-10-22T09:38:23.256Z,
    originalMaxAge: 7775999999,
    httpOnly: true
  },
  views: { '/': 47, '/cv': 13, '/giftedADHD': 15 },
  horodate: 2020-07-24T11:38:23.207Z,
  ip: '83.202.34.239',
  geoloc: {
    range: [ 1405755904, 1405756415 ],
    country: 'FR',
    region: 'IDF',
    eu: '1',
    timezone: 'Europe/Paris',
    city: 'Paris',
    ll: [ 48.8543, 2.3527 ],
    metro: 0,
    area: 10
  },
  __lastAccess: 1595583503257
}
[2020-07-24T11:38:32.361] [TRACE] file - Session {
  cookie: {
    path: '/',
    _expires: 2020-10-22T09:38:32.360Z,
    originalMaxAge: 7775999999,
    httpOnly: true
  },
  views: { '/': 47, '/cv': 14, '/giftedADHD': 15 },
  horodate: 2020-07-24T11:38:32.316Z,
  ip: '83.202.34.239',
  geoloc: {
    range: [ 1405755904, 1405756415 ],
    country: 'FR',
    region: 'IDF',
    eu: '1',
    timezone: 'Europe/Paris',
    city: 'Paris',
    ll: [ 48.8543, 2.3527 ],
    metro: 0,
    area: 10
  },
  __lastAccess: 1595583512361
}
