[2020-06-26T10:03:17.826] [TRACE] trace - {
  genid: [Function: genid],
  secret: 'qwerty',
  resave: false,
  saveUninitialized: true,
  cookie: {
    path: '/',
    _expires: 2020-06-26T08:04:17.825Z,
    originalMaxAge: 60000,
    httpOnly: true,
    sameSite: 'lax'
  },
  sessionID: '4y_NBg6Hf9npA3FGXkeBrMtm',
  horodate: 2020-06-26T08:03:17.825Z,
  ip: '86.247.253.198',
  geoloc: {
    range: [ 1459091456, 1459093503 ],
    country: 'FR',
    region: 'IDF',
    eu: '1',
    timezone: 'Europe/Paris',
    city: 'Paris',
    ll: [ 48.8543, 2.3527 ],
    metro: 0,
    area: 1
  },
  pathname: '/',
  nbViews: [ '/': 1 ]
}
[2020-06-26T10:10:54.008] [TRACE] trace - {
  genid: [Function: genid],
  secret: 'qwerty',
  resave: false,
  saveUninitialized: true,
  cookie: {
    path: '/',
    _expires: 2020-06-26T08:11:54.008Z,
    originalMaxAge: 60000,
    httpOnly: true,
    sameSite: 'lax'
  },
  sessionID: 'ZnjB2ZvH5wumR3EIQ2EJKyFy',
  horodate: 2020-06-26T08:10:54.008Z,
  ip: '86.247.253.198',
  geoloc: {
    range: [ 1459091456, 1459093503 ],
    country: 'FR',
    region: 'IDF',
    eu: '1',
    timezone: 'Europe/Paris',
    city: 'Paris',
    ll: [ 48.8543, 2.3527 ],
    metro: 0,
    area: 1
  },
  pathname: '/',
  nbViews: [ '/': 1 ]
}
[2020-06-26T10:11:30.877] [TRACE] trace - {
  genid: [Function: genid],
  secret: 'qwerty',
  resave: false,
  saveUninitialized: true,
  cookie: {
    path: '/',
    _expires: 2020-06-26T08:11:54.183Z,
    originalMaxAge: 60000,
    httpOnly: true,
    sameSite: 'lax'
  },
  sessionID: 'ZnjB2ZvH5wumR3EIQ2EJKyFy',
  horodate: 2020-06-26T08:11:30.877Z,
  ip: '86.247.253.198',
  geoloc: {
    range: [ 1459091456, 1459093503 ],
    country: 'FR',
    region: 'IDF',
    eu: '1',
    timezone: 'Europe/Paris',
    city: 'Paris',
    ll: [ 48.8543, 2.3527 ],
    metro: 0,
    area: 1
  },
  pathname: '/',
  nbViews: [ '/': 2 ]
}
[2020-06-26T10:11:45.536] [TRACE] trace - cv:1
[2020-06-26T10:11:47.858] [TRACE] trace - index:1
[2020-06-26T10:12:06.662] [TRACE] trace - giftedADHD:1
[2020-06-26T10:12:07.525] [TRACE] trace - cv:2
[2020-06-26T10:12:09.138] [TRACE] trace - giftedADHD:2
