[2020-06-25T13:18:55.194] [TRACE] trace - {
  genid: [Function: genid],
  secret: 'qwerty',
  resave: false,
  saveUninitialized: true,
  cookie: {
    path: '/',
    _expires: 2020-06-25T11:19:55.192Z,
    originalMaxAge: 60000,
    httpOnly: true
  },
  sessionID: 'tL9-oTplWCLcv8Ff3gNNMYnK',
  horodate: 2020-06-25T11:18:55.193Z,
  ip: '185.107.80.34',
  geoloc: {
    range: [ 3110817792, 3110818303 ],
    country: 'NL',
    region: 'ZH',
    eu: '1',
    timezone: 'Europe/Amsterdam',
    city: 'Leiden',
    ll: [ 52.1693, 4.4732 ],
    metro: 0,
    area: 200
  },
  pathname: '/',
  nbViews: [ '/': 1 ]
}
[2020-06-25T13:33:35.680] [TRACE] trace - {
  genid: [Function: genid],
  secret: 'qwerty',
  resave: false,
  saveUninitialized: true,
  cookie: {
    path: '/',
    _expires: 2020-06-25T11:34:35.680Z,
    originalMaxAge: 60000,
    httpOnly: true
  },
  sessionID: 'oWzc32XaXGGaZ68QmhcYgzBe',
  horodate: 2020-06-25T11:33:35.680Z,
  ip: '127.0.0.1',
  geoloc: null,
  pathname: '/',
  nbViews: [ '/': 1 ]
}
