[2020-07-02T00:38:44.068] [TRACE] trace - Session {
  cookie: {
    path: '/',
    _expires: 2071-12-29T08:10:38.028Z,
    originalMaxAge: 1624959113962,
    httpOnly: true
  },
  views: { '/': 7, '/giftedADHD': 1, '/cv': 1 },
  sessionID: 'y6t0cSIXMCPpFPIMfwHbJUug',
  horodate: 2020-07-01T00:38:43.412Z,
  ip: '86.247.253.198',
  geoloc: {
    range: [ 1459091456, 1459093503 ],
    country: 'FR',
    region: 'IDF',
    eu: '1',
    timezone: 'Europe/Paris',
    city: 'Paris',
    ll: [ 48.8543, 2.3527 ],
    metro: 0,
    area: 1
  },
  __lastAccess: 1593643124066
}
[2020-07-02T00:40:18.872] [TRACE] trace - Session {
  cookie: {
    path: '/',
    _expires: 2071-12-31T21:19:00.122Z,
    originalMaxAge: 1625179121254,
    httpOnly: true,
    maxage: 311040000000
  },
  views: { '/': 1 },
  horodate: 2020-07-01T00:40:18.663Z,
  ip: '86.247.253.198',
  geoloc: {
    range: [ 1459091456, 1459093503 ],
    country: 'FR',
    region: 'IDF',
    eu: '1',
    timezone: 'Europe/Paris',
    city: 'Paris',
    ll: [ 48.8543, 2.3527 ],
    metro: 0,
    area: 1
  },
  __lastAccess: 1593643218868
}
[2020-07-02T00:40:31.462] [TRACE] trace - /cv: 1
[2020-07-02T00:40:33.830] [TRACE] trace - Session {
  cookie: {
    path: '/',
    _expires: 2071-12-31T21:19:15.084Z,
    originalMaxAge: 1625179121254,
    httpOnly: true
  },
  views: { '/': 2, '/cv': 1 },
  horodate: 2020-07-01T00:40:33.738Z,
  ip: '86.247.253.198',
  geoloc: {
    range: [ 1459091456, 1459093503 ],
    country: 'FR',
    region: 'IDF',
    eu: '1',
    timezone: 'Europe/Paris',
    city: 'Paris',
    ll: [ 48.8543, 2.3527 ],
    metro: 0,
    area: 1
  },
  __lastAccess: 1593643233830
}
[2020-07-02T00:57:54.674] [TRACE] trace - Session {
  cookie: {
    path: '/',
    _expires: 2071-12-31T21:36:35.928Z,
    originalMaxAge: 1625179121254,
    httpOnly: true,
    maxage: 311040000000
  },
  views: { '/': 1 },
  horodate: 2020-07-01T00:57:54.605Z,
  ip: '59.127.91.140',
  geoloc: {
    range: [ 998201344, 998202367 ],
    country: 'TW',
    region: 'TNN',
    eu: '0',
    timezone: 'Asia/Taipei',
    city: 'Tainan City',
    ll: [ 22.9908, 120.2133 ],
    metro: 0,
    area: 50
  },
  __lastAccess: 1593644274674
}
[2020-07-02T00:58:03.812] [TRACE] trace - Session {
  cookie: {
    path: '/',
    _expires: 2071-12-31T21:36:45.066Z,
    originalMaxAge: 1625179121254,
    httpOnly: true,
    maxage: 311040000000
  },
  views: { '/': 1 },
  horodate: 2020-07-01T00:58:03.747Z,
  ip: '192.71.44.44',
  geoloc: {
    range: [ 3225888768, 3225890815 ],
    country: 'SE',
    region: 'AB',
    eu: '1',
    timezone: 'Europe/Stockholm',
    city: 'Tumba',
    ll: [ 59.1986, 17.8332 ],
    metro: 0,
    area: 10
  },
  __lastAccess: 1593644283812
}
[2020-07-02T01:03:00.127] [TRACE] trace - Session {
  cookie: {
    path: '/',
    _expires: 2071-12-31T21:41:41.381Z,
    originalMaxAge: 1625179121254,
    httpOnly: true,
    maxage: 311040000000
  },
  views: { '/': 1 },
  horodate: 2020-07-01T01:03:00.069Z,
  ip: '42.117.251.244',
  geoloc: {
    range: [ 712372224, 712376319 ],
    country: 'VN',
    region: 'SG',
    eu: '0',
    timezone: 'Asia/Ho_Chi_Minh',
    city: 'Ho Chi Minh City',
    ll: [ 10.8142, 106.6438 ],
    metro: 0,
    area: 1
  },
  __lastAccess: 1593644580127
}
[2020-07-02T01:14:55.989] [TRACE] trace - Session {
  cookie: {
    path: '/',
    _expires: 2071-12-31T21:53:37.243Z,
    originalMaxAge: 1625179121254,
    httpOnly: true,
    maxage: 311040000000
  },
  views: { '/': 1 },
  horodate: 2020-07-01T01:14:55.926Z,
  ip: '80.82.70.140',
  geoloc: {
    range: [ 1347569280, 1347569311 ],
    country: 'SC',
    region: '01',
    eu: '0',
    timezone: 'Indian/Mahe',
    city: 'Anse aux Pins',
    ll: [ -4.7034, 55.5206 ],
    metro: 0,
    area: 100
  },
  __lastAccess: 1593645295989
}
[2020-07-02T01:27:06.712] [TRACE] trace - Session {
  cookie: {
    path: '/',
    _expires: 2071-12-31T22:05:47.966Z,
    originalMaxAge: 1625179121254,
    httpOnly: true,
    maxage: 311040000000
  },
  views: { '/': 1 },
  horodate: 2020-07-01T01:27:06.656Z,
  ip: '220.132.186.138',
  geoloc: {
    range: [ 3699685376, 3699686399 ],
    country: 'TW',
    region: 'TPE',
    eu: '0',
    timezone: 'Asia/Taipei',
    city: 'Taipei',
    ll: [ 25.0478, 121.5318 ],
    metro: 0,
    area: 20
  },
  __lastAccess: 1593646026712
}
[2020-07-02T01:54:12.748] [TRACE] trace - Session {
  cookie: {
    path: '/',
    _expires: 2071-12-31T22:32:54.002Z,
    originalMaxAge: 1625179121254,
    httpOnly: true,
    maxage: 311040000000
  },
  views: { '/': 1 },
  horodate: 2020-07-01T01:54:12.696Z,
  ip: '193.118.53.138',
  geoloc: {
    range: [ 3245748224, 3245752319 ],
    country: 'DE',
    region: '',
    eu: '1',
    timezone: 'Europe/Berlin',
    city: '',
    ll: [ 51.2993, 9.491 ],
    metro: 0,
    area: 200
  },
  __lastAccess: 1593647652748
}
[2020-07-02T02:17:45.556] [TRACE] trace - Session {
  cookie: {
    path: '/',
    _expires: 2071-12-31T22:56:26.809Z,
    originalMaxAge: 1625179121254,
    httpOnly: true,
    maxage: 311040000000
  },
  views: { '/': 1 },
  horodate: 2020-07-02T02:17:45.499Z,
  ip: '80.82.70.140',
  geoloc: {
    range: [ 1347569280, 1347569311 ],
    country: 'SC',
    region: '01',
    eu: '0',
    timezone: 'Indian/Mahe',
    city: 'Anse aux Pins',
    ll: [ -4.7034, 55.5206 ],
    metro: 0,
    area: 100
  },
  __lastAccess: 1593649065555
}
[2020-07-02T02:31:09.045] [TRACE] trace - Session {
  cookie: {
    path: '/',
    _expires: 2071-12-31T23:09:50.298Z,
    originalMaxAge: 1625179121254,
    httpOnly: true,
    maxage: 311040000000
  },
  views: { '/': 1 },
  horodate: 2020-07-02T02:31:08.989Z,
  ip: '114.32.36.168',
  geoloc: {
    range: [ 1914708992, 1914709503 ],
    country: 'TW',
    region: 'TPE',
    eu: '0',
    timezone: 'Asia/Taipei',
    city: 'Taipei',
    ll: [ 25.0478, 121.5318 ],
    metro: 0,
    area: 50
  },
  __lastAccess: 1593649869044
}
[2020-07-02T03:16:09.149] [TRACE] trace - Session {
  cookie: {
    path: '/',
    _expires: 2071-12-31T23:54:50.403Z,
    originalMaxAge: 1625179121254,
    httpOnly: true,
    maxage: 311040000000
  },
  views: { '/': 1 },
  horodate: 2020-07-02T03:16:09.082Z,
  ip: '59.126.75.245',
  geoloc: {
    range: [ 998131712, 998133759 ],
    country: 'TW',
    region: 'TXG',
    eu: '0',
    timezone: 'Asia/Taipei',
    city: 'Taichung',
    ll: [ 24.1469, 120.6839 ],
    metro: 0,
    area: 100
  },
  __lastAccess: 1593652569149
}
[2020-07-02T03:31:49.288] [TRACE] trace - Session {
  cookie: {
    path: '/',
    _expires: 2072-01-01T00:10:30.542Z,
    originalMaxAge: 1625179121254,
    httpOnly: true,
    maxage: 311040000000
  },
  views: { '/': 1 },
  horodate: 2020-07-02T03:31:49.236Z,
  ip: '1.163.74.169',
  geoloc: {
    range: [ 27478016, 27480063 ],
    country: 'TW',
    region: 'TAO',
    eu: '0',
    timezone: 'Asia/Taipei',
    city: 'Taoyuan District',
    ll: [ 24.9889, 121.3176 ],
    metro: 0,
    area: 1
  },
  __lastAccess: 1593653509288
}
[2020-07-02T04:02:38.552] [TRACE] trace - Session {
  cookie: {
    path: '/',
    _expires: 2072-01-01T00:41:19.806Z,
    originalMaxAge: 1625179121254,
    httpOnly: true,
    maxage: 311040000000
  },
  views: { '/': 1 },
  horodate: 2020-07-02T04:02:38.503Z,
  ip: '58.87.103.18',
  geoloc: {
    range: [ 978796544, 978812927 ],
    country: 'CN',
    region: 'BJ',
    eu: '0',
    timezone: 'Asia/Shanghai',
    city: 'Beijing',
    ll: [ 39.9288, 116.3889 ],
    metro: 0,
    area: 50
  },
  __lastAccess: 1593655358552
}
[2020-07-02T04:02:59.016] [TRACE] trace - Session {
  cookie: {
    path: '/',
    _expires: 2072-01-01T00:41:40.270Z,
    originalMaxAge: 1625179121254,
    httpOnly: true,
    maxage: 311040000000
  },
  views: { '/': 1 },
  horodate: 2020-07-02T04:02:58.965Z,
  ip: '220.135.157.30',
  geoloc: {
    range: [ 3699873792, 3699875839 ],
    country: 'TW',
    region: 'TPE',
    eu: '0',
    timezone: 'Asia/Taipei',
    city: 'Taipei',
    ll: [ 25.0478, 121.5318 ],
    metro: 0,
    area: 1
  },
  __lastAccess: 1593655379016
}
[2020-07-02T04:04:05.191] [TRACE] trace - Session {
  cookie: {
    path: '/',
    _expires: 2072-01-01T00:42:46.445Z,
    originalMaxAge: 1625179121254,
    httpOnly: true,
    maxage: 311040000000
  },
  views: { '/': 1 },
  horodate: 2020-07-02T04:04:05.142Z,
  ip: '80.82.70.140',
  geoloc: {
    range: [ 1347569280, 1347569311 ],
    country: 'SC',
    region: '01',
    eu: '0',
    timezone: 'Indian/Mahe',
    city: 'Anse aux Pins',
    ll: [ -4.7034, 55.5206 ],
    metro: 0,
    area: 100
  },
  __lastAccess: 1593655445191
}
[2020-07-02T04:42:45.518] [TRACE] trace - Session {
  cookie: {
    path: '/',
    _expires: 2072-01-01T01:21:26.772Z,
    originalMaxAge: 1625179121254,
    httpOnly: true,
    maxage: 311040000000
  },
  views: { '/': 1 },
  horodate: 2020-07-02T04:42:45.468Z,
  ip: '46.10.214.88',
  geoloc: {
    range: [ 772462080, 772462591 ],
    country: 'BG',
    region: '22',
    eu: '1',
    timezone: 'Europe/Sofia',
    city: 'Sofia',
    ll: [ 42.683, 23.3175 ],
    metro: 0,
    area: 1
  },
  __lastAccess: 1593657765518
}
[2020-07-02T05:34:57.168] [TRACE] trace - Session {
  cookie: {
    path: '/',
    _expires: 2072-01-01T02:13:38.421Z,
    originalMaxAge: 1625179121254,
    httpOnly: true,
    maxage: 311040000000
  },
  views: { '/': 1 },
  horodate: 2020-07-02T05:34:57.117Z,
  ip: '1.34.39.88',
  geoloc: {
    range: [ 19013632, 19015679 ],
    country: 'TW',
    region: '',
    eu: '0',
    timezone: 'Asia/Taipei',
    city: '',
    ll: [ 23.5, 121 ],
    metro: 0,
    area: 200
  },
  __lastAccess: 1593660897168
}
[2020-07-02T05:50:01.370] [TRACE] trace - Session {
  cookie: {
    path: '/',
    _expires: 2072-01-01T02:28:42.624Z,
    originalMaxAge: 1625179121254,
    httpOnly: true,
    maxage: 311040000000
  },
  views: { '/': 1 },
  horodate: 2020-07-02T05:50:01.320Z,
  ip: '80.82.70.140',
  geoloc: {
    range: [ 1347569280, 1347569311 ],
    country: 'SC',
    region: '01',
    eu: '0',
    timezone: 'Indian/Mahe',
    city: 'Anse aux Pins',
    ll: [ -4.7034, 55.5206 ],
    metro: 0,
    area: 100
  },
  __lastAccess: 1593661801370
}
[2020-07-02T06:00:42.943] [TRACE] trace - Session {
  cookie: {
    path: '/',
    _expires: 2072-01-01T02:39:24.197Z,
    originalMaxAge: 1625179121254,
    httpOnly: true,
    maxage: 311040000000
  },
  views: { '/': 1 },
  horodate: 2020-07-02T06:00:42.891Z,
  ip: '220.135.149.70',
  geoloc: {
    range: [ 3699872768, 3699873791 ],
    country: 'TW',
    region: 'TPE',
    eu: '0',
    timezone: 'Asia/Taipei',
    city: 'Taipei',
    ll: [ 25.0478, 121.5318 ],
    metro: 0,
    area: 1
  },
  __lastAccess: 1593662442943
}
[2020-07-02T06:26:12.748] [TRACE] trace - Session {
  cookie: {
    path: '/',
    _expires: 2072-01-01T03:04:54.001Z,
    originalMaxAge: 1625179121254,
    httpOnly: true,
    maxage: 311040000000
  },
  views: { '/': 1 },
  horodate: 2020-07-02T06:26:12.693Z,
  ip: '71.6.232.9',
  geoloc: {
    range: [ 1191608320, 1191641087 ],
    country: 'US',
    region: 'CA',
    eu: '0',
    timezone: 'America/Los_Angeles',
    city: 'San Diego',
    ll: [ 32.7967, -117.1367 ],
    metro: 825,
    area: 1000
  },
  __lastAccess: 1593663972747
}
