Sat Jul 24 2021 08:53:21 GMT+0200 (GMT+02:00)[2020-07-24T08:53:35.557] [TRACE] file - Session {
  cookie: {
    path: '/',
    _expires: 2020-10-22T06:53:35.552Z,
    originalMaxAge: 7775999999,
    httpOnly: true
  },
  __lastAccess: 1595573615554,
  views: { '/': 92, '/cv': 12, '/giftedADHD': 9 },
  horodate: 2020-07-24T08:53:34.528Z,
  ip: '83.202.34.239',
  geoloc: {
    range: [ 1405755904, 1405756415 ],
    country: 'FR',
    region: 'IDF',
    eu: '1',
    timezone: 'Europe/Paris',
    city: 'Paris',
    ll: [ 48.8543, 2.3527 ],
    metro: 0,
    area: 10
  }
}
[2020-07-24T09:01:01.562] [TRACE] file - Session {
  cookie: {
    path: '/',
    _expires: 2020-10-22T07:01:01.531Z,
    originalMaxAge: 7776000000,
    httpOnly: true
  },
  views: { '/': 1 },
  horodate: 2020-07-24T09:01:01.417Z,
  ip: '85.92.108.246',
  geoloc: {
    range: [ 1432120320, 1432121343 ],
    country: 'RU',
    region: '',
    eu: '0',
    timezone: 'Europe/Moscow',
    city: '',
    ll: [ 55.7386, 37.6068 ],
    metro: 0,
    area: 1000
  },
  __lastAccess: 1595574061531
}
