[2020-07-03T19:01:29.069] [TRACE] trace - {
  genid: [Function: genid],
  store: FileStore {
    _events: [Object: null prototype] {
      disconnect: [Function: ondisconnect],
      connect: [Function: onconnect]
    },
    _eventsCount: 2,
    _maxListeners: undefined,
    options: {
      path: 'sessions',
      ttl: 3600,
      retries: 5,
      factor: 1,
      minTimeout: 50,
      maxTimeout: 100,
      reapInterval: 3600,
      reapMaxConcurrent: 10,
      reapAsync: false,
      reapSyncFallback: false,
      logFn: [Function: bound consoleCall],
      encoding: 'utf8',
      encoder: [Function: stringify],
      decoder: [Function: parse],
      encryptEncoding: 'hex',
      fileExtension: '.json',
      crypto: [Object],
      keyFunction: [Function: keyFunction],
      filePattern: /\.json$/,
      reapIntervalObject: Timeout {
        _idleTimeout: 3600000,
        _idlePrev: [TimersList],
        _idleNext: [Timeout],
        _idleStart: 401,
        _onTimeout: [Function],
        _timerArgs: undefined,
        _repeat: 3600000,
        _destroyed: false,
        [Symbol(refed)]: false,
        [Symbol(asyncId)]: 7,
        [Symbol(triggerId)]: 1
      }
    },
    generate: [Function],
    [Symbol(kCapture)]: false
  },
  resave: false,
  saveUninitialized: false,
  secret: 'qwerty',
  cookie: { expires: 1625331686411, maxage: 311040000000 },
  sessionID: 0,
  horodate: 2020-07-03T19:01:28.397Z,
  ip: '83.202.34.239',
  geoloc: {
    range: [ 1405755904, 1405756415 ],
    country: 'FR',
    region: 'IDF',
    eu: '1',
    timezone: 'Europe/Paris',
    city: 'Paris',
    ll: [ 48.8543, 2.3527 ],
    metro: 0,
    area: 10
  },
  views: { '/': 154, '/cv': 52, '/adm1n': 42, '/giftedADHD': 33 }
}
[2020-07-03T19:01:32.015] [TRACE] trace - {
  genid: [Function: genid],
  store: FileStore {
    _events: [Object: null prototype] {
      disconnect: [Function: ondisconnect],
      connect: [Function: onconnect]
    },
    _eventsCount: 2,
    _maxListeners: undefined,
    options: {
      path: 'sessions',
      ttl: 3600,
      retries: 5,
      factor: 1,
      minTimeout: 50,
      maxTimeout: 100,
      reapInterval: 3600,
      reapMaxConcurrent: 10,
      reapAsync: false,
      reapSyncFallback: false,
      logFn: [Function: bound consoleCall],
      encoding: 'utf8',
      encoder: [Function: stringify],
      decoder: [Function: parse],
      encryptEncoding: 'hex',
      fileExtension: '.json',
      crypto: [Object],
      keyFunction: [Function: keyFunction],
      filePattern: /\.json$/,
      reapIntervalObject: Timeout {
        _idleTimeout: 3600000,
        _idlePrev: [TimersList],
        _idleNext: [Timeout],
        _idleStart: 401,
        _onTimeout: [Function],
        _timerArgs: undefined,
        _repeat: 3600000,
        _destroyed: false,
        [Symbol(refed)]: false,
        [Symbol(asyncId)]: 7,
        [Symbol(triggerId)]: 1
      }
    },
    generate: [Function],
    [Symbol(kCapture)]: false
  },
  resave: false,
  saveUninitialized: false,
  secret: 'qwerty',
  cookie: { expires: 1625331686411, maxage: 311040000000 },
  sessionID: 0,
  horodate: 2020-07-03T19:01:31.863Z,
  ip: '83.202.34.239',
  geoloc: {
    range: [ 1405755904, 1405756415 ],
    country: 'FR',
    region: 'IDF',
    eu: '1',
    timezone: 'Europe/Paris',
    city: 'Paris',
    ll: [ 48.8543, 2.3527 ],
    metro: 0,
    area: 10
  },
  views: { '/': 155, '/cv': 52, '/adm1n': 42, '/giftedADHD': 33 }
}
[2020-07-03T19:01:35.841] [TRACE] trace - /cv: 53
[2020-07-03T19:01:35.841] [TRACE] trace - {
  genid: [Function: genid],
  store: FileStore {
    _events: [Object: null prototype] {
      disconnect: [Function: ondisconnect],
      connect: [Function: onconnect]
    },
    _eventsCount: 2,
    _maxListeners: undefined,
    options: {
      path: 'sessions',
      ttl: 3600,
      retries: 5,
      factor: 1,
      minTimeout: 50,
      maxTimeout: 100,
      reapInterval: 3600,
      reapMaxConcurrent: 10,
      reapAsync: false,
      reapSyncFallback: false,
      logFn: [Function: bound consoleCall],
      encoding: 'utf8',
      encoder: [Function: stringify],
      decoder: [Function: parse],
      encryptEncoding: 'hex',
      fileExtension: '.json',
      crypto: [Object],
      keyFunction: [Function: keyFunction],
      filePattern: /\.json$/,
      reapIntervalObject: Timeout {
        _idleTimeout: 3600000,
        _idlePrev: [TimersList],
        _idleNext: [Timeout],
        _idleStart: 401,
        _onTimeout: [Function],
        _timerArgs: undefined,
        _repeat: 3600000,
        _destroyed: false,
        [Symbol(refed)]: false,
        [Symbol(asyncId)]: 7,
        [Symbol(triggerId)]: 1
      }
    },
    generate: [Function],
    [Symbol(kCapture)]: false
  },
  resave: false,
  saveUninitialized: false,
  secret: 'qwerty',
  cookie: { expires: 1625331686411, maxage: 311040000000 },
  sessionID: 0,
  horodate: 2020-07-03T19:01:31.863Z,
  ip: '83.202.34.239',
  geoloc: {
    range: [ 1405755904, 1405756415 ],
    country: 'FR',
    region: 'IDF',
    eu: '1',
    timezone: 'Europe/Paris',
    city: 'Paris',
    ll: [ 48.8543, 2.3527 ],
    metro: 0,
    area: 10
  },
  views: { '/': 155, '/cv': 53, '/adm1n': 42, '/giftedADHD': 33 }
}
[2020-07-03T19:01:38.449] [TRACE] trace - /adm1n: 43
[2020-07-03T19:01:38.449] [TRACE] trace - {
  genid: [Function: genid],
  store: FileStore {
    _events: [Object: null prototype] {
      disconnect: [Function: ondisconnect],
      connect: [Function: onconnect]
    },
    _eventsCount: 2,
    _maxListeners: undefined,
    options: {
      path: 'sessions',
      ttl: 3600,
      retries: 5,
      factor: 1,
      minTimeout: 50,
      maxTimeout: 100,
      reapInterval: 3600,
      reapMaxConcurrent: 10,
      reapAsync: false,
      reapSyncFallback: false,
      logFn: [Function: bound consoleCall],
      encoding: 'utf8',
      encoder: [Function: stringify],
      decoder: [Function: parse],
      encryptEncoding: 'hex',
      fileExtension: '.json',
      crypto: [Object],
      keyFunction: [Function: keyFunction],
      filePattern: /\.json$/,
      reapIntervalObject: Timeout {
        _idleTimeout: 3600000,
        _idlePrev: [TimersList],
        _idleNext: [Timeout],
        _idleStart: 401,
        _onTimeout: [Function],
        _timerArgs: undefined,
        _repeat: 3600000,
        _destroyed: false,
        [Symbol(refed)]: false,
        [Symbol(asyncId)]: 7,
        [Symbol(triggerId)]: 1
      }
    },
    generate: [Function],
    [Symbol(kCapture)]: false
  },
  resave: false,
  saveUninitialized: false,
  secret: 'qwerty',
  cookie: { expires: 1625331686411, maxage: 311040000000 },
  sessionID: 0,
  horodate: 2020-07-03T19:01:31.863Z,
  ip: '83.202.34.239',
  geoloc: {
    range: [ 1405755904, 1405756415 ],
    country: 'FR',
    region: 'IDF',
    eu: '1',
    timezone: 'Europe/Paris',
    city: 'Paris',
    ll: [ 48.8543, 2.3527 ],
    metro: 0,
    area: 10
  },
  views: { '/': 155, '/cv': 53, '/adm1n': 43, '/giftedADHD': 33 }
}
[2020-07-03T19:01:41.165] [TRACE] trace - /giftedADHD: 34
[2020-07-03T19:01:41.165] [TRACE] trace - {
  genid: [Function: genid],
  store: FileStore {
    _events: [Object: null prototype] {
      disconnect: [Function: ondisconnect],
      connect: [Function: onconnect]
    },
    _eventsCount: 2,
    _maxListeners: undefined,
    options: {
      path: 'sessions',
      ttl: 3600,
      retries: 5,
      factor: 1,
      minTimeout: 50,
      maxTimeout: 100,
      reapInterval: 3600,
      reapMaxConcurrent: 10,
      reapAsync: false,
      reapSyncFallback: false,
      logFn: [Function: bound consoleCall],
      encoding: 'utf8',
      encoder: [Function: stringify],
      decoder: [Function: parse],
      encryptEncoding: 'hex',
      fileExtension: '.json',
      crypto: [Object],
      keyFunction: [Function: keyFunction],
      filePattern: /\.json$/,
      reapIntervalObject: Timeout {
        _idleTimeout: 3600000,
        _idlePrev: [TimersList],
        _idleNext: [Timeout],
        _idleStart: 401,
        _onTimeout: [Function],
        _timerArgs: undefined,
        _repeat: 3600000,
        _destroyed: false,
        [Symbol(refed)]: false,
        [Symbol(asyncId)]: 7,
        [Symbol(triggerId)]: 1
      }
    },
    generate: [Function],
    [Symbol(kCapture)]: false
  },
  resave: false,
  saveUninitialized: false,
  secret: 'qwerty',
  cookie: { expires: 1625331686411, maxage: 311040000000 },
  sessionID: 0,
  horodate: 2020-07-03T19:01:31.863Z,
  ip: '83.202.34.239',
  geoloc: {
    range: [ 1405755904, 1405756415 ],
    country: 'FR',
    region: 'IDF',
    eu: '1',
    timezone: 'Europe/Paris',
    city: 'Paris',
    ll: [ 48.8543, 2.3527 ],
    metro: 0,
    area: 10
  },
  views: { '/': 155, '/cv': 53, '/adm1n': 43, '/giftedADHD': 34 }
}
[2020-07-03T19:01:45.037] [TRACE] trace - /giftedADHD: 35
[2020-07-03T19:01:45.037] [TRACE] trace - {
  genid: [Function: genid],
  store: FileStore {
    _events: [Object: null prototype] {
      disconnect: [Function: ondisconnect],
      connect: [Function: onconnect]
    },
    _eventsCount: 2,
    _maxListeners: undefined,
    options: {
      path: 'sessions',
      ttl: 3600,
      retries: 5,
      factor: 1,
      minTimeout: 50,
      maxTimeout: 100,
      reapInterval: 3600,
      reapMaxConcurrent: 10,
      reapAsync: false,
      reapSyncFallback: false,
      logFn: [Function: bound consoleCall],
      encoding: 'utf8',
      encoder: [Function: stringify],
      decoder: [Function: parse],
      encryptEncoding: 'hex',
      fileExtension: '.json',
      crypto: [Object],
      keyFunction: [Function: keyFunction],
      filePattern: /\.json$/,
      reapIntervalObject: Timeout {
        _idleTimeout: 3600000,
        _idlePrev: [TimersList],
        _idleNext: [Timeout],
        _idleStart: 401,
        _onTimeout: [Function],
        _timerArgs: undefined,
        _repeat: 3600000,
        _destroyed: false,
        [Symbol(refed)]: false,
        [Symbol(asyncId)]: 7,
        [Symbol(triggerId)]: 1
      }
    },
    generate: [Function],
    [Symbol(kCapture)]: false
  },
  resave: false,
  saveUninitialized: false,
  secret: 'qwerty',
  cookie: { expires: 1625331686411, maxage: 311040000000 },
  sessionID: 0,
  horodate: 2020-07-03T19:01:31.863Z,
  ip: '83.202.34.239',
  geoloc: {
    range: [ 1405755904, 1405756415 ],
    country: 'FR',
    region: 'IDF',
    eu: '1',
    timezone: 'Europe/Paris',
    city: 'Paris',
    ll: [ 48.8543, 2.3527 ],
    metro: 0,
    area: 10
  },
  views: { '/': 155, '/cv': 53, '/adm1n': 43, '/giftedADHD': 35 }
}
[2020-07-03T19:01:47.033] [TRACE] trace - {
  genid: [Function: genid],
  store: FileStore {
    _events: [Object: null prototype] {
      disconnect: [Function: ondisconnect],
      connect: [Function: onconnect]
    },
    _eventsCount: 2,
    _maxListeners: undefined,
    options: {
      path: 'sessions',
      ttl: 3600,
      retries: 5,
      factor: 1,
      minTimeout: 50,
      maxTimeout: 100,
      reapInterval: 3600,
      reapMaxConcurrent: 10,
      reapAsync: false,
      reapSyncFallback: false,
      logFn: [Function: bound consoleCall],
      encoding: 'utf8',
      encoder: [Function: stringify],
      decoder: [Function: parse],
      encryptEncoding: 'hex',
      fileExtension: '.json',
      crypto: [Object],
      keyFunction: [Function: keyFunction],
      filePattern: /\.json$/,
      reapIntervalObject: Timeout {
        _idleTimeout: 3600000,
        _idlePrev: [TimersList],
        _idleNext: [Timeout],
        _idleStart: 401,
        _onTimeout: [Function],
        _timerArgs: undefined,
        _repeat: 3600000,
        _destroyed: false,
        [Symbol(refed)]: false,
        [Symbol(asyncId)]: 7,
        [Symbol(triggerId)]: 1
      }
    },
    generate: [Function],
    [Symbol(kCapture)]: false
  },
  resave: false,
  saveUninitialized: false,
  secret: 'qwerty',
  cookie: { expires: 1625331686411, maxage: 311040000000 },
  sessionID: 0,
  horodate: 2020-07-03T19:01:46.976Z,
  ip: '83.202.34.239',
  geoloc: {
    range: [ 1405755904, 1405756415 ],
    country: 'FR',
    region: 'IDF',
    eu: '1',
    timezone: 'Europe/Paris',
    city: 'Paris',
    ll: [ 48.8543, 2.3527 ],
    metro: 0,
    area: 10
  },
  views: { '/': 156, '/cv': 53, '/adm1n': 43, '/giftedADHD': 35 }
}
